10:30:32:345 AM |   color.py    |      Line  783  |  DEBUG   ﰲ  Entered Color.parse_str(#ff00ff)
10:30:32:345 AM |   color.py    |      Line  786  |  DEBUG   ﰲ  value_lower: #ff00ff
10:30:32:345 AM |   color.py    |      Line  791  |  DEBUG   ﰲ  KeyError: #ff00ff
10:30:32:345 AM |   color.py    |      Line  783  |  DEBUG   ﰲ  Entered Color.parse_str(#af00ff)
10:30:32:346 AM |   color.py    |      Line  786  |  DEBUG   ﰲ  value_lower: #af00ff
10:30:32:346 AM |   color.py    |      Line  791  |  DEBUG   ﰲ  KeyError: #af00ff
10:30:32:346 AM |   color.py    |      Line  783  |  DEBUG   ﰲ  Entered Color.parse_str(#5f00ff)
10:30:32:346 AM |   color.py    |      Line  786  |  DEBUG   ﰲ  value_lower: #5f00ff
10:30:32:346 AM |   color.py    |      Line  791  |  DEBUG   ﰲ  KeyError: #5f00ff
10:30:32:346 AM |   color.py    |      Line  783  |  DEBUG   ﰲ  Entered Color.parse_str(#0000ff)
10:30:32:346 AM |   color.py    |      Line  786  |  DEBUG   ﰲ  value_lower: #0000ff
10:30:32:346 AM |   color.py    |      Line  791  |  DEBUG   ﰲ  KeyError: #0000ff
10:30:32:346 AM |   color.py    |      Line  783  |  DEBUG   ﰲ  Entered Color.parse_str(#005fff)
10:30:32:346 AM |   color.py    |      Line  786  |  DEBUG   ﰲ  value_lower: #005fff
10:30:32:346 AM |   color.py    |      Line  791  |  DEBUG   ﰲ  KeyError: #005fff
10:30:32:346 AM |   color.py    |      Line  783  |  DEBUG   ﰲ  Entered Color.parse_str(#00afff)
10:30:32:346 AM |   color.py    |      Line  786  |  DEBUG   ﰲ  value_lower: #00afff
10:30:32:346 AM |   color.py    |      Line  791  |  DEBUG   ﰲ  KeyError: #00afff
10:30:32:346 AM |   color.py    |      Line  783  |  DEBUG   ﰲ  Entered Color.parse_str(#00ffff)
10:30:32:346 AM |   color.py    |      Line  786  |  DEBUG   ﰲ  value_lower: #00ffff
10:30:32:346 AM |   color.py    |      Line  791  |  DEBUG   ﰲ  KeyError: #00ffff
10:30:32:346 AM |   color.py    |      Line  783  |  DEBUG   ﰲ  Entered Color.parse_str(#00ffaf)
10:30:32:346 AM |   color.py    |      Line  786  |  DEBUG   ﰲ  value_lower: #00ffaf
10:30:32:346 AM |   color.py    |      Line  791  |  DEBUG   ﰲ  KeyError: #00ffaf
10:30:32:346 AM |   color.py    |      Line  783  |  DEBUG   ﰲ  Entered Color.parse_str(#00ff00)
10:30:32:346 AM |   color.py    |      Line  786  |  DEBUG   ﰲ  value_lower: #00ff00
10:30:32:346 AM |   color.py    |      Line  791  |  DEBUG   ﰲ  KeyError: #00ff00
10:30:32:346 AM |   color.py    |      Line  783  |  DEBUG   ﰲ  Entered Color.parse_str(#afff00)
10:30:32:346 AM |   color.py    |      Line  786  |  DEBUG   ﰲ  value_lower: #afff00
10:30:32:346 AM |   color.py    |      Line  791  |  DEBUG   ﰲ  KeyError: #afff00
10:30:32:347 AM |   color.py    |      Line  783  |  DEBUG   ﰲ  Entered Color.parse_str(#ffff00)
10:30:32:347 AM |   color.py    |      Line  786  |  DEBUG   ﰲ  value_lower: #ffff00
10:30:32:347 AM |   color.py    |      Line  791  |  DEBUG   ﰲ  KeyError: #ffff00
10:30:32:347 AM |   color.py    |      Line  783  |  DEBUG   ﰲ  Entered Color.parse_str(#ffaf00)
10:30:32:347 AM |   color.py    |      Line  786  |  DEBUG   ﰲ  value_lower: #ffaf00
10:30:32:347 AM |   color.py    |      Line  791  |  DEBUG   ﰲ  KeyError: #ffaf00
10:30:32:347 AM |   color.py    |      Line  783  |  DEBUG   ﰲ  Entered Color.parse_str(#ff5f00)
10:30:32:347 AM |   color.py    |      Line  786  |  DEBUG   ﰲ  value_lower: #ff5f00
10:30:32:347 AM |   color.py    |      Line  791  |  DEBUG   ﰲ  KeyError: #ff5f00
10:30:32:347 AM |   color.py    |      Line  783  |  DEBUG   ﰲ  Entered Color.parse_str(#ff0000)
10:30:32:347 AM |   color.py    |      Line  786  |  DEBUG   ﰲ  value_lower: #ff0000
10:30:32:347 AM |   color.py    |      Line  791  |  DEBUG   ﰲ  KeyError: #ff0000
10:30:32:347 AM |   color.py    |      Line  783  |  DEBUG   ﰲ  Entered Color.parse_str(#ff005f)
10:30:32:347 AM |   color.py    |      Line  786  |  DEBUG   ﰲ  value_lower: #ff005f
10:30:32:347 AM |   color.py    |      Line  791  |  DEBUG   ﰲ  KeyError: #ff005f
10:30:32:347 AM |   color.py    |      Line  783  |  DEBUG   ﰲ  Entered Color.parse_str(#ff00af)
10:30:32:347 AM |   color.py    |      Line  786  |  DEBUG   ﰲ  value_lower: #ff00af
10:30:32:347 AM |   color.py    |      Line  791  |  DEBUG   ﰲ  KeyError: #ff00af
10:30:32:347 AM |   color.py    |      Line  783  |  DEBUG   ﰲ  Entered Color.parse_str(#ffff00)
10:30:32:347 AM |   color.py    |      Line  786  |  DEBUG   ﰲ  value_lower: #ffff00
10:30:32:347 AM |   color.py    |      Line  791  |  DEBUG   ﰲ  KeyError: #ffff00
10:30:32:347 AM |   color.py    |      Line  783  |  DEBUG   ﰲ  Entered Color.parse_str(#ffaf00)
10:30:32:347 AM |   color.py    |      Line  786  |  DEBUG   ﰲ  value_lower: #ffaf00
10:30:32:347 AM |   color.py    |      Line  791  |  DEBUG   ﰲ  KeyError: #ffaf00
10:30:32:347 AM |   color.py    |      Line  783  |  DEBUG   ﰲ  Entered Color.parse_str(#ff5f00)
10:30:32:347 AM |   color.py    |      Line  786  |  DEBUG   ﰲ  value_lower: #ff5f00
10:30:32:347 AM |   color.py    |      Line  791  |  DEBUG   ﰲ  KeyError: #ff5f00
10:30:32:347 AM |   color.py    |      Line  783  |  DEBUG   ﰲ  Entered Color.parse_str(#ff0000)
10:30:32:347 AM |   color.py    |      Line  786  |  DEBUG   ﰲ  value_lower: #ff0000
10:30:32:347 AM |   color.py    |      Line  791  |  DEBUG   ﰲ  KeyError: #ff0000
10:30:32:347 AM |   color.py    |      Line  783  |  DEBUG   ﰲ  Entered Color.parse_str(#ff005f)
10:30:32:347 AM |   color.py    |      Line  786  |  DEBUG   ﰲ  value_lower: #ff005f
10:30:32:347 AM |   color.py    |      Line  791  |  DEBUG   ﰲ  KeyError: #ff005f
10:30:32:347 AM |   color.py    |      Line  783  |  DEBUG   ﰲ  Entered Color.parse_str(#ff00af)
10:30:32:348 AM |   color.py    |      Line  786  |  DEBUG   ﰲ  value_lower: #ff00af
10:30:32:348 AM |   color.py    |      Line  791  |  DEBUG   ﰲ  KeyError: #ff00af
10:30:32:348 AM |   color.py    |      Line  783  |  DEBUG   ﰲ  Entered Color.parse_str(#ff00ff)
10:30:32:348 AM |   color.py    |      Line  786  |  DEBUG   ﰲ  value_lower: #ff00ff
10:30:32:348 AM |   color.py    |      Line  791  |  DEBUG   ﰲ  KeyError: #ff00ff
10:30:32:348 AM |   color.py    |      Line  783  |  DEBUG   ﰲ  Entered Color.parse_str(#af00ff)
10:30:32:348 AM |   color.py    |      Line  786  |  DEBUG   ﰲ  value_lower: #af00ff
10:30:32:348 AM |   color.py    |      Line  791  |  DEBUG   ﰲ  KeyError: #af00ff
10:30:32:348 AM |   color.py    |      Line  783  |  DEBUG   ﰲ  Entered Color.parse_str(#5f00ff)
10:30:32:348 AM |   color.py    |      Line  786  |  DEBUG   ﰲ  value_lower: #5f00ff
10:30:32:348 AM |   color.py    |      Line  791  |  DEBUG   ﰲ  KeyError: #5f00ff
10:30:32:348 AM |   color.py    |      Line  783  |  DEBUG   ﰲ  Entered Color.parse_str(#0000ff)
10:30:32:348 AM |   color.py    |      Line  786  |  DEBUG   ﰲ  value_lower: #0000ff
10:30:32:348 AM |   color.py    |      Line  791  |  DEBUG   ﰲ  KeyError: #0000ff
10:30:32:348 AM |   color.py    |      Line  783  |  DEBUG   ﰲ  Entered Color.parse_str(#005fff)
10:30:32:348 AM |   color.py    |      Line  786  |  DEBUG   ﰲ  value_lower: #005fff
10:30:32:348 AM |   color.py    |      Line  791  |  DEBUG   ﰲ  KeyError: #005fff
10:30:32:348 AM |   color.py    |      Line  783  |  DEBUG   ﰲ  Entered Color.parse_str(#00afff)
10:30:32:348 AM |   color.py    |      Line  786  |  DEBUG   ﰲ  value_lower: #00afff
10:30:32:348 AM |   color.py    |      Line  791  |  DEBUG   ﰲ  KeyError: #00afff
10:30:32:348 AM |   color.py    |      Line  783  |  DEBUG   ﰲ  Entered Color.parse_str(#00ffff)
10:30:32:348 AM |   color.py    |      Line  786  |  DEBUG   ﰲ  value_lower: #00ffff
10:30:32:348 AM |   color.py    |      Line  791  |  DEBUG   ﰲ  KeyError: #00ffff
10:30:32:348 AM |   color.py    |      Line  783  |  DEBUG   ﰲ  Entered Color.parse_str(#00ffaf)
10:30:32:348 AM |   color.py    |      Line  786  |  DEBUG   ﰲ  value_lower: #00ffaf
10:30:32:348 AM |   color.py    |      Line  791  |  DEBUG   ﰲ  KeyError: #00ffaf
10:30:32:348 AM |   color.py    |      Line  783  |  DEBUG   ﰲ  Entered Color.parse_str(#00ff00)
10:30:32:348 AM |   color.py    |      Line  786  |  DEBUG   ﰲ  value_lower: #00ff00
10:30:32:348 AM |   color.py    |      Line  791  |  DEBUG   ﰲ  KeyError: #00ff00
10:30:32:348 AM |   color.py    |      Line  783  |  DEBUG   ﰲ  Entered Color.parse_str(#afff00)
10:30:32:348 AM |   color.py    |      Line  786  |  DEBUG   ﰲ  value_lower: #afff00
10:30:32:348 AM |   color.py    |      Line  791  |  DEBUG   ﰲ  KeyError: #afff00
10:30:32:348 AM |   color.py    |      Line  783  |  DEBUG   ﰲ  Entered Color.parse_str(#005fff)
10:30:32:348 AM |   color.py    |      Line  786  |  DEBUG   ﰲ  value_lower: #005fff
10:30:32:348 AM |   color.py    |      Line  791  |  DEBUG   ﰲ  KeyError: #005fff
10:30:32:348 AM |   color.py    |      Line  783  |  DEBUG   ﰲ  Entered Color.parse_str(#00afff)
10:30:32:349 AM |   color.py    |      Line  786  |  DEBUG   ﰲ  value_lower: #00afff
10:30:32:349 AM |   color.py    |      Line  791  |  DEBUG   ﰲ  KeyError: #00afff
10:30:32:349 AM |   color.py    |      Line  783  |  DEBUG   ﰲ  Entered Color.parse_str(#00ffff)
10:30:32:349 AM |   color.py    |      Line  786  |  DEBUG   ﰲ  value_lower: #00ffff
10:30:32:349 AM |   color.py    |      Line  791  |  DEBUG   ﰲ  KeyError: #00ffff
10:30:32:349 AM |   color.py    |      Line  783  |  DEBUG   ﰲ  Entered Color.parse_str(#00ffaf)
10:30:32:349 AM |   color.py    |      Line  786  |  DEBUG   ﰲ  value_lower: #00ffaf
10:30:32:349 AM |   color.py    |      Line  791  |  DEBUG   ﰲ  KeyError: #00ffaf
10:30:32:349 AM |   color.py    |      Line  783  |  DEBUG   ﰲ  Entered Color.parse_str(#00ff00)
10:30:32:349 AM |   color.py    |      Line  786  |  DEBUG   ﰲ  value_lower: #00ff00
10:30:32:349 AM |   color.py    |      Line  791  |  DEBUG   ﰲ  KeyError: #00ff00
10:30:32:349 AM |   color.py    |      Line  783  |  DEBUG   ﰲ  Entered Color.parse_str(#afff00)
10:30:32:349 AM |   color.py    |      Line  786  |  DEBUG   ﰲ  value_lower: #afff00
10:30:32:349 AM |   color.py    |      Line  791  |  DEBUG   ﰲ  KeyError: #afff00
10:30:32:349 AM |   color.py    |      Line  783  |  DEBUG   ﰲ  Entered Color.parse_str(#ffff00)
10:30:32:349 AM |   color.py    |      Line  786  |  DEBUG   ﰲ  value_lower: #ffff00
10:30:32:349 AM |   color.py    |      Line  791  |  DEBUG   ﰲ  KeyError: #ffff00
10:30:32:349 AM |   color.py    |      Line  783  |  DEBUG   ﰲ  Entered Color.parse_str(#ffaf00)
10:30:32:349 AM |   color.py    |      Line  786  |  DEBUG   ﰲ  value_lower: #ffaf00
10:30:32:349 AM |   color.py    |      Line  791  |  DEBUG   ﰲ  KeyError: #ffaf00
10:30:32:349 AM |   color.py    |      Line  783  |  DEBUG   ﰲ  Entered Color.parse_str(#ff5f00)
10:30:32:349 AM |   color.py    |      Line  786  |  DEBUG   ﰲ  value_lower: #ff5f00
10:30:32:349 AM |   color.py    |      Line  791  |  DEBUG   ﰲ  KeyError: #ff5f00
10:30:32:349 AM |   color.py    |      Line  783  |  DEBUG   ﰲ  Entered Color.parse_str(#ff0000)
10:30:32:349 AM |   color.py    |      Line  786  |  DEBUG   ﰲ  value_lower: #ff0000
10:30:32:349 AM |   color.py    |      Line  791  |  DEBUG   ﰲ  KeyError: #ff0000
10:30:32:349 AM |   color.py    |      Line  783  |  DEBUG   ﰲ  Entered Color.parse_str(#ff005f)
10:30:32:349 AM |   color.py    |      Line  786  |  DEBUG   ﰲ  value_lower: #ff005f
10:30:32:349 AM |   color.py    |      Line  791  |  DEBUG   ﰲ  KeyError: #ff005f
10:30:32:349 AM |   color.py    |      Line  783  |  DEBUG   ﰲ  Entered Color.parse_str(#ff00af)
10:30:32:349 AM |   color.py    |      Line  786  |  DEBUG   ﰲ  value_lower: #ff00af
10:30:32:349 AM |   color.py    |      Line  791  |  DEBUG   ﰲ  KeyError: #ff00af
10:30:32:349 AM |   color.py    |      Line  783  |  DEBUG   ﰲ  Entered Color.parse_str(#ff00ff)
10:30:32:349 AM |   color.py    |      Line  786  |  DEBUG   ﰲ  value_lower: #ff00ff
10:30:32:349 AM |   color.py    |      Line  791  |  DEBUG   ﰲ  KeyError: #ff00ff
10:30:32:350 AM |   color.py    |      Line  783  |  DEBUG   ﰲ  Entered Color.parse_str(#af00ff)
10:30:32:350 AM |   color.py    |      Line  786  |  DEBUG   ﰲ  value_lower: #af00ff
10:30:32:350 AM |   color.py    |      Line  791  |  DEBUG   ﰲ  KeyError: #af00ff
10:30:32:350 AM |   color.py    |      Line  783  |  DEBUG   ﰲ  Entered Color.parse_str(#5f00ff)
10:30:32:350 AM |   color.py    |      Line  786  |  DEBUG   ﰲ  value_lower: #5f00ff
10:30:32:350 AM |   color.py    |      Line  791  |  DEBUG   ﰲ  KeyError: #5f00ff
10:30:32:350 AM |   color.py    |      Line  783  |  DEBUG   ﰲ  Entered Color.parse_str(#0000ff)
10:30:32:350 AM |   color.py    |      Line  786  |  DEBUG   ﰲ  value_lower: #0000ff
10:30:32:350 AM |   color.py    |      Line  791  |  DEBUG   ﰲ  KeyError: #0000ff
10:30:32:350 AM |   color.py    |      Line  783  |  DEBUG   ﰲ  Entered Color.parse_str(#ff005f)
10:30:32:350 AM |   color.py    |      Line  786  |  DEBUG   ﰲ  value_lower: #ff005f
10:30:32:350 AM |   color.py    |      Line  791  |  DEBUG   ﰲ  KeyError: #ff005f
10:30:32:350 AM |   color.py    |      Line  783  |  DEBUG   ﰲ  Entered Color.parse_str(#ff00af)
10:30:32:350 AM |   color.py    |      Line  786  |  DEBUG   ﰲ  value_lower: #ff00af
10:30:32:350 AM |   color.py    |      Line  791  |  DEBUG   ﰲ  KeyError: #ff00af
10:30:32:350 AM |   color.py    |      Line  783  |  DEBUG   ﰲ  Entered Color.parse_str(#ff00ff)
10:30:32:350 AM |   color.py    |      Line  786  |  DEBUG   ﰲ  value_lower: #ff00ff
10:30:32:350 AM |   color.py    |      Line  791  |  DEBUG   ﰲ  KeyError: #ff00ff
10:30:32:350 AM |   color.py    |      Line  783  |  DEBUG   ﰲ  Entered Color.parse_str(#af00ff)
10:30:32:350 AM |   color.py    |      Line  786  |  DEBUG   ﰲ  value_lower: #af00ff
10:30:32:350 AM |   color.py    |      Line  791  |  DEBUG   ﰲ  KeyError: #af00ff
10:30:32:350 AM |   color.py    |      Line  783  |  DEBUG   ﰲ  Entered Color.parse_str(#5f00ff)
10:30:32:350 AM |   color.py    |      Line  786  |  DEBUG   ﰲ  value_lower: #5f00ff
10:30:32:350 AM |   color.py    |      Line  791  |  DEBUG   ﰲ  KeyError: #5f00ff
10:30:32:350 AM |   color.py    |      Line  783  |  DEBUG   ﰲ  Entered Color.parse_str(#0000ff)
10:30:32:350 AM |   color.py    |      Line  786  |  DEBUG   ﰲ  value_lower: #0000ff
10:30:32:350 AM |   color.py    |      Line  791  |  DEBUG   ﰲ  KeyError: #0000ff
10:30:32:350 AM |   color.py    |      Line  783  |  DEBUG   ﰲ  Entered Color.parse_str(#005fff)
10:30:32:350 AM |   color.py    |      Line  786  |  DEBUG   ﰲ  value_lower: #005fff
10:30:32:350 AM |   color.py    |      Line  791  |  DEBUG   ﰲ  KeyError: #005fff
10:30:32:350 AM |   color.py    |      Line  783  |  DEBUG   ﰲ  Entered Color.parse_str(#00afff)
10:30:32:350 AM |   color.py    |      Line  786  |  DEBUG   ﰲ  value_lower: #00afff
10:30:32:350 AM |   color.py    |      Line  791  |  DEBUG   ﰲ  KeyError: #00afff
10:30:32:350 AM |   color.py    |      Line  783  |  DEBUG   ﰲ  Entered Color.parse_str(#00ffff)
10:30:32:350 AM |   color.py    |      Line  786  |  DEBUG   ﰲ  value_lower: #00ffff
10:30:32:350 AM |   color.py    |      Line  791  |  DEBUG   ﰲ  KeyError: #00ffff
10:30:32:351 AM |   color.py    |      Line  783  |  DEBUG   ﰲ  Entered Color.parse_str(#00ffaf)
10:30:32:351 AM |   color.py    |      Line  786  |  DEBUG   ﰲ  value_lower: #00ffaf
10:30:32:351 AM |   color.py    |      Line  791  |  DEBUG   ﰲ  KeyError: #00ffaf
10:30:32:351 AM |   color.py    |      Line  783  |  DEBUG   ﰲ  Entered Color.parse_str(#00ff00)
10:30:32:351 AM |   color.py    |      Line  786  |  DEBUG   ﰲ  value_lower: #00ff00
10:30:32:351 AM |   color.py    |      Line  791  |  DEBUG   ﰲ  KeyError: #00ff00
10:30:32:351 AM |   color.py    |      Line  783  |  DEBUG   ﰲ  Entered Color.parse_str(#afff00)
10:30:32:351 AM |   color.py    |      Line  786  |  DEBUG   ﰲ  value_lower: #afff00
10:30:32:351 AM |   color.py    |      Line  791  |  DEBUG   ﰲ  KeyError: #afff00
10:30:32:351 AM |   color.py    |      Line  783  |  DEBUG   ﰲ  Entered Color.parse_str(#ffff00)
10:30:32:351 AM |   color.py    |      Line  786  |  DEBUG   ﰲ  value_lower: #ffff00
10:30:32:351 AM |   color.py    |      Line  791  |  DEBUG   ﰲ  KeyError: #ffff00
10:30:32:351 AM |   color.py    |      Line  783  |  DEBUG   ﰲ  Entered Color.parse_str(#ffaf00)
10:30:32:351 AM |   color.py    |      Line  786  |  DEBUG   ﰲ  value_lower: #ffaf00
10:30:32:351 AM |   color.py    |      Line  791  |  DEBUG   ﰲ  KeyError: #ffaf00
10:30:32:351 AM |   color.py    |      Line  783  |  DEBUG   ﰲ  Entered Color.parse_str(#ff5f00)
10:30:32:351 AM |   color.py    |      Line  786  |  DEBUG   ﰲ  value_lower: #ff5f00
10:30:32:351 AM |   color.py    |      Line  791  |  DEBUG   ﰲ  KeyError: #ff5f00
10:30:32:351 AM |   color.py    |      Line  783  |  DEBUG   ﰲ  Entered Color.parse_str(#ff0000)
10:30:32:351 AM |   color.py    |      Line  786  |  DEBUG   ﰲ  value_lower: #ff0000
10:30:32:351 AM |   color.py    |      Line  791  |  DEBUG   ﰲ  KeyError: #ff0000
09:10:01:074 PM |   color.py    |      Line  778  |  DEBUG   ﰲ  Entered Color.parse_str(magenta)
09:10:01:075 PM |   color.py    |      Line  781  |  DEBUG   ﰲ  value_lower: magenta
09:10:01:075 PM |   color.py    |      Line  784  |  DEBUG   ﰲ  red: 255, green: 0, blue:255
09:10:01:075 PM |   color.py    |      Line  778  |  DEBUG   ﰲ  Entered Color.parse_str(purple)
09:10:01:075 PM |   color.py    |      Line  781  |  DEBUG   ﰲ  value_lower: purple
09:10:01:075 PM |   color.py    |      Line  784  |  DEBUG   ﰲ  red: 175, green: 0, blue:255
09:10:01:076 PM |   color.py    |      Line  778  |  DEBUG   ﰲ  Entered Color.parse_str(violet)
09:10:01:076 PM |   color.py    |      Line  781  |  DEBUG   ﰲ  value_lower: violet
09:10:01:076 PM |   color.py    |      Line  784  |  DEBUG   ﰲ  red: 95, green: 0, blue:255
09:10:01:076 PM |   color.py    |      Line  778  |  DEBUG   ﰲ  Entered Color.parse_str(#ff00ff)
09:10:01:076 PM |   color.py    |      Line  781  |  DEBUG   ﰲ  value_lower: #ff00ff
09:10:01:076 PM |   color.py    |      Line  786  |  DEBUG   ﰲ  KeyError: #ff00ff
09:10:01:077 PM |   color.py    |      Line  778  |  DEBUG   ﰲ  Entered Color.parse_str(#af00ff)
09:10:01:077 PM |   color.py    |      Line  781  |  DEBUG   ﰲ  value_lower: #af00ff
09:10:01:077 PM |   color.py    |      Line  786  |  DEBUG   ﰲ  KeyError: #af00ff
09:10:01:078 PM |   color.py    |      Line  778  |  DEBUG   ﰲ  Entered Color.parse_str(#FF00FF)
09:10:01:078 PM |   color.py    |      Line  781  |  DEBUG   ﰲ  value_lower: #ff00ff
09:10:01:078 PM |   color.py    |      Line  786  |  DEBUG   ﰲ  KeyError: #ff00ff
09:10:01:078 PM |   color.py    |      Line  778  |  DEBUG   ﰲ  Entered Color.parse_str(#FB00FF)
09:10:01:078 PM |   color.py    |      Line  781  |  DEBUG   ﰲ  value_lower: #fb00ff
09:10:01:078 PM |   color.py    |      Line  786  |  DEBUG   ﰲ  KeyError: #fb00ff
09:10:01:078 PM |   color.py    |      Line  778  |  DEBUG   ﰲ  Entered Color.parse_str(#F700FF)
09:10:01:078 PM |   color.py    |      Line  781  |  DEBUG   ﰲ  value_lower: #f700ff
09:10:01:079 PM |   color.py    |      Line  786  |  DEBUG   ﰲ  KeyError: #f700ff
09:10:01:079 PM |   color.py    |      Line  778  |  DEBUG   ﰲ  Entered Color.parse_str(#F400FF)
09:10:01:079 PM |   color.py    |      Line  781  |  DEBUG   ﰲ  value_lower: #f400ff
09:10:01:079 PM |   color.py    |      Line  786  |  DEBUG   ﰲ  KeyError: #f400ff
09:10:01:079 PM |   color.py    |      Line  778  |  DEBUG   ﰲ  Entered Color.parse_str(#F000FF)
09:10:01:080 PM |   color.py    |      Line  781  |  DEBUG   ﰲ  value_lower: #f000ff
09:10:01:080 PM |   color.py    |      Line  786  |  DEBUG   ﰲ  KeyError: #f000ff
09:10:01:080 PM |   color.py    |      Line  778  |  DEBUG   ﰲ  Entered Color.parse_str(#EC00FF)
09:10:01:080 PM |   color.py    |      Line  781  |  DEBUG   ﰲ  value_lower: #ec00ff
09:10:01:080 PM |   color.py    |      Line  786  |  DEBUG   ﰲ  KeyError: #ec00ff
09:10:01:082 PM |   color.py    |      Line  778  |  DEBUG   ﰲ  Entered Color.parse_str(#E900FF)
09:10:01:082 PM |   color.py    |      Line  781  |  DEBUG   ﰲ  value_lower: #e900ff
09:10:01:082 PM |   color.py    |      Line  786  |  DEBUG   ﰲ  KeyError: #e900ff
09:10:01:082 PM |   color.py    |      Line  778  |  DEBUG   ﰲ  Entered Color.parse_str(#E500FF)
09:10:01:082 PM |   color.py    |      Line  781  |  DEBUG   ﰲ  value_lower: #e500ff
09:10:01:082 PM |   color.py    |      Line  786  |  DEBUG   ﰲ  KeyError: #e500ff
09:10:01:082 PM |   color.py    |      Line  778  |  DEBUG   ﰲ  Entered Color.parse_str(#E100FF)
09:10:01:082 PM |   color.py    |      Line  781  |  DEBUG   ﰲ  value_lower: #e100ff
09:10:01:082 PM |   color.py    |      Line  786  |  DEBUG   ﰲ  KeyError: #e100ff
09:10:01:082 PM |   color.py    |      Line  778  |  DEBUG   ﰲ  Entered Color.parse_str(#DE00FF)
09:10:01:082 PM |   color.py    |      Line  781  |  DEBUG   ﰲ  value_lower: #de00ff
09:10:01:082 PM |   color.py    |      Line  786  |  DEBUG   ﰲ  KeyError: #de00ff
09:10:01:082 PM |   color.py    |      Line  778  |  DEBUG   ﰲ  Entered Color.parse_str(#DA00FF)
09:10:01:082 PM |   color.py    |      Line  781  |  DEBUG   ﰲ  value_lower: #da00ff
09:10:01:082 PM |   color.py    |      Line  786  |  DEBUG   ﰲ  KeyError: #da00ff
09:10:01:082 PM |   color.py    |      Line  778  |  DEBUG   ﰲ  Entered Color.parse_str(#D700FF)
09:10:01:082 PM |   color.py    |      Line  781  |  DEBUG   ﰲ  value_lower: #d700ff
09:10:01:082 PM |   color.py    |      Line  786  |  DEBUG   ﰲ  KeyError: #d700ff
09:10:01:082 PM |   color.py    |      Line  778  |  DEBUG   ﰲ  Entered Color.parse_str(#D300FF)
09:10:01:082 PM |   color.py    |      Line  781  |  DEBUG   ﰲ  value_lower: #d300ff
09:10:01:082 PM |   color.py    |      Line  786  |  DEBUG   ﰲ  KeyError: #d300ff
09:10:01:082 PM |   color.py    |      Line  778  |  DEBUG   ﰲ  Entered Color.parse_str(#CF00FF)
09:10:01:083 PM |   color.py    |      Line  781  |  DEBUG   ﰲ  value_lower: #cf00ff
09:10:01:083 PM |   color.py    |      Line  786  |  DEBUG   ﰲ  KeyError: #cf00ff
09:10:01:083 PM |   color.py    |      Line  778  |  DEBUG   ﰲ  Entered Color.parse_str(#CC00FF)
09:10:01:083 PM |   color.py    |      Line  781  |  DEBUG   ﰲ  value_lower: #cc00ff
09:10:01:083 PM |   color.py    |      Line  786  |  DEBUG   ﰲ  KeyError: #cc00ff
09:10:01:083 PM |   color.py    |      Line  778  |  DEBUG   ﰲ  Entered Color.parse_str(#C800FF)
09:10:01:083 PM |   color.py    |      Line  781  |  DEBUG   ﰲ  value_lower: #c800ff
09:10:01:083 PM |   color.py    |      Line  786  |  DEBUG   ﰲ  KeyError: #c800ff
09:10:01:083 PM |   color.py    |      Line  778  |  DEBUG   ﰲ  Entered Color.parse_str(#C400FF)
09:10:01:083 PM |   color.py    |      Line  781  |  DEBUG   ﰲ  value_lower: #c400ff
09:10:01:083 PM |   color.py    |      Line  786  |  DEBUG   ﰲ  KeyError: #c400ff
09:10:01:083 PM |   color.py    |      Line  778  |  DEBUG   ﰲ  Entered Color.parse_str(#C100FF)
09:10:01:083 PM |   color.py    |      Line  781  |  DEBUG   ﰲ  value_lower: #c100ff
09:10:01:083 PM |   color.py    |      Line  786  |  DEBUG   ﰲ  KeyError: #c100ff
09:10:01:083 PM |   color.py    |      Line  778  |  DEBUG   ﰲ  Entered Color.parse_str(#BD00FF)
09:10:01:084 PM |   color.py    |      Line  781  |  DEBUG   ﰲ  value_lower: #bd00ff
09:10:01:084 PM |   color.py    |      Line  786  |  DEBUG   ﰲ  KeyError: #bd00ff
09:10:01:084 PM |   color.py    |      Line  778  |  DEBUG   ﰲ  Entered Color.parse_str(#B900FF)
09:10:01:084 PM |   color.py    |      Line  781  |  DEBUG   ﰲ  value_lower: #b900ff
09:10:01:084 PM |   color.py    |      Line  786  |  DEBUG   ﰲ  KeyError: #b900ff
09:10:01:084 PM |   color.py    |      Line  778  |  DEBUG   ﰲ  Entered Color.parse_str(#B600FF)
09:10:01:084 PM |   color.py    |      Line  781  |  DEBUG   ﰲ  value_lower: #b600ff
09:10:01:084 PM |   color.py    |      Line  786  |  DEBUG   ﰲ  KeyError: #b600ff
09:10:01:084 PM |   color.py    |      Line  778  |  DEBUG   ﰲ  Entered Color.parse_str(#B200FF)
09:10:01:084 PM |   color.py    |      Line  781  |  DEBUG   ﰲ  value_lower: #b200ff
09:10:01:084 PM |   color.py    |      Line  786  |  DEBUG   ﰲ  KeyError: #b200ff
09:10:01:084 PM |   color.py    |      Line  778  |  DEBUG   ﰲ  Entered Color.parse_str(#af00ff)
09:10:01:084 PM |   color.py    |      Line  781  |  DEBUG   ﰲ  value_lower: #af00ff
09:10:01:084 PM |   color.py    |      Line  786  |  DEBUG   ﰲ  KeyError: #af00ff
09:10:01:084 PM |   color.py    |      Line  778  |  DEBUG   ﰲ  Entered Color.parse_str(#5f00ff)
09:10:01:084 PM |   color.py    |      Line  781  |  DEBUG   ﰲ  value_lower: #5f00ff
09:10:01:085 PM |   color.py    |      Line  786  |  DEBUG   ﰲ  KeyError: #5f00ff
09:10:01:085 PM |   color.py    |      Line  778  |  DEBUG   ﰲ  Entered Color.parse_str(#AF00FF)
09:10:01:085 PM |   color.py    |      Line  781  |  DEBUG   ﰲ  value_lower: #af00ff
09:10:01:085 PM |   color.py    |      Line  786  |  DEBUG   ﰲ  KeyError: #af00ff
09:10:01:085 PM |   color.py    |      Line  778  |  DEBUG   ﰲ  Entered Color.parse_str(#AB00FF)
09:10:01:085 PM |   color.py    |      Line  781  |  DEBUG   ﰲ  value_lower: #ab00ff
09:10:01:085 PM |   color.py    |      Line  786  |  DEBUG   ﰲ  KeyError: #ab00ff
09:10:01:085 PM |   color.py    |      Line  778  |  DEBUG   ﰲ  Entered Color.parse_str(#A700FF)
09:10:01:085 PM |   color.py    |      Line  781  |  DEBUG   ﰲ  value_lower: #a700ff
09:10:01:085 PM |   color.py    |      Line  786  |  DEBUG   ﰲ  KeyError: #a700ff
09:10:01:085 PM |   color.py    |      Line  778  |  DEBUG   ﰲ  Entered Color.parse_str(#A400FF)
09:10:01:085 PM |   color.py    |      Line  781  |  DEBUG   ﰲ  value_lower: #a400ff
09:10:01:085 PM |   color.py    |      Line  786  |  DEBUG   ﰲ  KeyError: #a400ff
09:10:01:085 PM |   color.py    |      Line  778  |  DEBUG   ﰲ  Entered Color.parse_str(#A000FF)
09:10:01:085 PM |   color.py    |      Line  781  |  DEBUG   ﰲ  value_lower: #a000ff
09:10:01:085 PM |   color.py    |      Line  786  |  DEBUG   ﰲ  KeyError: #a000ff
09:10:01:085 PM |   color.py    |      Line  778  |  DEBUG   ﰲ  Entered Color.parse_str(#9C00FF)
09:10:01:085 PM |   color.py    |      Line  781  |  DEBUG   ﰲ  value_lower: #9c00ff
09:10:01:085 PM |   color.py    |      Line  786  |  DEBUG   ﰲ  KeyError: #9c00ff
09:10:01:085 PM |   color.py    |      Line  778  |  DEBUG   ﰲ  Entered Color.parse_str(#9900FF)
09:10:01:085 PM |   color.py    |      Line  781  |  DEBUG   ﰲ  value_lower: #9900ff
09:10:01:085 PM |   color.py    |      Line  786  |  DEBUG   ﰲ  KeyError: #9900ff
09:10:01:085 PM |   color.py    |      Line  778  |  DEBUG   ﰲ  Entered Color.parse_str(#9500FF)
09:10:01:085 PM |   color.py    |      Line  781  |  DEBUG   ﰲ  value_lower: #9500ff
09:10:01:085 PM |   color.py    |      Line  786  |  DEBUG   ﰲ  KeyError: #9500ff
09:10:01:086 PM |   color.py    |      Line  778  |  DEBUG   ﰲ  Entered Color.parse_str(#9100FF)
09:10:01:086 PM |   color.py    |      Line  781  |  DEBUG   ﰲ  value_lower: #9100ff
09:10:01:086 PM |   color.py    |      Line  786  |  DEBUG   ﰲ  KeyError: #9100ff
09:10:01:086 PM |   color.py    |      Line  778  |  DEBUG   ﰲ  Entered Color.parse_str(#8E00FF)
09:10:01:086 PM |   color.py    |      Line  781  |  DEBUG   ﰲ  value_lower: #8e00ff
09:10:01:086 PM |   color.py    |      Line  786  |  DEBUG   ﰲ  KeyError: #8e00ff
09:10:01:086 PM |   color.py    |      Line  778  |  DEBUG   ﰲ  Entered Color.parse_str(#8A00FF)
09:10:01:086 PM |   color.py    |      Line  781  |  DEBUG   ﰲ  value_lower: #8a00ff
09:10:01:086 PM |   color.py    |      Line  786  |  DEBUG   ﰲ  KeyError: #8a00ff
09:10:01:086 PM |   color.py    |      Line  778  |  DEBUG   ﰲ  Entered Color.parse_str(#8700FF)
09:10:01:086 PM |   color.py    |      Line  781  |  DEBUG   ﰲ  value_lower: #8700ff
09:10:01:086 PM |   color.py    |      Line  786  |  DEBUG   ﰲ  KeyError: #8700ff
09:10:01:086 PM |   color.py    |      Line  778  |  DEBUG   ﰲ  Entered Color.parse_str(#8300FF)
09:10:01:086 PM |   color.py    |      Line  781  |  DEBUG   ﰲ  value_lower: #8300ff
09:10:01:086 PM |   color.py    |      Line  786  |  DEBUG   ﰲ  KeyError: #8300ff
09:10:01:086 PM |   color.py    |      Line  778  |  DEBUG   ﰲ  Entered Color.parse_str(#7F00FF)
09:10:01:086 PM |   color.py    |      Line  781  |  DEBUG   ﰲ  value_lower: #7f00ff
09:10:01:086 PM |   color.py    |      Line  786  |  DEBUG   ﰲ  KeyError: #7f00ff
09:10:01:086 PM |   color.py    |      Line  778  |  DEBUG   ﰲ  Entered Color.parse_str(#7C00FF)
09:10:01:086 PM |   color.py    |      Line  781  |  DEBUG   ﰲ  value_lower: #7c00ff
09:10:01:086 PM |   color.py    |      Line  786  |  DEBUG   ﰲ  KeyError: #7c00ff
09:10:01:086 PM |   color.py    |      Line  778  |  DEBUG   ﰲ  Entered Color.parse_str(#7800FF)
09:10:01:086 PM |   color.py    |      Line  781  |  DEBUG   ﰲ  value_lower: #7800ff
09:10:01:086 PM |   color.py    |      Line  786  |  DEBUG   ﰲ  KeyError: #7800ff
09:10:01:086 PM |   color.py    |      Line  778  |  DEBUG   ﰲ  Entered Color.parse_str(#7400FF)
09:10:01:086 PM |   color.py    |      Line  781  |  DEBUG   ﰲ  value_lower: #7400ff
09:10:01:086 PM |   color.py    |      Line  786  |  DEBUG   ﰲ  KeyError: #7400ff
09:10:01:086 PM |   color.py    |      Line  778  |  DEBUG   ﰲ  Entered Color.parse_str(#7100FF)
09:10:01:086 PM |   color.py    |      Line  781  |  DEBUG   ﰲ  value_lower: #7100ff
09:10:01:086 PM |   color.py    |      Line  786  |  DEBUG   ﰲ  KeyError: #7100ff
09:10:01:086 PM |   color.py    |      Line  778  |  DEBUG   ﰲ  Entered Color.parse_str(#6D00FF)
09:10:01:087 PM |   color.py    |      Line  781  |  DEBUG   ﰲ  value_lower: #6d00ff
09:10:01:087 PM |   color.py    |      Line  786  |  DEBUG   ﰲ  KeyError: #6d00ff
09:10:01:087 PM |   color.py    |      Line  778  |  DEBUG   ﰲ  Entered Color.parse_str(#6900FF)
09:10:01:087 PM |   color.py    |      Line  781  |  DEBUG   ﰲ  value_lower: #6900ff
09:10:01:087 PM |   color.py    |      Line  786  |  DEBUG   ﰲ  KeyError: #6900ff
09:10:01:087 PM |   color.py    |      Line  778  |  DEBUG   ﰲ  Entered Color.parse_str(#6600FF)
09:10:01:087 PM |   color.py    |      Line  781  |  DEBUG   ﰲ  value_lower: #6600ff
09:10:01:087 PM |   color.py    |      Line  786  |  DEBUG   ﰲ  KeyError: #6600ff
09:10:01:087 PM |   color.py    |      Line  778  |  DEBUG   ﰲ  Entered Color.parse_str(#6200FF)
09:10:01:087 PM |   color.py    |      Line  781  |  DEBUG   ﰲ  value_lower: #6200ff
09:10:01:087 PM |   color.py    |      Line  786  |  DEBUG   ﰲ  KeyError: #6200ff
09:10:01:093 PM |   color.py    |      Line  778  |  DEBUG   ﰲ  Entered Color.parse_str(#afff00)
09:10:01:093 PM |   color.py    |      Line  781  |  DEBUG   ﰲ  value_lower: #afff00
09:10:01:093 PM |   color.py    |      Line  786  |  DEBUG   ﰲ  KeyError: #afff00
09:10:01:093 PM |   color.py    |      Line  778  |  DEBUG   ﰲ  Entered Color.parse_str(#ffff00)
09:10:01:093 PM |   color.py    |      Line  781  |  DEBUG   ﰲ  value_lower: #ffff00
09:10:01:093 PM |   color.py    |      Line  786  |  DEBUG   ﰲ  KeyError: #ffff00
09:10:01:093 PM |   color.py    |      Line  778  |  DEBUG   ﰲ  Entered Color.parse_str(#ffaf00)
09:10:01:093 PM |   color.py    |      Line  781  |  DEBUG   ﰲ  value_lower: #ffaf00
09:10:01:093 PM |   color.py    |      Line  786  |  DEBUG   ﰲ  KeyError: #ffaf00
09:10:01:093 PM |   color.py    |      Line  778  |  DEBUG   ﰲ  Entered Color.parse_str(#ff5f00)
09:10:01:093 PM |   color.py    |      Line  781  |  DEBUG   ﰲ  value_lower: #ff5f00
09:10:01:093 PM |   color.py    |      Line  786  |  DEBUG   ﰲ  KeyError: #ff5f00
09:10:01:093 PM |   color.py    |      Line  778  |  DEBUG   ﰲ  Entered Color.parse_str(#ff0000)
09:10:01:094 PM |   color.py    |      Line  781  |  DEBUG   ﰲ  value_lower: #ff0000
09:10:01:094 PM |   color.py    |      Line  786  |  DEBUG   ﰲ  KeyError: #ff0000
09:10:01:094 PM |   color.py    |      Line  778  |  DEBUG   ﰲ  Entered Color.parse_str(#ff005f)
09:10:01:094 PM |   color.py    |      Line  781  |  DEBUG   ﰲ  value_lower: #ff005f
09:10:01:094 PM |   color.py    |      Line  786  |  DEBUG   ﰲ  KeyError: #ff005f
09:10:01:094 PM |   color.py    |      Line  778  |  DEBUG   ﰲ  Entered Color.parse_str(#ff00af)
09:10:01:094 PM |   color.py    |      Line  781  |  DEBUG   ﰲ  value_lower: #ff00af
09:10:01:094 PM |   color.py    |      Line  786  |  DEBUG   ﰲ  KeyError: #ff00af
09:10:01:094 PM |   color.py    |      Line  778  |  DEBUG   ﰲ  Entered Color.parse_str(#ff00ff)
09:10:01:094 PM |   color.py    |      Line  781  |  DEBUG   ﰲ  value_lower: #ff00ff
09:10:01:094 PM |   color.py    |      Line  786  |  DEBUG   ﰲ  KeyError: #ff00ff
09:10:01:094 PM |   color.py    |      Line  778  |  DEBUG   ﰲ  Entered Color.parse_str(#af00ff)
09:10:01:094 PM |   color.py    |      Line  781  |  DEBUG   ﰲ  value_lower: #af00ff
09:10:01:094 PM |   color.py    |      Line  786  |  DEBUG   ﰲ  KeyError: #af00ff
09:10:01:094 PM |   color.py    |      Line  778  |  DEBUG   ﰲ  Entered Color.parse_str(#5f00ff)
09:10:01:094 PM |   color.py    |      Line  781  |  DEBUG   ﰲ  value_lower: #5f00ff
09:10:01:094 PM |   color.py    |      Line  786  |  DEBUG   ﰲ  KeyError: #5f00ff
09:10:01:094 PM |   color.py    |      Line  778  |  DEBUG   ﰲ  Entered Color.parse_str(#0000ff)
09:10:01:094 PM |   color.py    |      Line  781  |  DEBUG   ﰲ  value_lower: #0000ff
09:10:01:094 PM |   color.py    |      Line  786  |  DEBUG   ﰲ  KeyError: #0000ff
09:10:01:094 PM |   color.py    |      Line  778  |  DEBUG   ﰲ  Entered Color.parse_str(#005fff)
09:10:01:094 PM |   color.py    |      Line  781  |  DEBUG   ﰲ  value_lower: #005fff
09:10:01:094 PM |   color.py    |      Line  786  |  DEBUG   ﰲ  KeyError: #005fff
09:10:01:094 PM |   color.py    |      Line  778  |  DEBUG   ﰲ  Entered Color.parse_str(#00afff)
09:10:01:094 PM |   color.py    |      Line  781  |  DEBUG   ﰲ  value_lower: #00afff
09:10:01:094 PM |   color.py    |      Line  786  |  DEBUG   ﰲ  KeyError: #00afff
09:10:01:094 PM |   color.py    |      Line  778  |  DEBUG   ﰲ  Entered Color.parse_str(#00ffff)
09:10:01:094 PM |   color.py    |      Line  781  |  DEBUG   ﰲ  value_lower: #00ffff
09:10:01:095 PM |   color.py    |      Line  786  |  DEBUG   ﰲ  KeyError: #00ffff
09:10:01:095 PM |   color.py    |      Line  778  |  DEBUG   ﰲ  Entered Color.parse_str(#00ffaf)
09:10:01:095 PM |   color.py    |      Line  781  |  DEBUG   ﰲ  value_lower: #00ffaf
09:10:01:095 PM |   color.py    |      Line  786  |  DEBUG   ﰲ  KeyError: #00ffaf
09:10:01:095 PM |   color.py    |      Line  778  |  DEBUG   ﰲ  Entered Color.parse_str(#00ff00)
09:10:01:095 PM |   color.py    |      Line  781  |  DEBUG   ﰲ  value_lower: #00ff00
09:10:01:095 PM |   color.py    |      Line  786  |  DEBUG   ﰲ  KeyError: #00ff00
09:10:01:095 PM |   color.py    |      Line  778  |  DEBUG   ﰲ  Entered Color.parse_str(#afff00)
09:10:01:095 PM |   color.py    |      Line  781  |  DEBUG   ﰲ  value_lower: #afff00
09:10:01:095 PM |   color.py    |      Line  786  |  DEBUG   ﰲ  KeyError: #afff00
09:10:01:095 PM |   color.py    |      Line  778  |  DEBUG   ﰲ  Entered Color.parse_str(#ffff00)
09:10:01:095 PM |   color.py    |      Line  781  |  DEBUG   ﰲ  value_lower: #ffff00
09:10:01:095 PM |   color.py    |      Line  786  |  DEBUG   ﰲ  KeyError: #ffff00
09:10:01:095 PM |   color.py    |      Line  778  |  DEBUG   ﰲ  Entered Color.parse_str(#AFFF00)
09:10:01:095 PM |   color.py    |      Line  781  |  DEBUG   ﰲ  value_lower: #afff00
09:10:01:095 PM |   color.py    |      Line  786  |  DEBUG   ﰲ  KeyError: #afff00
09:10:01:095 PM |   color.py    |      Line  778  |  DEBUG   ﰲ  Entered Color.parse_str(#B4FF00)
09:10:01:095 PM |   color.py    |      Line  781  |  DEBUG   ﰲ  value_lower: #b4ff00
09:10:01:095 PM |   color.py    |      Line  786  |  DEBUG   ﰲ  KeyError: #b4ff00
09:10:01:095 PM |   color.py    |      Line  778  |  DEBUG   ﰲ  Entered Color.parse_str(#B9FF00)
09:10:01:095 PM |   color.py    |      Line  781  |  DEBUG   ﰲ  value_lower: #b9ff00
09:10:01:095 PM |   color.py    |      Line  786  |  DEBUG   ﰲ  KeyError: #b9ff00
09:10:01:095 PM |   color.py    |      Line  778  |  DEBUG   ﰲ  Entered Color.parse_str(#BFFF00)
09:10:01:095 PM |   color.py    |      Line  781  |  DEBUG   ﰲ  value_lower: #bfff00
09:10:01:095 PM |   color.py    |      Line  786  |  DEBUG   ﰲ  KeyError: #bfff00
09:10:01:095 PM |   color.py    |      Line  778  |  DEBUG   ﰲ  Entered Color.parse_str(#C4FF00)
09:10:01:096 PM |   color.py    |      Line  781  |  DEBUG   ﰲ  value_lower: #c4ff00
09:10:01:096 PM |   color.py    |      Line  786  |  DEBUG   ﰲ  KeyError: #c4ff00
09:10:01:096 PM |   color.py    |      Line  778  |  DEBUG   ﰲ  Entered Color.parse_str(#C9FF00)
09:10:01:096 PM |   color.py    |      Line  781  |  DEBUG   ﰲ  value_lower: #c9ff00
09:10:01:096 PM |   color.py    |      Line  786  |  DEBUG   ﰲ  KeyError: #c9ff00
09:10:01:096 PM |   color.py    |      Line  778  |  DEBUG   ﰲ  Entered Color.parse_str(#CFFF00)
09:10:01:096 PM |   color.py    |      Line  781  |  DEBUG   ﰲ  value_lower: #cfff00
09:10:01:096 PM |   color.py    |      Line  786  |  DEBUG   ﰲ  KeyError: #cfff00
09:10:01:096 PM |   color.py    |      Line  778  |  DEBUG   ﰲ  Entered Color.parse_str(#D4FF00)
09:10:01:096 PM |   color.py    |      Line  781  |  DEBUG   ﰲ  value_lower: #d4ff00
09:10:01:096 PM |   color.py    |      Line  786  |  DEBUG   ﰲ  KeyError: #d4ff00
09:10:01:096 PM |   color.py    |      Line  778  |  DEBUG   ﰲ  Entered Color.parse_str(#D9FF00)
09:10:01:096 PM |   color.py    |      Line  781  |  DEBUG   ﰲ  value_lower: #d9ff00
09:10:01:096 PM |   color.py    |      Line  786  |  DEBUG   ﰲ  KeyError: #d9ff00
09:10:01:096 PM |   color.py    |      Line  778  |  DEBUG   ﰲ  Entered Color.parse_str(#DFFF00)
09:10:01:096 PM |   color.py    |      Line  781  |  DEBUG   ﰲ  value_lower: #dfff00
09:10:01:096 PM |   color.py    |      Line  786  |  DEBUG   ﰲ  KeyError: #dfff00
09:10:01:096 PM |   color.py    |      Line  778  |  DEBUG   ﰲ  Entered Color.parse_str(#E4FF00)
09:10:01:096 PM |   color.py    |      Line  781  |  DEBUG   ﰲ  value_lower: #e4ff00
09:10:01:096 PM |   color.py    |      Line  786  |  DEBUG   ﰲ  KeyError: #e4ff00
09:10:01:096 PM |   color.py    |      Line  778  |  DEBUG   ﰲ  Entered Color.parse_str(#E9FF00)
09:10:01:096 PM |   color.py    |      Line  781  |  DEBUG   ﰲ  value_lower: #e9ff00
09:10:01:096 PM |   color.py    |      Line  786  |  DEBUG   ﰲ  KeyError: #e9ff00
09:10:01:097 PM |   color.py    |      Line  778  |  DEBUG   ﰲ  Entered Color.parse_str(#EFFF00)
09:10:01:097 PM |   color.py    |      Line  781  |  DEBUG   ﰲ  value_lower: #efff00
09:10:01:097 PM |   color.py    |      Line  786  |  DEBUG   ﰲ  KeyError: #efff00
09:10:01:097 PM |   color.py    |      Line  778  |  DEBUG   ﰲ  Entered Color.parse_str(#F4FF00)
09:10:01:097 PM |   color.py    |      Line  781  |  DEBUG   ﰲ  value_lower: #f4ff00
09:10:01:097 PM |   color.py    |      Line  786  |  DEBUG   ﰲ  KeyError: #f4ff00
09:10:01:097 PM |   color.py    |      Line  778  |  DEBUG   ﰲ  Entered Color.parse_str(#F9FF00)
09:10:01:097 PM |   color.py    |      Line  781  |  DEBUG   ﰲ  value_lower: #f9ff00
09:10:01:097 PM |   color.py    |      Line  786  |  DEBUG   ﰲ  KeyError: #f9ff00
09:10:01:098 PM |   color.py    |      Line  778  |  DEBUG   ﰲ  Entered Color.parse_str(#ffff00)
09:10:01:098 PM |   color.py    |      Line  781  |  DEBUG   ﰲ  value_lower: #ffff00
09:10:01:098 PM |   color.py    |      Line  786  |  DEBUG   ﰲ  KeyError: #ffff00
09:10:01:098 PM |   color.py    |      Line  778  |  DEBUG   ﰲ  Entered Color.parse_str(#ffaf00)
09:10:01:098 PM |   color.py    |      Line  781  |  DEBUG   ﰲ  value_lower: #ffaf00
09:10:01:098 PM |   color.py    |      Line  786  |  DEBUG   ﰲ  KeyError: #ffaf00
09:10:01:098 PM |   color.py    |      Line  778  |  DEBUG   ﰲ  Entered Color.parse_str(#FFFF00)
09:10:01:098 PM |   color.py    |      Line  781  |  DEBUG   ﰲ  value_lower: #ffff00
09:10:01:098 PM |   color.py    |      Line  786  |  DEBUG   ﰲ  KeyError: #ffff00
09:10:01:098 PM |   color.py    |      Line  778  |  DEBUG   ﰲ  Entered Color.parse_str(#FFF900)
09:10:01:098 PM |   color.py    |      Line  781  |  DEBUG   ﰲ  value_lower: #fff900
09:10:01:098 PM |   color.py    |      Line  786  |  DEBUG   ﰲ  KeyError: #fff900
09:10:01:098 PM |   color.py    |      Line  778  |  DEBUG   ﰲ  Entered Color.parse_str(#FFF400)
09:10:01:098 PM |   color.py    |      Line  781  |  DEBUG   ﰲ  value_lower: #fff400
09:10:01:098 PM |   color.py    |      Line  786  |  DEBUG   ﰲ  KeyError: #fff400
09:10:01:098 PM |   color.py    |      Line  778  |  DEBUG   ﰲ  Entered Color.parse_str(#FFEF00)
09:10:01:098 PM |   color.py    |      Line  781  |  DEBUG   ﰲ  value_lower: #ffef00
09:10:01:098 PM |   color.py    |      Line  786  |  DEBUG   ﰲ  KeyError: #ffef00
09:10:01:098 PM |   color.py    |      Line  778  |  DEBUG   ﰲ  Entered Color.parse_str(#FFE900)
09:10:01:098 PM |   color.py    |      Line  781  |  DEBUG   ﰲ  value_lower: #ffe900
09:10:01:098 PM |   color.py    |      Line  786  |  DEBUG   ﰲ  KeyError: #ffe900
09:10:01:098 PM |   color.py    |      Line  778  |  DEBUG   ﰲ  Entered Color.parse_str(#FFE400)
09:10:01:098 PM |   color.py    |      Line  781  |  DEBUG   ﰲ  value_lower: #ffe400
09:10:01:099 PM |   color.py    |      Line  786  |  DEBUG   ﰲ  KeyError: #ffe400
09:10:01:099 PM |   color.py    |      Line  778  |  DEBUG   ﰲ  Entered Color.parse_str(#FFDF00)
09:10:01:099 PM |   color.py    |      Line  781  |  DEBUG   ﰲ  value_lower: #ffdf00
09:10:01:099 PM |   color.py    |      Line  786  |  DEBUG   ﰲ  KeyError: #ffdf00
09:10:01:099 PM |   color.py    |      Line  778  |  DEBUG   ﰲ  Entered Color.parse_str(#FFD900)
09:10:01:099 PM |   color.py    |      Line  781  |  DEBUG   ﰲ  value_lower: #ffd900
09:10:01:099 PM |   color.py    |      Line  786  |  DEBUG   ﰲ  KeyError: #ffd900
09:10:01:099 PM |   color.py    |      Line  778  |  DEBUG   ﰲ  Entered Color.parse_str(#FFD400)
09:10:01:099 PM |   color.py    |      Line  781  |  DEBUG   ﰲ  value_lower: #ffd400
09:10:01:099 PM |   color.py    |      Line  786  |  DEBUG   ﰲ  KeyError: #ffd400
09:10:01:099 PM |   color.py    |      Line  778  |  DEBUG   ﰲ  Entered Color.parse_str(#FFCF00)
09:10:01:099 PM |   color.py    |      Line  781  |  DEBUG   ﰲ  value_lower: #ffcf00
09:10:01:099 PM |   color.py    |      Line  786  |  DEBUG   ﰲ  KeyError: #ffcf00
09:10:01:099 PM |   color.py    |      Line  778  |  DEBUG   ﰲ  Entered Color.parse_str(#FFC900)
09:10:01:099 PM |   color.py    |      Line  781  |  DEBUG   ﰲ  value_lower: #ffc900
09:10:01:099 PM |   color.py    |      Line  786  |  DEBUG   ﰲ  KeyError: #ffc900
09:10:01:099 PM |   color.py    |      Line  778  |  DEBUG   ﰲ  Entered Color.parse_str(#FFC400)
09:10:01:099 PM |   color.py    |      Line  781  |  DEBUG   ﰲ  value_lower: #ffc400
09:10:01:099 PM |   color.py    |      Line  786  |  DEBUG   ﰲ  KeyError: #ffc400
09:10:01:100 PM |   color.py    |      Line  778  |  DEBUG   ﰲ  Entered Color.parse_str(#FFBF00)
09:10:01:100 PM |   color.py    |      Line  781  |  DEBUG   ﰲ  value_lower: #ffbf00
09:10:01:100 PM |   color.py    |      Line  786  |  DEBUG   ﰲ  KeyError: #ffbf00
09:10:01:100 PM |   color.py    |      Line  778  |  DEBUG   ﰲ  Entered Color.parse_str(#FFB900)
09:10:01:100 PM |   color.py    |      Line  781  |  DEBUG   ﰲ  value_lower: #ffb900
09:10:01:100 PM |   color.py    |      Line  786  |  DEBUG   ﰲ  KeyError: #ffb900
09:10:01:100 PM |   color.py    |      Line  778  |  DEBUG   ﰲ  Entered Color.parse_str(#FFB400)
09:10:01:100 PM |   color.py    |      Line  781  |  DEBUG   ﰲ  value_lower: #ffb400
09:10:01:100 PM |   color.py    |      Line  786  |  DEBUG   ﰲ  KeyError: #ffb400
09:10:01:100 PM |   color.py    |      Line  778  |  DEBUG   ﰲ  Entered Color.parse_str(#ffaf00)
09:10:01:100 PM |   color.py    |      Line  781  |  DEBUG   ﰲ  value_lower: #ffaf00
09:10:01:100 PM |   color.py    |      Line  786  |  DEBUG   ﰲ  KeyError: #ffaf00
09:10:01:100 PM |   color.py    |      Line  778  |  DEBUG   ﰲ  Entered Color.parse_str(#ff5f00)
09:10:01:100 PM |   color.py    |      Line  781  |  DEBUG   ﰲ  value_lower: #ff5f00
09:10:01:100 PM |   color.py    |      Line  786  |  DEBUG   ﰲ  KeyError: #ff5f00
09:10:01:100 PM |   color.py    |      Line  778  |  DEBUG   ﰲ  Entered Color.parse_str(#FFAF00)
09:10:01:100 PM |   color.py    |      Line  781  |  DEBUG   ﰲ  value_lower: #ffaf00
09:10:01:100 PM |   color.py    |      Line  786  |  DEBUG   ﰲ  KeyError: #ffaf00
09:10:01:100 PM |   color.py    |      Line  778  |  DEBUG   ﰲ  Entered Color.parse_str(#FFA900)
09:10:01:100 PM |   color.py    |      Line  781  |  DEBUG   ﰲ  value_lower: #ffa900
09:10:01:100 PM |   color.py    |      Line  786  |  DEBUG   ﰲ  KeyError: #ffa900
09:10:01:100 PM |   color.py    |      Line  778  |  DEBUG   ﰲ  Entered Color.parse_str(#FFA300)
09:10:01:100 PM |   color.py    |      Line  781  |  DEBUG   ﰲ  value_lower: #ffa300
09:10:01:100 PM |   color.py    |      Line  786  |  DEBUG   ﰲ  KeyError: #ffa300
09:10:01:100 PM |   color.py    |      Line  778  |  DEBUG   ﰲ  Entered Color.parse_str(#FF9D00)
09:10:01:100 PM |   color.py    |      Line  781  |  DEBUG   ﰲ  value_lower: #ff9d00
09:10:01:100 PM |   color.py    |      Line  786  |  DEBUG   ﰲ  KeyError: #ff9d00
09:10:01:100 PM |   color.py    |      Line  778  |  DEBUG   ﰲ  Entered Color.parse_str(#FF9800)
09:10:01:100 PM |   color.py    |      Line  781  |  DEBUG   ﰲ  value_lower: #ff9800
09:10:01:100 PM |   color.py    |      Line  786  |  DEBUG   ﰲ  KeyError: #ff9800
09:10:01:100 PM |   color.py    |      Line  778  |  DEBUG   ﰲ  Entered Color.parse_str(#FF9200)
09:10:01:101 PM |   color.py    |      Line  781  |  DEBUG   ﰲ  value_lower: #ff9200
09:10:01:101 PM |   color.py    |      Line  786  |  DEBUG   ﰲ  KeyError: #ff9200
09:10:01:101 PM |   color.py    |      Line  778  |  DEBUG   ﰲ  Entered Color.parse_str(#FF8C00)
09:10:01:101 PM |   color.py    |      Line  781  |  DEBUG   ﰲ  value_lower: #ff8c00
09:10:01:101 PM |   color.py    |      Line  786  |  DEBUG   ﰲ  KeyError: #ff8c00
09:10:01:101 PM |   color.py    |      Line  778  |  DEBUG   ﰲ  Entered Color.parse_str(#FF8700)
09:10:01:101 PM |   color.py    |      Line  781  |  DEBUG   ﰲ  value_lower: #ff8700
09:10:01:101 PM |   color.py    |      Line  786  |  DEBUG   ﰲ  KeyError: #ff8700
09:10:01:101 PM |   color.py    |      Line  778  |  DEBUG   ﰲ  Entered Color.parse_str(#FF8100)
09:10:01:101 PM |   color.py    |      Line  781  |  DEBUG   ﰲ  value_lower: #ff8100
09:10:01:101 PM |   color.py    |      Line  786  |  DEBUG   ﰲ  KeyError: #ff8100
09:10:01:101 PM |   color.py    |      Line  778  |  DEBUG   ﰲ  Entered Color.parse_str(#FF7B00)
09:10:01:101 PM |   color.py    |      Line  781  |  DEBUG   ﰲ  value_lower: #ff7b00
09:10:01:101 PM |   color.py    |      Line  786  |  DEBUG   ﰲ  KeyError: #ff7b00
09:10:01:101 PM |   color.py    |      Line  778  |  DEBUG   ﰲ  Entered Color.parse_str(#FF7500)
09:10:01:101 PM |   color.py    |      Line  781  |  DEBUG   ﰲ  value_lower: #ff7500
09:10:01:101 PM |   color.py    |      Line  786  |  DEBUG   ﰲ  KeyError: #ff7500
09:10:01:102 PM |   color.py    |      Line  778  |  DEBUG   ﰲ  Entered Color.parse_str(#FF7000)
09:10:01:102 PM |   color.py    |      Line  781  |  DEBUG   ﰲ  value_lower: #ff7000
09:10:01:102 PM |   color.py    |      Line  786  |  DEBUG   ﰲ  KeyError: #ff7000
09:10:01:102 PM |   color.py    |      Line  778  |  DEBUG   ﰲ  Entered Color.parse_str(#FF6A00)
09:10:01:102 PM |   color.py    |      Line  781  |  DEBUG   ﰲ  value_lower: #ff6a00
09:10:01:102 PM |   color.py    |      Line  786  |  DEBUG   ﰲ  KeyError: #ff6a00
09:10:01:102 PM |   color.py    |      Line  778  |  DEBUG   ﰲ  Entered Color.parse_str(#FF6400)
09:10:01:102 PM |   color.py    |      Line  781  |  DEBUG   ﰲ  value_lower: #ff6400
09:10:01:102 PM |   color.py    |      Line  786  |  DEBUG   ﰲ  KeyError: #ff6400
09:10:01:108 PM |   color.py    |      Line  778  |  DEBUG   ﰲ  Entered Color.parse_str(#ff00ff)
09:10:01:108 PM |   color.py    |      Line  781  |  DEBUG   ﰲ  value_lower: #ff00ff
09:10:01:108 PM |   color.py    |      Line  786  |  DEBUG   ﰲ  KeyError: #ff00ff
09:10:01:109 PM |   color.py    |      Line  778  |  DEBUG   ﰲ  Entered Color.parse_str(#af00ff)
09:10:01:109 PM |   color.py    |      Line  781  |  DEBUG   ﰲ  value_lower: #af00ff
09:10:01:109 PM |   color.py    |      Line  786  |  DEBUG   ﰲ  KeyError: #af00ff
09:10:01:109 PM |   color.py    |      Line  778  |  DEBUG   ﰲ  Entered Color.parse_str(#5f00ff)
09:10:01:109 PM |   color.py    |      Line  781  |  DEBUG   ﰲ  value_lower: #5f00ff
09:10:01:109 PM |   color.py    |      Line  786  |  DEBUG   ﰲ  KeyError: #5f00ff
09:10:01:109 PM |   color.py    |      Line  778  |  DEBUG   ﰲ  Entered Color.parse_str(#0000ff)
09:10:01:109 PM |   color.py    |      Line  781  |  DEBUG   ﰲ  value_lower: #0000ff
09:10:01:109 PM |   color.py    |      Line  786  |  DEBUG   ﰲ  KeyError: #0000ff
09:10:01:110 PM |   color.py    |      Line  778  |  DEBUG   ﰲ  Entered Color.parse_str(#005fff)
09:10:01:110 PM |   color.py    |      Line  781  |  DEBUG   ﰲ  value_lower: #005fff
09:10:01:110 PM |   color.py    |      Line  786  |  DEBUG   ﰲ  KeyError: #005fff
09:10:01:110 PM |   color.py    |      Line  778  |  DEBUG   ﰲ  Entered Color.parse_str(#00afff)
09:10:01:110 PM |   color.py    |      Line  781  |  DEBUG   ﰲ  value_lower: #00afff
09:10:01:110 PM |   color.py    |      Line  786  |  DEBUG   ﰲ  KeyError: #00afff
09:10:01:110 PM |   color.py    |      Line  778  |  DEBUG   ﰲ  Entered Color.parse_str(#00ffff)
09:10:01:110 PM |   color.py    |      Line  781  |  DEBUG   ﰲ  value_lower: #00ffff
09:10:01:110 PM |   color.py    |      Line  786  |  DEBUG   ﰲ  KeyError: #00ffff
09:10:01:111 PM |   color.py    |      Line  778  |  DEBUG   ﰲ  Entered Color.parse_str(#00ffaf)
09:10:01:111 PM |   color.py    |      Line  781  |  DEBUG   ﰲ  value_lower: #00ffaf
09:10:01:111 PM |   color.py    |      Line  786  |  DEBUG   ﰲ  KeyError: #00ffaf
09:10:01:111 PM |   color.py    |      Line  778  |  DEBUG   ﰲ  Entered Color.parse_str(#00ff00)
09:10:01:111 PM |   color.py    |      Line  781  |  DEBUG   ﰲ  value_lower: #00ff00
09:10:01:111 PM |   color.py    |      Line  786  |  DEBUG   ﰲ  KeyError: #00ff00
09:10:01:111 PM |   color.py    |      Line  778  |  DEBUG   ﰲ  Entered Color.parse_str(#afff00)
09:10:01:111 PM |   color.py    |      Line  781  |  DEBUG   ﰲ  value_lower: #afff00
09:10:01:111 PM |   color.py    |      Line  786  |  DEBUG   ﰲ  KeyError: #afff00
09:10:01:111 PM |   color.py    |      Line  778  |  DEBUG   ﰲ  Entered Color.parse_str(#ffff00)
09:10:01:111 PM |   color.py    |      Line  781  |  DEBUG   ﰲ  value_lower: #ffff00
09:10:01:111 PM |   color.py    |      Line  786  |  DEBUG   ﰲ  KeyError: #ffff00
09:10:01:112 PM |   color.py    |      Line  778  |  DEBUG   ﰲ  Entered Color.parse_str(#ffaf00)
09:10:01:112 PM |   color.py    |      Line  781  |  DEBUG   ﰲ  value_lower: #ffaf00
09:10:01:112 PM |   color.py    |      Line  786  |  DEBUG   ﰲ  KeyError: #ffaf00
09:10:01:112 PM |   color.py    |      Line  778  |  DEBUG   ﰲ  Entered Color.parse_str(#ff5f00)
09:10:01:112 PM |   color.py    |      Line  781  |  DEBUG   ﰲ  value_lower: #ff5f00
09:10:01:112 PM |   color.py    |      Line  786  |  DEBUG   ﰲ  KeyError: #ff5f00
09:10:01:112 PM |   color.py    |      Line  778  |  DEBUG   ﰲ  Entered Color.parse_str(#ff0000)
09:10:01:112 PM |   color.py    |      Line  781  |  DEBUG   ﰲ  value_lower: #ff0000
09:10:01:112 PM |   color.py    |      Line  786  |  DEBUG   ﰲ  KeyError: #ff0000
09:10:01:112 PM |   color.py    |      Line  778  |  DEBUG   ﰲ  Entered Color.parse_str(#ff005f)
09:10:01:113 PM |   color.py    |      Line  781  |  DEBUG   ﰲ  value_lower: #ff005f
09:10:01:113 PM |   color.py    |      Line  786  |  DEBUG   ﰲ  KeyError: #ff005f
09:10:01:113 PM |   color.py    |      Line  778  |  DEBUG   ﰲ  Entered Color.parse_str(#ff00af)
09:10:01:122 PM |   color.py    |      Line  781  |  DEBUG   ﰲ  value_lower: #ff00af
09:10:01:122 PM |   color.py    |      Line  786  |  DEBUG   ﰲ  KeyError: #ff00af
09:10:01:122 PM |   color.py    |      Line  778  |  DEBUG   ﰲ  Entered Color.parse_str(#ff00ff)
09:10:01:122 PM |   color.py    |      Line  781  |  DEBUG   ﰲ  value_lower: #ff00ff
09:10:01:122 PM |   color.py    |      Line  786  |  DEBUG   ﰲ  KeyError: #ff00ff
09:10:01:122 PM |   color.py    |      Line  778  |  DEBUG   ﰲ  Entered Color.parse_str(#af00ff)
09:10:01:123 PM |   color.py    |      Line  781  |  DEBUG   ﰲ  value_lower: #af00ff
09:10:01:123 PM |   color.py    |      Line  786  |  DEBUG   ﰲ  KeyError: #af00ff
09:10:01:128 PM |   color.py    |      Line  778  |  DEBUG   ﰲ  Entered Color.parse_str(#FF00FF)
09:10:01:128 PM |   color.py    |      Line  781  |  DEBUG   ﰲ  value_lower: #ff00ff
09:10:01:128 PM |   color.py    |      Line  786  |  DEBUG   ﰲ  KeyError: #ff00ff
09:10:01:128 PM |   color.py    |      Line  778  |  DEBUG   ﰲ  Entered Color.parse_str(#E400FF)
09:10:01:128 PM |   color.py    |      Line  781  |  DEBUG   ﰲ  value_lower: #e400ff
09:10:01:128 PM |   color.py    |      Line  786  |  DEBUG   ﰲ  KeyError: #e400ff
09:10:01:128 PM |   color.py    |      Line  778  |  DEBUG   ﰲ  Entered Color.parse_str(#C900FF)
09:10:01:128 PM |   color.py    |      Line  781  |  DEBUG   ﰲ  value_lower: #c900ff
09:10:01:128 PM |   color.py    |      Line  786  |  DEBUG   ﰲ  KeyError: #c900ff
09:10:01:128 PM |   color.py    |      Line  778  |  DEBUG   ﰲ  Entered Color.parse_str(#af00ff)
09:10:01:128 PM |   color.py    |      Line  781  |  DEBUG   ﰲ  value_lower: #af00ff
09:10:01:128 PM |   color.py    |      Line  786  |  DEBUG   ﰲ  KeyError: #af00ff
09:10:01:128 PM |   color.py    |      Line  778  |  DEBUG   ﰲ  Entered Color.parse_str(#5f00ff)
09:10:01:128 PM |   color.py    |      Line  781  |  DEBUG   ﰲ  value_lower: #5f00ff
09:10:01:128 PM |   color.py    |      Line  786  |  DEBUG   ﰲ  KeyError: #5f00ff
09:10:01:128 PM |   color.py    |      Line  778  |  DEBUG   ﰲ  Entered Color.parse_str(#AF00FF)
09:10:01:128 PM |   color.py    |      Line  781  |  DEBUG   ﰲ  value_lower: #af00ff
09:10:01:128 PM |   color.py    |      Line  786  |  DEBUG   ﰲ  KeyError: #af00ff
09:10:01:129 PM |   color.py    |      Line  778  |  DEBUG   ﰲ  Entered Color.parse_str(#9400FF)
09:10:01:129 PM |   color.py    |      Line  781  |  DEBUG   ﰲ  value_lower: #9400ff
09:10:01:129 PM |   color.py    |      Line  786  |  DEBUG   ﰲ  KeyError: #9400ff
09:10:01:129 PM |   color.py    |      Line  778  |  DEBUG   ﰲ  Entered Color.parse_str(#7900FF)
09:10:01:129 PM |   color.py    |      Line  781  |  DEBUG   ﰲ  value_lower: #7900ff
09:10:01:129 PM |   color.py    |      Line  786  |  DEBUG   ﰲ  KeyError: #7900ff
09:10:01:129 PM |   color.py    |      Line  778  |  DEBUG   ﰲ  Entered Color.parse_str(#5f00ff)
09:10:01:129 PM |   color.py    |      Line  781  |  DEBUG   ﰲ  value_lower: #5f00ff
09:10:01:129 PM |   color.py    |      Line  786  |  DEBUG   ﰲ  KeyError: #5f00ff
09:10:01:129 PM |   color.py    |      Line  778  |  DEBUG   ﰲ  Entered Color.parse_str(#0000ff)
09:10:01:129 PM |   color.py    |      Line  781  |  DEBUG   ﰲ  value_lower: #0000ff
09:10:01:129 PM |   color.py    |      Line  786  |  DEBUG   ﰲ  KeyError: #0000ff
09:10:01:129 PM |   color.py    |      Line  778  |  DEBUG   ﰲ  Entered Color.parse_str(#5F00FF)
09:10:01:129 PM |   color.py    |      Line  781  |  DEBUG   ﰲ  value_lower: #5f00ff
09:10:01:129 PM |   color.py    |      Line  786  |  DEBUG   ﰲ  KeyError: #5f00ff
09:10:01:129 PM |   color.py    |      Line  778  |  DEBUG   ﰲ  Entered Color.parse_str(#3F00FF)
09:10:01:129 PM |   color.py    |      Line  781  |  DEBUG   ﰲ  value_lower: #3f00ff
09:10:01:129 PM |   color.py    |      Line  786  |  DEBUG   ﰲ  KeyError: #3f00ff
09:10:01:129 PM |   color.py    |      Line  778  |  DEBUG   ﰲ  Entered Color.parse_str(#1F00FF)
09:10:01:129 PM |   color.py    |      Line  781  |  DEBUG   ﰲ  value_lower: #1f00ff
09:10:01:129 PM |   color.py    |      Line  786  |  DEBUG   ﰲ  KeyError: #1f00ff
09:10:01:129 PM |   color.py    |      Line  778  |  DEBUG   ﰲ  Entered Color.parse_str(#0000ff)
09:10:01:129 PM |   color.py    |      Line  781  |  DEBUG   ﰲ  value_lower: #0000ff
09:10:01:129 PM |   color.py    |      Line  786  |  DEBUG   ﰲ  KeyError: #0000ff
09:10:01:129 PM |   color.py    |      Line  778  |  DEBUG   ﰲ  Entered Color.parse_str(#005fff)
09:10:01:129 PM |   color.py    |      Line  781  |  DEBUG   ﰲ  value_lower: #005fff
09:10:01:129 PM |   color.py    |      Line  786  |  DEBUG   ﰲ  KeyError: #005fff
09:10:01:129 PM |   color.py    |      Line  778  |  DEBUG   ﰲ  Entered Color.parse_str(#0000FF)
09:10:01:129 PM |   color.py    |      Line  781  |  DEBUG   ﰲ  value_lower: #0000ff
09:10:01:129 PM |   color.py    |      Line  786  |  DEBUG   ﰲ  KeyError: #0000ff
09:10:01:129 PM |   color.py    |      Line  778  |  DEBUG   ﰲ  Entered Color.parse_str(#001FFF)
09:10:01:130 PM |   color.py    |      Line  781  |  DEBUG   ﰲ  value_lower: #001fff
09:10:01:130 PM |   color.py    |      Line  786  |  DEBUG   ﰲ  KeyError: #001fff
09:10:01:130 PM |   color.py    |      Line  778  |  DEBUG   ﰲ  Entered Color.parse_str(#003FFF)
09:10:01:130 PM |   color.py    |      Line  781  |  DEBUG   ﰲ  value_lower: #003fff
09:10:01:130 PM |   color.py    |      Line  786  |  DEBUG   ﰲ  KeyError: #003fff
09:10:01:136 PM |   color.py    |      Line  778  |  DEBUG   ﰲ  Entered Color.parse_str(#005fff)
09:10:01:137 PM |   color.py    |      Line  781  |  DEBUG   ﰲ  value_lower: #005fff
09:10:01:137 PM |   color.py    |      Line  786  |  DEBUG   ﰲ  KeyError: #005fff
09:10:01:137 PM |   color.py    |      Line  778  |  DEBUG   ﰲ  Entered Color.parse_str(#00afff)
09:10:01:137 PM |   color.py    |      Line  781  |  DEBUG   ﰲ  value_lower: #00afff
09:10:01:137 PM |   color.py    |      Line  786  |  DEBUG   ﰲ  KeyError: #00afff
09:10:01:137 PM |   color.py    |      Line  778  |  DEBUG   ﰲ  Entered Color.parse_str(#005FFF)
09:10:01:137 PM |   color.py    |      Line  781  |  DEBUG   ﰲ  value_lower: #005fff
09:10:01:137 PM |   color.py    |      Line  786  |  DEBUG   ﰲ  KeyError: #005fff
09:10:01:137 PM |   color.py    |      Line  778  |  DEBUG   ﰲ  Entered Color.parse_str(#0079FF)
09:10:01:138 PM |   color.py    |      Line  781  |  DEBUG   ﰲ  value_lower: #0079ff
09:10:01:138 PM |   color.py    |      Line  786  |  DEBUG   ﰲ  KeyError: #0079ff
09:10:01:138 PM |   color.py    |      Line  778  |  DEBUG   ﰲ  Entered Color.parse_str(#0094FF)
09:10:01:138 PM |   color.py    |      Line  781  |  DEBUG   ﰲ  value_lower: #0094ff
09:10:01:138 PM |   color.py    |      Line  786  |  DEBUG   ﰲ  KeyError: #0094ff
09:10:01:138 PM |   color.py    |      Line  778  |  DEBUG   ﰲ  Entered Color.parse_str(#00afff)
09:10:01:138 PM |   color.py    |      Line  781  |  DEBUG   ﰲ  value_lower: #00afff
09:10:01:138 PM |   color.py    |      Line  786  |  DEBUG   ﰲ  KeyError: #00afff
09:10:01:138 PM |   color.py    |      Line  778  |  DEBUG   ﰲ  Entered Color.parse_str(#00ffff)
09:10:01:138 PM |   color.py    |      Line  781  |  DEBUG   ﰲ  value_lower: #00ffff
09:10:01:138 PM |   color.py    |      Line  786  |  DEBUG   ﰲ  KeyError: #00ffff
09:10:01:138 PM |   color.py    |      Line  778  |  DEBUG   ﰲ  Entered Color.parse_str(#00AFFF)
09:10:01:139 PM |   color.py    |      Line  781  |  DEBUG   ﰲ  value_lower: #00afff
09:10:01:139 PM |   color.py    |      Line  786  |  DEBUG   ﰲ  KeyError: #00afff
09:10:01:139 PM |   color.py    |      Line  778  |  DEBUG   ﰲ  Entered Color.parse_str(#00C9FF)
09:10:01:139 PM |   color.py    |      Line  781  |  DEBUG   ﰲ  value_lower: #00c9ff
09:10:01:139 PM |   color.py    |      Line  786  |  DEBUG   ﰲ  KeyError: #00c9ff
09:10:01:139 PM |   color.py    |      Line  778  |  DEBUG   ﰲ  Entered Color.parse_str(#00E4FF)
09:10:01:140 PM |   color.py    |      Line  781  |  DEBUG   ﰲ  value_lower: #00e4ff
09:10:01:140 PM |   color.py    |      Line  786  |  DEBUG   ﰲ  KeyError: #00e4ff
09:10:01:140 PM |   color.py    |      Line  778  |  DEBUG   ﰲ  Entered Color.parse_str(#00ffff)
09:10:01:140 PM |   color.py    |      Line  781  |  DEBUG   ﰲ  value_lower: #00ffff
09:10:01:140 PM |   color.py    |      Line  786  |  DEBUG   ﰲ  KeyError: #00ffff
09:10:01:141 PM |   color.py    |      Line  778  |  DEBUG   ﰲ  Entered Color.parse_str(#00ffaf)
09:10:01:141 PM |   color.py    |      Line  781  |  DEBUG   ﰲ  value_lower: #00ffaf
09:10:01:141 PM |   color.py    |      Line  786  |  DEBUG   ﰲ  KeyError: #00ffaf
09:10:01:141 PM |   color.py    |      Line  778  |  DEBUG   ﰲ  Entered Color.parse_str(#00FFFF)
09:10:01:141 PM |   color.py    |      Line  781  |  DEBUG   ﰲ  value_lower: #00ffff
09:10:01:141 PM |   color.py    |      Line  786  |  DEBUG   ﰲ  KeyError: #00ffff
09:10:01:141 PM |   color.py    |      Line  778  |  DEBUG   ﰲ  Entered Color.parse_str(#00FFD7)
09:10:01:141 PM |   color.py    |      Line  781  |  DEBUG   ﰲ  value_lower: #00ffd7
09:10:01:142 PM |   color.py    |      Line  786  |  DEBUG   ﰲ  KeyError: #00ffd7
09:10:01:142 PM |   color.py    |      Line  778  |  DEBUG   ﰲ  Entered Color.parse_str(#00ffaf)
09:10:01:142 PM |   color.py    |      Line  781  |  DEBUG   ﰲ  value_lower: #00ffaf
09:10:01:142 PM |   color.py    |      Line  786  |  DEBUG   ﰲ  KeyError: #00ffaf
09:10:01:142 PM |   color.py    |      Line  778  |  DEBUG   ﰲ  Entered Color.parse_str(#00ff00)
09:10:01:142 PM |   color.py    |      Line  781  |  DEBUG   ﰲ  value_lower: #00ff00
09:10:01:142 PM |   color.py    |      Line  786  |  DEBUG   ﰲ  KeyError: #00ff00
09:10:01:142 PM |   color.py    |      Line  778  |  DEBUG   ﰲ  Entered Color.parse_str(#00FFAF)
09:10:01:142 PM |   color.py    |      Line  781  |  DEBUG   ﰲ  value_lower: #00ffaf
09:10:01:142 PM |   color.py    |      Line  786  |  DEBUG   ﰲ  KeyError: #00ffaf
09:10:01:142 PM |   color.py    |      Line  778  |  DEBUG   ﰲ  Entered Color.parse_str(#00FF57)
09:10:01:142 PM |   color.py    |      Line  781  |  DEBUG   ﰲ  value_lower: #00ff57
09:10:01:142 PM |   color.py    |      Line  786  |  DEBUG   ﰲ  KeyError: #00ff57
09:10:01:142 PM |   color.py    |      Line  778  |  DEBUG   ﰲ  Entered Color.parse_str(#00ff00)
09:10:01:142 PM |   color.py    |      Line  781  |  DEBUG   ﰲ  value_lower: #00ff00
09:10:01:143 PM |   color.py    |      Line  786  |  DEBUG   ﰲ  KeyError: #00ff00
09:10:01:143 PM |   color.py    |      Line  778  |  DEBUG   ﰲ  Entered Color.parse_str(#afff00)
09:10:01:143 PM |   color.py    |      Line  781  |  DEBUG   ﰲ  value_lower: #afff00
09:10:01:143 PM |   color.py    |      Line  786  |  DEBUG   ﰲ  KeyError: #afff00
09:10:01:143 PM |   color.py    |      Line  778  |  DEBUG   ﰲ  Entered Color.parse_str(#00FF00)
09:10:01:143 PM |   color.py    |      Line  781  |  DEBUG   ﰲ  value_lower: #00ff00
09:10:01:143 PM |   color.py    |      Line  786  |  DEBUG   ﰲ  KeyError: #00ff00
09:10:01:143 PM |   color.py    |      Line  778  |  DEBUG   ﰲ  Entered Color.parse_str(#57FF00)
09:10:01:143 PM |   color.py    |      Line  781  |  DEBUG   ﰲ  value_lower: #57ff00
09:10:01:144 PM |   color.py    |      Line  786  |  DEBUG   ﰲ  KeyError: #57ff00
09:10:01:144 PM |   color.py    |      Line  778  |  DEBUG   ﰲ  Entered Color.parse_str(#afff00)
09:10:01:144 PM |   color.py    |      Line  781  |  DEBUG   ﰲ  value_lower: #afff00
09:10:01:144 PM |   color.py    |      Line  786  |  DEBUG   ﰲ  KeyError: #afff00
09:10:01:144 PM |   color.py    |      Line  778  |  DEBUG   ﰲ  Entered Color.parse_str(#ffff00)
09:10:01:145 PM |   color.py    |      Line  781  |  DEBUG   ﰲ  value_lower: #ffff00
09:10:01:145 PM |   color.py    |      Line  786  |  DEBUG   ﰲ  KeyError: #ffff00
09:10:01:145 PM |   color.py    |      Line  778  |  DEBUG   ﰲ  Entered Color.parse_str(#AFFF00)
09:10:01:145 PM |   color.py    |      Line  781  |  DEBUG   ﰲ  value_lower: #afff00
09:10:01:145 PM |   color.py    |      Line  786  |  DEBUG   ﰲ  KeyError: #afff00
09:10:01:145 PM |   color.py    |      Line  778  |  DEBUG   ﰲ  Entered Color.parse_str(#D7FF00)
09:10:01:145 PM |   color.py    |      Line  781  |  DEBUG   ﰲ  value_lower: #d7ff00
09:10:01:145 PM |   color.py    |      Line  786  |  DEBUG   ﰲ  KeyError: #d7ff00
09:10:01:146 PM |   color.py    |      Line  778  |  DEBUG   ﰲ  Entered Color.parse_str(#ffff00)
09:10:01:146 PM |   color.py    |      Line  781  |  DEBUG   ﰲ  value_lower: #ffff00
09:10:01:146 PM |   color.py    |      Line  786  |  DEBUG   ﰲ  KeyError: #ffff00
09:10:01:146 PM |   color.py    |      Line  778  |  DEBUG   ﰲ  Entered Color.parse_str(#ffaf00)
09:10:01:146 PM |   color.py    |      Line  781  |  DEBUG   ﰲ  value_lower: #ffaf00
09:10:01:146 PM |   color.py    |      Line  786  |  DEBUG   ﰲ  KeyError: #ffaf00
09:10:01:146 PM |   color.py    |      Line  778  |  DEBUG   ﰲ  Entered Color.parse_str(#FFFF00)
09:10:01:146 PM |   color.py    |      Line  781  |  DEBUG   ﰲ  value_lower: #ffff00
09:10:01:146 PM |   color.py    |      Line  786  |  DEBUG   ﰲ  KeyError: #ffff00
09:10:01:146 PM |   color.py    |      Line  778  |  DEBUG   ﰲ  Entered Color.parse_str(#FFD700)
09:10:01:146 PM |   color.py    |      Line  781  |  DEBUG   ﰲ  value_lower: #ffd700
09:10:01:146 PM |   color.py    |      Line  786  |  DEBUG   ﰲ  KeyError: #ffd700
09:10:01:147 PM |   color.py    |      Line  778  |  DEBUG   ﰲ  Entered Color.parse_str(#ffaf00)
09:10:01:147 PM |   color.py    |      Line  781  |  DEBUG   ﰲ  value_lower: #ffaf00
09:10:01:147 PM |   color.py    |      Line  786  |  DEBUG   ﰲ  KeyError: #ffaf00
09:10:01:147 PM |   color.py    |      Line  778  |  DEBUG   ﰲ  Entered Color.parse_str(#ff5f00)
09:10:01:147 PM |   color.py    |      Line  781  |  DEBUG   ﰲ  value_lower: #ff5f00
09:10:01:147 PM |   color.py    |      Line  786  |  DEBUG   ﰲ  KeyError: #ff5f00
09:10:01:147 PM |   color.py    |      Line  778  |  DEBUG   ﰲ  Entered Color.parse_str(#FFAF00)
09:10:01:147 PM |   color.py    |      Line  781  |  DEBUG   ﰲ  value_lower: #ffaf00
09:10:01:147 PM |   color.py    |      Line  786  |  DEBUG   ﰲ  KeyError: #ffaf00
09:10:01:147 PM |   color.py    |      Line  778  |  DEBUG   ﰲ  Entered Color.parse_str(#FF8700)
09:10:01:147 PM |   color.py    |      Line  781  |  DEBUG   ﰲ  value_lower: #ff8700
09:10:01:147 PM |   color.py    |      Line  786  |  DEBUG   ﰲ  KeyError: #ff8700
09:10:01:147 PM |   color.py    |      Line  778  |  DEBUG   ﰲ  Entered Color.parse_str(#ff5f00)
09:10:01:147 PM |   color.py    |      Line  781  |  DEBUG   ﰲ  value_lower: #ff5f00
09:10:01:147 PM |   color.py    |      Line  786  |  DEBUG   ﰲ  KeyError: #ff5f00
09:10:01:147 PM |   color.py    |      Line  778  |  DEBUG   ﰲ  Entered Color.parse_str(#ff0000)
09:10:01:147 PM |   color.py    |      Line  781  |  DEBUG   ﰲ  value_lower: #ff0000
09:10:01:147 PM |   color.py    |      Line  786  |  DEBUG   ﰲ  KeyError: #ff0000
09:10:01:148 PM |   color.py    |      Line  778  |  DEBUG   ﰲ  Entered Color.parse_str(#FF5F00)
09:10:01:148 PM |   color.py    |      Line  781  |  DEBUG   ﰲ  value_lower: #ff5f00
09:10:01:148 PM |   color.py    |      Line  786  |  DEBUG   ﰲ  KeyError: #ff5f00
09:10:01:148 PM |   color.py    |      Line  778  |  DEBUG   ﰲ  Entered Color.parse_str(#FF2F00)
09:10:01:148 PM |   color.py    |      Line  781  |  DEBUG   ﰲ  value_lower: #ff2f00
09:10:01:148 PM |   color.py    |      Line  786  |  DEBUG   ﰲ  KeyError: #ff2f00
09:10:01:148 PM |   color.py    |      Line  778  |  DEBUG   ﰲ  Entered Color.parse_str(#ff0000)
09:10:01:148 PM |   color.py    |      Line  781  |  DEBUG   ﰲ  value_lower: #ff0000
09:10:01:148 PM |   color.py    |      Line  786  |  DEBUG   ﰲ  KeyError: #ff0000
09:10:01:148 PM |   color.py    |      Line  778  |  DEBUG   ﰲ  Entered Color.parse_str(#ff005f)
09:10:01:149 PM |   color.py    |      Line  781  |  DEBUG   ﰲ  value_lower: #ff005f
09:10:01:149 PM |   color.py    |      Line  786  |  DEBUG   ﰲ  KeyError: #ff005f
09:10:01:149 PM |   color.py    |      Line  778  |  DEBUG   ﰲ  Entered Color.parse_str(#FF0000)
09:10:01:149 PM |   color.py    |      Line  781  |  DEBUG   ﰲ  value_lower: #ff0000
09:10:01:149 PM |   color.py    |      Line  786  |  DEBUG   ﰲ  KeyError: #ff0000
09:10:01:149 PM |   color.py    |      Line  778  |  DEBUG   ﰲ  Entered Color.parse_str(#FF002F)
09:10:01:149 PM |   color.py    |      Line  781  |  DEBUG   ﰲ  value_lower: #ff002f
09:10:01:149 PM |   color.py    |      Line  786  |  DEBUG   ﰲ  KeyError: #ff002f
09:10:01:149 PM |   color.py    |      Line  778  |  DEBUG   ﰲ  Entered Color.parse_str(#ff005f)
09:10:01:149 PM |   color.py    |      Line  781  |  DEBUG   ﰲ  value_lower: #ff005f
09:10:01:149 PM |   color.py    |      Line  786  |  DEBUG   ﰲ  KeyError: #ff005f
09:10:01:150 PM |   color.py    |      Line  778  |  DEBUG   ﰲ  Entered Color.parse_str(#ff00af)
09:10:01:150 PM |   color.py    |      Line  781  |  DEBUG   ﰲ  value_lower: #ff00af
09:10:01:150 PM |   color.py    |      Line  786  |  DEBUG   ﰲ  KeyError: #ff00af
09:10:01:150 PM |   color.py    |      Line  778  |  DEBUG   ﰲ  Entered Color.parse_str(#FF005F)
09:10:01:150 PM |   color.py    |      Line  781  |  DEBUG   ﰲ  value_lower: #ff005f
09:10:01:150 PM |   color.py    |      Line  786  |  DEBUG   ﰲ  KeyError: #ff005f
09:10:01:150 PM |   color.py    |      Line  778  |  DEBUG   ﰲ  Entered Color.parse_str(#FF0087)
09:10:01:150 PM |   color.py    |      Line  781  |  DEBUG   ﰲ  value_lower: #ff0087
09:10:01:150 PM |   color.py    |      Line  786  |  DEBUG   ﰲ  KeyError: #ff0087
09:10:01:150 PM |   color.py    |      Line  778  |  DEBUG   ﰲ  Entered Color.parse_str(#ff00af)
09:10:01:150 PM |   color.py    |      Line  781  |  DEBUG   ﰲ  value_lower: #ff00af
09:10:01:150 PM |   color.py    |      Line  786  |  DEBUG   ﰲ  KeyError: #ff00af
09:10:01:150 PM |   color.py    |      Line  778  |  DEBUG   ﰲ  Entered Color.parse_str(#ff00ff)
09:10:01:150 PM |   color.py    |      Line  781  |  DEBUG   ﰲ  value_lower: #ff00ff
09:10:01:150 PM |   color.py    |      Line  786  |  DEBUG   ﰲ  KeyError: #ff00ff
09:10:01:150 PM |   color.py    |      Line  778  |  DEBUG   ﰲ  Entered Color.parse_str(#FF00AF)
09:10:01:150 PM |   color.py    |      Line  781  |  DEBUG   ﰲ  value_lower: #ff00af
09:10:01:150 PM |   color.py    |      Line  786  |  DEBUG   ﰲ  KeyError: #ff00af
09:10:01:150 PM |   color.py    |      Line  778  |  DEBUG   ﰲ  Entered Color.parse_str(#FF00D7)
09:10:01:151 PM |   color.py    |      Line  781  |  DEBUG   ﰲ  value_lower: #ff00d7
09:10:01:151 PM |   color.py    |      Line  786  |  DEBUG   ﰲ  KeyError: #ff00d7
09:10:01:151 PM |   color.py    |      Line  778  |  DEBUG   ﰲ  Entered Color.parse_str(#ff00ff)
09:10:01:151 PM |   color.py    |      Line  781  |  DEBUG   ﰲ  value_lower: #ff00ff
09:10:01:151 PM |   color.py    |      Line  786  |  DEBUG   ﰲ  KeyError: #ff00ff
09:10:01:151 PM |   color.py    |      Line  778  |  DEBUG   ﰲ  Entered Color.parse_str(#af00ff)
09:10:01:151 PM |   color.py    |      Line  781  |  DEBUG   ﰲ  value_lower: #af00ff
09:10:01:151 PM |   color.py    |      Line  786  |  DEBUG   ﰲ  KeyError: #af00ff
09:10:01:151 PM |   color.py    |      Line  778  |  DEBUG   ﰲ  Entered Color.parse_str(#FF00FF)
09:10:01:151 PM |   color.py    |      Line  781  |  DEBUG   ﰲ  value_lower: #ff00ff
09:10:01:151 PM |   color.py    |      Line  786  |  DEBUG   ﰲ  KeyError: #ff00ff
09:10:01:151 PM |   color.py    |      Line  778  |  DEBUG   ﰲ  Entered Color.parse_str(#D700FF)
09:10:01:151 PM |   color.py    |      Line  781  |  DEBUG   ﰲ  value_lower: #d700ff
09:10:01:151 PM |   color.py    |      Line  786  |  DEBUG   ﰲ  KeyError: #d700ff
09:10:01:151 PM |   color.py    |      Line  778  |  DEBUG   ﰲ  Entered Color.parse_str(#af00ff)
09:10:01:152 PM |   color.py    |      Line  781  |  DEBUG   ﰲ  value_lower: #af00ff
09:10:01:152 PM |   color.py    |      Line  786  |  DEBUG   ﰲ  KeyError: #af00ff
09:10:01:152 PM |   color.py    |      Line  778  |  DEBUG   ﰲ  Entered Color.parse_str(#5f00ff)
09:10:01:152 PM |   color.py    |      Line  781  |  DEBUG   ﰲ  value_lower: #5f00ff
09:10:01:152 PM |   color.py    |      Line  786  |  DEBUG   ﰲ  KeyError: #5f00ff
09:10:01:152 PM |   color.py    |      Line  778  |  DEBUG   ﰲ  Entered Color.parse_str(#AF00FF)
09:10:01:152 PM |   color.py    |      Line  781  |  DEBUG   ﰲ  value_lower: #af00ff
09:10:01:152 PM |   color.py    |      Line  786  |  DEBUG   ﰲ  KeyError: #af00ff
09:10:01:152 PM |   color.py    |      Line  778  |  DEBUG   ﰲ  Entered Color.parse_str(#8700FF)
09:10:01:152 PM |   color.py    |      Line  781  |  DEBUG   ﰲ  value_lower: #8700ff
09:10:01:152 PM |   color.py    |      Line  786  |  DEBUG   ﰲ  KeyError: #8700ff
09:10:01:153 PM |   color.py    |      Line  778  |  DEBUG   ﰲ  Entered Color.parse_str(#5f00ff)
09:10:01:153 PM |   color.py    |      Line  781  |  DEBUG   ﰲ  value_lower: #5f00ff
09:10:01:153 PM |   color.py    |      Line  786  |  DEBUG   ﰲ  KeyError: #5f00ff
09:10:01:153 PM |   color.py    |      Line  778  |  DEBUG   ﰲ  Entered Color.parse_str(#0000ff)
09:10:01:153 PM |   color.py    |      Line  781  |  DEBUG   ﰲ  value_lower: #0000ff
09:10:01:154 PM |   color.py    |      Line  786  |  DEBUG   ﰲ  KeyError: #0000ff
09:10:01:154 PM |   color.py    |      Line  778  |  DEBUG   ﰲ  Entered Color.parse_str(#5F00FF)
09:10:01:155 PM |   color.py    |      Line  781  |  DEBUG   ﰲ  value_lower: #5f00ff
09:10:01:155 PM |   color.py    |      Line  786  |  DEBUG   ﰲ  KeyError: #5f00ff
09:10:01:155 PM |   color.py    |      Line  778  |  DEBUG   ﰲ  Entered Color.parse_str(#2F00FF)
09:10:01:155 PM |   color.py    |      Line  781  |  DEBUG   ﰲ  value_lower: #2f00ff
09:10:01:155 PM |   color.py    |      Line  786  |  DEBUG   ﰲ  KeyError: #2f00ff
09:10:01:156 PM |   color.py    |      Line  778  |  DEBUG   ﰲ  Entered Color.parse_str(#0000ff)
09:10:01:157 PM |   color.py    |      Line  781  |  DEBUG   ﰲ  value_lower: #0000ff
09:10:01:157 PM |   color.py    |      Line  786  |  DEBUG   ﰲ  KeyError: #0000ff
09:10:01:157 PM |   color.py    |      Line  778  |  DEBUG   ﰲ  Entered Color.parse_str(#005fff)
09:10:01:157 PM |   color.py    |      Line  781  |  DEBUG   ﰲ  value_lower: #005fff
09:10:01:157 PM |   color.py    |      Line  786  |  DEBUG   ﰲ  KeyError: #005fff
09:10:01:157 PM |   color.py    |      Line  778  |  DEBUG   ﰲ  Entered Color.parse_str(#00afff)
09:10:01:157 PM |   color.py    |      Line  781  |  DEBUG   ﰲ  value_lower: #00afff
09:10:01:158 PM |   color.py    |      Line  786  |  DEBUG   ﰲ  KeyError: #00afff
09:10:01:158 PM |   color.py    |      Line  778  |  DEBUG   ﰲ  Entered Color.parse_str(#00ffff)
09:10:01:158 PM |   color.py    |      Line  781  |  DEBUG   ﰲ  value_lower: #00ffff
09:10:01:158 PM |   color.py    |      Line  786  |  DEBUG   ﰲ  KeyError: #00ffff
09:10:01:158 PM |   color.py    |      Line  778  |  DEBUG   ﰲ  Entered Color.parse_str(#00ffaf)
09:10:01:158 PM |   color.py    |      Line  781  |  DEBUG   ﰲ  value_lower: #00ffaf
09:10:01:158 PM |   color.py    |      Line  786  |  DEBUG   ﰲ  KeyError: #00ffaf
09:10:01:158 PM |   color.py    |      Line  778  |  DEBUG   ﰲ  Entered Color.parse_str(#00ff00)
09:10:01:158 PM |   color.py    |      Line  781  |  DEBUG   ﰲ  value_lower: #00ff00
09:10:01:158 PM |   color.py    |      Line  786  |  DEBUG   ﰲ  KeyError: #00ff00
09:10:01:158 PM |   color.py    |      Line  778  |  DEBUG   ﰲ  Entered Color.parse_str(#afff00)
09:10:01:158 PM |   color.py    |      Line  781  |  DEBUG   ﰲ  value_lower: #afff00
09:10:01:158 PM |   color.py    |      Line  786  |  DEBUG   ﰲ  KeyError: #afff00
09:10:01:158 PM |   color.py    |      Line  778  |  DEBUG   ﰲ  Entered Color.parse_str(#ffff00)
09:10:01:158 PM |   color.py    |      Line  781  |  DEBUG   ﰲ  value_lower: #ffff00
09:10:01:159 PM |   color.py    |      Line  786  |  DEBUG   ﰲ  KeyError: #ffff00
09:10:01:159 PM |   color.py    |      Line  778  |  DEBUG   ﰲ  Entered Color.parse_str(#ffaf00)
09:10:01:159 PM |   color.py    |      Line  781  |  DEBUG   ﰲ  value_lower: #ffaf00
09:10:01:159 PM |   color.py    |      Line  786  |  DEBUG   ﰲ  KeyError: #ffaf00
09:10:01:159 PM |   color.py    |      Line  778  |  DEBUG   ﰲ  Entered Color.parse_str(#ff5f00)
09:10:01:159 PM |   color.py    |      Line  781  |  DEBUG   ﰲ  value_lower: #ff5f00
09:10:01:159 PM |   color.py    |      Line  786  |  DEBUG   ﰲ  KeyError: #ff5f00
09:10:01:159 PM |   color.py    |      Line  778  |  DEBUG   ﰲ  Entered Color.parse_str(#ff0000)
09:10:01:160 PM |   color.py    |      Line  781  |  DEBUG   ﰲ  value_lower: #ff0000
09:10:01:160 PM |   color.py    |      Line  786  |  DEBUG   ﰲ  KeyError: #ff0000
09:10:01:160 PM |   color.py    |      Line  778  |  DEBUG   ﰲ  Entered Color.parse_str(#ff005f)
09:10:01:160 PM |   color.py    |      Line  781  |  DEBUG   ﰲ  value_lower: #ff005f
09:10:01:160 PM |   color.py    |      Line  786  |  DEBUG   ﰲ  KeyError: #ff005f
09:10:01:160 PM |   color.py    |      Line  778  |  DEBUG   ﰲ  Entered Color.parse_str(#ff00af)
09:10:01:160 PM |   color.py    |      Line  781  |  DEBUG   ﰲ  value_lower: #ff00af
09:10:01:160 PM |   color.py    |      Line  786  |  DEBUG   ﰲ  KeyError: #ff00af
09:10:01:160 PM |   color.py    |      Line  778  |  DEBUG   ﰲ  Entered Color.parse_str(#ff00ff)
09:10:01:160 PM |   color.py    |      Line  781  |  DEBUG   ﰲ  value_lower: #ff00ff
09:10:01:160 PM |   color.py    |      Line  786  |  DEBUG   ﰲ  KeyError: #ff00ff
09:10:01:160 PM |   color.py    |      Line  778  |  DEBUG   ﰲ  Entered Color.parse_str(#af00ff)
09:10:01:160 PM |   color.py    |      Line  781  |  DEBUG   ﰲ  value_lower: #af00ff
09:10:01:160 PM |   color.py    |      Line  786  |  DEBUG   ﰲ  KeyError: #af00ff
09:10:01:160 PM |   color.py    |      Line  778  |  DEBUG   ﰲ  Entered Color.parse_str(#5f00ff)
09:10:01:160 PM |   color.py    |      Line  781  |  DEBUG   ﰲ  value_lower: #5f00ff
09:10:01:161 PM |   color.py    |      Line  786  |  DEBUG   ﰲ  KeyError: #5f00ff
09:10:01:161 PM |   color.py    |      Line  778  |  DEBUG   ﰲ  Entered Color.parse_str(#0000ff)
09:10:01:161 PM |   color.py    |      Line  781  |  DEBUG   ﰲ  value_lower: #0000ff
09:10:01:161 PM |   color.py    |      Line  786  |  DEBUG   ﰲ  KeyError: #0000ff
09:10:01:161 PM |   color.py    |      Line  778  |  DEBUG   ﰲ  Entered Color.parse_str(#005fff)
09:10:01:161 PM |   color.py    |      Line  781  |  DEBUG   ﰲ  value_lower: #005fff
09:10:01:161 PM |   color.py    |      Line  786  |  DEBUG   ﰲ  KeyError: #005fff
09:10:01:161 PM |   color.py    |      Line  778  |  DEBUG   ﰲ  Entered Color.parse_str(#0000FF)
09:10:01:161 PM |   color.py    |      Line  781  |  DEBUG   ﰲ  value_lower: #0000ff
09:10:01:161 PM |   color.py    |      Line  786  |  DEBUG   ﰲ  KeyError: #0000ff
09:10:01:161 PM |   color.py    |      Line  778  |  DEBUG   ﰲ  Entered Color.parse_str(#002FFF)
09:10:01:161 PM |   color.py    |      Line  781  |  DEBUG   ﰲ  value_lower: #002fff
09:10:01:162 PM |   color.py    |      Line  786  |  DEBUG   ﰲ  KeyError: #002fff
09:10:01:162 PM |   color.py    |      Line  778  |  DEBUG   ﰲ  Entered Color.parse_str(#005fff)
09:10:01:162 PM |   color.py    |      Line  781  |  DEBUG   ﰲ  value_lower: #005fff
09:10:01:162 PM |   color.py    |      Line  786  |  DEBUG   ﰲ  KeyError: #005fff
09:10:01:162 PM |   color.py    |      Line  778  |  DEBUG   ﰲ  Entered Color.parse_str(#00afff)
09:10:01:162 PM |   color.py    |      Line  781  |  DEBUG   ﰲ  value_lower: #00afff
09:10:01:162 PM |   color.py    |      Line  786  |  DEBUG   ﰲ  KeyError: #00afff
09:10:01:162 PM |   color.py    |      Line  778  |  DEBUG   ﰲ  Entered Color.parse_str(#005FFF)
09:10:01:162 PM |   color.py    |      Line  781  |  DEBUG   ﰲ  value_lower: #005fff
09:10:01:163 PM |   color.py    |      Line  786  |  DEBUG   ﰲ  KeyError: #005fff
09:10:01:163 PM |   color.py    |      Line  778  |  DEBUG   ﰲ  Entered Color.parse_str(#00afff)
09:10:01:163 PM |   color.py    |      Line  781  |  DEBUG   ﰲ  value_lower: #00afff
09:10:01:163 PM |   color.py    |      Line  786  |  DEBUG   ﰲ  KeyError: #00afff
09:10:01:163 PM |   color.py    |      Line  778  |  DEBUG   ﰲ  Entered Color.parse_str(#00ffff)
09:10:01:163 PM |   color.py    |      Line  781  |  DEBUG   ﰲ  value_lower: #00ffff
09:10:01:163 PM |   color.py    |      Line  786  |  DEBUG   ﰲ  KeyError: #00ffff
09:10:01:163 PM |   color.py    |      Line  778  |  DEBUG   ﰲ  Entered Color.parse_str(#00AFFF)
09:10:01:163 PM |   color.py    |      Line  781  |  DEBUG   ﰲ  value_lower: #00afff
09:10:01:163 PM |   color.py    |      Line  786  |  DEBUG   ﰲ  KeyError: #00afff
09:10:01:163 PM |   color.py    |      Line  778  |  DEBUG   ﰲ  Entered Color.parse_str(#00ffff)
09:10:01:163 PM |   color.py    |      Line  781  |  DEBUG   ﰲ  value_lower: #00ffff
09:10:01:163 PM |   color.py    |      Line  786  |  DEBUG   ﰲ  KeyError: #00ffff
09:10:01:163 PM |   color.py    |      Line  778  |  DEBUG   ﰲ  Entered Color.parse_str(#00ffaf)
09:10:01:163 PM |   color.py    |      Line  781  |  DEBUG   ﰲ  value_lower: #00ffaf
09:10:01:164 PM |   color.py    |      Line  786  |  DEBUG   ﰲ  KeyError: #00ffaf
09:10:01:164 PM |   color.py    |      Line  778  |  DEBUG   ﰲ  Entered Color.parse_str(#00FFFF)
09:10:01:164 PM |   color.py    |      Line  781  |  DEBUG   ﰲ  value_lower: #00ffff
09:10:01:164 PM |   color.py    |      Line  786  |  DEBUG   ﰲ  KeyError: #00ffff
09:10:01:164 PM |   color.py    |      Line  778  |  DEBUG   ﰲ  Entered Color.parse_str(#00ffaf)
09:10:01:164 PM |   color.py    |      Line  781  |  DEBUG   ﰲ  value_lower: #00ffaf
09:10:01:164 PM |   color.py    |      Line  786  |  DEBUG   ﰲ  KeyError: #00ffaf
09:10:01:164 PM |   color.py    |      Line  778  |  DEBUG   ﰲ  Entered Color.parse_str(#00ff00)
09:10:01:164 PM |   color.py    |      Line  781  |  DEBUG   ﰲ  value_lower: #00ff00
09:10:01:164 PM |   color.py    |      Line  786  |  DEBUG   ﰲ  KeyError: #00ff00
09:10:01:164 PM |   color.py    |      Line  778  |  DEBUG   ﰲ  Entered Color.parse_str(#00FFAF)
09:10:01:164 PM |   color.py    |      Line  781  |  DEBUG   ﰲ  value_lower: #00ffaf
09:10:01:164 PM |   color.py    |      Line  786  |  DEBUG   ﰲ  KeyError: #00ffaf
09:10:01:164 PM |   color.py    |      Line  778  |  DEBUG   ﰲ  Entered Color.parse_str(#00ff00)
09:10:01:164 PM |   color.py    |      Line  781  |  DEBUG   ﰲ  value_lower: #00ff00
09:10:01:164 PM |   color.py    |      Line  786  |  DEBUG   ﰲ  KeyError: #00ff00
09:10:01:164 PM |   color.py    |      Line  778  |  DEBUG   ﰲ  Entered Color.parse_str(#afff00)
09:10:01:164 PM |   color.py    |      Line  781  |  DEBUG   ﰲ  value_lower: #afff00
09:10:01:164 PM |   color.py    |      Line  786  |  DEBUG   ﰲ  KeyError: #afff00
09:10:01:164 PM |   color.py    |      Line  778  |  DEBUG   ﰲ  Entered Color.parse_str(#00FF00)
09:10:01:164 PM |   color.py    |      Line  781  |  DEBUG   ﰲ  value_lower: #00ff00
09:10:01:164 PM |   color.py    |      Line  786  |  DEBUG   ﰲ  KeyError: #00ff00
09:10:01:164 PM |   color.py    |      Line  778  |  DEBUG   ﰲ  Entered Color.parse_str(#afff00)
09:10:01:164 PM |   color.py    |      Line  781  |  DEBUG   ﰲ  value_lower: #afff00
09:10:01:164 PM |   color.py    |      Line  786  |  DEBUG   ﰲ  KeyError: #afff00
09:10:01:164 PM |   color.py    |      Line  778  |  DEBUG   ﰲ  Entered Color.parse_str(#ffff00)
09:10:01:164 PM |   color.py    |      Line  781  |  DEBUG   ﰲ  value_lower: #ffff00
09:10:01:165 PM |   color.py    |      Line  786  |  DEBUG   ﰲ  KeyError: #ffff00
09:10:01:165 PM |   color.py    |      Line  778  |  DEBUG   ﰲ  Entered Color.parse_str(#AFFF00)
09:10:01:165 PM |   color.py    |      Line  781  |  DEBUG   ﰲ  value_lower: #afff00
09:10:01:165 PM |   color.py    |      Line  786  |  DEBUG   ﰲ  KeyError: #afff00
09:10:01:165 PM |   color.py    |      Line  778  |  DEBUG   ﰲ  Entered Color.parse_str(#ffff00)
09:10:01:165 PM |   color.py    |      Line  781  |  DEBUG   ﰲ  value_lower: #ffff00
09:10:01:165 PM |   color.py    |      Line  786  |  DEBUG   ﰲ  KeyError: #ffff00
09:10:01:165 PM |   color.py    |      Line  778  |  DEBUG   ﰲ  Entered Color.parse_str(#ffaf00)
09:10:01:165 PM |   color.py    |      Line  781  |  DEBUG   ﰲ  value_lower: #ffaf00
09:10:01:166 PM |   color.py    |      Line  786  |  DEBUG   ﰲ  KeyError: #ffaf00
09:10:01:166 PM |   color.py    |      Line  778  |  DEBUG   ﰲ  Entered Color.parse_str(#FFFF00)
09:10:01:166 PM |   color.py    |      Line  781  |  DEBUG   ﰲ  value_lower: #ffff00
09:10:01:166 PM |   color.py    |      Line  786  |  DEBUG   ﰲ  KeyError: #ffff00
09:10:01:166 PM |   color.py    |      Line  778  |  DEBUG   ﰲ  Entered Color.parse_str(#ffaf00)
09:10:01:166 PM |   color.py    |      Line  781  |  DEBUG   ﰲ  value_lower: #ffaf00
09:10:01:166 PM |   color.py    |      Line  786  |  DEBUG   ﰲ  KeyError: #ffaf00
09:10:01:166 PM |   color.py    |      Line  778  |  DEBUG   ﰲ  Entered Color.parse_str(#ff5f00)
09:10:01:166 PM |   color.py    |      Line  781  |  DEBUG   ﰲ  value_lower: #ff5f00
09:10:01:166 PM |   color.py    |      Line  786  |  DEBUG   ﰲ  KeyError: #ff5f00
09:10:01:166 PM |   color.py    |      Line  778  |  DEBUG   ﰲ  Entered Color.parse_str(#FFAF00)
09:10:01:166 PM |   color.py    |      Line  781  |  DEBUG   ﰲ  value_lower: #ffaf00
09:10:01:166 PM |   color.py    |      Line  786  |  DEBUG   ﰲ  KeyError: #ffaf00
09:10:01:166 PM |   color.py    |      Line  778  |  DEBUG   ﰲ  Entered Color.parse_str(#ff5f00)
09:10:01:167 PM |   color.py    |      Line  781  |  DEBUG   ﰲ  value_lower: #ff5f00
09:10:01:167 PM |   color.py    |      Line  786  |  DEBUG   ﰲ  KeyError: #ff5f00
09:10:01:167 PM |   color.py    |      Line  778  |  DEBUG   ﰲ  Entered Color.parse_str(#ff0000)
09:10:01:167 PM |   color.py    |      Line  781  |  DEBUG   ﰲ  value_lower: #ff0000
09:10:01:167 PM |   color.py    |      Line  786  |  DEBUG   ﰲ  KeyError: #ff0000
09:10:01:167 PM |   color.py    |      Line  778  |  DEBUG   ﰲ  Entered Color.parse_str(#FF5F00)
09:10:01:168 PM |   color.py    |      Line  781  |  DEBUG   ﰲ  value_lower: #ff5f00
09:10:01:168 PM |   color.py    |      Line  786  |  DEBUG   ﰲ  KeyError: #ff5f00
09:10:01:168 PM |   color.py    |      Line  778  |  DEBUG   ﰲ  Entered Color.parse_str(#ff0000)
09:10:01:168 PM |   color.py    |      Line  781  |  DEBUG   ﰲ  value_lower: #ff0000
09:10:01:168 PM |   color.py    |      Line  786  |  DEBUG   ﰲ  KeyError: #ff0000
09:10:01:168 PM |   color.py    |      Line  778  |  DEBUG   ﰲ  Entered Color.parse_str(#ff005f)
09:10:01:168 PM |   color.py    |      Line  781  |  DEBUG   ﰲ  value_lower: #ff005f
09:10:01:168 PM |   color.py    |      Line  786  |  DEBUG   ﰲ  KeyError: #ff005f
09:10:01:168 PM |   color.py    |      Line  778  |  DEBUG   ﰲ  Entered Color.parse_str(#FF0000)
09:10:01:168 PM |   color.py    |      Line  781  |  DEBUG   ﰲ  value_lower: #ff0000
09:10:01:168 PM |   color.py    |      Line  786  |  DEBUG   ﰲ  KeyError: #ff0000
09:10:01:169 PM |   color.py    |      Line  778  |  DEBUG   ﰲ  Entered Color.parse_str(#ff005f)
09:10:01:169 PM |   color.py    |      Line  781  |  DEBUG   ﰲ  value_lower: #ff005f
09:10:01:169 PM |   color.py    |      Line  786  |  DEBUG   ﰲ  KeyError: #ff005f
09:10:01:169 PM |   color.py    |      Line  778  |  DEBUG   ﰲ  Entered Color.parse_str(#ff00af)
09:10:01:169 PM |   color.py    |      Line  781  |  DEBUG   ﰲ  value_lower: #ff00af
09:10:01:169 PM |   color.py    |      Line  786  |  DEBUG   ﰲ  KeyError: #ff00af
09:10:01:169 PM |   color.py    |      Line  778  |  DEBUG   ﰲ  Entered Color.parse_str(#FF005F)
09:10:01:169 PM |   color.py    |      Line  781  |  DEBUG   ﰲ  value_lower: #ff005f
09:10:01:169 PM |   color.py    |      Line  786  |  DEBUG   ﰲ  KeyError: #ff005f
09:10:01:169 PM |   color.py    |      Line  778  |  DEBUG   ﰲ  Entered Color.parse_str(#ff00af)
09:10:01:169 PM |   color.py    |      Line  781  |  DEBUG   ﰲ  value_lower: #ff00af
09:10:01:169 PM |   color.py    |      Line  786  |  DEBUG   ﰲ  KeyError: #ff00af
09:10:01:169 PM |   color.py    |      Line  778  |  DEBUG   ﰲ  Entered Color.parse_str(#ff00ff)
09:10:01:169 PM |   color.py    |      Line  781  |  DEBUG   ﰲ  value_lower: #ff00ff
09:10:01:169 PM |   color.py    |      Line  786  |  DEBUG   ﰲ  KeyError: #ff00ff
09:10:01:169 PM |   color.py    |      Line  778  |  DEBUG   ﰲ  Entered Color.parse_str(#FF00AF)
09:10:01:169 PM |   color.py    |      Line  781  |  DEBUG   ﰲ  value_lower: #ff00af
09:10:01:169 PM |   color.py    |      Line  786  |  DEBUG   ﰲ  KeyError: #ff00af
09:10:01:169 PM |   color.py    |      Line  778  |  DEBUG   ﰲ  Entered Color.parse_str(#ff00ff)
09:10:01:169 PM |   color.py    |      Line  781  |  DEBUG   ﰲ  value_lower: #ff00ff
09:10:01:169 PM |   color.py    |      Line  786  |  DEBUG   ﰲ  KeyError: #ff00ff
09:10:01:169 PM |   color.py    |      Line  778  |  DEBUG   ﰲ  Entered Color.parse_str(#af00ff)
09:10:01:169 PM |   color.py    |      Line  781  |  DEBUG   ﰲ  value_lower: #af00ff
09:10:01:169 PM |   color.py    |      Line  786  |  DEBUG   ﰲ  KeyError: #af00ff
09:10:01:169 PM |   color.py    |      Line  778  |  DEBUG   ﰲ  Entered Color.parse_str(#FF00FF)
09:10:01:169 PM |   color.py    |      Line  781  |  DEBUG   ﰲ  value_lower: #ff00ff
09:10:01:169 PM |   color.py    |      Line  786  |  DEBUG   ﰲ  KeyError: #ff00ff
09:10:01:169 PM |   color.py    |      Line  778  |  DEBUG   ﰲ  Entered Color.parse_str(#af00ff)
09:10:01:170 PM |   color.py    |      Line  781  |  DEBUG   ﰲ  value_lower: #af00ff
09:10:01:170 PM |   color.py    |      Line  786  |  DEBUG   ﰲ  KeyError: #af00ff
09:10:01:170 PM |   color.py    |      Line  778  |  DEBUG   ﰲ  Entered Color.parse_str(#5f00ff)
09:10:01:170 PM |   color.py    |      Line  781  |  DEBUG   ﰲ  value_lower: #5f00ff
09:10:01:170 PM |   color.py    |      Line  786  |  DEBUG   ﰲ  KeyError: #5f00ff
09:10:01:170 PM |   color.py    |      Line  778  |  DEBUG   ﰲ  Entered Color.parse_str(#AF00FF)
09:10:01:170 PM |   color.py    |      Line  781  |  DEBUG   ﰲ  value_lower: #af00ff
09:10:01:170 PM |   color.py    |      Line  786  |  DEBUG   ﰲ  KeyError: #af00ff
09:16:39:409 PM |   color.py    |      Line  778  |  DEBUG   ﰲ  Entered Color.parse_str(#ff0000)
09:16:39:410 PM |   color.py    |      Line  781  |  DEBUG   ﰲ  value_lower: #ff0000
09:16:39:410 PM |   color.py    |      Line  786  |  DEBUG   ﰲ  KeyError: #ff0000
09:16:39:411 PM |   color.py    |      Line  778  |  DEBUG   ﰲ  Entered Color.parse_str(#ff005f)
09:16:39:411 PM |   color.py    |      Line  781  |  DEBUG   ﰲ  value_lower: #ff005f
09:16:39:411 PM |   color.py    |      Line  786  |  DEBUG   ﰲ  KeyError: #ff005f
09:16:39:411 PM |   color.py    |      Line  778  |  DEBUG   ﰲ  Entered Color.parse_str(#ff00af)
09:16:39:411 PM |   color.py    |      Line  781  |  DEBUG   ﰲ  value_lower: #ff00af
09:16:39:411 PM |   color.py    |      Line  786  |  DEBUG   ﰲ  KeyError: #ff00af
09:16:39:411 PM |   color.py    |      Line  778  |  DEBUG   ﰲ  Entered Color.parse_str(#ff00ff)
09:16:39:411 PM |   color.py    |      Line  781  |  DEBUG   ﰲ  value_lower: #ff00ff
09:16:39:411 PM |   color.py    |      Line  786  |  DEBUG   ﰲ  KeyError: #ff00ff
09:16:39:411 PM |   color.py    |      Line  778  |  DEBUG   ﰲ  Entered Color.parse_str(#af00ff)
09:16:39:411 PM |   color.py    |      Line  781  |  DEBUG   ﰲ  value_lower: #af00ff
09:16:39:411 PM |   color.py    |      Line  786  |  DEBUG   ﰲ  KeyError: #af00ff
09:16:39:411 PM |   color.py    |      Line  778  |  DEBUG   ﰲ  Entered Color.parse_str(#5f00ff)
09:16:39:411 PM |   color.py    |      Line  781  |  DEBUG   ﰲ  value_lower: #5f00ff
09:16:39:411 PM |   color.py    |      Line  786  |  DEBUG   ﰲ  KeyError: #5f00ff
09:16:39:412 PM |   color.py    |      Line  778  |  DEBUG   ﰲ  Entered Color.parse_str(#0000ff)
09:16:39:412 PM |   color.py    |      Line  781  |  DEBUG   ﰲ  value_lower: #0000ff
09:16:39:412 PM |   color.py    |      Line  786  |  DEBUG   ﰲ  KeyError: #0000ff
09:16:39:412 PM |   color.py    |      Line  778  |  DEBUG   ﰲ  Entered Color.parse_str(#005fff)
09:16:39:412 PM |   color.py    |      Line  781  |  DEBUG   ﰲ  value_lower: #005fff
09:16:39:412 PM |   color.py    |      Line  786  |  DEBUG   ﰲ  KeyError: #005fff
09:16:39:412 PM |   color.py    |      Line  778  |  DEBUG   ﰲ  Entered Color.parse_str(#00afff)
09:16:39:412 PM |   color.py    |      Line  781  |  DEBUG   ﰲ  value_lower: #00afff
09:16:39:412 PM |   color.py    |      Line  786  |  DEBUG   ﰲ  KeyError: #00afff
09:16:39:412 PM |   color.py    |      Line  778  |  DEBUG   ﰲ  Entered Color.parse_str(#00ffff)
09:16:39:412 PM |   color.py    |      Line  781  |  DEBUG   ﰲ  value_lower: #00ffff
09:16:39:412 PM |   color.py    |      Line  786  |  DEBUG   ﰲ  KeyError: #00ffff
09:16:39:412 PM |   color.py    |      Line  778  |  DEBUG   ﰲ  Entered Color.parse_str(#00ffaf)
09:16:39:412 PM |   color.py    |      Line  781  |  DEBUG   ﰲ  value_lower: #00ffaf
09:16:39:412 PM |   color.py    |      Line  786  |  DEBUG   ﰲ  KeyError: #00ffaf
09:16:39:412 PM |   color.py    |      Line  778  |  DEBUG   ﰲ  Entered Color.parse_str(#00ff00)
09:16:39:412 PM |   color.py    |      Line  781  |  DEBUG   ﰲ  value_lower: #00ff00
09:16:39:412 PM |   color.py    |      Line  786  |  DEBUG   ﰲ  KeyError: #00ff00
09:16:39:412 PM |   color.py    |      Line  778  |  DEBUG   ﰲ  Entered Color.parse_str(#afff00)
09:16:39:412 PM |   color.py    |      Line  781  |  DEBUG   ﰲ  value_lower: #afff00
09:16:39:412 PM |   color.py    |      Line  786  |  DEBUG   ﰲ  KeyError: #afff00
09:16:39:412 PM |   color.py    |      Line  778  |  DEBUG   ﰲ  Entered Color.parse_str(#ffff00)
09:16:39:412 PM |   color.py    |      Line  781  |  DEBUG   ﰲ  value_lower: #ffff00
09:16:39:412 PM |   color.py    |      Line  786  |  DEBUG   ﰲ  KeyError: #ffff00
09:16:39:412 PM |   color.py    |      Line  778  |  DEBUG   ﰲ  Entered Color.parse_str(#ffaf00)
09:16:39:412 PM |   color.py    |      Line  781  |  DEBUG   ﰲ  value_lower: #ffaf00
09:16:39:412 PM |   color.py    |      Line  786  |  DEBUG   ﰲ  KeyError: #ffaf00
09:16:39:412 PM |   color.py    |      Line  778  |  DEBUG   ﰲ  Entered Color.parse_str(#ff5f00)
09:16:39:412 PM |   color.py    |      Line  781  |  DEBUG   ﰲ  value_lower: #ff5f00
09:16:39:413 PM |   color.py    |      Line  786  |  DEBUG   ﰲ  KeyError: #ff5f00
09:16:39:419 PM |   color.py    |      Line  778  |  DEBUG   ﰲ  Entered Color.parse_str(#ff0000)
09:16:39:419 PM |   color.py    |      Line  781  |  DEBUG   ﰲ  value_lower: #ff0000
09:16:39:419 PM |   color.py    |      Line  786  |  DEBUG   ﰲ  KeyError: #ff0000
09:16:39:419 PM |   color.py    |      Line  778  |  DEBUG   ﰲ  Entered Color.parse_str(#ff005f)
09:16:39:419 PM |   color.py    |      Line  781  |  DEBUG   ﰲ  value_lower: #ff005f
09:16:39:419 PM |   color.py    |      Line  786  |  DEBUG   ﰲ  KeyError: #ff005f
09:16:39:419 PM |   color.py    |      Line  778  |  DEBUG   ﰲ  Entered Color.parse_str(#FF0000)
09:16:39:419 PM |   color.py    |      Line  781  |  DEBUG   ﰲ  value_lower: #ff0000
09:16:39:420 PM |   color.py    |      Line  786  |  DEBUG   ﰲ  KeyError: #ff0000
09:16:39:420 PM |   color.py    |      Line  778  |  DEBUG   ﰲ  Entered Color.parse_str(#FF001F)
09:16:39:420 PM |   color.py    |      Line  781  |  DEBUG   ﰲ  value_lower: #ff001f
09:16:39:420 PM |   color.py    |      Line  786  |  DEBUG   ﰲ  KeyError: #ff001f
09:16:39:420 PM |   color.py    |      Line  778  |  DEBUG   ﰲ  Entered Color.parse_str(#FF003F)
09:16:39:420 PM |   color.py    |      Line  781  |  DEBUG   ﰲ  value_lower: #ff003f
09:16:39:420 PM |   color.py    |      Line  786  |  DEBUG   ﰲ  KeyError: #ff003f
09:16:39:420 PM |   color.py    |      Line  778  |  DEBUG   ﰲ  Entered Color.parse_str(#ff005f)
09:16:39:420 PM |   color.py    |      Line  781  |  DEBUG   ﰲ  value_lower: #ff005f
09:16:39:420 PM |   color.py    |      Line  786  |  DEBUG   ﰲ  KeyError: #ff005f
09:16:39:420 PM |   color.py    |      Line  778  |  DEBUG   ﰲ  Entered Color.parse_str(#ff00af)
09:16:39:420 PM |   color.py    |      Line  781  |  DEBUG   ﰲ  value_lower: #ff00af
09:16:39:421 PM |   color.py    |      Line  786  |  DEBUG   ﰲ  KeyError: #ff00af
09:16:39:421 PM |   color.py    |      Line  778  |  DEBUG   ﰲ  Entered Color.parse_str(#FF005F)
09:16:39:421 PM |   color.py    |      Line  781  |  DEBUG   ﰲ  value_lower: #ff005f
09:16:39:421 PM |   color.py    |      Line  786  |  DEBUG   ﰲ  KeyError: #ff005f
09:16:39:421 PM |   color.py    |      Line  778  |  DEBUG   ﰲ  Entered Color.parse_str(#FF0079)
09:16:39:421 PM |   color.py    |      Line  781  |  DEBUG   ﰲ  value_lower: #ff0079
09:16:39:421 PM |   color.py    |      Line  786  |  DEBUG   ﰲ  KeyError: #ff0079
09:16:39:421 PM |   color.py    |      Line  778  |  DEBUG   ﰲ  Entered Color.parse_str(#FF0094)
09:16:39:421 PM |   color.py    |      Line  781  |  DEBUG   ﰲ  value_lower: #ff0094
09:16:39:421 PM |   color.py    |      Line  786  |  DEBUG   ﰲ  KeyError: #ff0094
09:16:39:421 PM |   color.py    |      Line  778  |  DEBUG   ﰲ  Entered Color.parse_str(#ff00af)
09:16:39:421 PM |   color.py    |      Line  781  |  DEBUG   ﰲ  value_lower: #ff00af
09:16:39:421 PM |   color.py    |      Line  786  |  DEBUG   ﰲ  KeyError: #ff00af
09:16:39:422 PM |   color.py    |      Line  778  |  DEBUG   ﰲ  Entered Color.parse_str(#ff00ff)
09:16:39:422 PM |   color.py    |      Line  781  |  DEBUG   ﰲ  value_lower: #ff00ff
09:16:39:422 PM |   color.py    |      Line  786  |  DEBUG   ﰲ  KeyError: #ff00ff
09:16:39:422 PM |   color.py    |      Line  778  |  DEBUG   ﰲ  Entered Color.parse_str(#FF00AF)
09:16:39:422 PM |   color.py    |      Line  781  |  DEBUG   ﰲ  value_lower: #ff00af
09:16:39:422 PM |   color.py    |      Line  786  |  DEBUG   ﰲ  KeyError: #ff00af
09:16:39:422 PM |   color.py    |      Line  778  |  DEBUG   ﰲ  Entered Color.parse_str(#FF00C9)
09:16:39:422 PM |   color.py    |      Line  781  |  DEBUG   ﰲ  value_lower: #ff00c9
09:16:39:422 PM |   color.py    |      Line  786  |  DEBUG   ﰲ  KeyError: #ff00c9
09:16:39:422 PM |   color.py    |      Line  778  |  DEBUG   ﰲ  Entered Color.parse_str(#FF00E4)
09:16:39:422 PM |   color.py    |      Line  781  |  DEBUG   ﰲ  value_lower: #ff00e4
09:16:39:422 PM |   color.py    |      Line  786  |  DEBUG   ﰲ  KeyError: #ff00e4
