DEBUG: cli.cli: Debug mode enabled.
DEBUG: cli.download: Download path is: /home/john/.local/share/artemis_sg/downloaded_images
DEBUG: ImgDownloader.download: Downloading 'https://greatjonesbooks.com/assets/noimage.png' to '/home/john/.local/share/artemis_sg/downloaded_images'
DEBUG: Starting new HTTPS connection (1): greatjonesbooks.com:443
DEBUG: https://greatjonesbooks.com:443 "GET /assets/noimage.png HTTP/1.1" 200 468
WARNING: ImgDownloader.download: Overwriting existing file '/home/john/.local/share/artemis_sg/downloaded_images/9780892810871-1.png'.
INFO: ImgDownloader.download: Saved '/home/john/.local/share/artemis_sg/downloaded_images/9780892810871-1.png
DEBUG: ImgDownloader.download: Downloading 'https://m.media-amazon.com/images/I/51yF-TEb6jL.jpg' to '/home/john/.local/share/artemis_sg/downloaded_images'
DEBUG: Starting new HTTPS connection (1): m.media-amazon.com:443
DEBUG: https://m.media-amazon.com:443 "GET /images/I/51yF-TEb6jL.jpg HTTP/1.1" 200 36831
INFO: ImgDownloader.download: Saved '/home/john/.local/share/artemis_sg/downloaded_images/9781984856920.jpg
DEBUG: ImgDownloader.download: Downloading 'https://m.media-amazon.com/images/I/41WPRsWY43L.jpg' to '/home/john/.local/share/artemis_sg/downloaded_images'
DEBUG: Starting new HTTPS connection (1): m.media-amazon.com:443
DEBUG: https://m.media-amazon.com:443 "GET /images/I/41WPRsWY43L.jpg HTTP/1.1" 200 26201
INFO: ImgDownloader.download: Saved '/home/john/.local/share/artemis_sg/downloaded_images/9781984856920-1.jpg
DEBUG: ImgDownloader.download: Downloading 'https://m.media-amazon.com/images/I/41r2d0n0gpL.jpg' to '/home/john/.local/share/artemis_sg/downloaded_images'
DEBUG: Starting new HTTPS connection (1): m.media-amazon.com:443
DEBUG: https://m.media-amazon.com:443 "GET /images/I/41r2d0n0gpL.jpg HTTP/1.1" 200 28167
INFO: ImgDownloader.download: Saved '/home/john/.local/share/artemis_sg/downloaded_images/9781984856920-2.jpg
DEBUG: ImgDownloader.download: Downloading 'https://m.media-amazon.com/images/I/41TtriFWdoL.jpg' to '/home/john/.local/share/artemis_sg/downloaded_images'
DEBUG: Starting new HTTPS connection (1): m.media-amazon.com:443
DEBUG: https://m.media-amazon.com:443 "GET /images/I/41TtriFWdoL.jpg HTTP/1.1" 200 32063
INFO: ImgDownloader.download: Saved '/home/john/.local/share/artemis_sg/downloaded_images/9781984856920-3.jpg
DEBUG: ImgDownloader.download: Downloading 'https://m.media-amazon.com/images/I/41RP7PBVdHL.jpg' to '/home/john/.local/share/artemis_sg/downloaded_images'
DEBUG: Starting new HTTPS connection (1): m.media-amazon.com:443
DEBUG: https://m.media-amazon.com:443 "GET /images/I/41RP7PBVdHL.jpg HTTP/1.1" 200 29288
INFO: ImgDownloader.download: Saved '/home/john/.local/share/artemis_sg/downloaded_images/9781984856920-4.jpg
DEBUG: ImgDownloader.download: Downloading 'https://m.media-amazon.com/images/I/51VyuDflZHL.jpg' to '/home/john/.local/share/artemis_sg/downloaded_images'
DEBUG: Starting new HTTPS connection (1): m.media-amazon.com:443
DEBUG: https://m.media-amazon.com:443 "GET /images/I/51VyuDflZHL.jpg HTTP/1.1" 200 33752
INFO: ImgDownloader.download: Saved '/home/john/.local/share/artemis_sg/downloaded_images/9781984856920-5.jpg
DEBUG: ImgDownloader.download: Downloading 'https://m.media-amazon.com/images/I/41SM5goNL5L.jpg' to '/home/john/.local/share/artemis_sg/downloaded_images'
DEBUG: Starting new HTTPS connection (1): m.media-amazon.com:443
DEBUG: https://m.media-amazon.com:443 "GET /images/I/41SM5goNL5L.jpg HTTP/1.1" 200 20294
INFO: ImgDownloader.download: Saved '/home/john/.local/share/artemis_sg/downloaded_images/9780812931297.jpg
DEBUG: ImgDownloader.download: Downloading 'https://m.media-amazon.com/images/I/51Dtwn0GFkL.jpg' to '/home/john/.local/share/artemis_sg/downloaded_images'
DEBUG: Starting new HTTPS connection (1): m.media-amazon.com:443
DEBUG: https://m.media-amazon.com:443 "GET /images/I/51Dtwn0GFkL.jpg HTTP/1.1" 200 48956
INFO: ImgDownloader.download: Saved '/home/john/.local/share/artemis_sg/downloaded_images/9780802122278.jpg
DEBUG: ImgDownloader.download: Downloading 'https://m.media-amazon.com/images/I/51JzstSIVlL.jpg' to '/home/john/.local/share/artemis_sg/downloaded_images'
DEBUG: Starting new HTTPS connection (1): m.media-amazon.com:443
DEBUG: https://m.media-amazon.com:443 "GET /images/I/51JzstSIVlL.jpg HTTP/1.1" 200 45160
INFO: ImgDownloader.download: Saved '/home/john/.local/share/artemis_sg/downloaded_images/9780802125859.jpg
DEBUG: ImgDownloader.download: Downloading 'https://m.media-amazon.com/images/I/416F6VqJe3L.jpg' to '/home/john/.local/share/artemis_sg/downloaded_images'
DEBUG: Starting new HTTPS connection (1): m.media-amazon.com:443
DEBUG: https://m.media-amazon.com:443 "GET /images/I/416F6VqJe3L.jpg HTTP/1.1" 200 22765
INFO: ImgDownloader.download: Saved '/home/john/.local/share/artemis_sg/downloaded_images/9781784787073.jpg
DEBUG: ImgDownloader.download: Downloading 'https://m.media-amazon.com/images/I/31gqhhYbOML.jpg' to '/home/john/.local/share/artemis_sg/downloaded_images'
DEBUG: Starting new HTTPS connection (1): m.media-amazon.com:443
DEBUG: https://m.media-amazon.com:443 "GET /images/I/31gqhhYbOML.jpg HTTP/1.1" 200 15336
INFO: ImgDownloader.download: Saved '/home/john/.local/share/artemis_sg/downloaded_images/9781788736626.jpg
DEBUG: ImgDownloader.download: Downloading 'https://m.media-amazon.com/images/I/51idYySjA+L.jpg' to '/home/john/.local/share/artemis_sg/downloaded_images'
DEBUG: Starting new HTTPS connection (1): m.media-amazon.com:443
DEBUG: https://m.media-amazon.com:443 "GET /images/I/51idYySjA+L.jpg HTTP/1.1" 200 58636
INFO: ImgDownloader.download: Saved '/home/john/.local/share/artemis_sg/downloaded_images/9780802159236.jpg
DEBUG: ImgDownloader.download: Downloading 'https://m.media-amazon.com/images/I/51Losbf3bdL.jpg' to '/home/john/.local/share/artemis_sg/downloaded_images'
DEBUG: Starting new HTTPS connection (1): m.media-amazon.com:443
DEBUG: https://m.media-amazon.com:443 "GET /images/I/51Losbf3bdL.jpg HTTP/1.1" 200 41751
INFO: ImgDownloader.download: Saved '/home/john/.local/share/artemis_sg/downloaded_images/9780500519080.jpg
DEBUG: ImgDownloader.download: Downloading 'https://m.media-amazon.com/images/I/31tHEv-s5xL.jpg' to '/home/john/.local/share/artemis_sg/downloaded_images'
DEBUG: Starting new HTTPS connection (1): m.media-amazon.com:443
DEBUG: https://m.media-amazon.com:443 "GET /images/I/31tHEv-s5xL.jpg HTTP/1.1" 200 11394
INFO: ImgDownloader.download: Saved '/home/john/.local/share/artemis_sg/downloaded_images/9780500343128.jpg
DEBUG: ImgDownloader.download: Downloading 'https://m.media-amazon.com/images/I/51wB-9yvdxL.jpg' to '/home/john/.local/share/artemis_sg/downloaded_images'
DEBUG: Starting new HTTPS connection (1): m.media-amazon.com:443
DEBUG: https://m.media-amazon.com:443 "GET /images/I/51wB-9yvdxL.jpg HTTP/1.1" 200 37061
INFO: ImgDownloader.download: Saved '/home/john/.local/share/artemis_sg/downloaded_images/9781760762544.jpg
DEBUG: ImgDownloader.download: Downloading 'https://m.media-amazon.com/images/I/41V57hZjG5L.jpg' to '/home/john/.local/share/artemis_sg/downloaded_images'
DEBUG: Starting new HTTPS connection (1): m.media-amazon.com:443
DEBUG: https://m.media-amazon.com:443 "GET /images/I/41V57hZjG5L.jpg HTTP/1.1" 200 17633
INFO: ImgDownloader.download: Saved '/home/john/.local/share/artemis_sg/downloaded_images/9780802158321.jpg
DEBUG: ImgDownloader.download: Downloading 'https://m.media-amazon.com/images/I/41sAPhpb0qL.jpg' to '/home/john/.local/share/artemis_sg/downloaded_images'
DEBUG: Starting new HTTPS connection (1): m.media-amazon.com:443
DEBUG: https://m.media-amazon.com:443 "GET /images/I/41sAPhpb0qL.jpg HTTP/1.1" 200 20793
INFO: ImgDownloader.download: Saved '/home/john/.local/share/artemis_sg/downloaded_images/9780500500958.jpg
DEBUG: ImgDownloader.download: Downloading 'https://m.media-amazon.com/images/I/41iIErp8rmL.jpg' to '/home/john/.local/share/artemis_sg/downloaded_images'
DEBUG: Starting new HTTPS connection (1): m.media-amazon.com:443
DEBUG: https://m.media-amazon.com:443 "GET /images/I/41iIErp8rmL.jpg HTTP/1.1" 200 31006
INFO: ImgDownloader.download: Saved '/home/john/.local/share/artemis_sg/downloaded_images/9781735600116.jpg
DEBUG: ImgDownloader.download: Downloading 'https://m.media-amazon.com/images/I/51hb2ISaSbL.jpg' to '/home/john/.local/share/artemis_sg/downloaded_images'
DEBUG: Starting new HTTPS connection (1): m.media-amazon.com:443
DEBUG: https://m.media-amazon.com:443 "GET /images/I/51hb2ISaSbL.jpg HTTP/1.1" 200 55414
INFO: ImgDownloader.download: Saved '/home/john/.local/share/artemis_sg/downloaded_images/9780714848785.jpg
DEBUG: ImgDownloader.download: Downloading 'https://m.media-amazon.com/images/I/51VqIMyl+eL.jpg' to '/home/john/.local/share/artemis_sg/downloaded_images'
DEBUG: Starting new HTTPS connection (1): m.media-amazon.com:443
DEBUG: https://m.media-amazon.com:443 "GET /images/I/51VqIMyl+eL.jpg HTTP/1.1" 200 38915
INFO: ImgDownloader.download: Saved '/home/john/.local/share/artemis_sg/downloaded_images/9780714848785-1.jpg
DEBUG: ImgDownloader.download: Downloading 'https://m.media-amazon.com/images/I/51njORwl-GL.jpg' to '/home/john/.local/share/artemis_sg/downloaded_images'
DEBUG: Starting new HTTPS connection (1): m.media-amazon.com:443
DEBUG: https://m.media-amazon.com:443 "GET /images/I/51njORwl-GL.jpg HTTP/1.1" 200 48676
INFO: ImgDownloader.download: Saved '/home/john/.local/share/artemis_sg/downloaded_images/9780714848785-2.jpg
DEBUG: ImgDownloader.download: Downloading 'https://m.media-amazon.com/images/I/414u3aaVQ3L.jpg' to '/home/john/.local/share/artemis_sg/downloaded_images'
DEBUG: Starting new HTTPS connection (1): m.media-amazon.com:443
DEBUG: https://m.media-amazon.com:443 "GET /images/I/414u3aaVQ3L.jpg HTTP/1.1" 200 22711
INFO: ImgDownloader.download: Saved '/home/john/.local/share/artemis_sg/downloaded_images/9780714848785-3.jpg
DEBUG: ImgDownloader.download: Downloading 'https://m.media-amazon.com/images/I/51qHQnni4eL.jpg' to '/home/john/.local/share/artemis_sg/downloaded_images'
DEBUG: Starting new HTTPS connection (1): m.media-amazon.com:443
DEBUG: https://m.media-amazon.com:443 "GET /images/I/51qHQnni4eL.jpg HTTP/1.1" 200 33470
INFO: ImgDownloader.download: Saved '/home/john/.local/share/artemis_sg/downloaded_images/9780714848785-4.jpg
DEBUG: ImgDownloader.download: Downloading 'https://m.media-amazon.com/images/I/51nXjAAN7zL.jpg' to '/home/john/.local/share/artemis_sg/downloaded_images'
DEBUG: Starting new HTTPS connection (1): m.media-amazon.com:443
DEBUG: https://m.media-amazon.com:443 "GET /images/I/51nXjAAN7zL.jpg HTTP/1.1" 200 38715
INFO: ImgDownloader.download: Saved '/home/john/.local/share/artemis_sg/downloaded_images/9780714848785-5.jpg
DEBUG: ImgDownloader.download: Downloading 'https://m.media-amazon.com/images/I/41NCZ8y44zL.jpg' to '/home/john/.local/share/artemis_sg/downloaded_images'
DEBUG: Starting new HTTPS connection (1): m.media-amazon.com:443
DEBUG: https://m.media-amazon.com:443 "GET /images/I/41NCZ8y44zL.jpg HTTP/1.1" 200 27733
INFO: ImgDownloader.download: Saved '/home/john/.local/share/artemis_sg/downloaded_images/9780500292204.jpg
DEBUG: ImgDownloader.download: Downloading 'https://m.media-amazon.com/images/I/51jZo5dEAYL.jpg' to '/home/john/.local/share/artemis_sg/downloaded_images'
DEBUG: Starting new HTTPS connection (1): m.media-amazon.com:443
DEBUG: https://m.media-amazon.com:443 "GET /images/I/51jZo5dEAYL.jpg HTTP/1.1" 200 59801
INFO: ImgDownloader.download: Saved '/home/john/.local/share/artemis_sg/downloaded_images/9780500292204-1.jpg
DEBUG: ImgDownloader.download: Downloading 'https://m.media-amazon.com/images/I/61vopJjHMDL.jpg' to '/home/john/.local/share/artemis_sg/downloaded_images'
DEBUG: Starting new HTTPS connection (1): m.media-amazon.com:443
DEBUG: https://m.media-amazon.com:443 "GET /images/I/61vopJjHMDL.jpg HTTP/1.1" 200 77712
INFO: ImgDownloader.download: Saved '/home/john/.local/share/artemis_sg/downloaded_images/9780878468317.jpg
DEBUG: ImgDownloader.download: Downloading 'https://m.media-amazon.com/images/I/414ViPkSMYL.jpg' to '/home/john/.local/share/artemis_sg/downloaded_images'
DEBUG: Starting new HTTPS connection (1): m.media-amazon.com:443
DEBUG: https://m.media-amazon.com:443 "GET /images/I/414ViPkSMYL.jpg HTTP/1.1" 200 25173
INFO: ImgDownloader.download: Saved '/home/john/.local/share/artemis_sg/downloaded_images/9780878468317-1.jpg
DEBUG: ImgDownloader.download: Downloading 'https://m.media-amazon.com/images/I/41537ExF4kL.jpg' to '/home/john/.local/share/artemis_sg/downloaded_images'
DEBUG: Starting new HTTPS connection (1): m.media-amazon.com:443
DEBUG: https://m.media-amazon.com:443 "GET /images/I/41537ExF4kL.jpg HTTP/1.1" 200 30608
INFO: ImgDownloader.download: Saved '/home/john/.local/share/artemis_sg/downloaded_images/9780878468317-2.jpg
DEBUG: ImgDownloader.download: Downloading 'https://m.media-amazon.com/images/I/41ZBhVwh3CL.jpg' to '/home/john/.local/share/artemis_sg/downloaded_images'
DEBUG: Starting new HTTPS connection (1): m.media-amazon.com:443
DEBUG: https://m.media-amazon.com:443 "GET /images/I/41ZBhVwh3CL.jpg HTTP/1.1" 200 31816
INFO: ImgDownloader.download: Saved '/home/john/.local/share/artemis_sg/downloaded_images/9780878468317-3.jpg
DEBUG: ImgDownloader.download: Downloading 'https://m.media-amazon.com/images/I/41Ir5pUfKuL.jpg' to '/home/john/.local/share/artemis_sg/downloaded_images'
DEBUG: Starting new HTTPS connection (1): m.media-amazon.com:443
DEBUG: https://m.media-amazon.com:443 "GET /images/I/41Ir5pUfKuL.jpg HTTP/1.1" 200 24386
INFO: ImgDownloader.download: Saved '/home/john/.local/share/artemis_sg/downloaded_images/9780878468317-4.jpg
DEBUG: ImgDownloader.download: Downloading 'https://m.media-amazon.com/images/I/41mNV4aZLUL.jpg' to '/home/john/.local/share/artemis_sg/downloaded_images'
DEBUG: Starting new HTTPS connection (1): m.media-amazon.com:443
DEBUG: https://m.media-amazon.com:443 "GET /images/I/41mNV4aZLUL.jpg HTTP/1.1" 200 25071
INFO: ImgDownloader.download: Saved '/home/john/.local/share/artemis_sg/downloaded_images/9780878468317-5.jpg
DEBUG: ImgDownloader.download: Downloading 'https://m.media-amazon.com/images/I/51lnJ8ySxQL.jpg' to '/home/john/.local/share/artemis_sg/downloaded_images'
DEBUG: Starting new HTTPS connection (1): m.media-amazon.com:443
DEBUG: https://m.media-amazon.com:443 "GET /images/I/51lnJ8ySxQL.jpg HTTP/1.1" 200 36540
INFO: ImgDownloader.download: Saved '/home/john/.local/share/artemis_sg/downloaded_images/9780878468317-6.jpg
DEBUG: ImgDownloader.download: Downloading 'https://m.media-amazon.com/images/I/41kkweyD1jL.jpg' to '/home/john/.local/share/artemis_sg/downloaded_images'
DEBUG: Starting new HTTPS connection (1): m.media-amazon.com:443
DEBUG: https://m.media-amazon.com:443 "GET /images/I/41kkweyD1jL.jpg HTTP/1.1" 200 22645
INFO: ImgDownloader.download: Saved '/home/john/.local/share/artemis_sg/downloaded_images/9780878468317-7.jpg
DEBUG: ImgDownloader.download: Downloading 'https://m.media-amazon.com/images/I/41H9wMQpTBL.jpg' to '/home/john/.local/share/artemis_sg/downloaded_images'
DEBUG: Starting new HTTPS connection (1): m.media-amazon.com:443
DEBUG: https://m.media-amazon.com:443 "GET /images/I/41H9wMQpTBL.jpg HTTP/1.1" 200 29156
INFO: ImgDownloader.download: Saved '/home/john/.local/share/artemis_sg/downloaded_images/9780878468317-8.jpg
DEBUG: ImgDownloader.download: Downloading 'https://m.media-amazon.com/images/I/41YZ8FWjexL.jpg' to '/home/john/.local/share/artemis_sg/downloaded_images'
DEBUG: Starting new HTTPS connection (1): m.media-amazon.com:443
DEBUG: https://m.media-amazon.com:443 "GET /images/I/41YZ8FWjexL.jpg HTTP/1.1" 200 21988
INFO: ImgDownloader.download: Saved '/home/john/.local/share/artemis_sg/downloaded_images/9780878468317-9.jpg
DEBUG: ImgDownloader.download: Downloading 'https://m.media-amazon.com/images/I/41IhGqjjo9L.jpg' to '/home/john/.local/share/artemis_sg/downloaded_images'
DEBUG: Starting new HTTPS connection (1): m.media-amazon.com:443
DEBUG: https://m.media-amazon.com:443 "GET /images/I/41IhGqjjo9L.jpg HTTP/1.1" 200 29625
INFO: ImgDownloader.download: Saved '/home/john/.local/share/artemis_sg/downloaded_images/9780878468317-10.jpg
DEBUG: ImgDownloader.download: Downloading 'https://m.media-amazon.com/images/I/41uzEe2bzTL.jpg' to '/home/john/.local/share/artemis_sg/downloaded_images'
DEBUG: Starting new HTTPS connection (1): m.media-amazon.com:443
DEBUG: https://m.media-amazon.com:443 "GET /images/I/41uzEe2bzTL.jpg HTTP/1.1" 200 27982
INFO: ImgDownloader.download: Saved '/home/john/.local/share/artemis_sg/downloaded_images/9780262083393.jpg
DEBUG: ImgDownloader.download: Downloading 'https://m.media-amazon.com/images/I/41D2mFqYFDL.jpg' to '/home/john/.local/share/artemis_sg/downloaded_images'
DEBUG: Starting new HTTPS connection (1): m.media-amazon.com:443
DEBUG: https://m.media-amazon.com:443 "GET /images/I/41D2mFqYFDL.jpg HTTP/1.1" 200 23436
INFO: ImgDownloader.download: Saved '/home/john/.local/share/artemis_sg/downloaded_images/9780802159786.jpg
DEBUG: ImgDownloader.download: Downloading 'https://m.media-amazon.com/images/I/41Oe3eItj2L.jpg' to '/home/john/.local/share/artemis_sg/downloaded_images'
DEBUG: Starting new HTTPS connection (1): m.media-amazon.com:443
DEBUG: https://m.media-amazon.com:443 "GET /images/I/41Oe3eItj2L.jpg HTTP/1.1" 200 31677
INFO: ImgDownloader.download: Saved '/home/john/.local/share/artemis_sg/downloaded_images/9780500204061.jpg
DEBUG: ImgDownloader.download: Downloading 'https://m.media-amazon.com/images/I/41p1NiBokxL.jpg' to '/home/john/.local/share/artemis_sg/downloaded_images'
DEBUG: Starting new HTTPS connection (1): m.media-amazon.com:443
DEBUG: https://m.media-amazon.com:443 "GET /images/I/41p1NiBokxL.jpg HTTP/1.1" 200 16721
INFO: ImgDownloader.download: Saved '/home/john/.local/share/artemis_sg/downloaded_images/9780500204061-1.jpg
DEBUG: ImgDownloader.download: Downloading 'https://m.media-amazon.com/images/I/51e3ejLRs+L.jpg' to '/home/john/.local/share/artemis_sg/downloaded_images'
DEBUG: Starting new HTTPS connection (1): m.media-amazon.com:443
DEBUG: https://m.media-amazon.com:443 "GET /images/I/51e3ejLRs+L.jpg HTTP/1.1" 200 54487
INFO: ImgDownloader.download: Saved '/home/john/.local/share/artemis_sg/downloaded_images/9780500204061-2.jpg
DEBUG: ImgDownloader.download: Downloading 'https://m.media-amazon.com/images/I/51+WZHaRaSL.jpg' to '/home/john/.local/share/artemis_sg/downloaded_images'
DEBUG: Starting new HTTPS connection (1): m.media-amazon.com:443
DEBUG: https://m.media-amazon.com:443 "GET /images/I/51+WZHaRaSL.jpg HTTP/1.1" 200 38711
INFO: ImgDownloader.download: Saved '/home/john/.local/share/artemis_sg/downloaded_images/9780500204061-3.jpg
DEBUG: ImgDownloader.download: Downloading 'https://m.media-amazon.com/images/I/51teLMGtHsL.jpg' to '/home/john/.local/share/artemis_sg/downloaded_images'
DEBUG: Starting new HTTPS connection (1): m.media-amazon.com:443
DEBUG: https://m.media-amazon.com:443 "GET /images/I/51teLMGtHsL.jpg HTTP/1.1" 200 52647
INFO: ImgDownloader.download: Saved '/home/john/.local/share/artemis_sg/downloaded_images/9780500204061-4.jpg
DEBUG: ImgDownloader.download: Downloading 'https://m.media-amazon.com/images/I/511RIShmnlL.jpg' to '/home/john/.local/share/artemis_sg/downloaded_images'
DEBUG: Starting new HTTPS connection (1): m.media-amazon.com:443
DEBUG: https://m.media-amazon.com:443 "GET /images/I/511RIShmnlL.jpg HTTP/1.1" 200 46627
INFO: ImgDownloader.download: Saved '/home/john/.local/share/artemis_sg/downloaded_images/9780500204061-5.jpg
DEBUG: ImgDownloader.download: Downloading 'https://m.media-amazon.com/images/I/51lvH4On9HL.jpg' to '/home/john/.local/share/artemis_sg/downloaded_images'
DEBUG: Starting new HTTPS connection (1): m.media-amazon.com:443
DEBUG: https://m.media-amazon.com:443 "GET /images/I/51lvH4On9HL.jpg HTTP/1.1" 200 43545
INFO: ImgDownloader.download: Saved '/home/john/.local/share/artemis_sg/downloaded_images/9780500204061-6.jpg
DEBUG: ImgDownloader.download: Downloading 'https://m.media-amazon.com/images/I/51iETWxCt+L.jpg' to '/home/john/.local/share/artemis_sg/downloaded_images'
DEBUG: Starting new HTTPS connection (1): m.media-amazon.com:443
DEBUG: https://m.media-amazon.com:443 "GET /images/I/51iETWxCt+L.jpg HTTP/1.1" 200 39394
INFO: ImgDownloader.download: Saved '/home/john/.local/share/artemis_sg/downloaded_images/9780500204061-7.jpg
DEBUG: ImgDownloader.download: Downloading 'https://m.media-amazon.com/images/I/41dBHg1+N5L.jpg' to '/home/john/.local/share/artemis_sg/downloaded_images'
DEBUG: Starting new HTTPS connection (1): m.media-amazon.com:443
DEBUG: https://m.media-amazon.com:443 "GET /images/I/41dBHg1+N5L.jpg HTTP/1.1" 200 20998
INFO: ImgDownloader.download: Saved '/home/john/.local/share/artemis_sg/downloaded_images/9780500204153.jpg
DEBUG: ImgDownloader.download: Downloading 'https://m.media-amazon.com/images/I/41EC+MihfGL.jpg' to '/home/john/.local/share/artemis_sg/downloaded_images'
DEBUG: Starting new HTTPS connection (1): m.media-amazon.com:443
DEBUG: https://m.media-amazon.com:443 "GET /images/I/41EC+MihfGL.jpg HTTP/1.1" 200 25188
INFO: ImgDownloader.download: Saved '/home/john/.local/share/artemis_sg/downloaded_images/9780500204153-1.jpg
DEBUG: ImgDownloader.download: Downloading 'https://m.media-amazon.com/images/I/41w7WpaARRL.jpg' to '/home/john/.local/share/artemis_sg/downloaded_images'
DEBUG: Starting new HTTPS connection (1): m.media-amazon.com:443
DEBUG: https://m.media-amazon.com:443 "GET /images/I/41w7WpaARRL.jpg HTTP/1.1" 200 20167
INFO: ImgDownloader.download: Saved '/home/john/.local/share/artemis_sg/downloaded_images/9780500204153-2.jpg
DEBUG: ImgDownloader.download: Downloading 'https://m.media-amazon.com/images/I/31s1WnyncyL.jpg' to '/home/john/.local/share/artemis_sg/downloaded_images'
DEBUG: Starting new HTTPS connection (1): m.media-amazon.com:443
DEBUG: https://m.media-amazon.com:443 "GET /images/I/31s1WnyncyL.jpg HTTP/1.1" 200 11869
INFO: ImgDownloader.download: Saved '/home/john/.local/share/artemis_sg/downloaded_images/9780500204153-3.jpg
DEBUG: ImgDownloader.download: Downloading 'https://m.media-amazon.com/images/I/51tvBf2jiQL.jpg' to '/home/john/.local/share/artemis_sg/downloaded_images'
DEBUG: Starting new HTTPS connection (1): m.media-amazon.com:443
DEBUG: https://m.media-amazon.com:443 "GET /images/I/51tvBf2jiQL.jpg HTTP/1.1" 200 41136
INFO: ImgDownloader.download: Saved '/home/john/.local/share/artemis_sg/downloaded_images/9780500204153-4.jpg
DEBUG: ImgDownloader.download: Downloading 'https://m.media-amazon.com/images/I/51+3jXoceUL.jpg' to '/home/john/.local/share/artemis_sg/downloaded_images'
DEBUG: Starting new HTTPS connection (1): m.media-amazon.com:443
DEBUG: https://m.media-amazon.com:443 "GET /images/I/51+3jXoceUL.jpg HTTP/1.1" 200 34097
INFO: ImgDownloader.download: Saved '/home/john/.local/share/artemis_sg/downloaded_images/9780500204153-5.jpg
DEBUG: ImgDownloader.download: Downloading 'https://m.media-amazon.com/images/I/51VvsZ7Xl5L.jpg' to '/home/john/.local/share/artemis_sg/downloaded_images'
DEBUG: Starting new HTTPS connection (1): m.media-amazon.com:443
DEBUG: https://m.media-amazon.com:443 "GET /images/I/51VvsZ7Xl5L.jpg HTTP/1.1" 200 49125
INFO: ImgDownloader.download: Saved '/home/john/.local/share/artemis_sg/downloaded_images/9780500204153-6.jpg
DEBUG: ImgDownloader.download: Downloading 'https://m.media-amazon.com/images/I/51JyoBYPA5L.jpg' to '/home/john/.local/share/artemis_sg/downloaded_images'
DEBUG: Starting new HTTPS connection (1): m.media-amazon.com:443
DEBUG: https://m.media-amazon.com:443 "GET /images/I/51JyoBYPA5L.jpg HTTP/1.1" 200 39968
INFO: ImgDownloader.download: Saved '/home/john/.local/share/artemis_sg/downloaded_images/9780500204153-7.jpg
DEBUG: ImgDownloader.download: Downloading 'https://m.media-amazon.com/images/I/51WJqcyU18L.jpg' to '/home/john/.local/share/artemis_sg/downloaded_images'
DEBUG: Starting new HTTPS connection (1): m.media-amazon.com:443
DEBUG: https://m.media-amazon.com:443 "GET /images/I/51WJqcyU18L.jpg HTTP/1.1" 200 42285
INFO: ImgDownloader.download: Saved '/home/john/.local/share/artemis_sg/downloaded_images/9780500204153-8.jpg
DEBUG: ImgDownloader.download: Downloading 'https://m.media-amazon.com/images/I/41vUHSRIRXL.jpg' to '/home/john/.local/share/artemis_sg/downloaded_images'
DEBUG: Starting new HTTPS connection (1): m.media-amazon.com:443
DEBUG: https://m.media-amazon.com:443 "GET /images/I/41vUHSRIRXL.jpg HTTP/1.1" 200 24665
INFO: ImgDownloader.download: Saved '/home/john/.local/share/artemis_sg/downloaded_images/9780500204153-9.jpg
DEBUG: ImgDownloader.download: Downloading 'https://m.media-amazon.com/images/I/51kbqp+uDcL.jpg' to '/home/john/.local/share/artemis_sg/downloaded_images'
DEBUG: Starting new HTTPS connection (1): m.media-amazon.com:443
DEBUG: https://m.media-amazon.com:443 "GET /images/I/51kbqp+uDcL.jpg HTTP/1.1" 200 46728
INFO: ImgDownloader.download: Saved '/home/john/.local/share/artemis_sg/downloaded_images/9780500204153-10.jpg
DEBUG: ImgDownloader.download: Downloading 'https://m.media-amazon.com/images/I/51b--s84lbL.jpg' to '/home/john/.local/share/artemis_sg/downloaded_images'
DEBUG: Starting new HTTPS connection (1): m.media-amazon.com:443
DEBUG: https://m.media-amazon.com:443 "GET /images/I/51b--s84lbL.jpg HTTP/1.1" 200 40170
INFO: ImgDownloader.download: Saved '/home/john/.local/share/artemis_sg/downloaded_images/9780500204153-11.jpg
DEBUG: ImgDownloader.download: Downloading 'https://m.media-amazon.com/images/I/51+DhKpG2pL.jpg' to '/home/john/.local/share/artemis_sg/downloaded_images'
DEBUG: Starting new HTTPS connection (1): m.media-amazon.com:443
DEBUG: https://m.media-amazon.com:443 "GET /images/I/51+DhKpG2pL.jpg HTTP/1.1" 200 45389
INFO: ImgDownloader.download: Saved '/home/john/.local/share/artemis_sg/downloaded_images/9780500204153-12.jpg
DEBUG: ImgDownloader.download: Downloading 'https://m.media-amazon.com/images/I/51HZgdgvSTL.jpg' to '/home/john/.local/share/artemis_sg/downloaded_images'
DEBUG: Starting new HTTPS connection (1): m.media-amazon.com:443
DEBUG: https://m.media-amazon.com:443 "GET /images/I/51HZgdgvSTL.jpg HTTP/1.1" 200 50360
INFO: ImgDownloader.download: Saved '/home/john/.local/share/artemis_sg/downloaded_images/9780500204153-13.jpg
DEBUG: ImgDownloader.download: Downloading 'https://m.media-amazon.com/images/I/41Kw87KzEGS.jpg' to '/home/john/.local/share/artemis_sg/downloaded_images'
DEBUG: Starting new HTTPS connection (1): m.media-amazon.com:443
DEBUG: https://m.media-amazon.com:443 "GET /images/I/41Kw87KzEGS.jpg HTTP/1.1" 200 22485
INFO: ImgDownloader.download: Saved '/home/john/.local/share/artemis_sg/downloaded_images/9780500203620.jpg
DEBUG: ImgDownloader.download: Downloading 'https://m.media-amazon.com/images/I/41IhNQeEyJS.jpg' to '/home/john/.local/share/artemis_sg/downloaded_images'
DEBUG: Starting new HTTPS connection (1): m.media-amazon.com:443
DEBUG: https://m.media-amazon.com:443 "GET /images/I/41IhNQeEyJS.jpg HTTP/1.1" 200 25308
INFO: ImgDownloader.download: Saved '/home/john/.local/share/artemis_sg/downloaded_images/9780500203620-1.jpg
DEBUG: ImgDownloader.download: Downloading 'https://m.media-amazon.com/images/I/41zto5fqGVL.jpg' to '/home/john/.local/share/artemis_sg/downloaded_images'
DEBUG: Starting new HTTPS connection (1): m.media-amazon.com:443
DEBUG: https://m.media-amazon.com:443 "GET /images/I/41zto5fqGVL.jpg HTTP/1.1" 200 17935
INFO: ImgDownloader.download: Saved '/home/john/.local/share/artemis_sg/downloaded_images/9780988174511.jpg
DEBUG: ImgDownloader.download: Downloading 'https://m.media-amazon.com/images/I/41HMfkJx3FL.jpg' to '/home/john/.local/share/artemis_sg/downloaded_images'
DEBUG: Starting new HTTPS connection (1): m.media-amazon.com:443
DEBUG: https://m.media-amazon.com:443 "GET /images/I/41HMfkJx3FL.jpg HTTP/1.1" 200 29829
INFO: ImgDownloader.download: Saved '/home/john/.local/share/artemis_sg/downloaded_images/9780451494115.jpg
DEBUG: ImgDownloader.download: Downloading 'https://m.media-amazon.com/images/I/51W2QRlMGKL.jpg' to '/home/john/.local/share/artemis_sg/downloaded_images'
DEBUG: Starting new HTTPS connection (1): m.media-amazon.com:443
DEBUG: https://m.media-amazon.com:443 "GET /images/I/51W2QRlMGKL.jpg HTTP/1.1" 200 59739
INFO: ImgDownloader.download: Saved '/home/john/.local/share/artemis_sg/downloaded_images/9780878468157.jpg
DEBUG: ImgDownloader.download: Downloading 'https://m.media-amazon.com/images/I/51vIHt9qQnL.jpg' to '/home/john/.local/share/artemis_sg/downloaded_images'
DEBUG: Starting new HTTPS connection (1): m.media-amazon.com:443
DEBUG: https://m.media-amazon.com:443 "GET /images/I/51vIHt9qQnL.jpg HTTP/1.1" 200 46918
INFO: ImgDownloader.download: Saved '/home/john/.local/share/artemis_sg/downloaded_images/9780878468157-1.jpg
DEBUG: ImgDownloader.download: Downloading 'https://m.media-amazon.com/images/I/51Xe+qaCQcL.jpg' to '/home/john/.local/share/artemis_sg/downloaded_images'
DEBUG: Starting new HTTPS connection (1): m.media-amazon.com:443
DEBUG: https://m.media-amazon.com:443 "GET /images/I/51Xe+qaCQcL.jpg HTTP/1.1" 200 34615
INFO: ImgDownloader.download: Saved '/home/john/.local/share/artemis_sg/downloaded_images/9780878468157-2.jpg
DEBUG: ImgDownloader.download: Downloading 'https://m.media-amazon.com/images/I/51OExCf8mnL.jpg' to '/home/john/.local/share/artemis_sg/downloaded_images'
DEBUG: Starting new HTTPS connection (1): m.media-amazon.com:443
DEBUG: https://m.media-amazon.com:443 "GET /images/I/51OExCf8mnL.jpg HTTP/1.1" 200 51239
INFO: ImgDownloader.download: Saved '/home/john/.local/share/artemis_sg/downloaded_images/9780878468157-3.jpg
DEBUG: ImgDownloader.download: Downloading 'https://m.media-amazon.com/images/I/61vWkLatHFL.jpg' to '/home/john/.local/share/artemis_sg/downloaded_images'
DEBUG: Starting new HTTPS connection (1): m.media-amazon.com:443
DEBUG: https://m.media-amazon.com:443 "GET /images/I/61vWkLatHFL.jpg HTTP/1.1" 200 66823
INFO: ImgDownloader.download: Saved '/home/john/.local/share/artemis_sg/downloaded_images/9781588396334.jpg
DEBUG: ImgDownloader.download: Downloading 'https://m.media-amazon.com/images/I/51aEcwyRjYL.jpg' to '/home/john/.local/share/artemis_sg/downloaded_images'
DEBUG: Starting new HTTPS connection (1): m.media-amazon.com:443
DEBUG: https://m.media-amazon.com:443 "GET /images/I/51aEcwyRjYL.jpg HTTP/1.1" 200 40414
INFO: ImgDownloader.download: Saved '/home/john/.local/share/artemis_sg/downloaded_images/9780500181683.jpg
DEBUG: ImgDownloader.download: Downloading 'https://m.media-amazon.com/images/I/51k+RWJs6jL.jpg' to '/home/john/.local/share/artemis_sg/downloaded_images'
DEBUG: Starting new HTTPS connection (1): m.media-amazon.com:443
DEBUG: https://m.media-amazon.com:443 "GET /images/I/51k+RWJs6jL.jpg HTTP/1.1" 200 41187
INFO: ImgDownloader.download: Saved '/home/john/.local/share/artemis_sg/downloaded_images/9780500181683-1.jpg
DEBUG: ImgDownloader.download: Downloading 'https://m.media-amazon.com/images/I/516EzL0SGfL.jpg' to '/home/john/.local/share/artemis_sg/downloaded_images'
DEBUG: Starting new HTTPS connection (1): m.media-amazon.com:443
DEBUG: https://m.media-amazon.com:443 "GET /images/I/516EzL0SGfL.jpg HTTP/1.1" 200 49221
INFO: ImgDownloader.download: Saved '/home/john/.local/share/artemis_sg/downloaded_images/9781588396594.jpg
DEBUG: ImgDownloader.download: Downloading 'https://m.media-amazon.com/images/I/41aFp5ZaXFL.jpg' to '/home/john/.local/share/artemis_sg/downloaded_images'
DEBUG: Starting new HTTPS connection (1): m.media-amazon.com:443
DEBUG: https://m.media-amazon.com:443 "GET /images/I/41aFp5ZaXFL.jpg HTTP/1.1" 200 28526
INFO: ImgDownloader.download: Saved '/home/john/.local/share/artemis_sg/downloaded_images/9780500094389.jpg
DEBUG: ImgDownloader.download: Downloading 'https://m.media-amazon.com/images/I/41L7VUG6UCL.jpg' to '/home/john/.local/share/artemis_sg/downloaded_images'
DEBUG: Starting new HTTPS connection (1): m.media-amazon.com:443
DEBUG: https://m.media-amazon.com:443 "GET /images/I/41L7VUG6UCL.jpg HTTP/1.1" 200 19776
INFO: ImgDownloader.download: Saved '/home/john/.local/share/artemis_sg/downloaded_images/9780878466276.jpg
DEBUG: ImgDownloader.download: Downloading 'https://m.media-amazon.com/images/I/41Gl4AgQYUL.jpg' to '/home/john/.local/share/artemis_sg/downloaded_images'
DEBUG: Starting new HTTPS connection (1): m.media-amazon.com:443
DEBUG: https://m.media-amazon.com:443 "GET /images/I/41Gl4AgQYUL.jpg HTTP/1.1" 200 22288
INFO: ImgDownloader.download: Saved '/home/john/.local/share/artemis_sg/downloaded_images/9780500204078.jpg
DEBUG: ImgDownloader.download: Downloading 'https://m.media-amazon.com/images/I/51C6brXfYcL.jpg' to '/home/john/.local/share/artemis_sg/downloaded_images'
DEBUG: Starting new HTTPS connection (1): m.media-amazon.com:443
DEBUG: https://m.media-amazon.com:443 "GET /images/I/51C6brXfYcL.jpg HTTP/1.1" 200 34611
INFO: ImgDownloader.download: Saved '/home/john/.local/share/artemis_sg/downloaded_images/9780500204078-1.jpg
DEBUG: ImgDownloader.download: Downloading 'https://m.media-amazon.com/images/I/51bNs3YYdgL.jpg' to '/home/john/.local/share/artemis_sg/downloaded_images'
DEBUG: Starting new HTTPS connection (1): m.media-amazon.com:443
DEBUG: https://m.media-amazon.com:443 "GET /images/I/51bNs3YYdgL.jpg HTTP/1.1" 200 54047
INFO: ImgDownloader.download: Saved '/home/john/.local/share/artemis_sg/downloaded_images/9780500204078-2.jpg
DEBUG: ImgDownloader.download: Downloading 'https://m.media-amazon.com/images/I/51RkicHrM3L.jpg' to '/home/john/.local/share/artemis_sg/downloaded_images'
DEBUG: Starting new HTTPS connection (1): m.media-amazon.com:443
DEBUG: https://m.media-amazon.com:443 "GET /images/I/51RkicHrM3L.jpg HTTP/1.1" 200 49907
INFO: ImgDownloader.download: Saved '/home/john/.local/share/artemis_sg/downloaded_images/9780500204078-3.jpg
DEBUG: ImgDownloader.download: Downloading 'https://m.media-amazon.com/images/I/41K6bPIWa+L.jpg' to '/home/john/.local/share/artemis_sg/downloaded_images'
DEBUG: Starting new HTTPS connection (1): m.media-amazon.com:443
DEBUG: https://m.media-amazon.com:443 "GET /images/I/41K6bPIWa+L.jpg HTTP/1.1" 200 30558
INFO: ImgDownloader.download: Saved '/home/john/.local/share/artemis_sg/downloaded_images/9780300246100.jpg
DEBUG: ImgDownloader.download: Downloading 'https://m.media-amazon.com/images/I/51zjxvhfPWL.jpg' to '/home/john/.local/share/artemis_sg/downloaded_images'
DEBUG: Starting new HTTPS connection (1): m.media-amazon.com:443
DEBUG: https://m.media-amazon.com:443 "GET /images/I/51zjxvhfPWL.jpg HTTP/1.1" 200 55300
INFO: ImgDownloader.download: Saved '/home/john/.local/share/artemis_sg/downloaded_images/9780878468614.jpg
DEBUG: ImgDownloader.download: Downloading 'https://m.media-amazon.com/images/I/516HVHvInwL.jpg' to '/home/john/.local/share/artemis_sg/downloaded_images'
DEBUG: Starting new HTTPS connection (1): m.media-amazon.com:443
DEBUG: https://m.media-amazon.com:443 "GET /images/I/516HVHvInwL.jpg HTTP/1.1" 200 42298
INFO: ImgDownloader.download: Saved '/home/john/.local/share/artemis_sg/downloaded_images/9780878468614-1.jpg
DEBUG: ImgDownloader.download: Downloading 'https://m.media-amazon.com/images/I/51vKECLCwHL.jpg' to '/home/john/.local/share/artemis_sg/downloaded_images'
DEBUG: Starting new HTTPS connection (1): m.media-amazon.com:443
DEBUG: https://m.media-amazon.com:443 "GET /images/I/51vKECLCwHL.jpg HTTP/1.1" 200 33190
INFO: ImgDownloader.download: Saved '/home/john/.local/share/artemis_sg/downloaded_images/9780878468614-2.jpg
DEBUG: ImgDownloader.download: Downloading 'https://m.media-amazon.com/images/I/41nwWSJ92yL.jpg' to '/home/john/.local/share/artemis_sg/downloaded_images'
DEBUG: Starting new HTTPS connection (1): m.media-amazon.com:443
DEBUG: https://m.media-amazon.com:443 "GET /images/I/41nwWSJ92yL.jpg HTTP/1.1" 200 25588
INFO: ImgDownloader.download: Saved '/home/john/.local/share/artemis_sg/downloaded_images/9780878468614-3.jpg
DEBUG: ImgDownloader.download: Downloading 'https://m.media-amazon.com/images/I/51hWELiJ2qL.jpg' to '/home/john/.local/share/artemis_sg/downloaded_images'
DEBUG: Starting new HTTPS connection (1): m.media-amazon.com:443
DEBUG: https://m.media-amazon.com:443 "GET /images/I/51hWELiJ2qL.jpg HTTP/1.1" 200 38479
INFO: ImgDownloader.download: Saved '/home/john/.local/share/artemis_sg/downloaded_images/9780878468614-4.jpg
DEBUG: ImgDownloader.download: Downloading 'https://m.media-amazon.com/images/I/41uCMubXspL.jpg' to '/home/john/.local/share/artemis_sg/downloaded_images'
DEBUG: Starting new HTTPS connection (1): m.media-amazon.com:443
DEBUG: https://m.media-amazon.com:443 "GET /images/I/41uCMubXspL.jpg HTTP/1.1" 200 29034
INFO: ImgDownloader.download: Saved '/home/john/.local/share/artemis_sg/downloaded_images/9780878468614-5.jpg
DEBUG: ImgDownloader.download: Downloading 'https://m.media-amazon.com/images/I/41fICcB9GsL.jpg' to '/home/john/.local/share/artemis_sg/downloaded_images'
DEBUG: Starting new HTTPS connection (1): m.media-amazon.com:443
DEBUG: https://m.media-amazon.com:443 "GET /images/I/41fICcB9GsL.jpg HTTP/1.1" 200 30514
INFO: ImgDownloader.download: Saved '/home/john/.local/share/artemis_sg/downloaded_images/9780878468614-6.jpg
DEBUG: ImgDownloader.download: Downloading 'https://m.media-amazon.com/images/I/4111muZJ0OL.jpg' to '/home/john/.local/share/artemis_sg/downloaded_images'
DEBUG: Starting new HTTPS connection (1): m.media-amazon.com:443
DEBUG: https://m.media-amazon.com:443 "GET /images/I/4111muZJ0OL.jpg HTTP/1.1" 200 28984
INFO: ImgDownloader.download: Saved '/home/john/.local/share/artemis_sg/downloaded_images/9780878468614-7.jpg
DEBUG: ImgDownloader.download: Downloading 'https://m.media-amazon.com/images/I/51e6b3-GECL.jpg' to '/home/john/.local/share/artemis_sg/downloaded_images'
DEBUG: Starting new HTTPS connection (1): m.media-amazon.com:443
DEBUG: https://m.media-amazon.com:443 "GET /images/I/51e6b3-GECL.jpg HTTP/1.1" 200 35047
INFO: ImgDownloader.download: Saved '/home/john/.local/share/artemis_sg/downloaded_images/9780878468614-8.jpg
DEBUG: ImgDownloader.download: Downloading 'https://m.media-amazon.com/images/I/41TlkFeLgRL.jpg' to '/home/john/.local/share/artemis_sg/downloaded_images'
DEBUG: Starting new HTTPS connection (1): m.media-amazon.com:443
DEBUG: https://m.media-amazon.com:443 "GET /images/I/41TlkFeLgRL.jpg HTTP/1.1" 200 22394
INFO: ImgDownloader.download: Saved '/home/john/.local/share/artemis_sg/downloaded_images/9780878468614-9.jpg
DEBUG: ImgDownloader.download: Downloading 'https://m.media-amazon.com/images/I/51g4CHd4vJL.jpg' to '/home/john/.local/share/artemis_sg/downloaded_images'
DEBUG: Starting new HTTPS connection (1): m.media-amazon.com:443
DEBUG: https://m.media-amazon.com:443 "GET /images/I/51g4CHd4vJL.jpg HTTP/1.1" 200 44598
INFO: ImgDownloader.download: Saved '/home/john/.local/share/artemis_sg/downloaded_images/9780500970140.jpg
DEBUG: ImgDownloader.download: Downloading 'https://m.media-amazon.com/images/I/61pY5GYE9KL.jpg' to '/home/john/.local/share/artemis_sg/downloaded_images'
DEBUG: Starting new HTTPS connection (1): m.media-amazon.com:443
DEBUG: https://m.media-amazon.com:443 "GET /images/I/61pY5GYE9KL.jpg HTTP/1.1" 200 74372
INFO: ImgDownloader.download: Saved '/home/john/.local/share/artemis_sg/downloaded_images/9780878467778.jpg
DEBUG: ImgDownloader.download: Downloading 'https://m.media-amazon.com/images/I/41IU3uQpyOL.jpg' to '/home/john/.local/share/artemis_sg/downloaded_images'
DEBUG: Starting new HTTPS connection (1): m.media-amazon.com:443
DEBUG: https://m.media-amazon.com:443 "GET /images/I/41IU3uQpyOL.jpg HTTP/1.1" 200 29176
INFO: ImgDownloader.download: Saved '/home/john/.local/share/artemis_sg/downloaded_images/9781588395757.jpg
DEBUG: ImgDownloader.download: Downloading 'https://m.media-amazon.com/images/I/4188HCuwY2L.jpg' to '/home/john/.local/share/artemis_sg/downloaded_images'
DEBUG: Starting new HTTPS connection (1): m.media-amazon.com:443
DEBUG: https://m.media-amazon.com:443 "GET /images/I/4188HCuwY2L.jpg HTTP/1.1" 200 28190
INFO: ImgDownloader.download: Saved '/home/john/.local/share/artemis_sg/downloaded_images/9780307266668.jpg
DEBUG: ImgDownloader.download: Downloading 'https://m.media-amazon.com/images/I/41KfHmfw4oL.jpg' to '/home/john/.local/share/artemis_sg/downloaded_images'
DEBUG: Starting new HTTPS connection (1): m.media-amazon.com:443
DEBUG: https://m.media-amazon.com:443 "GET /images/I/41KfHmfw4oL.jpg HTTP/1.1" 200 25461
INFO: ImgDownloader.download: Saved '/home/john/.local/share/artemis_sg/downloaded_images/9780525657668.jpg
DEBUG: ImgDownloader.download: Downloading 'https://m.media-amazon.com/images/I/416-crqBiSL.jpg' to '/home/john/.local/share/artemis_sg/downloaded_images'
DEBUG: Starting new HTTPS connection (1): m.media-amazon.com:443
DEBUG: https://m.media-amazon.com:443 "GET /images/I/416-crqBiSL.jpg HTTP/1.1" 200 28842
INFO: ImgDownloader.download: Saved '/home/john/.local/share/artemis_sg/downloaded_images/9780262194587.jpg
DEBUG: ImgDownloader.download: Downloading 'https://m.media-amazon.com/images/I/51loeZfgn-L.jpg' to '/home/john/.local/share/artemis_sg/downloaded_images'
DEBUG: Starting new HTTPS connection (1): m.media-amazon.com:443
DEBUG: https://m.media-amazon.com:443 "GET /images/I/51loeZfgn-L.jpg HTTP/1.1" 200 37161
INFO: ImgDownloader.download: Saved '/home/john/.local/share/artemis_sg/downloaded_images/9780878466443.jpg
DEBUG: ImgDownloader.download: Downloading 'https://m.media-amazon.com/images/I/41itB2nOugL.jpg' to '/home/john/.local/share/artemis_sg/downloaded_images'
DEBUG: Starting new HTTPS connection (1): m.media-amazon.com:443
DEBUG: https://m.media-amazon.com:443 "GET /images/I/41itB2nOugL.jpg HTTP/1.1" 200 30999
INFO: ImgDownloader.download: Saved '/home/john/.local/share/artemis_sg/downloaded_images/9783897906297.jpg
DEBUG: ImgDownloader.download: Downloading 'https://m.media-amazon.com/images/I/21A6fVq0snL.jpg' to '/home/john/.local/share/artemis_sg/downloaded_images'
DEBUG: Starting new HTTPS connection (1): m.media-amazon.com:443
DEBUG: https://m.media-amazon.com:443 "GET /images/I/21A6fVq0snL.jpg HTTP/1.1" 200 5412
INFO: ImgDownloader.download: Saved '/home/john/.local/share/artemis_sg/downloaded_images/9783897906297-1.jpg
DEBUG: ImgDownloader.download: Downloading 'https://m.media-amazon.com/images/I/41QyBKnzKrL.jpg' to '/home/john/.local/share/artemis_sg/downloaded_images'
DEBUG: Starting new HTTPS connection (1): m.media-amazon.com:443
DEBUG: https://m.media-amazon.com:443 "GET /images/I/41QyBKnzKrL.jpg HTTP/1.1" 200 22362
INFO: ImgDownloader.download: Saved '/home/john/.local/share/artemis_sg/downloaded_images/9783897906297-2.jpg
DEBUG: ImgDownloader.download: Downloading 'https://m.media-amazon.com/images/I/41BU8Yu1QtL.jpg' to '/home/john/.local/share/artemis_sg/downloaded_images'
DEBUG: Starting new HTTPS connection (1): m.media-amazon.com:443
DEBUG: https://m.media-amazon.com:443 "GET /images/I/41BU8Yu1QtL.jpg HTTP/1.1" 200 30098
INFO: ImgDownloader.download: Saved '/home/john/.local/share/artemis_sg/downloaded_images/9783897906297-3.jpg
DEBUG: ImgDownloader.download: Downloading 'https://m.media-amazon.com/images/I/41z8-tzuQgL.jpg' to '/home/john/.local/share/artemis_sg/downloaded_images'
DEBUG: Starting new HTTPS connection (1): m.media-amazon.com:443
DEBUG: https://m.media-amazon.com:443 "GET /images/I/41z8-tzuQgL.jpg HTTP/1.1" 200 23656
INFO: ImgDownloader.download: Saved '/home/john/.local/share/artemis_sg/downloaded_images/9783897906297-4.jpg
DEBUG: ImgDownloader.download: Downloading 'https://m.media-amazon.com/images/I/41Uzt6tK8WL.jpg' to '/home/john/.local/share/artemis_sg/downloaded_images'
DEBUG: Starting new HTTPS connection (1): m.media-amazon.com:443
DEBUG: https://m.media-amazon.com:443 "GET /images/I/41Uzt6tK8WL.jpg HTTP/1.1" 200 29063
INFO: ImgDownloader.download: Saved '/home/john/.local/share/artemis_sg/downloaded_images/9783897906297-5.jpg
DEBUG: ImgDownloader.download: Downloading 'https://m.media-amazon.com/images/I/31aM-Ks2slL.jpg' to '/home/john/.local/share/artemis_sg/downloaded_images'
DEBUG: Starting new HTTPS connection (1): m.media-amazon.com:443
DEBUG: https://m.media-amazon.com:443 "GET /images/I/31aM-Ks2slL.jpg HTTP/1.1" 200 11431
INFO: ImgDownloader.download: Saved '/home/john/.local/share/artemis_sg/downloaded_images/9783897906297-6.jpg
DEBUG: ImgDownloader.download: Downloading 'https://m.media-amazon.com/images/I/41UG59arEZL.jpg' to '/home/john/.local/share/artemis_sg/downloaded_images'
DEBUG: Starting new HTTPS connection (1): m.media-amazon.com:443
DEBUG: https://m.media-amazon.com:443 "GET /images/I/41UG59arEZL.jpg HTTP/1.1" 200 29003
INFO: ImgDownloader.download: Saved '/home/john/.local/share/artemis_sg/downloaded_images/9783897906297-7.jpg
DEBUG: ImgDownloader.download: Downloading 'https://m.media-amazon.com/images/I/51FhxUB-WvL.jpg' to '/home/john/.local/share/artemis_sg/downloaded_images'
DEBUG: Starting new HTTPS connection (1): m.media-amazon.com:443
DEBUG: https://m.media-amazon.com:443 "GET /images/I/51FhxUB-WvL.jpg HTTP/1.1" 200 62269
INFO: ImgDownloader.download: Saved '/home/john/.local/share/artemis_sg/downloaded_images/9781588396099.jpg
DEBUG: ImgDownloader.download: Downloading 'https://m.media-amazon.com/images/I/41XN9xO84iL.jpg' to '/home/john/.local/share/artemis_sg/downloaded_images'
DEBUG: Starting new HTTPS connection (1): m.media-amazon.com:443
DEBUG: https://m.media-amazon.com:443 "GET /images/I/41XN9xO84iL.jpg HTTP/1.1" 200 20106
INFO: ImgDownloader.download: Saved '/home/john/.local/share/artemis_sg/downloaded_images/9781934105139.jpg
DEBUG: ImgDownloader.download: Downloading 'https://m.media-amazon.com/images/I/71hcGrVV5pL.jpg' to '/home/john/.local/share/artemis_sg/downloaded_images'
DEBUG: Starting new HTTPS connection (1): m.media-amazon.com:443
DEBUG: https://m.media-amazon.com:443 "GET /images/I/71hcGrVV5pL.jpg HTTP/1.1" 200 137432
INFO: ImgDownloader.download: Saved '/home/john/.local/share/artemis_sg/downloaded_images/9781588395849.jpg
DEBUG: ImgDownloader.download: Downloading 'https://m.media-amazon.com/images/I/41GJ5G8FzDL.jpg' to '/home/john/.local/share/artemis_sg/downloaded_images'
DEBUG: Starting new HTTPS connection (1): m.media-amazon.com:443
DEBUG: https://m.media-amazon.com:443 "GET /images/I/41GJ5G8FzDL.jpg HTTP/1.1" 200 23128
INFO: ImgDownloader.download: Saved '/home/john/.local/share/artemis_sg/downloaded_images/9780500025383.jpg
DEBUG: ImgDownloader.download: Downloading 'https://m.media-amazon.com/images/I/31zASQWjpDL.jpg' to '/home/john/.local/share/artemis_sg/downloaded_images'
DEBUG: Starting new HTTPS connection (1): m.media-amazon.com:443
DEBUG: https://m.media-amazon.com:443 "GET /images/I/31zASQWjpDL.jpg HTTP/1.1" 200 12131
INFO: ImgDownloader.download: Saved '/home/john/.local/share/artemis_sg/downloaded_images/9780500025383-1.jpg
DEBUG: ImgDownloader.download: Downloading 'https://m.media-amazon.com/images/I/41dfv1X2lFL.jpg' to '/home/john/.local/share/artemis_sg/downloaded_images'
DEBUG: Starting new HTTPS connection (1): m.media-amazon.com:443
DEBUG: https://m.media-amazon.com:443 "GET /images/I/41dfv1X2lFL.jpg HTTP/1.1" 200 23249
INFO: ImgDownloader.download: Saved '/home/john/.local/share/artemis_sg/downloaded_images/9780500025383-2.jpg
DEBUG: ImgDownloader.download: Downloading 'https://m.media-amazon.com/images/I/41XJ17D5zOL.jpg' to '/home/john/.local/share/artemis_sg/downloaded_images'
DEBUG: Starting new HTTPS connection (1): m.media-amazon.com:443
DEBUG: https://m.media-amazon.com:443 "GET /images/I/41XJ17D5zOL.jpg HTTP/1.1" 200 30674
INFO: ImgDownloader.download: Saved '/home/john/.local/share/artemis_sg/downloaded_images/9780500025383-3.jpg
DEBUG: ImgDownloader.download: Downloading 'https://m.media-amazon.com/images/I/41n+KlFKFGL.jpg' to '/home/john/.local/share/artemis_sg/downloaded_images'
DEBUG: Starting new HTTPS connection (1): m.media-amazon.com:443
DEBUG: https://m.media-amazon.com:443 "GET /images/I/41n+KlFKFGL.jpg HTTP/1.1" 200 17563
INFO: ImgDownloader.download: Saved '/home/john/.local/share/artemis_sg/downloaded_images/9780500025383-4.jpg
DEBUG: ImgDownloader.download: Downloading 'https://m.media-amazon.com/images/I/41AXFvzv6nL.jpg' to '/home/john/.local/share/artemis_sg/downloaded_images'
DEBUG: Starting new HTTPS connection (1): m.media-amazon.com:443
DEBUG: https://m.media-amazon.com:443 "GET /images/I/41AXFvzv6nL.jpg HTTP/1.1" 200 22860
INFO: ImgDownloader.download: Saved '/home/john/.local/share/artemis_sg/downloaded_images/9780500025383-5.jpg
DEBUG: ImgDownloader.download: Downloading 'https://m.media-amazon.com/images/I/41kvy34GpNL.jpg' to '/home/john/.local/share/artemis_sg/downloaded_images'
DEBUG: Starting new HTTPS connection (1): m.media-amazon.com:443
DEBUG: https://m.media-amazon.com:443 "GET /images/I/41kvy34GpNL.jpg HTTP/1.1" 200 18571
INFO: ImgDownloader.download: Saved '/home/john/.local/share/artemis_sg/downloaded_images/9780500025383-6.jpg
DEBUG: ImgDownloader.download: Downloading 'https://m.media-amazon.com/images/I/41mSyPJ4MKL.jpg' to '/home/john/.local/share/artemis_sg/downloaded_images'
DEBUG: Starting new HTTPS connection (1): m.media-amazon.com:443
DEBUG: https://m.media-amazon.com:443 "GET /images/I/41mSyPJ4MKL.jpg HTTP/1.1" 200 19286
INFO: ImgDownloader.download: Saved '/home/john/.local/share/artemis_sg/downloaded_images/9780500025383-7.jpg
DEBUG: ImgDownloader.download: Downloading 'https://m.media-amazon.com/images/I/51PXIAVjT-L.jpg' to '/home/john/.local/share/artemis_sg/downloaded_images'
DEBUG: Starting new HTTPS connection (1): m.media-amazon.com:443
DEBUG: https://m.media-amazon.com:443 "GET /images/I/51PXIAVjT-L.jpg HTTP/1.1" 200 40348
INFO: ImgDownloader.download: Saved '/home/john/.local/share/artemis_sg/downloaded_images/9781643138619.jpg
DEBUG: ImgDownloader.download: Downloading 'https://m.media-amazon.com/images/I/41RY-RI0yJL.jpg' to '/home/john/.local/share/artemis_sg/downloaded_images'
DEBUG: Starting new HTTPS connection (1): m.media-amazon.com:443
DEBUG: https://m.media-amazon.com:443 "GET /images/I/41RY-RI0yJL.jpg HTTP/1.1" 200 23450
INFO: ImgDownloader.download: Saved '/home/john/.local/share/artemis_sg/downloaded_images/9780500288443.jpg
DEBUG: ImgDownloader.download: Downloading 'https://m.media-amazon.com/images/I/51S+eL-kxxL.jpg' to '/home/john/.local/share/artemis_sg/downloaded_images'
DEBUG: Starting new HTTPS connection (1): m.media-amazon.com:443
DEBUG: https://m.media-amazon.com:443 "GET /images/I/51S+eL-kxxL.jpg HTTP/1.1" 200 51415
INFO: ImgDownloader.download: Saved '/home/john/.local/share/artemis_sg/downloaded_images/9781780674780.jpg
DEBUG: ImgDownloader.download: Downloading 'https://m.media-amazon.com/images/I/51VxTu-TZ-L.jpg' to '/home/john/.local/share/artemis_sg/downloaded_images'
DEBUG: Starting new HTTPS connection (1): m.media-amazon.com:443
DEBUG: https://m.media-amazon.com:443 "GET /images/I/51VxTu-TZ-L.jpg HTTP/1.1" 200 35012
INFO: ImgDownloader.download: Saved '/home/john/.local/share/artemis_sg/downloaded_images/9781780674780-1.jpg
DEBUG: ImgDownloader.download: Downloading 'https://m.media-amazon.com/images/I/31WH9wfEV1L.jpg' to '/home/john/.local/share/artemis_sg/downloaded_images'
DEBUG: Starting new HTTPS connection (1): m.media-amazon.com:443
DEBUG: https://m.media-amazon.com:443 "GET /images/I/31WH9wfEV1L.jpg HTTP/1.1" 200 12894
INFO: ImgDownloader.download: Saved '/home/john/.local/share/artemis_sg/downloaded_images/9781780674780-2.jpg
DEBUG: ImgDownloader.download: Downloading 'https://m.media-amazon.com/images/I/4119GrTAfSL.jpg' to '/home/john/.local/share/artemis_sg/downloaded_images'
DEBUG: Starting new HTTPS connection (1): m.media-amazon.com:443
DEBUG: https://m.media-amazon.com:443 "GET /images/I/4119GrTAfSL.jpg HTTP/1.1" 200 18484
INFO: ImgDownloader.download: Saved '/home/john/.local/share/artemis_sg/downloaded_images/9781780674780-3.jpg
DEBUG: ImgDownloader.download: Downloading 'https://m.media-amazon.com/images/I/21gy5hkHcvL.jpg' to '/home/john/.local/share/artemis_sg/downloaded_images'
DEBUG: Starting new HTTPS connection (1): m.media-amazon.com:443
DEBUG: https://m.media-amazon.com:443 "GET /images/I/21gy5hkHcvL.jpg HTTP/1.1" 200 7874
INFO: ImgDownloader.download: Saved '/home/john/.local/share/artemis_sg/downloaded_images/9781780674780-4.jpg
DEBUG: ImgDownloader.download: Downloading 'https://m.media-amazon.com/images/I/41-E7FuZmiL.jpg' to '/home/john/.local/share/artemis_sg/downloaded_images'
DEBUG: Starting new HTTPS connection (1): m.media-amazon.com:443
DEBUG: https://m.media-amazon.com:443 "GET /images/I/41-E7FuZmiL.jpg HTTP/1.1" 200 22603
INFO: ImgDownloader.download: Saved '/home/john/.local/share/artemis_sg/downloaded_images/9781780674780-5.jpg
DEBUG: ImgDownloader.download: Downloading 'https://m.media-amazon.com/images/I/51sVRQ+VPcL.jpg' to '/home/john/.local/share/artemis_sg/downloaded_images'
DEBUG: Starting new HTTPS connection (1): m.media-amazon.com:443
DEBUG: https://m.media-amazon.com:443 "GET /images/I/51sVRQ+VPcL.jpg HTTP/1.1" 200 34022
INFO: ImgDownloader.download: Saved '/home/john/.local/share/artemis_sg/downloaded_images/9781780674780-6.jpg
DEBUG: ImgDownloader.download: Downloading 'https://m.media-amazon.com/images/I/41qteD8cGtL.jpg' to '/home/john/.local/share/artemis_sg/downloaded_images'
DEBUG: Starting new HTTPS connection (1): m.media-amazon.com:443
DEBUG: https://m.media-amazon.com:443 "GET /images/I/41qteD8cGtL.jpg HTTP/1.1" 200 18122
INFO: ImgDownloader.download: Saved '/home/john/.local/share/artemis_sg/downloaded_images/9781780674780-7.jpg
DEBUG: ImgDownloader.download: Downloading 'https://m.media-amazon.com/images/I/511HCEZxpIL.jpg' to '/home/john/.local/share/artemis_sg/downloaded_images'
DEBUG: Starting new HTTPS connection (1): m.media-amazon.com:443
DEBUG: https://m.media-amazon.com:443 "GET /images/I/511HCEZxpIL.jpg HTTP/1.1" 200 35373
INFO: ImgDownloader.download: Saved '/home/john/.local/share/artemis_sg/downloaded_images/9781780674780-8.jpg
DEBUG: ImgDownloader.download: Downloading 'https://m.media-amazon.com/images/I/41T634BXCAL.jpg' to '/home/john/.local/share/artemis_sg/downloaded_images'
DEBUG: Starting new HTTPS connection (1): m.media-amazon.com:443
DEBUG: https://m.media-amazon.com:443 "GET /images/I/41T634BXCAL.jpg HTTP/1.1" 200 31631
INFO: ImgDownloader.download: Saved '/home/john/.local/share/artemis_sg/downloaded_images/9781780674780-9.jpg
DEBUG: ImgDownloader.download: Downloading 'https://m.media-amazon.com/images/I/51LM03Ti6aL.jpg' to '/home/john/.local/share/artemis_sg/downloaded_images'
DEBUG: Starting new HTTPS connection (1): m.media-amazon.com:443
DEBUG: https://m.media-amazon.com:443 "GET /images/I/51LM03Ti6aL.jpg HTTP/1.1" 200 41934
INFO: ImgDownloader.download: Saved '/home/john/.local/share/artemis_sg/downloaded_images/9781780674780-10.jpg
DEBUG: ImgDownloader.download: Downloading 'https://m.media-amazon.com/images/I/51Xk43hjY6L.jpg' to '/home/john/.local/share/artemis_sg/downloaded_images'
DEBUG: Starting new HTTPS connection (1): m.media-amazon.com:443
DEBUG: https://m.media-amazon.com:443 "GET /images/I/51Xk43hjY6L.jpg HTTP/1.1" 200 56310
INFO: ImgDownloader.download: Saved '/home/john/.local/share/artemis_sg/downloaded_images/9781780674780-11.jpg
DEBUG: ImgDownloader.download: Downloading 'https://m.media-amazon.com/images/I/51qFUwlhuUL.jpg' to '/home/john/.local/share/artemis_sg/downloaded_images'
DEBUG: Starting new HTTPS connection (1): m.media-amazon.com:443
DEBUG: https://m.media-amazon.com:443 "GET /images/I/51qFUwlhuUL.jpg HTTP/1.1" 200 48949
INFO: ImgDownloader.download: Saved '/home/john/.local/share/artemis_sg/downloaded_images/9780593356678.jpg
DEBUG: ImgDownloader.download: Downloading 'https://m.media-amazon.com/images/I/41DacXvDNQL.jpg' to '/home/john/.local/share/artemis_sg/downloaded_images'
DEBUG: Starting new HTTPS connection (1): m.media-amazon.com:443
DEBUG: https://m.media-amazon.com:443 "GET /images/I/41DacXvDNQL.jpg HTTP/1.1" 200 27792
INFO: ImgDownloader.download: Saved '/home/john/.local/share/artemis_sg/downloaded_images/9780593356678-1.jpg
DEBUG: ImgDownloader.download: Downloading 'https://m.media-amazon.com/images/I/41T1vIT+MOL.jpg' to '/home/john/.local/share/artemis_sg/downloaded_images'
DEBUG: Starting new HTTPS connection (1): m.media-amazon.com:443
DEBUG: https://m.media-amazon.com:443 "GET /images/I/41T1vIT+MOL.jpg HTTP/1.1" 200 26363
INFO: ImgDownloader.download: Saved '/home/john/.local/share/artemis_sg/downloaded_images/9780593356678-2.jpg
DEBUG: ImgDownloader.download: Downloading 'https://m.media-amazon.com/images/I/51TqkMjo-4L.jpg' to '/home/john/.local/share/artemis_sg/downloaded_images'
DEBUG: Starting new HTTPS connection (1): m.media-amazon.com:443
DEBUG: https://m.media-amazon.com:443 "GET /images/I/51TqkMjo-4L.jpg HTTP/1.1" 200 44406
INFO: ImgDownloader.download: Saved '/home/john/.local/share/artemis_sg/downloaded_images/9781250262899.jpg
DEBUG: ImgDownloader.download: Downloading 'https://m.media-amazon.com/images/I/51VMzKwOnSL.jpg' to '/home/john/.local/share/artemis_sg/downloaded_images'
DEBUG: Starting new HTTPS connection (1): m.media-amazon.com:443
DEBUG: https://m.media-amazon.com:443 "GET /images/I/51VMzKwOnSL.jpg HTTP/1.1" 200 58595
INFO: ImgDownloader.download: Saved '/home/john/.local/share/artemis_sg/downloaded_images/9781250262899-1.jpg
DEBUG: ImgDownloader.download: Downloading 'https://m.media-amazon.com/images/I/51wn9dXgsKL.jpg' to '/home/john/.local/share/artemis_sg/downloaded_images'
DEBUG: Starting new HTTPS connection (1): m.media-amazon.com:443
DEBUG: https://m.media-amazon.com:443 "GET /images/I/51wn9dXgsKL.jpg HTTP/1.1" 200 41265
INFO: ImgDownloader.download: Saved '/home/john/.local/share/artemis_sg/downloaded_images/9781250262899-2.jpg
DEBUG: ImgDownloader.download: Downloading 'https://m.media-amazon.com/images/I/51QGyIwX79L.jpg' to '/home/john/.local/share/artemis_sg/downloaded_images'
DEBUG: Starting new HTTPS connection (1): m.media-amazon.com:443
DEBUG: https://m.media-amazon.com:443 "GET /images/I/51QGyIwX79L.jpg HTTP/1.1" 200 36760
INFO: ImgDownloader.download: Saved '/home/john/.local/share/artemis_sg/downloaded_images/9781250262899-3.jpg
DEBUG: ImgDownloader.download: Downloading 'https://m.media-amazon.com/images/I/51vY4G6q5lL.jpg' to '/home/john/.local/share/artemis_sg/downloaded_images'
DEBUG: Starting new HTTPS connection (1): m.media-amazon.com:443
DEBUG: https://m.media-amazon.com:443 "GET /images/I/51vY4G6q5lL.jpg HTTP/1.1" 200 40925
INFO: ImgDownloader.download: Saved '/home/john/.local/share/artemis_sg/downloaded_images/9780500204054.jpg
DEBUG: ImgDownloader.download: Downloading 'https://m.media-amazon.com/images/I/41kk70Zp5KL.jpg' to '/home/john/.local/share/artemis_sg/downloaded_images'
DEBUG: Starting new HTTPS connection (1): m.media-amazon.com:443
DEBUG: https://m.media-amazon.com:443 "GET /images/I/41kk70Zp5KL.jpg HTTP/1.1" 200 21484
INFO: ImgDownloader.download: Saved '/home/john/.local/share/artemis_sg/downloaded_images/9780393531794.jpg
DEBUG: ImgDownloader.download: Downloading 'https://m.media-amazon.com/images/I/41tXW9KsXGL.jpg' to '/home/john/.local/share/artemis_sg/downloaded_images'
DEBUG: Starting new HTTPS connection (1): m.media-amazon.com:443
DEBUG: https://m.media-amazon.com:443 "GET /images/I/41tXW9KsXGL.jpg HTTP/1.1" 200 30798
INFO: ImgDownloader.download: Saved '/home/john/.local/share/artemis_sg/downloaded_images/9780802145161.jpg
DEBUG: ImgDownloader.download: Downloading 'https://m.media-amazon.com/images/I/51E7w2OTR7L.jpg' to '/home/john/.local/share/artemis_sg/downloaded_images'
DEBUG: Starting new HTTPS connection (1): m.media-amazon.com:443
DEBUG: https://m.media-amazon.com:443 "GET /images/I/51E7w2OTR7L.jpg HTTP/1.1" 200 55512
INFO: ImgDownloader.download: Saved '/home/john/.local/share/artemis_sg/downloaded_images/9780802128676.jpg
DEBUG: ImgDownloader.download: Downloading 'https://m.media-amazon.com/images/I/41AgTxDwZxL.jpg' to '/home/john/.local/share/artemis_sg/downloaded_images'
DEBUG: Starting new HTTPS connection (1): m.media-amazon.com:443
DEBUG: https://m.media-amazon.com:443 "GET /images/I/41AgTxDwZxL.jpg HTTP/1.1" 200 29600
INFO: ImgDownloader.download: Saved '/home/john/.local/share/artemis_sg/downloaded_images/9780802148629.jpg
DEBUG: ImgDownloader.download: Downloading 'https://m.media-amazon.com/images/I/41MVFOGTJdL.jpg' to '/home/john/.local/share/artemis_sg/downloaded_images'
DEBUG: Starting new HTTPS connection (1): m.media-amazon.com:443
DEBUG: https://m.media-amazon.com:443 "GET /images/I/41MVFOGTJdL.jpg HTTP/1.1" 200 23611
INFO: ImgDownloader.download: Saved '/home/john/.local/share/artemis_sg/downloaded_images/9780802162137.jpg
DEBUG: ImgDownloader.download: Downloading 'https://m.media-amazon.com/images/I/41e4MzkPjnL.jpg' to '/home/john/.local/share/artemis_sg/downloaded_images'
DEBUG: Starting new HTTPS connection (1): m.media-amazon.com:443
DEBUG: https://m.media-amazon.com:443 "GET /images/I/41e4MzkPjnL.jpg HTTP/1.1" 200 29498
INFO: ImgDownloader.download: Saved '/home/john/.local/share/artemis_sg/downloaded_images/9780802159380.jpg
DEBUG: ImgDownloader.download: Downloading 'https://m.media-amazon.com/images/I/412sP2TlqfL.jpg' to '/home/john/.local/share/artemis_sg/downloaded_images'
DEBUG: Starting new HTTPS connection (1): m.media-amazon.com:443
DEBUG: https://m.media-amazon.com:443 "GET /images/I/412sP2TlqfL.jpg HTTP/1.1" 200 24199
INFO: ImgDownloader.download: Saved '/home/john/.local/share/artemis_sg/downloaded_images/9780691210766.jpg
DEBUG: ImgDownloader.download: Downloading 'https://m.media-amazon.com/images/I/41Gw4LkJFpL.jpg' to '/home/john/.local/share/artemis_sg/downloaded_images'
DEBUG: Starting new HTTPS connection (1): m.media-amazon.com:443
DEBUG: https://m.media-amazon.com:443 "GET /images/I/41Gw4LkJFpL.jpg HTTP/1.1" 200 31442
INFO: ImgDownloader.download: Saved '/home/john/.local/share/artemis_sg/downloaded_images/9780802122964.jpg
DEBUG: ImgDownloader.download: Downloading 'https://m.media-amazon.com/images/I/41xg7ewIrNL.jpg' to '/home/john/.local/share/artemis_sg/downloaded_images'
DEBUG: Starting new HTTPS connection (1): m.media-amazon.com:443
DEBUG: https://m.media-amazon.com:443 "GET /images/I/41xg7ewIrNL.jpg HTTP/1.1" 200 30270
INFO: ImgDownloader.download: Saved '/home/john/.local/share/artemis_sg/downloaded_images/9780063056237.jpg
DEBUG: ImgDownloader.download: Downloading 'https://m.media-amazon.com/images/I/419ubuFKtaL.jpg' to '/home/john/.local/share/artemis_sg/downloaded_images'
DEBUG: Starting new HTTPS connection (1): m.media-amazon.com:443
DEBUG: https://m.media-amazon.com:443 "GET /images/I/419ubuFKtaL.jpg HTTP/1.1" 200 20984
INFO: ImgDownloader.download: Saved '/home/john/.local/share/artemis_sg/downloaded_images/9780063056237-1.jpg
DEBUG: ImgDownloader.download: Downloading 'https://m.media-amazon.com/images/I/412AqSa35jL.jpg' to '/home/john/.local/share/artemis_sg/downloaded_images'
DEBUG: Starting new HTTPS connection (1): m.media-amazon.com:443
DEBUG: https://m.media-amazon.com:443 "GET /images/I/412AqSa35jL.jpg HTTP/1.1" 200 22399
INFO: ImgDownloader.download: Saved '/home/john/.local/share/artemis_sg/downloaded_images/9780063056237-2.jpg
DEBUG: ImgDownloader.download: Downloading 'https://m.media-amazon.com/images/I/419wpdbYu2L.jpg' to '/home/john/.local/share/artemis_sg/downloaded_images'
DEBUG: Starting new HTTPS connection (1): m.media-amazon.com:443
