DEBUG: cli.cli: Debug mode enabled.
DEBUG: cli.upload: Upload source path is: /home/john/.local/share/artemis_sg/downloaded_images
DEBUG: Checking /home/john/Documents/src/artemis_slide_generator/g_cloud_service_key.json for explicit credentials as part of auth process...
DEBUG: Checking /home/john/Documents/src/artemis_slide_generator/g_cloud_service_key.json for explicit credentials as part of auth process...
DEBUG: Converted retries value: 3 -> Retry(total=3, connect=None, read=None, redirect=None, status=None)
DEBUG: Making request: POST https://oauth2.googleapis.com/token
DEBUG: Starting new HTTPS connection (1): oauth2.googleapis.com:443
DEBUG: https://oauth2.googleapis.com:443 "POST /token HTTP/1.1" 200 None
DEBUG: Starting new HTTPS connection (1): storage.googleapis.com:443
DEBUG: https://storage.googleapis.com:443 "GET /storage/v1/b/gj_images/o?projection=noAcl&prefix=artemis_images&prettyPrint=false HTTP/1.1" 200 72672
INFO: gcloud.upload: Uploading 'artemis_images/9781912891146.jpg' to Google Cloud bucket.
DEBUG: https://storage.googleapis.com:443 "POST /upload/storage/v1/b/gj_images/o?uploadType=multipart HTTP/1.1" 200 812
INFO: gcloud.upload: Uploading 'artemis_images/9781620556627.jpg' to Google Cloud bucket.
DEBUG: https://storage.googleapis.com:443 "POST /upload/storage/v1/b/gj_images/o?uploadType=multipart HTTP/1.1" 200 812
INFO: gcloud.upload: Uploading 'artemis_images/9781785786112-1.jpg' to Google Cloud bucket.
DEBUG: https://storage.googleapis.com:443 "POST /upload/storage/v1/b/gj_images/o?uploadType=multipart HTTP/1.1" 200 820
INFO: gcloud.upload: Uploading 'artemis_images/9781786642264-2.jpg' to Google Cloud bucket.
DEBUG: https://storage.googleapis.com:443 "POST /upload/storage/v1/b/gj_images/o?uploadType=multipart HTTP/1.1" 200 820
INFO: gcloud.upload: Uploading 'artemis_images/9781644115787-3.jpg' to Google Cloud bucket.
DEBUG: https://storage.googleapis.com:443 "POST /upload/storage/v1/b/gj_images/o?uploadType=multipart HTTP/1.1" 200 819
INFO: gcloud.upload: Uploading 'artemis_images/9781591433668.jpg' to Google Cloud bucket.
DEBUG: https://storage.googleapis.com:443 "POST /upload/storage/v1/b/gj_images/o?uploadType=multipart HTTP/1.1" 200 812
INFO: gcloud.upload: Uploading 'artemis_images/9780892818617.jpg' to Google Cloud bucket.
DEBUG: https://storage.googleapis.com:443 "POST /upload/storage/v1/b/gj_images/o?uploadType=multipart HTTP/1.1" 200 812
INFO: gcloud.upload: Uploading 'artemis_images/9780892816309.jpg' to Google Cloud bucket.
DEBUG: https://storage.googleapis.com:443 "POST /upload/storage/v1/b/gj_images/o?uploadType=multipart HTTP/1.1" 200 812
INFO: gcloud.upload: Uploading 'artemis_images/9781594773228.jpg' to Google Cloud bucket.
DEBUG: https://storage.googleapis.com:443 "POST /upload/storage/v1/b/gj_images/o?uploadType=multipart HTTP/1.1" 200 812
INFO: gcloud.upload: Uploading 'artemis_images/9781620558850-5.jpg' to Google Cloud bucket.
DEBUG: https://storage.googleapis.com:443 "POST /upload/storage/v1/b/gj_images/o?uploadType=multipart HTTP/1.1" 200 820
INFO: gcloud.upload: Uploading 'artemis_images/9781594771460.jpg' to Google Cloud bucket.
DEBUG: https://storage.googleapis.com:443 "POST /upload/storage/v1/b/gj_images/o?uploadType=multipart HTTP/1.1" 200 812
INFO: gcloud.upload: Uploading 'artemis_images/9781620557822.jpg' to Google Cloud bucket.
DEBUG: https://storage.googleapis.com:443 "POST /upload/storage/v1/b/gj_images/o?uploadType=multipart HTTP/1.1" 200 812
INFO: gcloud.upload: Uploading 'artemis_images/9781594772856.jpg' to Google Cloud bucket.
DEBUG: https://storage.googleapis.com:443 "POST /upload/storage/v1/b/gj_images/o?uploadType=multipart HTTP/1.1" 200 812
INFO: gcloud.upload: Uploading 'artemis_images/9781771648196.jpg' to Google Cloud bucket.
DEBUG: https://storage.googleapis.com:443 "POST /upload/storage/v1/b/gj_images/o?uploadType=multipart HTTP/1.1" 200 812
INFO: gcloud.upload: Uploading 'artemis_images/9781771648912.jpg' to Google Cloud bucket.
DEBUG: https://storage.googleapis.com:443 "POST /upload/storage/v1/b/gj_images/o?uploadType=multipart HTTP/1.1" 200 812
INFO: gcloud.upload: Uploading 'artemis_images/9780892815319-1.jpg' to Google Cloud bucket.
DEBUG: https://storage.googleapis.com:443 "POST /upload/storage/v1/b/gj_images/o?uploadType=multipart HTTP/1.1" 200 820
INFO: gcloud.upload: Uploading 'artemis_images/9780892818419.jpg' to Google Cloud bucket.
DEBUG: https://storage.googleapis.com:443 "POST /upload/storage/v1/b/gj_images/o?uploadType=multipart HTTP/1.1" 200 812
INFO: gcloud.upload: Uploading 'artemis_images/9781783529377.jpg' to Google Cloud bucket.
DEBUG: https://storage.googleapis.com:443 "POST /upload/storage/v1/b/gj_images/o?uploadType=multipart HTTP/1.1" 200 812
INFO: gcloud.upload: Uploading 'artemis_images/9780892812356.jpg' to Google Cloud bucket.
DEBUG: https://storage.googleapis.com:443 "POST /upload/storage/v1/b/gj_images/o?uploadType=multipart HTTP/1.1" 200 812
INFO: gcloud.upload: Uploading 'artemis_images/9781844097319.jpg' to Google Cloud bucket.
DEBUG: https://storage.googleapis.com:443 "POST /upload/storage/v1/b/gj_images/o?uploadType=multipart HTTP/1.1" 200 812
INFO: gcloud.upload: Uploading 'artemis_images/9781620556238.jpg' to Google Cloud bucket.
DEBUG: https://storage.googleapis.com:443 "POST /upload/storage/v1/b/gj_images/o?uploadType=multipart HTTP/1.1" 200 812
INFO: gcloud.upload: Uploading 'artemis_images/9781771649407.jpg' to Google Cloud bucket.
DEBUG: https://storage.googleapis.com:443 "POST /upload/storage/v1/b/gj_images/o?uploadType=multipart HTTP/1.1" 200 812
INFO: gcloud.upload: Uploading 'artemis_images/9781591431619.jpg' to Google Cloud bucket.
DEBUG: https://storage.googleapis.com:443 "POST /upload/storage/v1/b/gj_images/o?uploadType=multipart HTTP/1.1" 200 812
INFO: gcloud.upload: Uploading 'artemis_images/9781913348069.jpg' to Google Cloud bucket.
DEBUG: https://storage.googleapis.com:443 "POST /upload/storage/v1/b/gj_images/o?uploadType=multipart HTTP/1.1" 200 812
INFO: gcloud.upload: Uploading 'artemis_images/9780892819416.jpg' to Google Cloud bucket.
DEBUG: https://storage.googleapis.com:443 "POST /upload/storage/v1/b/gj_images/o?uploadType=multipart HTTP/1.1" 200 812
INFO: gcloud.upload: Uploading 'artemis_images/9780892814558.jpg' to Google Cloud bucket.
DEBUG: https://storage.googleapis.com:443 "POST /upload/storage/v1/b/gj_images/o?uploadType=multipart HTTP/1.1" 200 812
INFO: gcloud.upload: Uploading 'artemis_images/9781591430476.jpg' to Google Cloud bucket.
DEBUG: https://storage.googleapis.com:443 "POST /upload/storage/v1/b/gj_images/o?uploadType=multipart HTTP/1.1" 200 812
INFO: gcloud.upload: Uploading 'artemis_images/9780892815302.jpg' to Google Cloud bucket.
DEBUG: https://storage.googleapis.com:443 "POST /upload/storage/v1/b/gj_images/o?uploadType=multipart HTTP/1.1" 200 812
INFO: gcloud.upload: Uploading 'artemis_images/9781591433194.jpg' to Google Cloud bucket.
DEBUG: https://storage.googleapis.com:443 "POST /upload/storage/v1/b/gj_images/o?uploadType=multipart HTTP/1.1" 200 812
INFO: gcloud.upload: Uploading 'artemis_images/9781844091850.jpg' to Google Cloud bucket.
DEBUG: https://storage.googleapis.com:443 "POST /upload/storage/v1/b/gj_images/o?uploadType=multipart HTTP/1.1" 200 812
INFO: gcloud.upload: Uploading 'artemis_images/9781591431213.jpg' to Google Cloud bucket.
DEBUG: https://storage.googleapis.com:443 "POST /upload/storage/v1/b/gj_images/o?uploadType=multipart HTTP/1.1" 200 812
INFO: gcloud.upload: Uploading 'artemis_images/9781800181670.jpg' to Google Cloud bucket.
DEBUG: https://storage.googleapis.com:443 "POST /upload/storage/v1/b/gj_images/o?uploadType=multipart HTTP/1.1" 200 812
INFO: gcloud.upload: Uploading 'artemis_images/9781620559024.jpg' to Google Cloud bucket.
DEBUG: https://storage.googleapis.com:443 "POST /upload/storage/v1/b/gj_images/o?uploadType=multipart HTTP/1.1" 200 812
INFO: gcloud.upload: Uploading 'artemis_images/9781957363349.jpg' to Google Cloud bucket.
DEBUG: https://storage.googleapis.com:443 "POST /upload/storage/v1/b/gj_images/o?uploadType=multipart HTTP/1.1" 200 812
INFO: gcloud.upload: Uploading 'artemis_images/9780892812912.jpg' to Google Cloud bucket.
DEBUG: https://storage.googleapis.com:443 "POST /upload/storage/v1/b/gj_images/o?uploadType=multipart HTTP/1.1" 200 812
INFO: gcloud.upload: Uploading 'artemis_images/9781594770777.jpg' to Google Cloud bucket.
DEBUG: https://storage.googleapis.com:443 "POST /upload/storage/v1/b/gj_images/o?uploadType=multipart HTTP/1.1" 200 812
INFO: gcloud.upload: Uploading 'artemis_images/9781620555590.jpg' to Google Cloud bucket.
DEBUG: https://storage.googleapis.com:443 "POST /upload/storage/v1/b/gj_images/o?uploadType=multipart HTTP/1.1" 200 812
INFO: gcloud.upload: Uploading 'artemis_images/9780892819768.jpg' to Google Cloud bucket.
DEBUG: https://storage.googleapis.com:443 "POST /upload/storage/v1/b/gj_images/o?uploadType=multipart HTTP/1.1" 200 812
INFO: gcloud.upload: Uploading 'artemis_images/9781844090839.jpg' to Google Cloud bucket.
DEBUG: https://storage.googleapis.com:443 "POST /upload/storage/v1/b/gj_images/o?uploadType=multipart HTTP/1.1" 200 812
INFO: gcloud.upload: Uploading 'artemis_images/9780892816187.jpg' to Google Cloud bucket.
DEBUG: https://storage.googleapis.com:443 "POST /upload/storage/v1/b/gj_images/o?uploadType=multipart HTTP/1.1" 200 812
INFO: gcloud.upload: Uploading 'artemis_images/9781620553237.jpg' to Google Cloud bucket.
DEBUG: https://storage.googleapis.com:443 "POST /upload/storage/v1/b/gj_images/o?uploadType=multipart HTTP/1.1" 200 812
INFO: gcloud.upload: Uploading 'artemis_images/9781785786112-9.jpg' to Google Cloud bucket.
DEBUG: https://storage.googleapis.com:443 "POST /upload/storage/v1/b/gj_images/o?uploadType=multipart HTTP/1.1" 200 820
INFO: gcloud.upload: Uploading 'artemis_images/9781594772511.jpg' to Google Cloud bucket.
DEBUG: https://storage.googleapis.com:443 "POST /upload/storage/v1/b/gj_images/o?uploadType=multipart HTTP/1.1" 200 812
INFO: gcloud.upload: Uploading 'artemis_images/9781786647931-3.jpg' to Google Cloud bucket.
DEBUG: https://storage.googleapis.com:443 "POST /upload/storage/v1/b/gj_images/o?uploadType=multipart HTTP/1.1" 200 820
INFO: gcloud.upload: Uploading 'artemis_images/9781620558089.jpg' to Google Cloud bucket.
DEBUG: https://storage.googleapis.com:443 "POST /upload/storage/v1/b/gj_images/o?uploadType=multipart HTTP/1.1" 200 812
INFO: gcloud.upload: Uploading 'artemis_images/9780882848303-2.jpg' to Google Cloud bucket.
DEBUG: https://storage.googleapis.com:443 "POST /upload/storage/v1/b/gj_images/o?uploadType=multipart HTTP/1.1" 200 820
INFO: gcloud.upload: Uploading 'artemis_images/9781594771378.jpg' to Google Cloud bucket.
DEBUG: https://storage.googleapis.com:443 "POST /upload/storage/v1/b/gj_images/o?uploadType=multipart HTTP/1.1" 200 812
INFO: gcloud.upload: Uploading 'artemis_images/9780892815258.jpg' to Google Cloud bucket.
DEBUG: https://storage.googleapis.com:443 "POST /upload/storage/v1/b/gj_images/o?uploadType=multipart HTTP/1.1" 200 812
INFO: gcloud.upload: Uploading 'artemis_images/9781912891047.jpg' to Google Cloud bucket.
DEBUG: https://storage.googleapis.com:443 "POST /upload/storage/v1/b/gj_images/o?uploadType=multipart HTTP/1.1" 200 812
INFO: gcloud.upload: Uploading 'artemis_images/9781591432333.jpg' to Google Cloud bucket.
DEBUG: https://storage.googleapis.com:443 "POST /upload/storage/v1/b/gj_images/o?uploadType=multipart HTTP/1.1" 200 812
INFO: gcloud.upload: Uploading 'artemis_images/9781620559109.jpg' to Google Cloud bucket.
DEBUG: https://storage.googleapis.com:443 "POST /upload/storage/v1/b/gj_images/o?uploadType=multipart HTTP/1.1" 200 812
INFO: gcloud.upload: Uploading 'artemis_images/9780769209722-2.jpg' to Google Cloud bucket.
DEBUG: https://storage.googleapis.com:443 "POST /upload/storage/v1/b/gj_images/o?uploadType=multipart HTTP/1.1" 200 820
INFO: gcloud.upload: Uploading 'artemis_images/9781785786112-8.jpg' to Google Cloud bucket.
DEBUG: https://storage.googleapis.com:443 "POST /upload/storage/v1/b/gj_images/o?uploadType=multipart HTTP/1.1" 200 820
INFO: gcloud.upload: Uploading 'artemis_images/9781644110416.jpg' to Google Cloud bucket.
DEBUG: https://storage.googleapis.com:443 "POST /upload/storage/v1/b/gj_images/o?uploadType=multipart HTTP/1.1" 200 812
INFO: gcloud.upload: Uploading 'artemis_images/9781620558966.jpg' to Google Cloud bucket.
DEBUG: https://storage.googleapis.com:443 "POST /upload/storage/v1/b/gj_images/o?uploadType=multipart HTTP/1.1" 200 812
INFO: gcloud.upload: Uploading 'artemis_images/9781620557785-8.jpg' to Google Cloud bucket.
DEBUG: https://storage.googleapis.com:443 "POST /upload/storage/v1/b/gj_images/o?uploadType=multipart HTTP/1.1" 200 820
INFO: gcloud.upload: Uploading 'artemis_images/9781594772061.jpg' to Google Cloud bucket.
DEBUG: https://storage.googleapis.com:443 "POST /upload/storage/v1/b/gj_images/o?uploadType=multipart HTTP/1.1" 200 812
INFO: gcloud.upload: Uploading 'artemis_images/9780939680474.jpg' to Google Cloud bucket.
DEBUG: https://storage.googleapis.com:443 "POST /upload/storage/v1/b/gj_images/o?uploadType=multipart HTTP/1.1" 200 812
INFO: gcloud.upload: Uploading 'artemis_images/9781594771903.jpg' to Google Cloud bucket.
DEBUG: https://storage.googleapis.com:443 "POST /upload/storage/v1/b/gj_images/o?uploadType=multipart HTTP/1.1" 200 812
INFO: gcloud.upload: Uploading 'artemis_images/9781620554111.jpg' to Google Cloud bucket.
DEBUG: https://storage.googleapis.com:443 "POST /upload/storage/v1/b/gj_images/o?uploadType=multipart HTTP/1.1" 200 812
INFO: gcloud.upload: Uploading 'artemis_images/9781620555873.jpg' to Google Cloud bucket.
DEBUG: https://storage.googleapis.com:443 "POST /upload/storage/v1/b/gj_images/o?uploadType=multipart HTTP/1.1" 200 812
INFO: gcloud.upload: Uploading 'artemis_images/9781620555279.jpg' to Google Cloud bucket.
DEBUG: https://storage.googleapis.com:443 "POST /upload/storage/v1/b/gj_images/o?uploadType=multipart HTTP/1.1" 200 812
INFO: gcloud.upload: Uploading 'artemis_images/9781591433583.jpg' to Google Cloud bucket.
DEBUG: https://storage.googleapis.com:443 "POST /upload/storage/v1/b/gj_images/o?uploadType=multipart HTTP/1.1" 200 812
INFO: gcloud.upload: Uploading 'artemis_images/9781620556382.jpg' to Google Cloud bucket.
DEBUG: https://storage.googleapis.com:443 "POST /upload/storage/v1/b/gj_images/o?uploadType=multipart HTTP/1.1" 200 812
INFO: gcloud.upload: Uploading 'artemis_images/9781879181618.jpg' to Google Cloud bucket.
DEBUG: https://storage.googleapis.com:443 "POST /upload/storage/v1/b/gj_images/o?uploadType=multipart HTTP/1.1" 200 812
INFO: gcloud.upload: Uploading 'artemis_images/9781844096855-1.jpg' to Google Cloud bucket.
DEBUG: https://storage.googleapis.com:443 "POST /upload/storage/v1/b/gj_images/o?uploadType=multipart HTTP/1.1" 200 820
INFO: gcloud.upload: Uploading 'artemis_images/9781620554685.jpg' to Google Cloud bucket.
DEBUG: https://storage.googleapis.com:443 "POST /upload/storage/v1/b/gj_images/o?uploadType=multipart HTTP/1.1" 200 812
INFO: gcloud.upload: Uploading 'artemis_images/9781644112717.jpg' to Google Cloud bucket.
DEBUG: https://storage.googleapis.com:443 "POST /upload/storage/v1/b/gj_images/o?uploadType=multipart HTTP/1.1" 200 812
INFO: gcloud.upload: Uploading 'artemis_images/9781899171248.jpg' to Google Cloud bucket.
DEBUG: https://storage.googleapis.com:443 "POST /upload/storage/v1/b/gj_images/o?uploadType=multipart HTTP/1.1" 200 812
INFO: gcloud.upload: Uploading 'artemis_images/9781912891016.jpg' to Google Cloud bucket.
DEBUG: https://storage.googleapis.com:443 "POST /upload/storage/v1/b/gj_images/o?uploadType=multipart HTTP/1.1" 200 812
INFO: gcloud.upload: Uploading 'artemis_images/9780892819331.jpg' to Google Cloud bucket.
DEBUG: https://storage.googleapis.com:443 "POST /upload/storage/v1/b/gj_images/o?uploadType=multipart HTTP/1.1" 200 812
INFO: gcloud.upload: Uploading 'artemis_images/9782072943270-1.jpg' to Google Cloud bucket.
DEBUG: https://storage.googleapis.com:443 "POST /upload/storage/v1/b/gj_images/o?uploadType=multipart HTTP/1.1" 200 821
INFO: gcloud.upload: Uploading 'artemis_images/9781620555750-1.jpg' to Google Cloud bucket.
DEBUG: https://storage.googleapis.com:443 "POST /upload/storage/v1/b/gj_images/o?uploadType=multipart HTTP/1.1" 200 820
INFO: gcloud.upload: Uploading 'artemis_images/9780738747903.jpg' to Google Cloud bucket.
DEBUG: https://storage.googleapis.com:443 "POST /upload/storage/v1/b/gj_images/o?uploadType=multipart HTTP/1.1" 200 812
INFO: gcloud.upload: Uploading 'artemis_images/9781999917975-1.jpg' to Google Cloud bucket.
DEBUG: https://storage.googleapis.com:443 "POST /upload/storage/v1/b/gj_images/o?uploadType=multipart HTTP/1.1" 200 820
INFO: gcloud.upload: Uploading 'artemis_images/9781591434191.jpg' to Google Cloud bucket.
DEBUG: https://storage.googleapis.com:443 "POST /upload/storage/v1/b/gj_images/o?uploadType=multipart HTTP/1.1" 200 812
INFO: gcloud.upload: Uploading 'artemis_images/9780892816330.jpg' to Google Cloud bucket.
DEBUG: https://storage.googleapis.com:443 "POST /upload/storage/v1/b/gj_images/o?uploadType=multipart HTTP/1.1" 200 812
INFO: gcloud.upload: Uploading 'artemis_images/9781844090822.jpg' to Google Cloud bucket.
DEBUG: https://storage.googleapis.com:443 "POST /upload/storage/v1/b/gj_images/o?uploadType=multipart HTTP/1.1" 200 812
INFO: gcloud.upload: Uploading 'artemis_images/9781785786112-2.jpg' to Google Cloud bucket.
DEBUG: https://storage.googleapis.com:443 "POST /upload/storage/v1/b/gj_images/o?uploadType=multipart HTTP/1.1" 200 820
INFO: gcloud.upload: Uploading 'artemis_images/9781785786112-4.jpg' to Google Cloud bucket.
DEBUG: https://storage.googleapis.com:443 "POST /upload/storage/v1/b/gj_images/o?uploadType=multipart HTTP/1.1" 200 820
INFO: gcloud.upload: Uploading 'artemis_images/9781620558799.jpg' to Google Cloud bucket.
DEBUG: https://storage.googleapis.com:443 "POST /upload/storage/v1/b/gj_images/o?uploadType=multipart HTTP/1.1" 200 812
INFO: gcloud.upload: Uploading 'artemis_images/9781620557563.jpg' to Google Cloud bucket.
DEBUG: https://storage.googleapis.com:443 "POST /upload/storage/v1/b/gj_images/o?uploadType=multipart HTTP/1.1" 200 812
INFO: gcloud.upload: Uploading 'artemis_images/9780892814145.jpg' to Google Cloud bucket.
DEBUG: https://storage.googleapis.com:443 "POST /upload/storage/v1/b/gj_images/o?uploadType=multipart HTTP/1.1" 200 812
INFO: gcloud.upload: Uploading 'artemis_images/9780892819041.jpg' to Google Cloud bucket.
DEBUG: https://storage.googleapis.com:443 "POST /upload/storage/v1/b/gj_images/o?uploadType=multipart HTTP/1.1" 200 812
INFO: gcloud.upload: Uploading 'artemis_images/9781620557785-1.jpg' to Google Cloud bucket.
DEBUG: https://storage.googleapis.com:443 "POST /upload/storage/v1/b/gj_images/o?uploadType=multipart HTTP/1.1" 200 820
INFO: gcloud.upload: Uploading 'artemis_images/9781771645096.jpg' to Google Cloud bucket.
DEBUG: https://storage.googleapis.com:443 "POST /upload/storage/v1/b/gj_images/o?uploadType=multipart HTTP/1.1" 200 812
INFO: gcloud.upload: Uploading 'artemis_images/9780892814121.jpg' to Google Cloud bucket.
DEBUG: https://storage.googleapis.com:443 "POST /upload/storage/v1/b/gj_images/o?uploadType=multipart HTTP/1.1" 200 812
INFO: gcloud.upload: Uploading 'artemis_images/9781590173299.jpg' to Google Cloud bucket.
DEBUG: https://storage.googleapis.com:443 "POST /upload/storage/v1/b/gj_images/o?uploadType=multipart HTTP/1.1" 200 812
INFO: gcloud.upload: Uploading 'artemis_images/9780892813971.jpg' to Google Cloud bucket.
DEBUG: https://storage.googleapis.com:443 "POST /upload/storage/v1/b/gj_images/o?uploadType=multipart HTTP/1.1" 200 812
INFO: gcloud.upload: Uploading 'artemis_images/9780882848303-1.jpg' to Google Cloud bucket.
DEBUG: https://storage.googleapis.com:443 "POST /upload/storage/v1/b/gj_images/o?uploadType=multipart HTTP/1.1" 200 820
INFO: gcloud.upload: Uploading 'artemis_images/9781912891573.jpg' to Google Cloud bucket.
DEBUG: https://storage.googleapis.com:443 "POST /upload/storage/v1/b/gj_images/o?uploadType=multipart HTTP/1.1" 200 812
INFO: gcloud.upload: Uploading 'artemis_images/9782072943270.jpg' to Google Cloud bucket.
DEBUG: https://storage.googleapis.com:443 "POST /upload/storage/v1/b/gj_images/o?uploadType=multipart HTTP/1.1" 200 812
INFO: gcloud.upload: Uploading 'artemis_images/9781591433545.jpg' to Google Cloud bucket.
DEBUG: https://storage.googleapis.com:443 "POST /upload/storage/v1/b/gj_images/o?uploadType=multipart HTTP/1.1" 200 812
INFO: gcloud.upload: Uploading 'artemis_images/9781644114834.jpg' to Google Cloud bucket.
DEBUG: https://storage.googleapis.com:443 "POST /upload/storage/v1/b/gj_images/o?uploadType=multipart HTTP/1.1" 200 812
INFO: gcloud.upload: Uploading 'artemis_images/9781594772672.jpg' to Google Cloud bucket.
DEBUG: https://storage.googleapis.com:443 "POST /upload/storage/v1/b/gj_images/o?uploadType=multipart HTTP/1.1" 200 812
INFO: gcloud.upload: Uploading 'artemis_images/9781644112694.jpg' to Google Cloud bucket.
DEBUG: https://storage.googleapis.com:443 "POST /upload/storage/v1/b/gj_images/o?uploadType=multipart HTTP/1.1" 200 812
INFO: gcloud.upload: Uploading 'artemis_images/9780892818365.jpg' to Google Cloud bucket.
DEBUG: https://storage.googleapis.com:443 "POST /upload/storage/v1/b/gj_images/o?uploadType=multipart HTTP/1.1" 200 812
INFO: gcloud.upload: Uploading 'artemis_images/9780882848303-4.jpg' to Google Cloud bucket.
DEBUG: https://storage.googleapis.com:443 "POST /upload/storage/v1/b/gj_images/o?uploadType=multipart HTTP/1.1" 200 820
INFO: gcloud.upload: Uploading 'artemis_images/9780882848303-3.jpg' to Google Cloud bucket.
DEBUG: https://storage.googleapis.com:443 "POST /upload/storage/v1/b/gj_images/o?uploadType=multipart HTTP/1.1" 200 820
INFO: gcloud.upload: Uploading 'artemis_images/9781957363097.jpg' to Google Cloud bucket.
DEBUG: https://storage.googleapis.com:443 "POST /upload/storage/v1/b/gj_images/o?uploadType=multipart HTTP/1.1" 200 812
INFO: gcloud.upload: Uploading 'artemis_images/9781591431206.jpg' to Google Cloud bucket.
DEBUG: https://storage.googleapis.com:443 "POST /upload/storage/v1/b/gj_images/o?uploadType=multipart HTTP/1.1" 200 812
INFO: gcloud.upload: Uploading 'artemis_images/9781786647931.jpg' to Google Cloud bucket.
DEBUG: https://storage.googleapis.com:443 "POST /upload/storage/v1/b/gj_images/o?uploadType=multipart HTTP/1.1" 200 812
INFO: gcloud.upload: Uploading 'artemis_images/9781950354795.jpg' to Google Cloud bucket.
DEBUG: https://storage.googleapis.com:443 "POST /upload/storage/v1/b/gj_images/o?uploadType=multipart HTTP/1.1" 200 812
INFO: gcloud.upload: Uploading 'artemis_images/9781594770548.jpg' to Google Cloud bucket.
DEBUG: https://storage.googleapis.com:443 "POST /upload/storage/v1/b/gj_images/o?uploadType=multipart HTTP/1.1" 200 812
INFO: gcloud.upload: Uploading 'artemis_images/9781594771101.jpg' to Google Cloud bucket.
DEBUG: https://storage.googleapis.com:443 "POST /upload/storage/v1/b/gj_images/o?uploadType=multipart HTTP/1.1" 200 812
INFO: gcloud.upload: Uploading 'artemis_images/9781912891030.jpg' to Google Cloud bucket.
DEBUG: https://storage.googleapis.com:443 "POST /upload/storage/v1/b/gj_images/o?uploadType=multipart HTTP/1.1" 200 811
INFO: gcloud.upload: Uploading 'artemis_images/9781644114636.jpg' to Google Cloud bucket.
DEBUG: https://storage.googleapis.com:443 "POST /upload/storage/v1/b/gj_images/o?uploadType=multipart HTTP/1.1" 200 812
INFO: gcloud.upload: Uploading 'artemis_images/9780905249841-1.jpg' to Google Cloud bucket.
DEBUG: https://storage.googleapis.com:443 "POST /upload/storage/v1/b/gj_images/o?uploadType=multipart HTTP/1.1" 200 820
INFO: gcloud.upload: Uploading 'artemis_images/9780892817641.jpg' to Google Cloud bucket.
DEBUG: https://storage.googleapis.com:443 "POST /upload/storage/v1/b/gj_images/o?uploadType=multipart HTTP/1.1" 200 812
INFO: gcloud.upload: Uploading 'artemis_images/9781594770470.jpg' to Google Cloud bucket.
DEBUG: https://storage.googleapis.com:443 "POST /upload/storage/v1/b/gj_images/o?uploadType=multipart HTTP/1.1" 200 812
INFO: gcloud.upload: Uploading 'artemis_images/9781771648301.jpg' to Google Cloud bucket.
DEBUG: https://storage.googleapis.com:443 "POST /upload/storage/v1/b/gj_images/o?uploadType=multipart HTTP/1.1" 200 812
INFO: gcloud.upload: Uploading 'artemis_images/9781591430087.jpg' to Google Cloud bucket.
DEBUG: https://storage.googleapis.com:443 "POST /upload/storage/v1/b/gj_images/o?uploadType=multipart HTTP/1.1" 200 812
INFO: gcloud.upload: Uploading 'artemis_images/9781783528516.jpg' to Google Cloud bucket.
DEBUG: https://storage.googleapis.com:443 "POST /upload/storage/v1/b/gj_images/o?uploadType=multipart HTTP/1.1" 200 812
INFO: gcloud.upload: Uploading 'artemis_images/9780307272720-1.jpg' to Google Cloud bucket.
DEBUG: https://storage.googleapis.com:443 "POST /upload/storage/v1/b/gj_images/o?uploadType=multipart HTTP/1.1" 200 820
INFO: gcloud.upload: Uploading 'artemis_images/9781576235249.jpg' to Google Cloud bucket.
DEBUG: https://storage.googleapis.com:443 "POST /upload/storage/v1/b/gj_images/o?uploadType=multipart HTTP/1.1" 200 812
INFO: gcloud.upload: Uploading 'artemis_images/9780892814985.jpg' to Google Cloud bucket.
DEBUG: https://storage.googleapis.com:443 "POST /upload/storage/v1/b/gj_images/o?uploadType=multipart HTTP/1.1" 200 812
INFO: gcloud.upload: Uploading 'artemis_images/9780739093528-4.jpg' to Google Cloud bucket.
DEBUG: https://storage.googleapis.com:443 "POST /upload/storage/v1/b/gj_images/o?uploadType=multipart HTTP/1.1" 200 820
INFO: gcloud.upload: Uploading 'artemis_images/9780892814978.jpg' to Google Cloud bucket.
DEBUG: https://storage.googleapis.com:443 "POST /upload/storage/v1/b/gj_images/o?uploadType=multipart HTTP/1.1" 200 812
INFO: gcloud.upload: Uploading 'artemis_images/9781620557075.jpg' to Google Cloud bucket.
DEBUG: https://storage.googleapis.com:443 "POST /upload/storage/v1/b/gj_images/o?uploadType=multipart HTTP/1.1" 200 812
INFO: gcloud.upload: Uploading 'artemis_images/9781620558065.jpg' to Google Cloud bucket.
DEBUG: https://storage.googleapis.com:443 "POST /upload/storage/v1/b/gj_images/o?uploadType=multipart HTTP/1.1" 200 812
INFO: gcloud.upload: Uploading 'artemis_images/9780892818914.jpg' to Google Cloud bucket.
DEBUG: https://storage.googleapis.com:443 "POST /upload/storage/v1/b/gj_images/o?uploadType=multipart HTTP/1.1" 200 812
INFO: gcloud.upload: Uploading 'artemis_images/9781591432777.jpg' to Google Cloud bucket.
DEBUG: https://storage.googleapis.com:443 "POST /upload/storage/v1/b/gj_images/o?uploadType=multipart HTTP/1.1" 200 812
INFO: gcloud.upload: Uploading 'artemis_images/9781644115510.jpg' to Google Cloud bucket.
DEBUG: https://storage.googleapis.com:443 "POST /upload/storage/v1/b/gj_images/o?uploadType=multipart HTTP/1.1" 200 812
INFO: gcloud.upload: Uploading 'artemis_images/9780892814923.jpg' to Google Cloud bucket.
DEBUG: https://storage.googleapis.com:443 "POST /upload/storage/v1/b/gj_images/o?uploadType=multipart HTTP/1.1" 200 812
INFO: gcloud.upload: Uploading 'artemis_images/9781771644860.jpg' to Google Cloud bucket.
DEBUG: https://storage.googleapis.com:443 "POST /upload/storage/v1/b/gj_images/o?uploadType=multipart HTTP/1.1" 200 812
INFO: gcloud.upload: Uploading 'artemis_images/9780892815388.jpg' to Google Cloud bucket.
DEBUG: https://storage.googleapis.com:443 "POST /upload/storage/v1/b/gj_images/o?uploadType=multipart HTTP/1.1" 200 812
INFO: gcloud.upload: Uploading 'artemis_images/9781785786112-5.jpg' to Google Cloud bucket.
DEBUG: https://storage.googleapis.com:443 "POST /upload/storage/v1/b/gj_images/o?uploadType=multipart HTTP/1.1" 200 820
INFO: gcloud.upload: Uploading 'artemis_images/9781620553725.jpg' to Google Cloud bucket.
DEBUG: https://storage.googleapis.com:443 "POST /upload/storage/v1/b/gj_images/o?uploadType=multipart HTTP/1.1" 200 812
INFO: gcloud.upload: Uploading 'artemis_images/9781644110492.jpg' to Google Cloud bucket.
DEBUG: https://storage.googleapis.com:443 "POST /upload/storage/v1/b/gj_images/o?uploadType=multipart HTTP/1.1" 200 812
INFO: gcloud.upload: Uploading 'artemis_images/9780892818006.jpg' to Google Cloud bucket.
DEBUG: https://storage.googleapis.com:443 "POST /upload/storage/v1/b/gj_images/o?uploadType=multipart HTTP/1.1" 200 812
INFO: gcloud.upload: Uploading 'artemis_images/9780892811090.jpg' to Google Cloud bucket.
DEBUG: https://storage.googleapis.com:443 "POST /upload/storage/v1/b/gj_images/o?uploadType=multipart HTTP/1.1" 200 812
INFO: gcloud.upload: Uploading 'artemis_images/9781644110829.jpg' to Google Cloud bucket.
DEBUG: https://storage.googleapis.com:443 "POST /upload/storage/v1/b/gj_images/o?uploadType=multipart HTTP/1.1" 200 812
INFO: gcloud.upload: Uploading 'artemis_images/9780892816286.jpg' to Google Cloud bucket.
DEBUG: https://storage.googleapis.com:443 "POST /upload/storage/v1/b/gj_images/o?uploadType=multipart HTTP/1.1" 200 812
INFO: gcloud.upload: Uploading 'artemis_images/9780892818952.jpg' to Google Cloud bucket.
DEBUG: https://storage.googleapis.com:443 "POST /upload/storage/v1/b/gj_images/o?uploadType=multipart HTTP/1.1" 200 812
INFO: gcloud.upload: Uploading 'artemis_images/9781950354948.jpg' to Google Cloud bucket.
DEBUG: https://storage.googleapis.com:443 "POST /upload/storage/v1/b/gj_images/o?uploadType=multipart HTTP/1.1" 200 812
INFO: gcloud.upload: Uploading 'artemis_images/9781770857278-2.jpg' to Google Cloud bucket.
DEBUG: https://storage.googleapis.com:443 "POST /upload/storage/v1/b/gj_images/o?uploadType=multipart HTTP/1.1" 200 820
INFO: gcloud.upload: Uploading 'artemis_images/9781591432883.jpg' to Google Cloud bucket.
DEBUG: https://storage.googleapis.com:443 "POST /upload/storage/v1/b/gj_images/o?uploadType=multipart HTTP/1.1" 200 812
INFO: gcloud.upload: Uploading 'artemis_images/9780892816279.jpg' to Google Cloud bucket.
DEBUG: https://storage.googleapis.com:443 "POST /upload/storage/v1/b/gj_images/o?uploadType=multipart HTTP/1.1" 200 812
INFO: gcloud.upload: Uploading 'artemis_images/9781594773020.jpg' to Google Cloud bucket.
DEBUG: https://storage.googleapis.com:443 "POST /upload/storage/v1/b/gj_images/o?uploadType=multipart HTTP/1.1" 200 812
INFO: gcloud.upload: Uploading 'artemis_images/9781999917975-2.jpg' to Google Cloud bucket.
DEBUG: https://storage.googleapis.com:443 "POST /upload/storage/v1/b/gj_images/o?uploadType=multipart HTTP/1.1" 200 819
INFO: gcloud.upload: Uploading 'artemis_images/9781594771279.jpg' to Google Cloud bucket.
DEBUG: https://storage.googleapis.com:443 "POST /upload/storage/v1/b/gj_images/o?uploadType=multipart HTTP/1.1" 200 812
INFO: gcloud.upload: File '9780691025551.jpg' found in Google Cloud bucket, not uploading.
INFO: gcloud.upload: Uploading 'artemis_images/9780892818655.jpg' to Google Cloud bucket.
DEBUG: https://storage.googleapis.com:443 "POST /upload/storage/v1/b/gj_images/o?uploadType=multipart HTTP/1.1" 200 812
INFO: gcloud.upload: Uploading 'artemis_images/9781778400162.jpg' to Google Cloud bucket.
DEBUG: https://storage.googleapis.com:443 "POST /upload/storage/v1/b/gj_images/o?uploadType=multipart HTTP/1.1" 200 812
INFO: gcloud.upload: File '9780802150493.jpg' found in Google Cloud bucket, not uploading.
INFO: gcloud.upload: Uploading 'artemis_images/9781644115169.jpg' to Google Cloud bucket.
DEBUG: https://storage.googleapis.com:443 "POST /upload/storage/v1/b/gj_images/o?uploadType=multipart HTTP/1.1" 200 812
INFO: gcloud.upload: Uploading 'artemis_images/9780738720609.jpg' to Google Cloud bucket.
DEBUG: https://storage.googleapis.com:443 "POST /upload/storage/v1/b/gj_images/o?uploadType=multipart HTTP/1.1" 200 812
INFO: gcloud.upload: Uploading 'artemis_images/9781620553015.jpg' to Google Cloud bucket.
DEBUG: https://storage.googleapis.com:443 "POST /upload/storage/v1/b/gj_images/o?uploadType=multipart HTTP/1.1" 200 812
INFO: gcloud.upload: Uploading 'artemis_images/9781844096220.jpg' to Google Cloud bucket.
DEBUG: https://storage.googleapis.com:443 "POST /upload/storage/v1/b/gj_images/o?uploadType=multipart HTTP/1.1" 200 812
INFO: gcloud.upload: Uploading 'artemis_images/9780892814916.jpg' to Google Cloud bucket.
DEBUG: https://storage.googleapis.com:443 "POST /upload/storage/v1/b/gj_images/o?uploadType=multipart HTTP/1.1" 200 812
INFO: gcloud.upload: Uploading 'artemis_images/9781620553725-1.jpg' to Google Cloud bucket.
DEBUG: https://storage.googleapis.com:443 "POST /upload/storage/v1/b/gj_images/o?uploadType=multipart HTTP/1.1" 200 820
INFO: gcloud.upload: Uploading 'artemis_images/9781591430834.jpg' to Google Cloud bucket.
DEBUG: https://storage.googleapis.com:443 "POST /upload/storage/v1/b/gj_images/o?uploadType=multipart HTTP/1.1" 200 812
INFO: gcloud.upload: Uploading 'artemis_images/9781844091300-1.jpg' to Google Cloud bucket.
DEBUG: https://storage.googleapis.com:443 "POST /upload/storage/v1/b/gj_images/o?uploadType=multipart HTTP/1.1" 200 820
INFO: gcloud.upload: Uploading 'artemis_images/9781912891054.jpg' to Google Cloud bucket.
DEBUG: https://storage.googleapis.com:443 "POST /upload/storage/v1/b/gj_images/o?uploadType=multipart HTTP/1.1" 200 812
INFO: gcloud.upload: Uploading 'artemis_images/9781591432159.jpg' to Google Cloud bucket.
DEBUG: https://storage.googleapis.com:443 "POST /upload/storage/v1/b/gj_images/o?uploadType=multipart HTTP/1.1" 200 812
INFO: gcloud.upload: Uploading 'artemis_images/9781844096725-1.jpg' to Google Cloud bucket.
DEBUG: https://storage.googleapis.com:443 "POST /upload/storage/v1/b/gj_images/o?uploadType=multipart HTTP/1.1" 200 820
INFO: gcloud.upload: Uploading 'artemis_images/9781800181656.jpg' to Google Cloud bucket.
DEBUG: https://storage.googleapis.com:443 "POST /upload/storage/v1/b/gj_images/o?uploadType=multipart HTTP/1.1" 200 812
INFO: gcloud.upload: Uploading 'artemis_images/9780739093528-3.jpg' to Google Cloud bucket.
DEBUG: https://storage.googleapis.com:443 "POST /upload/storage/v1/b/gj_images/o?uploadType=multipart HTTP/1.1" 200 820
INFO: gcloud.upload: Uploading 'artemis_images/9781620557785-5.jpg' to Google Cloud bucket.
DEBUG: https://storage.googleapis.com:443 "POST /upload/storage/v1/b/gj_images/o?uploadType=multipart HTTP/1.1" 200 820
INFO: gcloud.upload: Uploading 'artemis_images/9781620555064.jpg' to Google Cloud bucket.
DEBUG: https://storage.googleapis.com:443 "POST /upload/storage/v1/b/gj_images/o?uploadType=multipart HTTP/1.1" 200 812
INFO: gcloud.upload: Uploading 'artemis_images/9781644115787-5.jpg' to Google Cloud bucket.
DEBUG: https://storage.googleapis.com:443 "POST /upload/storage/v1/b/gj_images/o?uploadType=multipart HTTP/1.1" 200 820
INFO: gcloud.upload: Uploading 'artemis_images/9780307272720.jpg' to Google Cloud bucket.
DEBUG: https://storage.googleapis.com:443 "POST /upload/storage/v1/b/gj_images/o?uploadType=multipart HTTP/1.1" 200 812
INFO: gcloud.upload: Uploading 'artemis_images/9780892816170.jpg' to Google Cloud bucket.
DEBUG: https://storage.googleapis.com:443 "POST /upload/storage/v1/b/gj_images/o?uploadType=multipart HTTP/1.1" 200 812
INFO: gcloud.upload: Uploading 'artemis_images/9781591431633.jpg' to Google Cloud bucket.
DEBUG: https://storage.googleapis.com:443 "POST /upload/storage/v1/b/gj_images/o?uploadType=multipart HTTP/1.1" 200 812
INFO: gcloud.upload: Uploading 'artemis_images/9780769209722-3.jpg' to Google Cloud bucket.
DEBUG: https://storage.googleapis.com:443 "POST /upload/storage/v1/b/gj_images/o?uploadType=multipart HTTP/1.1" 200 820
INFO: gcloud.upload: Uploading 'artemis_images/9781771645768.jpg' to Google Cloud bucket.
DEBUG: https://storage.googleapis.com:443 "POST /upload/storage/v1/b/gj_images/o?uploadType=multipart HTTP/1.1" 200 812
INFO: gcloud.upload: Uploading 'artemis_images/9781591432937.jpg' to Google Cloud bucket.
DEBUG: https://storage.googleapis.com:443 "POST /upload/storage/v1/b/gj_images/o?uploadType=multipart HTTP/1.1" 200 812
INFO: gcloud.upload: Uploading 'artemis_images/9781620555125.jpg' to Google Cloud bucket.
DEBUG: https://storage.googleapis.com:443 "POST /upload/storage/v1/b/gj_images/o?uploadType=multipart HTTP/1.1" 200 812
INFO: gcloud.upload: Uploading 'artemis_images/9781576235249-2.jpg' to Google Cloud bucket.
DEBUG: https://storage.googleapis.com:443 "POST /upload/storage/v1/b/gj_images/o?uploadType=multipart HTTP/1.1" 200 820
INFO: gcloud.upload: Uploading 'artemis_images/9781879181175.jpg' to Google Cloud bucket.
DEBUG: https://storage.googleapis.com:443 "POST /upload/storage/v1/b/gj_images/o?uploadType=multipart HTTP/1.1" 200 812
INFO: gcloud.upload: Uploading 'artemis_images/9780739093528-2.jpg' to Google Cloud bucket.
DEBUG: https://storage.googleapis.com:443 "POST /upload/storage/v1/b/gj_images/o?uploadType=multipart HTTP/1.1" 200 820
INFO: gcloud.upload: Uploading 'artemis_images/9780892810031.jpg' to Google Cloud bucket.
DEBUG: https://storage.googleapis.com:443 "POST /upload/storage/v1/b/gj_images/o?uploadType=multipart HTTP/1.1" 200 812
INFO: gcloud.upload: Uploading 'artemis_images/9781594774881.jpg' to Google Cloud bucket.
DEBUG: https://storage.googleapis.com:443 "POST /upload/storage/v1/b/gj_images/o?uploadType=multipart HTTP/1.1" 200 812
INFO: gcloud.upload: Uploading 'artemis_images/9781594771330.jpg' to Google Cloud bucket.
DEBUG: https://storage.googleapis.com:443 "POST /upload/storage/v1/b/gj_images/o?uploadType=multipart HTTP/1.1" 200 812
INFO: gcloud.upload: Uploading 'artemis_images/9780892812394.jpg' to Google Cloud bucket.
DEBUG: https://storage.googleapis.com:443 "POST /upload/storage/v1/b/gj_images/o?uploadType=multipart HTTP/1.1" 200 812
INFO: gcloud.upload: Uploading 'artemis_images/9780739093528-1.jpg' to Google Cloud bucket.
DEBUG: https://storage.googleapis.com:443 "POST /upload/storage/v1/b/gj_images/o?uploadType=multipart HTTP/1.1" 200 820
INFO: gcloud.upload: Uploading 'artemis_images/9781844097197.jpg' to Google Cloud bucket.
DEBUG: https://storage.googleapis.com:443 "POST /upload/storage/v1/b/gj_images/o?uploadType=multipart HTTP/1.1" 200 812
INFO: gcloud.upload: Uploading 'artemis_images/9780892811847.jpg' to Google Cloud bucket.
DEBUG: https://storage.googleapis.com:443 "POST /upload/storage/v1/b/gj_images/o?uploadType=multipart HTTP/1.1" 200 812
INFO: gcloud.upload: Uploading 'artemis_images/9780892814961.jpg' to Google Cloud bucket.
DEBUG: https://storage.googleapis.com:443 "POST /upload/storage/v1/b/gj_images/o?uploadType=multipart HTTP/1.1" 200 812
INFO: gcloud.upload: Uploading 'artemis_images/9781786642264.jpg' to Google Cloud bucket.
DEBUG: https://storage.googleapis.com:443 "POST /upload/storage/v1/b/gj_images/o?uploadType=multipart HTTP/1.1" 200 812
INFO: gcloud.upload: Uploading 'artemis_images/9781594772665.jpg' to Google Cloud bucket.
DEBUG: https://storage.googleapis.com:443 "POST /upload/storage/v1/b/gj_images/o?uploadType=multipart HTTP/1.1" 200 812
INFO: gcloud.upload: Uploading 'artemis_images/9781620558102.jpg' to Google Cloud bucket.
DEBUG: https://storage.googleapis.com:443 "POST /upload/storage/v1/b/gj_images/o?uploadType=multipart HTTP/1.1" 200 812
INFO: gcloud.upload: Uploading 'artemis_images/9781591431268.jpg' to Google Cloud bucket.
DEBUG: https://storage.googleapis.com:443 "POST /upload/storage/v1/b/gj_images/o?uploadType=multipart HTTP/1.1" 200 812
INFO: gcloud.upload: Uploading 'artemis_images/9781644114926.jpg' to Google Cloud bucket.
DEBUG: https://storage.googleapis.com:443 "POST /upload/storage/v1/b/gj_images/o?uploadType=multipart HTTP/1.1" 200 812
INFO: gcloud.upload: Uploading 'artemis_images/9780892817832.jpg' to Google Cloud bucket.
DEBUG: https://storage.googleapis.com:443 "POST /upload/storage/v1/b/gj_images/o?uploadType=multipart HTTP/1.1" 200 812
INFO: gcloud.upload: Uploading 'artemis_images/9781879181168.jpg' to Google Cloud bucket.
DEBUG: https://storage.googleapis.com:443 "POST /upload/storage/v1/b/gj_images/o?uploadType=multipart HTTP/1.1" 200 812
INFO: gcloud.upload: Uploading 'artemis_images/9780892818778.jpg' to Google Cloud bucket.
DEBUG: https://storage.googleapis.com:443 "POST /upload/storage/v1/b/gj_images/o?uploadType=multipart HTTP/1.1" 200 812
INFO: gcloud.upload: Uploading 'artemis_images/9781591433170.jpg' to Google Cloud bucket.
DEBUG: https://storage.googleapis.com:443 "POST /upload/storage/v1/b/gj_images/o?uploadType=multipart HTTP/1.1" 200 812
INFO: gcloud.upload: Uploading 'artemis_images/9780892818235.jpg' to Google Cloud bucket.
DEBUG: https://storage.googleapis.com:443 "POST /upload/storage/v1/b/gj_images/o?uploadType=multipart HTTP/1.1" 200 812
INFO: gcloud.upload: Uploading 'artemis_images/9781620557723.jpg' to Google Cloud bucket.
DEBUG: https://storage.googleapis.com:443 "POST /upload/storage/v1/b/gj_images/o?uploadType=multipart HTTP/1.1" 200 812
INFO: gcloud.upload: Uploading 'artemis_images/9780374536480.jpg' to Google Cloud bucket.
DEBUG: https://storage.googleapis.com:443 "POST /upload/storage/v1/b/gj_images/o?uploadType=multipart HTTP/1.1" 200 812
INFO: gcloud.upload: Uploading 'artemis_images/9781620557624.jpg' to Google Cloud bucket.
DEBUG: https://storage.googleapis.com:443 "POST /upload/storage/v1/b/gj_images/o?uploadType=multipart HTTP/1.1" 200 812
INFO: gcloud.upload: Uploading 'artemis_images/9781591432098.jpg' to Google Cloud bucket.
DEBUG: https://storage.googleapis.com:443 "POST /upload/storage/v1/b/gj_images/o?uploadType=multipart HTTP/1.1" 200 812
INFO: gcloud.upload: Uploading 'artemis_images/9781594773433.jpg' to Google Cloud bucket.
DEBUG: https://storage.googleapis.com:443 "POST /upload/storage/v1/b/gj_images/o?uploadType=multipart HTTP/1.1" 200 812
INFO: gcloud.upload: Uploading 'artemis_images/9781620557785-7.jpg' to Google Cloud bucket.
DEBUG: https://storage.googleapis.com:443 "POST /upload/storage/v1/b/gj_images/o?uploadType=multipart HTTP/1.1" 200 820
INFO: gcloud.upload: Uploading 'artemis_images/9780892817580.jpg' to Google Cloud bucket.
DEBUG: https://storage.googleapis.com:443 "POST /upload/storage/v1/b/gj_images/o?uploadType=multipart HTTP/1.1" 200 812
INFO: gcloud.upload: Uploading 'artemis_images/9781620554982.jpg' to Google Cloud bucket.
DEBUG: https://storage.googleapis.com:443 "POST /upload/storage/v1/b/gj_images/o?uploadType=multipart HTTP/1.1" 200 812
INFO: gcloud.upload: Uploading 'artemis_images/9781594770234.jpg' to Google Cloud bucket.
DEBUG: https://storage.googleapis.com:443 "POST /upload/storage/v1/b/gj_images/o?uploadType=multipart HTTP/1.1" 200 812
INFO: gcloud.upload: Uploading 'artemis_images/9780892819256.jpg' to Google Cloud bucket.
DEBUG: https://storage.googleapis.com:443 "POST /upload/storage/v1/b/gj_images/o?uploadType=multipart HTTP/1.1" 200 812
INFO: gcloud.upload: Uploading 'artemis_images/9781594772146.jpg' to Google Cloud bucket.
DEBUG: https://storage.googleapis.com:443 "POST /upload/storage/v1/b/gj_images/o?uploadType=multipart HTTP/1.1" 200 812
INFO: gcloud.upload: Uploading 'artemis_images/9781957363370.jpg' to Google Cloud bucket.
DEBUG: https://storage.googleapis.com:443 "POST /upload/storage/v1/b/gj_images/o?uploadType=multipart HTTP/1.1" 200 812
INFO: gcloud.upload: Uploading 'artemis_images/9781644112359.jpg' to Google Cloud bucket.
DEBUG: https://storage.googleapis.com:443 "POST /upload/storage/v1/b/gj_images/o?uploadType=multipart HTTP/1.1" 200 812
INFO: gcloud.upload: Uploading 'artemis_images/9781620558850-3.jpg' to Google Cloud bucket.
DEBUG: https://storage.googleapis.com:443 "POST /upload/storage/v1/b/gj_images/o?uploadType=multipart HTTP/1.1" 200 820
INFO: gcloud.upload: Uploading 'artemis_images/9781591431381.jpg' to Google Cloud bucket.
DEBUG: https://storage.googleapis.com:443 "POST /upload/storage/v1/b/gj_images/o?uploadType=multipart HTTP/1.1" 200 812
INFO: gcloud.upload: Uploading 'artemis_images/9781644114223.jpg' to Google Cloud bucket.
DEBUG: https://storage.googleapis.com:443 "POST /upload/storage/v1/b/gj_images/o?uploadType=multipart HTTP/1.1" 200 812
INFO: gcloud.upload: Uploading 'artemis_images/9780892819294.jpg' to Google Cloud bucket.
DEBUG: https://storage.googleapis.com:443 "POST /upload/storage/v1/b/gj_images/o?uploadType=multipart HTTP/1.1" 200 812
INFO: gcloud.upload: Uploading 'artemis_images/9780892818532.jpg' to Google Cloud bucket.
DEBUG: https://storage.googleapis.com:443 "POST /upload/storage/v1/b/gj_images/o?uploadType=multipart HTTP/1.1" 200 812
INFO: gcloud.upload: Uploading 'artemis_images/9780905249841.jpg' to Google Cloud bucket.
DEBUG: https://storage.googleapis.com:443 "POST /upload/storage/v1/b/gj_images/o?uploadType=multipart HTTP/1.1" 200 812
INFO: gcloud.upload: Uploading 'artemis_images/9781620557785-2.jpg' to Google Cloud bucket.
DEBUG: https://storage.googleapis.com:443 "POST /upload/storage/v1/b/gj_images/o?uploadType=multipart HTTP/1.1" 200 820
INFO: gcloud.upload: Uploading 'artemis_images/9781957363271.jpg' to Google Cloud bucket.
DEBUG: https://storage.googleapis.com:443 "POST /upload/storage/v1/b/gj_images/o?uploadType=multipart HTTP/1.1" 200 812
INFO: gcloud.upload: Uploading 'artemis_images/9781879181458.jpg' to Google Cloud bucket.
DEBUG: https://storage.googleapis.com:443 "POST /upload/storage/v1/b/gj_images/o?uploadType=multipart HTTP/1.1" 200 812
INFO: gcloud.upload: Uploading 'artemis_images/9781594770821.jpg' to Google Cloud bucket.
DEBUG: https://storage.googleapis.com:443 "POST /upload/storage/v1/b/gj_images/o?uploadType=multipart HTTP/1.1" 200 812
INFO: gcloud.upload: Uploading 'artemis_images/9781912891146-3.jpg' to Google Cloud bucket.
DEBUG: https://storage.googleapis.com:443 "POST /upload/storage/v1/b/gj_images/o?uploadType=multipart HTTP/1.1" 200 820
INFO: gcloud.upload: File '9780300153750.jpg' found in Google Cloud bucket, not uploading.
INFO: gcloud.upload: Uploading 'artemis_images/9781620553190.jpg' to Google Cloud bucket.
DEBUG: https://storage.googleapis.com:443 "POST /upload/storage/v1/b/gj_images/o?uploadType=multipart HTTP/1.1" 200 812
INFO: gcloud.upload: Uploading 'artemis_images/9781620554845.jpg' to Google Cloud bucket.
DEBUG: https://storage.googleapis.com:443 "POST /upload/storage/v1/b/gj_images/o?uploadType=multipart HTTP/1.1" 200 812
INFO: gcloud.upload: Uploading 'artemis_images/9780892819270.jpg' to Google Cloud bucket.
DEBUG: https://storage.googleapis.com:443 "POST /upload/storage/v1/b/gj_images/o?uploadType=multipart HTTP/1.1" 200 812
INFO: gcloud.upload: Uploading 'artemis_images/9781644115787.jpg' to Google Cloud bucket.
DEBUG: https://storage.googleapis.com:443 "POST /upload/storage/v1/b/gj_images/o?uploadType=multipart HTTP/1.1" 200 812
INFO: gcloud.upload: Uploading 'artemis_images/9781771648790.jpg' to Google Cloud bucket.
DEBUG: https://storage.googleapis.com:443 "POST /upload/storage/v1/b/gj_images/o?uploadType=multipart HTTP/1.1" 200 812
INFO: gcloud.upload: Uploading 'artemis_images/9781844095025.jpg' to Google Cloud bucket.
DEBUG: https://storage.googleapis.com:443 "POST /upload/storage/v1/b/gj_images/o?uploadType=multipart HTTP/1.1" 200 812
INFO: gcloud.upload: Uploading 'artemis_images/9781644115787-2.jpg' to Google Cloud bucket.
DEBUG: https://storage.googleapis.com:443 "POST /upload/storage/v1/b/gj_images/o?uploadType=multipart HTTP/1.1" 200 820
INFO: gcloud.upload: Uploading 'artemis_images/9781591430056.jpg' to Google Cloud bucket.
DEBUG: https://storage.googleapis.com:443 "POST /upload/storage/v1/b/gj_images/o?uploadType=multipart HTTP/1.1" 200 812
INFO: gcloud.upload: Uploading 'artemis_images/9781620558850.jpg' to Google Cloud bucket.
DEBUG: https://storage.googleapis.com:443 "POST /upload/storage/v1/b/gj_images/o?uploadType=multipart HTTP/1.1" 200 812
INFO: gcloud.upload: Uploading 'artemis_images/9781620558751.jpg' to Google Cloud bucket.
DEBUG: https://storage.googleapis.com:443 "POST /upload/storage/v1/b/gj_images/o?uploadType=multipart HTTP/1.1" 200 812
INFO: gcloud.upload: Uploading 'artemis_images/9781594770807.jpg' to Google Cloud bucket.
DEBUG: https://storage.googleapis.com:443 "POST /upload/storage/v1/b/gj_images/o?uploadType=multipart HTTP/1.1" 200 812
INFO: gcloud.upload: Uploading 'artemis_images/9780892813339.jpg' to Google Cloud bucket.
DEBUG: https://storage.googleapis.com:443 "POST /upload/storage/v1/b/gj_images/o?uploadType=multipart HTTP/1.1" 200 812
INFO: gcloud.upload: Uploading 'artemis_images/9781620557662.jpg' to Google Cloud bucket.
DEBUG: https://storage.googleapis.com:443 "POST /upload/storage/v1/b/gj_images/o?uploadType=multipart HTTP/1.1" 200 812
INFO: gcloud.upload: Uploading 'artemis_images/9780892813407.jpg' to Google Cloud bucket.
DEBUG: https://storage.googleapis.com:443 "POST /upload/storage/v1/b/gj_images/o?uploadType=multipart HTTP/1.1" 200 812
INFO: gcloud.upload: Uploading 'artemis_images/9781591430209.jpg' to Google Cloud bucket.
DEBUG: https://storage.googleapis.com:443 "POST /upload/storage/v1/b/gj_images/o?uploadType=multipart HTTP/1.1" 200 812
INFO: gcloud.upload: Uploading 'artemis_images/9781576235249-3.jpg' to Google Cloud bucket.
DEBUG: https://storage.googleapis.com:443 "POST /upload/storage/v1/b/gj_images/o?uploadType=multipart HTTP/1.1" 200 820
INFO: gcloud.upload: Uploading 'artemis_images/9781912891146-2.jpg' to Google Cloud bucket.
DEBUG: https://storage.googleapis.com:443 "POST /upload/storage/v1/b/gj_images/o?uploadType=multipart HTTP/1.1" 200 820
INFO: gcloud.upload: Uploading 'artemis_images/9780892816491.jpg' to Google Cloud bucket.
DEBUG: https://storage.googleapis.com:443 "POST /upload/storage/v1/b/gj_images/o?uploadType=multipart HTTP/1.1" 200 812
INFO: gcloud.upload: Uploading 'artemis_images/9780892811816.jpg' to Google Cloud bucket.
DEBUG: https://storage.googleapis.com:443 "POST /upload/storage/v1/b/gj_images/o?uploadType=multipart HTTP/1.1" 200 812
INFO: gcloud.upload: Uploading 'artemis_images/9781771646734.jpg' to Google Cloud bucket.
DEBUG: https://storage.googleapis.com:443 "POST /upload/storage/v1/b/gj_images/o?uploadType=multipart HTTP/1.1" 200 812
INFO: gcloud.upload: Uploading 'artemis_images/9781576235393-2.jpg' to Google Cloud bucket.
DEBUG: https://storage.googleapis.com:443 "POST /upload/storage/v1/b/gj_images/o?uploadType=multipart HTTP/1.1" 200 820
INFO: gcloud.upload: Uploading 'artemis_images/9780892812462.jpg' to Google Cloud bucket.
DEBUG: https://storage.googleapis.com:443 "POST /upload/storage/v1/b/gj_images/o?uploadType=multipart HTTP/1.1" 200 812
INFO: gcloud.upload: Uploading 'artemis_images/9781620557785-9.jpg' to Google Cloud bucket.
DEBUG: https://storage.googleapis.com:443 "POST /upload/storage/v1/b/gj_images/o?uploadType=multipart HTTP/1.1" 200 820
INFO: gcloud.upload: Uploading 'artemis_images/9781771648721.jpg' to Google Cloud bucket.
DEBUG: https://storage.googleapis.com:443 "POST /upload/storage/v1/b/gj_images/o?uploadType=multipart HTTP/1.1" 200 812
INFO: gcloud.upload: Uploading 'artemis_images/9781771648257.jpg' to Google Cloud bucket.
DEBUG: https://storage.googleapis.com:443 "POST /upload/storage/v1/b/gj_images/o?uploadType=multipart HTTP/1.1" 200 812
INFO: gcloud.upload: Uploading 'artemis_images/9781591433385.jpg' to Google Cloud bucket.
DEBUG: https://storage.googleapis.com:443 "POST /upload/storage/v1/b/gj_images/o?uploadType=multipart HTTP/1.1" 200 812
INFO: gcloud.upload: Uploading 'artemis_images/9781594774492.jpg' to Google Cloud bucket.
DEBUG: https://storage.googleapis.com:443 "POST /upload/storage/v1/b/gj_images/o?uploadType=multipart HTTP/1.1" 200 812
INFO: gcloud.upload: Uploading 'artemis_images/9780892816187-1.jpg' to Google Cloud bucket.
DEBUG: https://storage.googleapis.com:443 "POST /upload/storage/v1/b/gj_images/o?uploadType=multipart HTTP/1.1" 200 820
INFO: gcloud.upload: Uploading 'artemis_images/9781576235393.jpg' to Google Cloud bucket.
DEBUG: https://storage.googleapis.com:443 "POST /upload/storage/v1/b/gj_images/o?uploadType=multipart HTTP/1.1" 200 812
INFO: gcloud.upload: Uploading 'artemis_images/9780769209722-1.jpg' to Google Cloud bucket.
DEBUG: https://storage.googleapis.com:443 "POST /upload/storage/v1/b/gj_images/o?uploadType=multipart HTTP/1.1" 200 820
INFO: gcloud.upload: Uploading 'artemis_images/9781591430049.jpg' to Google Cloud bucket.
DEBUG: https://storage.googleapis.com:443 "POST /upload/storage/v1/b/gj_images/o?uploadType=multipart HTTP/1.1" 200 812
INFO: gcloud.upload: Uploading 'artemis_images/9780892817528.jpg' to Google Cloud bucket.
DEBUG: https://storage.googleapis.com:443 "POST /upload/storage/v1/b/gj_images/o?uploadType=multipart HTTP/1.1" 200 812
INFO: gcloud.upload: Uploading 'artemis_images/9781620558225.jpg' to Google Cloud bucket.
DEBUG: https://storage.googleapis.com:443 "POST /upload/storage/v1/b/gj_images/o?uploadType=multipart HTTP/1.1" 200 812
INFO: gcloud.upload: Uploading 'artemis_images/9780892815203.jpg' to Google Cloud bucket.
DEBUG: https://storage.googleapis.com:443 "POST /upload/storage/v1/b/gj_images/o?uploadType=multipart HTTP/1.1" 200 812
INFO: gcloud.upload: Uploading 'artemis_images/9780892810871.jpg' to Google Cloud bucket.
DEBUG: https://storage.googleapis.com:443 "POST /upload/storage/v1/b/gj_images/o?uploadType=multipart HTTP/1.1" 200 812
INFO: gcloud.upload: Uploading 'artemis_images/9781644114544.jpg' to Google Cloud bucket.
DEBUG: https://storage.googleapis.com:443 "POST /upload/storage/v1/b/gj_images/o?uploadType=multipart HTTP/1.1" 200 812
INFO: gcloud.upload: Uploading 'artemis_images/9781620557358.jpg' to Google Cloud bucket.
DEBUG: https://storage.googleapis.com:443 "POST /upload/storage/v1/b/gj_images/o?uploadType=multipart HTTP/1.1" 200 812
INFO: gcloud.upload: Uploading 'artemis_images/9780892815906.jpg' to Google Cloud bucket.
DEBUG: https://storage.googleapis.com:443 "POST /upload/storage/v1/b/gj_images/o?uploadType=multipart HTTP/1.1" 200 812
INFO: gcloud.upload: Uploading 'artemis_images/9781576235249-4.jpg' to Google Cloud bucket.
DEBUG: https://storage.googleapis.com:443 "POST /upload/storage/v1/b/gj_images/o?uploadType=multipart HTTP/1.1" 200 820
INFO: gcloud.upload: Uploading 'artemis_images/9781844096855.jpg' to Google Cloud bucket.
DEBUG: https://storage.googleapis.com:443 "POST /upload/storage/v1/b/gj_images/o?uploadType=multipart HTTP/1.1" 200 812
INFO: gcloud.upload: Uploading 'artemis_images/9781620559550.jpg' to Google Cloud bucket.
DEBUG: https://storage.googleapis.com:443 "POST /upload/storage/v1/b/gj_images/o?uploadType=multipart HTTP/1.1" 200 812
INFO: gcloud.upload: Uploading 'artemis_images/9781620557808.jpg' to Google Cloud bucket.
DEBUG: https://storage.googleapis.com:443 "POST /upload/storage/v1/b/gj_images/o?uploadType=multipart HTTP/1.1" 200 812
INFO: gcloud.upload: Uploading 'artemis_images/9781999747176.jpg' to Google Cloud bucket.
DEBUG: https://storage.googleapis.com:443 "POST /upload/storage/v1/b/gj_images/o?uploadType=multipart HTTP/1.1" 200 812
INFO: gcloud.upload: Uploading 'artemis_images/9781620555101.jpg' to Google Cloud bucket.
DEBUG: https://storage.googleapis.com:443 "POST /upload/storage/v1/b/gj_images/o?uploadType=multipart HTTP/1.1" 200 812
INFO: gcloud.upload: Uploading 'artemis_images/9781879181335.jpg' to Google Cloud bucket.
DEBUG: https://storage.googleapis.com:443 "POST /upload/storage/v1/b/gj_images/o?uploadType=multipart HTTP/1.1" 200 812
INFO: gcloud.upload: Uploading 'artemis_images/9781844096305.jpg' to Google Cloud bucket.
DEBUG: https://storage.googleapis.com:443 "POST /upload/storage/v1/b/gj_images/o?uploadType=multipart HTTP/1.1" 200 812
INFO: gcloud.upload: Uploading 'artemis_images/9780892812929.jpg' to Google Cloud bucket.
DEBUG: https://storage.googleapis.com:443 "POST /upload/storage/v1/b/gj_images/o?uploadType=multipart HTTP/1.1" 200 812
INFO: gcloud.upload: Uploading 'artemis_images/9781620555750.jpg' to Google Cloud bucket.
DEBUG: https://storage.googleapis.com:443 "POST /upload/storage/v1/b/gj_images/o?uploadType=multipart HTTP/1.1" 200 812
INFO: gcloud.upload: Uploading 'artemis_images/9781591432470.jpg' to Google Cloud bucket.
DEBUG: https://storage.googleapis.com:443 "POST /upload/storage/v1/b/gj_images/o?uploadType=multipart HTTP/1.1" 200 812
INFO: gcloud.upload: Uploading 'artemis_images/9780739093528-5.jpg' to Google Cloud bucket.
DEBUG: https://storage.googleapis.com:443 "POST /upload/storage/v1/b/gj_images/o?uploadType=multipart HTTP/1.1" 200 820
INFO: gcloud.upload: Uploading 'artemis_images/9781620554296.jpg' to Google Cloud bucket.
DEBUG: https://storage.googleapis.com:443 "POST /upload/storage/v1/b/gj_images/o?uploadType=multipart HTTP/1.1" 200 812
INFO: gcloud.upload: Uploading 'artemis_images/9780939680115.jpg' to Google Cloud bucket.
DEBUG: https://storage.googleapis.com:443 "POST /upload/storage/v1/b/gj_images/o?uploadType=multipart HTTP/1.1" 200 812
INFO: gcloud.upload: Uploading 'artemis_images/9781844091300.jpg' to Google Cloud bucket.
DEBUG: https://storage.googleapis.com:443 "POST /upload/storage/v1/b/gj_images/o?uploadType=multipart HTTP/1.1" 200 812
INFO: gcloud.upload: Uploading 'artemis_images/9780500024652.jpg' to Google Cloud bucket.
DEBUG: https://storage.googleapis.com:443 "POST /upload/storage/v1/b/gj_images/o?uploadType=multipart HTTP/1.1" 200 812
INFO: gcloud.upload: Uploading 'artemis_images/9780892818280.jpg' to Google Cloud bucket.
DEBUG: https://storage.googleapis.com:443 "POST /upload/storage/v1/b/gj_images/o?uploadType=multipart HTTP/1.1" 200 812
INFO: gcloud.upload: Uploading 'artemis_images/9781594774935.jpg' to Google Cloud bucket.
DEBUG: https://storage.googleapis.com:443 "POST /upload/storage/v1/b/gj_images/o?uploadType=multipart HTTP/1.1" 200 812
INFO: gcloud.upload: Uploading 'artemis_images/9781594770807-1.jpg' to Google Cloud bucket.
DEBUG: https://storage.googleapis.com:443 "POST /upload/storage/v1/b/gj_images/o?uploadType=multipart HTTP/1.1" 200 820
INFO: gcloud.upload: Uploading 'artemis_images/9781620557785.jpg' to Google Cloud bucket.
DEBUG: https://storage.googleapis.com:443 "POST /upload/storage/v1/b/gj_images/o?uploadType=multipart HTTP/1.1" 200 812
INFO: gcloud.upload: Uploading 'artemis_images/9781620555835.jpg' to Google Cloud bucket.
DEBUG: https://storage.googleapis.com:443 "POST /upload/storage/v1/b/gj_images/o?uploadType=multipart HTTP/1.1" 200 812
INFO: gcloud.upload: Uploading 'artemis_images/9781620558188.jpg' to Google Cloud bucket.
DEBUG: https://storage.googleapis.com:443 "POST /upload/storage/v1/b/gj_images/o?uploadType=multipart HTTP/1.1" 200 812
INFO: gcloud.upload: Uploading 'artemis_images/9781591433446.jpg' to Google Cloud bucket.
DEBUG: https://storage.googleapis.com:443 "POST /upload/storage/v1/b/gj_images/o?uploadType=multipart HTTP/1.1" 200 812
INFO: gcloud.upload: Uploading 'artemis_images/9781999917975.jpg' to Google Cloud bucket.
DEBUG: https://storage.googleapis.com:443 "POST /upload/storage/v1/b/gj_images/o?uploadType=multipart HTTP/1.1" 200 812
INFO: gcloud.upload: Uploading 'artemis_images/9780738770352.jpg' to Google Cloud bucket.
DEBUG: https://storage.googleapis.com:443 "POST /upload/storage/v1/b/gj_images/o?uploadType=multipart HTTP/1.1" 200 812
INFO: gcloud.upload: Uploading 'artemis_images/9781594773099.jpg' to Google Cloud bucket.
DEBUG: https://storage.googleapis.com:443 "POST /upload/storage/v1/b/gj_images/o?uploadType=multipart HTTP/1.1" 200 812
INFO: gcloud.upload: Uploading 'artemis_images/9781644115947.jpg' to Google Cloud bucket.
DEBUG: https://storage.googleapis.com:443 "POST /upload/storage/v1/b/gj_images/o?uploadType=multipart HTTP/1.1" 200 812
INFO: gcloud.upload: Uploading 'artemis_images/9781591434078.jpg' to Google Cloud bucket.
DEBUG: https://storage.googleapis.com:443 "POST /upload/storage/v1/b/gj_images/o?uploadType=multipart HTTP/1.1" 200 812
INFO: gcloud.upload: Uploading 'artemis_images/9781644115787-4.jpg' to Google Cloud bucket.
DEBUG: https://storage.googleapis.com:443 "POST /upload/storage/v1/b/gj_images/o?uploadType=multipart HTTP/1.1" 200 820
INFO: gcloud.upload: Uploading 'artemis_images/9781644110935.jpg' to Google Cloud bucket.
DEBUG: https://storage.googleapis.com:443 "POST /upload/storage/v1/b/gj_images/o?uploadType=multipart HTTP/1.1" 200 812
INFO: gcloud.upload: Uploading 'artemis_images/9780905249971.jpg' to Google Cloud bucket.
DEBUG: https://storage.googleapis.com:443 "POST /upload/storage/v1/b/gj_images/o?uploadType=multipart HTTP/1.1" 200 812
INFO: gcloud.upload: Uploading 'artemis_images/9781786642264-3.jpg' to Google Cloud bucket.
DEBUG: https://storage.googleapis.com:443 "POST /upload/storage/v1/b/gj_images/o?uploadType=multipart HTTP/1.1" 200 821
INFO: gcloud.upload: Uploading 'artemis_images/9781620553053.jpg' to Google Cloud bucket.
DEBUG: https://storage.googleapis.com:443 "POST /upload/storage/v1/b/gj_images/o?uploadType=multipart HTTP/1.1" 200 812
INFO: gcloud.upload: Uploading 'artemis_images/9781594774133.jpg' to Google Cloud bucket.
DEBUG: https://storage.googleapis.com:443 "POST /upload/storage/v1/b/gj_images/o?uploadType=multipart HTTP/1.1" 200 812
INFO: gcloud.upload: Uploading 'artemis_images/9781844096725.jpg' to Google Cloud bucket.
DEBUG: https://storage.googleapis.com:443 "POST /upload/storage/v1/b/gj_images/o?uploadType=multipart HTTP/1.1" 200 812
INFO: gcloud.upload: Uploading 'artemis_images/9781594773679.jpg' to Google Cloud bucket.
DEBUG: https://storage.googleapis.com:443 "POST /upload/storage/v1/b/gj_images/o?uploadType=multipart HTTP/1.1" 200 812
INFO: gcloud.upload: Uploading 'artemis_images/9781620555859.jpg' to Google Cloud bucket.
DEBUG: https://storage.googleapis.com:443 "POST /upload/storage/v1/b/gj_images/o?uploadType=multipart HTTP/1.1" 200 812
INFO: gcloud.upload: Uploading 'artemis_images/9781778400339.jpg' to Google Cloud bucket.
DEBUG: https://storage.googleapis.com:443 "POST /upload/storage/v1/b/gj_images/o?uploadType=multipart HTTP/1.1" 200 812
INFO: gcloud.upload: Uploading 'artemis_images/9780738771656.jpg' to Google Cloud bucket.
DEBUG: https://storage.googleapis.com:443 "POST /upload/storage/v1/b/gj_images/o?uploadType=multipart HTTP/1.1" 200 812
INFO: gcloud.upload: Uploading 'artemis_images/9781778400391.jpg' to Google Cloud bucket.
DEBUG: https://storage.googleapis.com:443 "POST /upload/storage/v1/b/gj_images/o?uploadType=multipart HTTP/1.1" 200 812
INFO: gcloud.upload: Uploading 'artemis_images/9780892819683.jpg' to Google Cloud bucket.
DEBUG: https://storage.googleapis.com:443 "POST /upload/storage/v1/b/gj_images/o?uploadType=multipart HTTP/1.1" 200 812
INFO: gcloud.upload: Uploading 'artemis_images/9780892817269.jpg' to Google Cloud bucket.
DEBUG: https://storage.googleapis.com:443 "POST /upload/storage/v1/b/gj_images/o?uploadType=multipart HTTP/1.1" 200 812
INFO: gcloud.upload: Uploading 'artemis_images/9781591433682.jpg' to Google Cloud bucket.
DEBUG: https://storage.googleapis.com:443 "POST /upload/storage/v1/b/gj_images/o?uploadType=multipart HTTP/1.1" 200 812
INFO: gcloud.upload: Uploading 'artemis_images/9781844097005.jpg' to Google Cloud bucket.
DEBUG: https://storage.googleapis.com:443 "POST /upload/storage/v1/b/gj_images/o?uploadType=multipart HTTP/1.1" 200 812
INFO: gcloud.upload: Uploading 'artemis_images/9781620556870.jpg' to Google Cloud bucket.
DEBUG: https://storage.googleapis.com:443 "POST /upload/storage/v1/b/gj_images/o?uploadType=multipart HTTP/1.1" 200 812
INFO: gcloud.upload: Uploading 'artemis_images/9781844091508.jpg' to Google Cloud bucket.
DEBUG: https://storage.googleapis.com:443 "POST /upload/storage/v1/b/gj_images/o?uploadType=multipart HTTP/1.1" 200 812
INFO: gcloud.upload: Uploading 'artemis_images/9780939680146.jpg' to Google Cloud bucket.
DEBUG: https://storage.googleapis.com:443 "POST /upload/storage/v1/b/gj_images/o?uploadType=multipart HTTP/1.1" 200 812
INFO: gcloud.upload: Uploading 'artemis_images/9781785786112-7.jpg' to Google Cloud bucket.
DEBUG: https://storage.googleapis.com:443 "POST /upload/storage/v1/b/gj_images/o?uploadType=multipart HTTP/1.1" 200 820
INFO: gcloud.upload: Uploading 'artemis_images/9781771648851.jpg' to Google Cloud bucket.
DEBUG: https://storage.googleapis.com:443 "POST /upload/storage/v1/b/gj_images/o?uploadType=multipart HTTP/1.1" 200 812
INFO: gcloud.upload: Uploading 'artemis_images/9781591430797.jpg' to Google Cloud bucket.
DEBUG: https://storage.googleapis.com:443 "POST /upload/storage/v1/b/gj_images/o?uploadType=multipart HTTP/1.1" 200 812
INFO: gcloud.upload: Uploading 'artemis_images/9780892816323.jpg' to Google Cloud bucket.
DEBUG: https://storage.googleapis.com:443 "POST /upload/storage/v1/b/gj_images/o?uploadType=multipart HTTP/1.1" 200 812
INFO: gcloud.upload: Uploading 'artemis_images/9781743368831.jpg' to Google Cloud bucket.
DEBUG: https://storage.googleapis.com:443 "POST /upload/storage/v1/b/gj_images/o?uploadType=multipart HTTP/1.1" 200 812
INFO: gcloud.upload: Uploading 'artemis_images/9781785786112.jpg' to Google Cloud bucket.
DEBUG: https://storage.googleapis.com:443 "POST /upload/storage/v1/b/gj_images/o?uploadType=multipart HTTP/1.1" 200 812
INFO: gcloud.upload: Uploading 'artemis_images/9780905249841-2.jpg' to Google Cloud bucket.
DEBUG: https://storage.googleapis.com:443 "POST /upload/storage/v1/b/gj_images/o?uploadType=multipart HTTP/1.1" 200 820
INFO: gcloud.upload: Uploading 'artemis_images/9781620556481.jpg' to Google Cloud bucket.
DEBUG: https://storage.googleapis.com:443 "POST /upload/storage/v1/b/gj_images/o?uploadType=multipart HTTP/1.1" 200 812
INFO: gcloud.upload: Uploading 'artemis_images/9781620555811.jpg' to Google Cloud bucket.
DEBUG: https://storage.googleapis.com:443 "POST /upload/storage/v1/b/gj_images/o?uploadType=multipart HTTP/1.1" 200 812
INFO: gcloud.upload: Uploading 'artemis_images/9781620557471.jpg' to Google Cloud bucket.
DEBUG: https://storage.googleapis.com:443 "POST /upload/storage/v1/b/gj_images/o?uploadType=multipart HTTP/1.1" 200 812
INFO: gcloud.upload: Uploading 'artemis_images/9781620557372.jpg' to Google Cloud bucket.
DEBUG: https://storage.googleapis.com:443 "POST /upload/storage/v1/b/gj_images/o?uploadType=multipart HTTP/1.1" 200 812
INFO: gcloud.upload: Uploading 'artemis_images/9780892817412.jpg' to Google Cloud bucket.
DEBUG: https://storage.googleapis.com:443 "POST /upload/storage/v1/b/gj_images/o?uploadType=multipart HTTP/1.1" 200 812
INFO: gcloud.upload: Uploading 'artemis_images/9781591430308.jpg' to Google Cloud bucket.
DEBUG: https://storage.googleapis.com:443 "POST /upload/storage/v1/b/gj_images/o?uploadType=multipart HTTP/1.1" 200 812
INFO: gcloud.upload: Uploading 'artemis_images/9780892817009.jpg' to Google Cloud bucket.
DEBUG: https://storage.googleapis.com:443 "POST /upload/storage/v1/b/gj_images/o?uploadType=multipart HTTP/1.1" 200 812
INFO: gcloud.upload: File '9780802150578.jpg' found in Google Cloud bucket, not uploading.
INFO: gcloud.upload: Uploading 'artemis_images/9781844095377.jpg' to Google Cloud bucket.
DEBUG: https://storage.googleapis.com:443 "POST /upload/storage/v1/b/gj_images/o?uploadType=multipart HTTP/1.1" 200 812
INFO: gcloud.upload: Uploading 'artemis_images/9780739093528.jpg' to Google Cloud bucket.
DEBUG: https://storage.googleapis.com:443 "POST /upload/storage/v1/b/gj_images/o?uploadType=multipart HTTP/1.1" 200 812
INFO: gcloud.upload: Uploading 'artemis_images/9781778401428.jpg' to Google Cloud bucket.
DEBUG: https://storage.googleapis.com:443 "POST /upload/storage/v1/b/gj_images/o?uploadType=multipart HTTP/1.1" 200 812
INFO: gcloud.upload: Uploading 'artemis_images/9781620556856.jpg' to Google Cloud bucket.
DEBUG: https://storage.googleapis.com:443 "POST /upload/storage/v1/b/gj_images/o?uploadType=multipart HTTP/1.1" 200 812
INFO: gcloud.upload: Uploading 'artemis_images/9780871666659.jpg' to Google Cloud bucket.
DEBUG: https://storage.googleapis.com:443 "POST /upload/storage/v1/b/gj_images/o?uploadType=multipart HTTP/1.1" 200 812
INFO: gcloud.upload: Uploading 'artemis_images/9780892814770.jpg' to Google Cloud bucket.
DEBUG: https://storage.googleapis.com:443 "POST /upload/storage/v1/b/gj_images/o?uploadType=multipart HTTP/1.1" 200 812
INFO: gcloud.upload: Uploading 'artemis_images/9781950354986.jpg' to Google Cloud bucket.
DEBUG: https://storage.googleapis.com:443 "POST /upload/storage/v1/b/gj_images/o?uploadType=multipart HTTP/1.1" 200 812
INFO: gcloud.upload: Uploading 'artemis_images/9781620556917.jpg' to Google Cloud bucket.
DEBUG: https://storage.googleapis.com:443 "POST /upload/storage/v1/b/gj_images/o?uploadType=multipart HTTP/1.1" 200 812
INFO: gcloud.upload: Uploading 'artemis_images/9781786647931-1.jpg' to Google Cloud bucket.
DEBUG: https://storage.googleapis.com:443 "POST /upload/storage/v1/b/gj_images/o?uploadType=multipart HTTP/1.1" 200 821
INFO: gcloud.upload: Uploading 'artemis_images/9781786642264-1.jpg' to Google Cloud bucket.
DEBUG: https://storage.googleapis.com:443 "POST /upload/storage/v1/b/gj_images/o?uploadType=multipart HTTP/1.1" 200 820
INFO: gcloud.upload: Uploading 'artemis_images/9780500024652-1.jpg' to Google Cloud bucket.
DEBUG: https://storage.googleapis.com:443 "POST /upload/storage/v1/b/gj_images/o?uploadType=multipart HTTP/1.1" 200 821
INFO: gcloud.upload: Uploading 'artemis_images/9781879181212.jpg' to Google Cloud bucket.
DEBUG: https://storage.googleapis.com:443 "POST /upload/storage/v1/b/gj_images/o?uploadType=multipart HTTP/1.1" 200 812
INFO: gcloud.upload: Uploading 'artemis_images/9781770857278.jpg' to Google Cloud bucket.
DEBUG: https://storage.googleapis.com:443 "POST /upload/storage/v1/b/gj_images/o?uploadType=multipart HTTP/1.1" 200 812
INFO: gcloud.upload: Uploading 'artemis_images/9781620558850-4.jpg' to Google Cloud bucket.
DEBUG: https://storage.googleapis.com:443 "POST /upload/storage/v1/b/gj_images/o?uploadType=multipart HTTP/1.1" 200 820
INFO: gcloud.upload: Uploading 'artemis_images/9781620559406.jpg' to Google Cloud bucket.
DEBUG: https://storage.googleapis.com:443 "POST /upload/storage/v1/b/gj_images/o?uploadType=multipart HTTP/1.1" 200 812
INFO: gcloud.upload: Uploading 'artemis_images/9780892810925.jpg' to Google Cloud bucket.
DEBUG: https://storage.googleapis.com:443 "POST /upload/storage/v1/b/gj_images/o?uploadType=multipart HTTP/1.1" 200 812
INFO: gcloud.upload: Uploading 'artemis_images/9780892817757.jpg' to Google Cloud bucket.
DEBUG: https://storage.googleapis.com:443 "POST /upload/storage/v1/b/gj_images/o?uploadType=multipart HTTP/1.1" 200 812
INFO: gcloud.upload: Uploading 'artemis_images/9781620557785-3.jpg' to Google Cloud bucket.
DEBUG: https://storage.googleapis.com:443 "POST /upload/storage/v1/b/gj_images/o?uploadType=multipart HTTP/1.1" 200 820
INFO: gcloud.upload: Uploading 'artemis_images/9780892810871-1.png' to Google Cloud bucket.
DEBUG: https://storage.googleapis.com:443 "POST /upload/storage/v1/b/gj_images/o?uploadType=multipart HTTP/1.1" 200 817
INFO: gcloud.upload: Uploading 'artemis_images/9781620557761.jpg' to Google Cloud bucket.
DEBUG: https://storage.googleapis.com:443 "POST /upload/storage/v1/b/gj_images/o?uploadType=multipart HTTP/1.1" 200 812
INFO: gcloud.upload: Uploading 'artemis_images/9781620558591.jpg' to Google Cloud bucket.
DEBUG: https://storage.googleapis.com:443 "POST /upload/storage/v1/b/gj_images/o?uploadType=multipart HTTP/1.1" 200 812
INFO: gcloud.upload: Uploading 'artemis_images/9780892814268.jpg' to Google Cloud bucket.
DEBUG: https://storage.googleapis.com:443 "POST /upload/storage/v1/b/gj_images/o?uploadType=multipart HTTP/1.1" 200 812
INFO: gcloud.upload: Uploading 'artemis_images/9781844097319-1.jpg' to Google Cloud bucket.
DEBUG: https://storage.googleapis.com:443 "POST /upload/storage/v1/b/gj_images/o?uploadType=multipart HTTP/1.1" 200 820
INFO: gcloud.upload: Uploading 'artemis_images/9781620559321.jpg' to Google Cloud bucket.
DEBUG: https://storage.googleapis.com:443 "POST /upload/storage/v1/b/gj_images/o?uploadType=multipart HTTP/1.1" 200 812
INFO: gcloud.upload: Uploading 'artemis_images/9781620557785-4.jpg' to Google Cloud bucket.
DEBUG: https://storage.googleapis.com:443 "POST /upload/storage/v1/b/gj_images/o?uploadType=multipart HTTP/1.1" 200 820
INFO: gcloud.upload: Uploading 'artemis_images/9781786647931-2.jpg' to Google Cloud bucket.
DEBUG: https://storage.googleapis.com:443 "POST /upload/storage/v1/b/gj_images/o?uploadType=multipart HTTP/1.1" 200 820
INFO: gcloud.upload: Uploading 'artemis_images/9780892817757-1.jpg' to Google Cloud bucket.
DEBUG: https://storage.googleapis.com:443 "POST /upload/storage/v1/b/gj_images/o?uploadType=multipart HTTP/1.1" 200 820
INFO: gcloud.upload: Uploading 'artemis_images/9780905249841-3.jpg' to Google Cloud bucket.
DEBUG: https://storage.googleapis.com:443 "POST /upload/storage/v1/b/gj_images/o?uploadType=multipart HTTP/1.1" 200 820
INFO: gcloud.upload: Uploading 'artemis_images/9781576235393-1.jpg' to Google Cloud bucket.
DEBUG: https://storage.googleapis.com:443 "POST /upload/storage/v1/b/gj_images/o?uploadType=multipart HTTP/1.1" 200 820
INFO: gcloud.upload: Uploading 'artemis_images/9781620559635.jpg' to Google Cloud bucket.
DEBUG: https://storage.googleapis.com:443 "POST /upload/storage/v1/b/gj_images/o?uploadType=multipart HTTP/1.1" 200 812
INFO: gcloud.upload: Uploading 'artemis_images/9781591433507.jpg' to Google Cloud bucket.
DEBUG: https://storage.googleapis.com:443 "POST /upload/storage/v1/b/gj_images/o?uploadType=multipart HTTP/1.1" 200 812
INFO: gcloud.upload: Uploading 'artemis_images/9781785786112-6.jpg' to Google Cloud bucket.
DEBUG: https://storage.googleapis.com:443 "POST /upload/storage/v1/b/gj_images/o?uploadType=multipart HTTP/1.1" 200 820
INFO: gcloud.upload: Uploading 'artemis_images/9781783524266.jpg' to Google Cloud bucket.
DEBUG: https://storage.googleapis.com:443 "POST /upload/storage/v1/b/gj_images/o?uploadType=multipart HTTP/1.1" 200 812
INFO: gcloud.upload: Uploading 'artemis_images/9781771645157.jpg' to Google Cloud bucket.
DEBUG: https://storage.googleapis.com:443 "POST /upload/storage/v1/b/gj_images/o?uploadType=multipart HTTP/1.1" 200 812
INFO: gcloud.upload: Uploading 'artemis_images/9780892812530.jpg' to Google Cloud bucket.
DEBUG: https://storage.googleapis.com:443 "POST /upload/storage/v1/b/gj_images/o?uploadType=multipart HTTP/1.1" 200 812
INFO: gcloud.upload: Uploading 'artemis_images/9781644111086.jpg' to Google Cloud bucket.
DEBUG: https://storage.googleapis.com:443 "POST /upload/storage/v1/b/gj_images/o?uploadType=multipart HTTP/1.1" 200 812
INFO: gcloud.upload: Uploading 'artemis_images/9781771649094.jpg' to Google Cloud bucket.
DEBUG: https://storage.googleapis.com:443 "POST /upload/storage/v1/b/gj_images/o?uploadType=multipart HTTP/1.1" 200 812
INFO: gcloud.upload: Uploading 'artemis_images/9780892814893.jpg' to Google Cloud bucket.
DEBUG: https://storage.googleapis.com:443 "POST /upload/storage/v1/b/gj_images/o?uploadType=multipart HTTP/1.1" 200 812
INFO: gcloud.upload: Uploading 'artemis_images/9781620558850-1.jpg' to Google Cloud bucket.
DEBUG: https://storage.googleapis.com:443 "POST /upload/storage/v1/b/gj_images/o?uploadType=multipart HTTP/1.1" 200 820
INFO: gcloud.upload: Uploading 'artemis_images/9781844097463.jpg' to Google Cloud bucket.
DEBUG: https://storage.googleapis.com:443 "POST /upload/storage/v1/b/gj_images/o?uploadType=multipart HTTP/1.1" 200 812
INFO: gcloud.upload: Uploading 'artemis_images/9780892814817.jpg' to Google Cloud bucket.
DEBUG: https://storage.googleapis.com:443 "POST /upload/storage/v1/b/gj_images/o?uploadType=multipart HTTP/1.1" 200 812
INFO: gcloud.upload: Uploading 'artemis_images/9781785786112-3.jpg' to Google Cloud bucket.
DEBUG: https://storage.googleapis.com:443 "POST /upload/storage/v1/b/gj_images/o?uploadType=multipart HTTP/1.1" 200 820
INFO: gcloud.upload: Uploading 'artemis_images/9781899171880.jpg' to Google Cloud bucket.
DEBUG: https://storage.googleapis.com:443 "POST /upload/storage/v1/b/gj_images/o?uploadType=multipart HTTP/1.1" 200 812
INFO: gcloud.upload: Uploading 'artemis_images/9781912891115.jpg' to Google Cloud bucket.
DEBUG: https://storage.googleapis.com:443 "POST /upload/storage/v1/b/gj_images/o?uploadType=multipart HTTP/1.1" 200 812
INFO: gcloud.upload: Uploading 'artemis_images/9781644112205.jpg' to Google Cloud bucket.
DEBUG: https://storage.googleapis.com:443 "POST /upload/storage/v1/b/gj_images/o?uploadType=multipart HTTP/1.1" 200 812
INFO: gcloud.upload: Uploading 'artemis_images/9780892815319.jpg' to Google Cloud bucket.
DEBUG: https://storage.googleapis.com:443 "POST /upload/storage/v1/b/gj_images/o?uploadType=multipart HTTP/1.1" 200 812
INFO: gcloud.upload: Uploading 'artemis_images/9781620555750-2.jpg' to Google Cloud bucket.
DEBUG: https://storage.googleapis.com:443 "POST /upload/storage/v1/b/gj_images/o?uploadType=multipart HTTP/1.1" 200 820
INFO: gcloud.upload: Uploading 'artemis_images/9781591431817.jpg' to Google Cloud bucket.
DEBUG: https://storage.googleapis.com:443 "POST /upload/storage/v1/b/gj_images/o?uploadType=multipart HTTP/1.1" 200 812
INFO: gcloud.upload: Uploading 'artemis_images/9781620558850-2.jpg' to Google Cloud bucket.
DEBUG: https://storage.googleapis.com:443 "POST /upload/storage/v1/b/gj_images/o?uploadType=multipart HTTP/1.1" 200 820
INFO: gcloud.upload: Uploading 'artemis_images/9780892814695.jpg' to Google Cloud bucket.
DEBUG: https://storage.googleapis.com:443 "POST /upload/storage/v1/b/gj_images/o?uploadType=multipart HTTP/1.1" 200 812
INFO: gcloud.upload: Uploading 'artemis_images/9781591430193.jpg' to Google Cloud bucket.
DEBUG: https://storage.googleapis.com:443 "POST /upload/storage/v1/b/gj_images/o?uploadType=multipart HTTP/1.1" 200 812
INFO: gcloud.upload: Uploading 'artemis_images/9781594770814.jpg' to Google Cloud bucket.
DEBUG: https://storage.googleapis.com:443 "POST /upload/storage/v1/b/gj_images/o?uploadType=multipart HTTP/1.1" 200 812
INFO: gcloud.upload: Uploading 'artemis_images/9780892814923-1.jpg' to Google Cloud bucket.
DEBUG: https://storage.googleapis.com:443 "POST /upload/storage/v1/b/gj_images/o?uploadType=multipart HTTP/1.1" 200 820
INFO: gcloud.upload: Uploading 'artemis_images/9781620555538.jpg' to Google Cloud bucket.
DEBUG: https://storage.googleapis.com:443 "POST /upload/storage/v1/b/gj_images/o?uploadType=multipart HTTP/1.1" 200 812
INFO: gcloud.upload: Uploading 'artemis_images/9781844091669.jpg' to Google Cloud bucket.
DEBUG: https://storage.googleapis.com:443 "POST /upload/storage/v1/b/gj_images/o?uploadType=multipart HTTP/1.1" 200 812
INFO: gcloud.upload: Uploading 'artemis_images/9780738763811.jpg' to Google Cloud bucket.
DEBUG: https://storage.googleapis.com:443 "POST /upload/storage/v1/b/gj_images/o?uploadType=multipart HTTP/1.1" 200 812
INFO: gcloud.upload: Uploading 'artemis_images/9781770857278-1.jpg' to Google Cloud bucket.
DEBUG: https://storage.googleapis.com:443 "POST /upload/storage/v1/b/gj_images/o?uploadType=multipart HTTP/1.1" 200 820
INFO: gcloud.upload: Uploading 'artemis_images/9781770857278-4.jpg' to Google Cloud bucket.
DEBUG: https://storage.googleapis.com:443 "POST /upload/storage/v1/b/gj_images/o?uploadType=multipart HTTP/1.1" 200 820
INFO: gcloud.upload: Uploading 'artemis_images/9781620557495.jpg' to Google Cloud bucket.
DEBUG: https://storage.googleapis.com:443 "POST /upload/storage/v1/b/gj_images/o?uploadType=multipart HTTP/1.1" 200 812
INFO: gcloud.upload: Uploading 'artemis_images/9781844097456.jpg' to Google Cloud bucket.
DEBUG: https://storage.googleapis.com:443 "POST /upload/storage/v1/b/gj_images/o?uploadType=multipart HTTP/1.1" 200 812
INFO: gcloud.upload: Uploading 'artemis_images/9781620557099.jpg' to Google Cloud bucket.
DEBUG: https://storage.googleapis.com:443 "POST /upload/storage/v1/b/gj_images/o?uploadType=multipart HTTP/1.1" 200 812
INFO: gcloud.upload: Uploading 'artemis_images/9780739093528-6.jpg' to Google Cloud bucket.
DEBUG: https://storage.googleapis.com:443 "POST /upload/storage/v1/b/gj_images/o?uploadType=multipart HTTP/1.1" 200 820
INFO: gcloud.upload: Uploading 'artemis_images/9781913348663.jpg' to Google Cloud bucket.
DEBUG: https://storage.googleapis.com:443 "POST /upload/storage/v1/b/gj_images/o?uploadType=multipart HTTP/1.1" 200 812
INFO: gcloud.upload: Uploading 'artemis_images/9781620557785-6.jpg' to Google Cloud bucket.
DEBUG: https://storage.googleapis.com:443 "POST /upload/storage/v1/b/gj_images/o?uploadType=multipart HTTP/1.1" 200 820
INFO: gcloud.upload: Uploading 'artemis_images/9781844097326.jpg' to Google Cloud bucket.
DEBUG: https://storage.googleapis.com:443 "POST /upload/storage/v1/b/gj_images/o?uploadType=multipart HTTP/1.1" 200 812
INFO: gcloud.upload: Uploading 'artemis_images/9781844091355.jpg' to Google Cloud bucket.
DEBUG: https://storage.googleapis.com:443 "POST /upload/storage/v1/b/gj_images/o?uploadType=multipart HTTP/1.1" 200 812
INFO: gcloud.upload: Uploading 'artemis_images/9780882848303.jpg' to Google Cloud bucket.
DEBUG: https://storage.googleapis.com:443 "POST /upload/storage/v1/b/gj_images/o?uploadType=multipart HTTP/1.1" 200 812
INFO: gcloud.upload: Uploading 'artemis_images/9781912891146-1.jpg' to Google Cloud bucket.
DEBUG: https://storage.googleapis.com:443 "POST /upload/storage/v1/b/gj_images/o?uploadType=multipart HTTP/1.1" 200 820
INFO: gcloud.upload: Uploading 'artemis_images/9781844096428.jpg' to Google Cloud bucket.
DEBUG: https://storage.googleapis.com:443 "POST /upload/storage/v1/b/gj_images/o?uploadType=multipart HTTP/1.1" 200 812
INFO: gcloud.upload: Uploading 'artemis_images/9781644115787-1.jpg' to Google Cloud bucket.
DEBUG: https://storage.googleapis.com:443 "POST /upload/storage/v1/b/gj_images/o?uploadType=multipart HTTP/1.1" 200 820
INFO: gcloud.upload: Uploading 'artemis_images/9781771649483.jpg' to Google Cloud bucket.
DEBUG: https://storage.googleapis.com:443 "POST /upload/storage/v1/b/gj_images/o?uploadType=multipart HTTP/1.1" 200 812
INFO: gcloud.upload: Uploading 'artemis_images/9781844095162.jpg' to Google Cloud bucket.
DEBUG: https://storage.googleapis.com:443 "POST /upload/storage/v1/b/gj_images/o?uploadType=multipart HTTP/1.1" 200 812
INFO: gcloud.upload: Uploading 'artemis_images/9781576235249-1.jpg' to Google Cloud bucket.
DEBUG: https://storage.googleapis.com:443 "POST /upload/storage/v1/b/gj_images/o?uploadType=multipart HTTP/1.1" 200 819
INFO: gcloud.upload: Uploading 'artemis_images/9781594771262.jpg' to Google Cloud bucket.
DEBUG: https://storage.googleapis.com:443 "POST /upload/storage/v1/b/gj_images/o?uploadType=multipart HTTP/1.1" 200 812
INFO: gcloud.upload: Uploading 'artemis_images/9781644112557.jpg' to Google Cloud bucket.
DEBUG: https://storage.googleapis.com:443 "POST /upload/storage/v1/b/gj_images/o?uploadType=multipart HTTP/1.1" 200 812
INFO: gcloud.upload: Uploading 'artemis_images/9781620556344.jpg' to Google Cloud bucket.
DEBUG: https://storage.googleapis.com:443 "POST /upload/storage/v1/b/gj_images/o?uploadType=multipart HTTP/1.1" 200 812
INFO: gcloud.upload: Uploading 'artemis_images/9781800181892.jpg' to Google Cloud bucket.
DEBUG: https://storage.googleapis.com:443 "POST /upload/storage/v1/b/gj_images/o?uploadType=multipart HTTP/1.1" 200 812
INFO: gcloud.upload: Uploading 'artemis_images/9781844090198.jpg' to Google Cloud bucket.
DEBUG: https://storage.googleapis.com:443 "POST /upload/storage/v1/b/gj_images/o?uploadType=multipart HTTP/1.1" 200 812
INFO: gcloud.upload: Uploading 'artemis_images/9781620555040.jpg' to Google Cloud bucket.
DEBUG: https://storage.googleapis.com:443 "POST /upload/storage/v1/b/gj_images/o?uploadType=multipart HTTP/1.1" 200 812
INFO: gcloud.upload: Uploading 'artemis_images/9781591434139.jpg' to Google Cloud bucket.
DEBUG: https://storage.googleapis.com:443 "POST /upload/storage/v1/b/gj_images/o?uploadType=multipart HTTP/1.1" 200 812
INFO: gcloud.upload: Uploading 'artemis_images/9781591430711.jpg' to Google Cloud bucket.
DEBUG: https://storage.googleapis.com:443 "POST /upload/storage/v1/b/gj_images/o?uploadType=multipart HTTP/1.1" 200 812
INFO: gcloud.upload: Uploading 'artemis_images/9780892815470.jpg' to Google Cloud bucket.
DEBUG: https://storage.googleapis.com:443 "POST /upload/storage/v1/b/gj_images/o?uploadType=multipart HTTP/1.1" 200 812
INFO: gcloud.upload: Uploading 'artemis_images/9781844096299.jpg' to Google Cloud bucket.
DEBUG: https://storage.googleapis.com:443 "POST /upload/storage/v1/b/gj_images/o?uploadType=multipart HTTP/1.1" 200 812
INFO: gcloud.upload: Uploading 'artemis_images/9781879181885.jpg' to Google Cloud bucket.
DEBUG: https://storage.googleapis.com:443 "POST /upload/storage/v1/b/gj_images/o?uploadType=multipart HTTP/1.1" 200 812
INFO: gcloud.upload: Uploading 'artemis_images/9781594771880.jpg' to Google Cloud bucket.
DEBUG: https://storage.googleapis.com:443 "POST /upload/storage/v1/b/gj_images/o?uploadType=multipart HTTP/1.1" 200 812
INFO: gcloud.upload: Uploading 'artemis_images/9780769209722.jpg' to Google Cloud bucket.
DEBUG: https://storage.googleapis.com:443 "POST /upload/storage/v1/b/gj_images/o?uploadType=multipart HTTP/1.1" 200 812
INFO: gcloud.upload: Uploading 'artemis_images/9781591432999.jpg' to Google Cloud bucket.
DEBUG: https://storage.googleapis.com:443 "POST /upload/storage/v1/b/gj_images/o?uploadType=multipart HTTP/1.1" 200 812
INFO: gcloud.upload: Uploading 'artemis_images/9781644116777.jpg' to Google Cloud bucket.
DEBUG: https://storage.googleapis.com:443 "POST /upload/storage/v1/b/gj_images/o?uploadType=multipart HTTP/1.1" 200 812
INFO: gcloud.upload: Uploading 'artemis_images/9781912891207.jpg' to Google Cloud bucket.
DEBUG: https://storage.googleapis.com:443 "POST /upload/storage/v1/b/gj_images/o?uploadType=multipart HTTP/1.1" 200 812
INFO: gcloud.upload: Uploading 'artemis_images/9781644116562.jpg' to Google Cloud bucket.
DEBUG: https://storage.googleapis.com:443 "POST /upload/storage/v1/b/gj_images/o?uploadType=multipart HTTP/1.1" 200 812
INFO: gcloud.upload: Uploading 'artemis_images/9781770857278-3.jpg' to Google Cloud bucket.
DEBUG: https://storage.googleapis.com:443 "POST /upload/storage/v1/b/gj_images/o?uploadType=multipart HTTP/1.1" 200 820
INFO: gcloud.upload: Uploading 'artemis_images/9781912891191.jpg' to Google Cloud bucket.
DEBUG: https://storage.googleapis.com:443 "POST /upload/storage/v1/b/gj_images/o?uploadType=multipart HTTP/1.1" 200 812
INFO: gcloud.upload: Uploading 'artemis_images/9781620556993.jpg' to Google Cloud bucket.
DEBUG: https://storage.googleapis.com:443 "POST /upload/storage/v1/b/gj_images/o?uploadType=multipart HTTP/1.1" 200 812
