DEBUG: cli.cli: Debug mode enabled.
DEBUG: cli.download: Download path is: /home/john/.local/share/artemis_sg/downloaded_images
DEBUG: ImgDownloader.download: Downloading 'https://greatjonesbooks.com/assets/noimage.png' to '/home/john/.local/share/artemis_sg/downloaded_images'
DEBUG: Starting new HTTPS connection (1): greatjonesbooks.com:443
DEBUG: https://greatjonesbooks.com:443 "GET /assets/noimage.png HTTP/1.1" 200 468
INFO: ImgDownloader.download: Saved '/home/john/.local/share/artemis_sg/downloaded_images/9780892810871-1.png
DEBUG: ImgDownloader.download: Downloading 'https://m.media-amazon.com/images/I/414mEHK+p-L.jpg' to '/home/john/.local/share/artemis_sg/downloaded_images'
DEBUG: Starting new HTTPS connection (1): m.media-amazon.com:443
DEBUG: https://m.media-amazon.com:443 "GET /images/I/414mEHK+p-L.jpg HTTP/1.1" 200 24448
INFO: ImgDownloader.download: Saved '/home/john/.local/share/artemis_sg/downloaded_images/9780307272720.jpg
DEBUG: ImgDownloader.download: Downloading 'http://assets.greatjonesbooks.com/images/bookcovers/220wide/217031.jpg' to '/home/john/.local/share/artemis_sg/downloaded_images'
DEBUG: Starting new HTTP connection (1): assets.greatjonesbooks.com:80
DEBUG: http://assets.greatjonesbooks.com:80 "GET /images/bookcovers/220wide/217031.jpg HTTP/1.1" 200 35274
INFO: ImgDownloader.download: Saved '/home/john/.local/share/artemis_sg/downloaded_images/9780307272720-1.jpg
DEBUG: ImgDownloader.download: Downloading 'https://m.media-amazon.com/images/I/41U5MOrnrGL.jpg' to '/home/john/.local/share/artemis_sg/downloaded_images'
DEBUG: Starting new HTTPS connection (1): m.media-amazon.com:443
DEBUG: https://m.media-amazon.com:443 "GET /images/I/41U5MOrnrGL.jpg HTTP/1.1" 200 31995
INFO: ImgDownloader.download: Saved '/home/john/.local/share/artemis_sg/downloaded_images/9782072943270.jpg
DEBUG: ImgDownloader.download: Downloading 'http://assets.greatjonesbooks.com/images/bookcovers/220wide/261662.jpg' to '/home/john/.local/share/artemis_sg/downloaded_images'
DEBUG: Starting new HTTP connection (1): assets.greatjonesbooks.com:80
DEBUG: http://assets.greatjonesbooks.com:80 "GET /images/bookcovers/220wide/261662.jpg HTTP/1.1" 200 155910
INFO: ImgDownloader.download: Saved '/home/john/.local/share/artemis_sg/downloaded_images/9782072943270-1.jpg
DEBUG: ImgDownloader.download: Downloading 'https://m.media-amazon.com/images/I/418CS5PcVyL.jpg' to '/home/john/.local/share/artemis_sg/downloaded_images'
DEBUG: Starting new HTTPS connection (1): m.media-amazon.com:443
DEBUG: https://m.media-amazon.com:443 "GET /images/I/418CS5PcVyL.jpg HTTP/1.1" 200 30802
INFO: ImgDownloader.download: Saved '/home/john/.local/share/artemis_sg/downloaded_images/9780500024652.jpg
DEBUG: ImgDownloader.download: Downloading 'http://assets.greatjonesbooks.com/images/bookcovers/220wide/247472.jpg' to '/home/john/.local/share/artemis_sg/downloaded_images'
DEBUG: Starting new HTTP connection (1): assets.greatjonesbooks.com:80
DEBUG: http://assets.greatjonesbooks.com:80 "GET /images/bookcovers/220wide/247472.jpg HTTP/1.1" 200 168418
INFO: ImgDownloader.download: Saved '/home/john/.local/share/artemis_sg/downloaded_images/9780500024652-1.jpg
