DEBUG: cli.cli: Debug mode enabled.
DEBUG: cli.generate: Scraped Items Database is: /home/john/.local/share/artemis_sg/scraped_items.json
DEBUG: Vendor.set_vendor_data: Vendor data is: '{'code': 'gj', 'name': 'Great Jones', 'isbn_key': 'IsbN-13'}'
INFO: file_cache is only supported with oauth2client<4.0.0
DEBUG: Checking /home/john/Documents/src/artemis_slide_generator/g_cloud_service_key.json for explicit credentials as part of auth process...
DEBUG: Checking /home/john/Documents/src/artemis_slide_generator/g_cloud_service_key.json for explicit credentials as part of auth process...
DEBUG: Item._sort_data: Sorted keys: ['TITLE', 'SUBTITLE', 'AUTHOR', 'PUBLISHER', 'P/C', 'RETAIL $', 'GJ $', 'NET $', 'SUBJECT', 'TYPE', 'DIMENSION', 'ISBN-13', 'DESCRIPTION']
DEBUG: Item._sort_data: Sorted keys: ['TITLE', 'SUBTITLE', 'AUTHOR', 'PUBLISHER', 'P/C', 'RETAIL $', 'GJ $', 'NET $', 'SUBJECT', 'TYPE', 'DIMENSION', 'ISBN-13', 'DESCRIPTION']
DEBUG: Item._sort_data: Sorted keys: ['TITLE', 'SUBTITLE', 'AUTHOR', 'PUBLISHER', 'P/C', 'RETAIL $', 'GJ $', 'NET $', 'SUBJECT', 'TYPE', 'DIMENSION', 'ISBN-13', 'DESCRIPTION']
ERROR: Item.validate_isbn: Err reading isbn 'None', err: 'int() argument must be a string, a bytes-like object or a real number, not 'NoneType''
DEBUG: Item._sort_data: Sorted keys: ['TITLE', 'SUBTITLE', 'AUTHOR', 'PUBLISHER', 'P/C', 'RETAIL $', 'GJ $', 'NET $', 'SUBJECT', 'TYPE', 'DIMENSION', 'ISBN-13', 'DESCRIPTION']
ERROR: Item.validate_isbn: Err reading isbn 'None', err: 'int() argument must be a string, a bytes-like object or a real number, not 'NoneType''
DEBUG: Item._sort_data: Sorted keys: ['TITLE', 'SUBTITLE', 'AUTHOR', 'PUBLISHER', 'P/C', 'RETAIL $', 'GJ $', 'NET $', 'SUBJECT', 'TYPE', 'DIMENSION', 'ISBN-13', 'DESCRIPTION']
ERROR: Item.validate_isbn: Err reading isbn 'None', err: 'int() argument must be a string, a bytes-like object or a real number, not 'NoneType''
DEBUG: Item._sort_data: Sorted keys: ['TITLE', 'SUBTITLE', 'AUTHOR', 'PUBLISHER', 'P/C', 'RETAIL $', 'GJ $', 'NET $', 'SUBJECT', 'TYPE', 'DIMENSION', 'ISBN-13', 'DESCRIPTION']
ERROR: Item.validate_isbn: Err reading isbn 'None', err: 'int() argument must be a string, a bytes-like object or a real number, not 'NoneType''
DEBUG: Item._sort_data: Sorted keys: ['TITLE', 'SUBTITLE', 'AUTHOR', 'PUBLISHER', 'P/C', 'RETAIL $', 'GJ $', 'NET $', 'SUBJECT', 'TYPE', 'DIMENSION', 'ISBN-13', 'DESCRIPTION']
ERROR: Item.validate_isbn: Err reading isbn 'None', err: 'int() argument must be a string, a bytes-like object or a real number, not 'NoneType''
DEBUG: Item._sort_data: Sorted keys: ['TITLE', 'SUBTITLE', 'AUTHOR', 'PUBLISHER', 'P/C', 'RETAIL $', 'GJ $', 'NET $', 'SUBJECT', 'TYPE', 'DIMENSION', 'ISBN-13', 'DESCRIPTION']
ERROR: Item.validate_isbn: Err reading isbn 'None', err: 'int() argument must be a string, a bytes-like object or a real number, not 'NoneType''
DEBUG: Item._sort_data: Sorted keys: ['TITLE', 'SUBTITLE', 'AUTHOR', 'PUBLISHER', 'P/C', 'RETAIL $', 'GJ $', 'NET $', 'SUBJECT', 'TYPE', 'DIMENSION', 'ISBN-13', 'DESCRIPTION']
ERROR: Item.validate_isbn: Err reading isbn 'None', err: 'int() argument must be a string, a bytes-like object or a real number, not 'NoneType''
DEBUG: Item._sort_data: Sorted keys: ['TITLE', 'SUBTITLE', 'AUTHOR', 'PUBLISHER', 'P/C', 'RETAIL $', 'GJ $', 'NET $', 'SUBJECT', 'TYPE', 'DIMENSION', 'ISBN-13', 'DESCRIPTION']
ERROR: Item.validate_isbn: Err reading isbn 'None', err: 'int() argument must be a string, a bytes-like object or a real number, not 'NoneType''
DEBUG: Item._sort_data: Sorted keys: ['TITLE', 'SUBTITLE', 'AUTHOR', 'PUBLISHER', 'P/C', 'RETAIL $', 'GJ $', 'NET $', 'SUBJECT', 'TYPE', 'DIMENSION', 'ISBN-13', 'DESCRIPTION']
ERROR: Item.validate_isbn: Err reading isbn 'None', err: 'int() argument must be a string, a bytes-like object or a real number, not 'NoneType''
DEBUG: Item._sort_data: Sorted keys: ['TITLE', 'SUBTITLE', 'AUTHOR', 'PUBLISHER', 'P/C', 'RETAIL $', 'GJ $', 'NET $', 'SUBJECT', 'TYPE', 'DIMENSION', 'ISBN-13', 'DESCRIPTION']
ERROR: Item.validate_isbn: Err reading isbn 'None', err: 'int() argument must be a string, a bytes-like object or a real number, not 'NoneType''
DEBUG: Item._sort_data: Sorted keys: ['TITLE', 'SUBTITLE', 'AUTHOR', 'PUBLISHER', 'P/C', 'RETAIL $', 'GJ $', 'NET $', 'SUBJECT', 'TYPE', 'DIMENSION', 'ISBN-13', 'DESCRIPTION']
ERROR: Item.validate_isbn: Err reading isbn 'None', err: 'int() argument must be a string, a bytes-like object or a real number, not 'NoneType''
DEBUG: Item._sort_data: Sorted keys: ['TITLE', 'SUBTITLE', 'AUTHOR', 'PUBLISHER', 'P/C', 'RETAIL $', 'GJ $', 'NET $', 'SUBJECT', 'TYPE', 'DIMENSION', 'ISBN-13', 'DESCRIPTION']
ERROR: Item.validate_isbn: Err reading isbn 'None', err: 'int() argument must be a string, a bytes-like object or a real number, not 'NoneType''
DEBUG: Item._sort_data: Sorted keys: ['TITLE', 'SUBTITLE', 'AUTHOR', 'PUBLISHER', 'P/C', 'RETAIL $', 'GJ $', 'NET $', 'SUBJECT', 'TYPE', 'DIMENSION', 'ISBN-13', 'DESCRIPTION']
ERROR: Item.validate_isbn: Err reading isbn 'None', err: 'int() argument must be a string, a bytes-like object or a real number, not 'NoneType''
DEBUG: Item._sort_data: Sorted keys: ['TITLE', 'SUBTITLE', 'AUTHOR', 'PUBLISHER', 'P/C', 'RETAIL $', 'GJ $', 'NET $', 'SUBJECT', 'TYPE', 'DIMENSION', 'ISBN-13', 'DESCRIPTION']
ERROR: Item.validate_isbn: Err reading isbn 'None', err: 'int() argument must be a string, a bytes-like object or a real number, not 'NoneType''
DEBUG: Item._sort_data: Sorted keys: ['TITLE', 'SUBTITLE', 'AUTHOR', 'PUBLISHER', 'P/C', 'RETAIL $', 'GJ $', 'NET $', 'SUBJECT', 'TYPE', 'DIMENSION', 'ISBN-13', 'DESCRIPTION']
ERROR: Item.validate_isbn: Err reading isbn 'None', err: 'int() argument must be a string, a bytes-like object or a real number, not 'NoneType''
DEBUG: Item._sort_data: Sorted keys: ['TITLE', 'SUBTITLE', 'AUTHOR', 'PUBLISHER', 'P/C', 'RETAIL $', 'GJ $', 'NET $', 'SUBJECT', 'TYPE', 'DIMENSION', 'ISBN-13', 'DESCRIPTION']
ERROR: Item.validate_isbn: Err reading isbn 'None', err: 'int() argument must be a string, a bytes-like object or a real number, not 'NoneType''
DEBUG: Item._sort_data: Sorted keys: ['TITLE', 'SUBTITLE', 'AUTHOR', 'PUBLISHER', 'P/C', 'RETAIL $', 'GJ $', 'NET $', 'SUBJECT', 'TYPE', 'DIMENSION', 'ISBN-13', 'DESCRIPTION']
ERROR: Item.validate_isbn: Err reading isbn 'None', err: 'int() argument must be a string, a bytes-like object or a real number, not 'NoneType''
DEBUG: Item._sort_data: Sorted keys: ['TITLE', 'SUBTITLE', 'AUTHOR', 'PUBLISHER', 'P/C', 'RETAIL $', 'GJ $', 'NET $', 'SUBJECT', 'TYPE', 'DIMENSION', 'ISBN-13', 'DESCRIPTION']
ERROR: Item.validate_isbn: Err reading isbn 'None', err: 'int() argument must be a string, a bytes-like object or a real number, not 'NoneType''
DEBUG: Item._sort_data: Sorted keys: ['TITLE', 'SUBTITLE', 'AUTHOR', 'PUBLISHER', 'P/C', 'RETAIL $', 'GJ $', 'NET $', 'SUBJECT', 'TYPE', 'DIMENSION', 'ISBN-13', 'DESCRIPTION']
ERROR: Item.validate_isbn: Err reading isbn 'None', err: 'int() argument must be a string, a bytes-like object or a real number, not 'NoneType''
DEBUG: Item._sort_data: Sorted keys: ['TITLE', 'SUBTITLE', 'AUTHOR', 'PUBLISHER', 'P/C', 'RETAIL $', 'GJ $', 'NET $', 'SUBJECT', 'TYPE', 'DIMENSION', 'ISBN-13', 'DESCRIPTION']
ERROR: Item.validate_isbn: Err reading isbn 'None', err: 'int() argument must be a string, a bytes-like object or a real number, not 'NoneType''
DEBUG: Item._sort_data: Sorted keys: ['TITLE', 'SUBTITLE', 'AUTHOR', 'PUBLISHER', 'P/C', 'RETAIL $', 'GJ $', 'NET $', 'SUBJECT', 'TYPE', 'DIMENSION', 'ISBN-13', 'DESCRIPTION']
ERROR: Item.validate_isbn: Err reading isbn 'None', err: 'int() argument must be a string, a bytes-like object or a real number, not 'NoneType''
DEBUG: Item._sort_data: Sorted keys: ['TITLE', 'SUBTITLE', 'AUTHOR', 'PUBLISHER', 'P/C', 'RETAIL $', 'GJ $', 'NET $', 'SUBJECT', 'TYPE', 'DIMENSION', 'ISBN-13', 'DESCRIPTION']
ERROR: Item.validate_isbn: Err reading isbn 'None', err: 'int() argument must be a string, a bytes-like object or a real number, not 'NoneType''
DEBUG: Item._sort_data: Sorted keys: ['TITLE', 'SUBTITLE', 'AUTHOR', 'PUBLISHER', 'P/C', 'RETAIL $', 'GJ $', 'NET $', 'SUBJECT', 'TYPE', 'DIMENSION', 'ISBN-13', 'DESCRIPTION']
ERROR: Item.validate_isbn: Err reading isbn 'None', err: 'int() argument must be a string, a bytes-like object or a real number, not 'NoneType''
DEBUG: Item._sort_data: Sorted keys: ['TITLE', 'SUBTITLE', 'AUTHOR', 'PUBLISHER', 'P/C', 'RETAIL $', 'GJ $', 'NET $', 'SUBJECT', 'TYPE', 'DIMENSION', 'ISBN-13', 'DESCRIPTION']
ERROR: Item.validate_isbn: Err reading isbn 'None', err: 'int() argument must be a string, a bytes-like object or a real number, not 'NoneType''
DEBUG: Item._sort_data: Sorted keys: ['TITLE', 'SUBTITLE', 'AUTHOR', 'PUBLISHER', 'P/C', 'RETAIL $', 'GJ $', 'NET $', 'SUBJECT', 'TYPE', 'DIMENSION', 'ISBN-13', 'DESCRIPTION']
ERROR: Item.validate_isbn: Err reading isbn 'None', err: 'int() argument must be a string, a bytes-like object or a real number, not 'NoneType''
DEBUG: Item._sort_data: Sorted keys: ['TITLE', 'SUBTITLE', 'AUTHOR', 'PUBLISHER', 'P/C', 'RETAIL $', 'GJ $', 'NET $', 'SUBJECT', 'TYPE', 'DIMENSION', 'ISBN-13', 'DESCRIPTION']
ERROR: Item.validate_isbn: Err reading isbn 'None', err: 'int() argument must be a string, a bytes-like object or a real number, not 'NoneType''
DEBUG: Item._sort_data: Sorted keys: ['TITLE', 'SUBTITLE', 'AUTHOR', 'PUBLISHER', 'P/C', 'RETAIL $', 'GJ $', 'NET $', 'SUBJECT', 'TYPE', 'DIMENSION', 'ISBN-13', 'DESCRIPTION']
ERROR: Item.validate_isbn: Err reading isbn 'None', err: 'int() argument must be a string, a bytes-like object or a real number, not 'NoneType''
DEBUG: Item._sort_data: Sorted keys: ['TITLE', 'SUBTITLE', 'AUTHOR', 'PUBLISHER', 'P/C', 'RETAIL $', 'GJ $', 'NET $', 'SUBJECT', 'TYPE', 'DIMENSION', 'ISBN-13', 'DESCRIPTION']
ERROR: Item.validate_isbn: Err reading isbn 'None', err: 'int() argument must be a string, a bytes-like object or a real number, not 'NoneType''
DEBUG: Item._sort_data: Sorted keys: ['TITLE', 'SUBTITLE', 'AUTHOR', 'PUBLISHER', 'P/C', 'RETAIL $', 'GJ $', 'NET $', 'SUBJECT', 'TYPE', 'DIMENSION', 'ISBN-13', 'DESCRIPTION']
ERROR: Item.validate_isbn: Err reading isbn 'None', err: 'int() argument must be a string, a bytes-like object or a real number, not 'NoneType''
DEBUG: Item._sort_data: Sorted keys: ['TITLE', 'SUBTITLE', 'AUTHOR', 'PUBLISHER', 'P/C', 'RETAIL $', 'GJ $', 'NET $', 'SUBJECT', 'TYPE', 'DIMENSION', 'ISBN-13', 'DESCRIPTION']
ERROR: Item.validate_isbn: Err reading isbn 'None', err: 'int() argument must be a string, a bytes-like object or a real number, not 'NoneType''
DEBUG: Item._sort_data: Sorted keys: ['TITLE', 'SUBTITLE', 'AUTHOR', 'PUBLISHER', 'P/C', 'RETAIL $', 'GJ $', 'NET $', 'SUBJECT', 'TYPE', 'DIMENSION', 'ISBN-13', 'DESCRIPTION']
ERROR: Item.validate_isbn: Err reading isbn 'None', err: 'int() argument must be a string, a bytes-like object or a real number, not 'NoneType''
DEBUG: Item._sort_data: Sorted keys: ['TITLE', 'SUBTITLE', 'AUTHOR', 'PUBLISHER', 'P/C', 'RETAIL $', 'GJ $', 'NET $', 'SUBJECT', 'TYPE', 'DIMENSION', 'ISBN-13', 'DESCRIPTION']
ERROR: Item.validate_isbn: Err reading isbn 'None', err: 'int() argument must be a string, a bytes-like object or a real number, not 'NoneType''
DEBUG: Item._sort_data: Sorted keys: ['TITLE', 'SUBTITLE', 'AUTHOR', 'PUBLISHER', 'P/C', 'RETAIL $', 'GJ $', 'NET $', 'SUBJECT', 'TYPE', 'DIMENSION', 'ISBN-13', 'DESCRIPTION']
ERROR: Item.validate_isbn: Err reading isbn 'None', err: 'int() argument must be a string, a bytes-like object or a real number, not 'NoneType''
DEBUG: Item._sort_data: Sorted keys: ['TITLE', 'SUBTITLE', 'AUTHOR', 'PUBLISHER', 'P/C', 'RETAIL $', 'GJ $', 'NET $', 'SUBJECT', 'TYPE', 'DIMENSION', 'ISBN-13', 'DESCRIPTION']
ERROR: Item.validate_isbn: Err reading isbn 'None', err: 'int() argument must be a string, a bytes-like object or a real number, not 'NoneType''
DEBUG: Item._sort_data: Sorted keys: ['TITLE', 'SUBTITLE', 'AUTHOR', 'PUBLISHER', 'P/C', 'RETAIL $', 'GJ $', 'NET $', 'SUBJECT', 'TYPE', 'DIMENSION', 'ISBN-13', 'DESCRIPTION']
ERROR: Item.validate_isbn: Err reading isbn 'None', err: 'int() argument must be a string, a bytes-like object or a real number, not 'NoneType''
DEBUG: Item._sort_data: Sorted keys: ['TITLE', 'SUBTITLE', 'AUTHOR', 'PUBLISHER', 'P/C', 'RETAIL $', 'GJ $', 'NET $', 'SUBJECT', 'TYPE', 'DIMENSION', 'ISBN-13', 'DESCRIPTION']
ERROR: Item.validate_isbn: Err reading isbn 'None', err: 'int() argument must be a string, a bytes-like object or a real number, not 'NoneType''
DEBUG: Item._sort_data: Sorted keys: ['TITLE', 'SUBTITLE', 'AUTHOR', 'PUBLISHER', 'P/C', 'RETAIL $', 'GJ $', 'NET $', 'SUBJECT', 'TYPE', 'DIMENSION', 'ISBN-13', 'DESCRIPTION']
ERROR: Item.validate_isbn: Err reading isbn 'None', err: 'int() argument must be a string, a bytes-like object or a real number, not 'NoneType''
DEBUG: Item._sort_data: Sorted keys: ['TITLE', 'SUBTITLE', 'AUTHOR', 'PUBLISHER', 'P/C', 'RETAIL $', 'GJ $', 'NET $', 'SUBJECT', 'TYPE', 'DIMENSION', 'ISBN-13', 'DESCRIPTION']
ERROR: Item.validate_isbn: Err reading isbn 'None', err: 'int() argument must be a string, a bytes-like object or a real number, not 'NoneType''
DEBUG: Item._sort_data: Sorted keys: ['TITLE', 'SUBTITLE', 'AUTHOR', 'PUBLISHER', 'P/C', 'RETAIL $', 'GJ $', 'NET $', 'SUBJECT', 'TYPE', 'DIMENSION', 'ISBN-13', 'DESCRIPTION']
ERROR: Item.validate_isbn: Err reading isbn 'None', err: 'int() argument must be a string, a bytes-like object or a real number, not 'NoneType''
DEBUG: Item._sort_data: Sorted keys: ['TITLE', 'SUBTITLE', 'AUTHOR', 'PUBLISHER', 'P/C', 'RETAIL $', 'GJ $', 'NET $', 'SUBJECT', 'TYPE', 'DIMENSION', 'ISBN-13', 'DESCRIPTION']
ERROR: Item.validate_isbn: Err reading isbn 'None', err: 'int() argument must be a string, a bytes-like object or a real number, not 'NoneType''
DEBUG: Item._sort_data: Sorted keys: ['TITLE', 'SUBTITLE', 'AUTHOR', 'PUBLISHER', 'P/C', 'RETAIL $', 'GJ $', 'NET $', 'SUBJECT', 'TYPE', 'DIMENSION', 'ISBN-13', 'DESCRIPTION']
ERROR: Item.validate_isbn: Err reading isbn 'None', err: 'int() argument must be a string, a bytes-like object or a real number, not 'NoneType''
DEBUG: Item._sort_data: Sorted keys: ['TITLE', 'SUBTITLE', 'AUTHOR', 'PUBLISHER', 'P/C', 'RETAIL $', 'GJ $', 'NET $', 'SUBJECT', 'TYPE', 'DIMENSION', 'ISBN-13', 'DESCRIPTION']
ERROR: Item.validate_isbn: Err reading isbn 'None', err: 'int() argument must be a string, a bytes-like object or a real number, not 'NoneType''
DEBUG: Item._sort_data: Sorted keys: ['TITLE', 'SUBTITLE', 'AUTHOR', 'PUBLISHER', 'P/C', 'RETAIL $', 'GJ $', 'NET $', 'SUBJECT', 'TYPE', 'DIMENSION', 'ISBN-13', 'DESCRIPTION']
ERROR: Item.validate_isbn: Err reading isbn 'None', err: 'int() argument must be a string, a bytes-like object or a real number, not 'NoneType''
DEBUG: Item._sort_data: Sorted keys: ['TITLE', 'SUBTITLE', 'AUTHOR', 'PUBLISHER', 'P/C', 'RETAIL $', 'GJ $', 'NET $', 'SUBJECT', 'TYPE', 'DIMENSION', 'ISBN-13', 'DESCRIPTION']
ERROR: Item.validate_isbn: Err reading isbn 'None', err: 'int() argument must be a string, a bytes-like object or a real number, not 'NoneType''
DEBUG: Item._sort_data: Sorted keys: ['TITLE', 'SUBTITLE', 'AUTHOR', 'PUBLISHER', 'P/C', 'RETAIL $', 'GJ $', 'NET $', 'SUBJECT', 'TYPE', 'DIMENSION', 'ISBN-13', 'DESCRIPTION']
ERROR: Item.validate_isbn: Err reading isbn 'None', err: 'int() argument must be a string, a bytes-like object or a real number, not 'NoneType''
DEBUG: Item._sort_data: Sorted keys: ['TITLE', 'SUBTITLE', 'AUTHOR', 'PUBLISHER', 'P/C', 'RETAIL $', 'GJ $', 'NET $', 'SUBJECT', 'TYPE', 'DIMENSION', 'ISBN-13', 'DESCRIPTION']
ERROR: Item.validate_isbn: Err reading isbn 'None', err: 'int() argument must be a string, a bytes-like object or a real number, not 'NoneType''
DEBUG: Item._sort_data: Sorted keys: ['TITLE', 'SUBTITLE', 'AUTHOR', 'PUBLISHER', 'P/C', 'RETAIL $', 'GJ $', 'NET $', 'SUBJECT', 'TYPE', 'DIMENSION', 'ISBN-13', 'DESCRIPTION']
ERROR: Item.validate_isbn: Err reading isbn 'None', err: 'int() argument must be a string, a bytes-like object or a real number, not 'NoneType''
DEBUG: Item._sort_data: Sorted keys: ['TITLE', 'SUBTITLE', 'AUTHOR', 'PUBLISHER', 'P/C', 'RETAIL $', 'GJ $', 'NET $', 'SUBJECT', 'TYPE', 'DIMENSION', 'ISBN-13', 'DESCRIPTION']
ERROR: Item.validate_isbn: Err reading isbn 'None', err: 'int() argument must be a string, a bytes-like object or a real number, not 'NoneType''
DEBUG: Item._sort_data: Sorted keys: ['TITLE', 'SUBTITLE', 'AUTHOR', 'PUBLISHER', 'P/C', 'RETAIL $', 'GJ $', 'NET $', 'SUBJECT', 'TYPE', 'DIMENSION', 'ISBN-13', 'DESCRIPTION']
ERROR: Item.validate_isbn: Err reading isbn 'None', err: 'int() argument must be a string, a bytes-like object or a real number, not 'NoneType''
DEBUG: Item._sort_data: Sorted keys: ['TITLE', 'SUBTITLE', 'AUTHOR', 'PUBLISHER', 'P/C', 'RETAIL $', 'GJ $', 'NET $', 'SUBJECT', 'TYPE', 'DIMENSION', 'ISBN-13', 'DESCRIPTION']
ERROR: Item.validate_isbn: Err reading isbn 'None', err: 'int() argument must be a string, a bytes-like object or a real number, not 'NoneType''
DEBUG: Item._sort_data: Sorted keys: ['TITLE', 'SUBTITLE', 'AUTHOR', 'PUBLISHER', 'P/C', 'RETAIL $', 'GJ $', 'NET $', 'SUBJECT', 'TYPE', 'DIMENSION', 'ISBN-13', 'DESCRIPTION']
ERROR: Item.validate_isbn: Err reading isbn 'None', err: 'int() argument must be a string, a bytes-like object or a real number, not 'NoneType''
DEBUG: Item._sort_data: Sorted keys: ['TITLE', 'SUBTITLE', 'AUTHOR', 'PUBLISHER', 'P/C', 'RETAIL $', 'GJ $', 'NET $', 'SUBJECT', 'TYPE', 'DIMENSION', 'ISBN-13', 'DESCRIPTION']
ERROR: Item.validate_isbn: Err reading isbn 'None', err: 'int() argument must be a string, a bytes-like object or a real number, not 'NoneType''
DEBUG: Item._sort_data: Sorted keys: ['TITLE', 'SUBTITLE', 'AUTHOR', 'PUBLISHER', 'P/C', 'RETAIL $', 'GJ $', 'NET $', 'SUBJECT', 'TYPE', 'DIMENSION', 'ISBN-13', 'DESCRIPTION']
ERROR: Item.validate_isbn: Err reading isbn 'None', err: 'int() argument must be a string, a bytes-like object or a real number, not 'NoneType''
DEBUG: Item._sort_data: Sorted keys: ['TITLE', 'SUBTITLE', 'AUTHOR', 'PUBLISHER', 'P/C', 'RETAIL $', 'GJ $', 'NET $', 'SUBJECT', 'TYPE', 'DIMENSION', 'ISBN-13', 'DESCRIPTION']
ERROR: Item.validate_isbn: Err reading isbn 'None', err: 'int() argument must be a string, a bytes-like object or a real number, not 'NoneType''
DEBUG: Item._sort_data: Sorted keys: ['TITLE', 'SUBTITLE', 'AUTHOR', 'PUBLISHER', 'P/C', 'RETAIL $', 'GJ $', 'NET $', 'SUBJECT', 'TYPE', 'DIMENSION', 'ISBN-13', 'DESCRIPTION']
ERROR: Item.validate_isbn: Err reading isbn 'None', err: 'int() argument must be a string, a bytes-like object or a real number, not 'NoneType''
DEBUG: Item._sort_data: Sorted keys: ['TITLE', 'SUBTITLE', 'AUTHOR', 'PUBLISHER', 'P/C', 'RETAIL $', 'GJ $', 'NET $', 'SUBJECT', 'TYPE', 'DIMENSION', 'ISBN-13', 'DESCRIPTION']
ERROR: Item.validate_isbn: Err reading isbn 'None', err: 'int() argument must be a string, a bytes-like object or a real number, not 'NoneType''
DEBUG: Item._sort_data: Sorted keys: ['TITLE', 'SUBTITLE', 'AUTHOR', 'PUBLISHER', 'P/C', 'RETAIL $', 'GJ $', 'NET $', 'SUBJECT', 'TYPE', 'DIMENSION', 'ISBN-13', 'DESCRIPTION']
ERROR: Item.validate_isbn: Err reading isbn 'None', err: 'int() argument must be a string, a bytes-like object or a real number, not 'NoneType''
DEBUG: Item._sort_data: Sorted keys: ['TITLE', 'SUBTITLE', 'AUTHOR', 'PUBLISHER', 'P/C', 'RETAIL $', 'GJ $', 'NET $', 'SUBJECT', 'TYPE', 'DIMENSION', 'ISBN-13', 'DESCRIPTION']
ERROR: Item.validate_isbn: Err reading isbn 'None', err: 'int() argument must be a string, a bytes-like object or a real number, not 'NoneType''
DEBUG: Item._sort_data: Sorted keys: ['TITLE', 'SUBTITLE', 'AUTHOR', 'PUBLISHER', 'P/C', 'RETAIL $', 'GJ $', 'NET $', 'SUBJECT', 'TYPE', 'DIMENSION', 'ISBN-13', 'DESCRIPTION']
ERROR: Item.validate_isbn: Err reading isbn 'None', err: 'int() argument must be a string, a bytes-like object or a real number, not 'NoneType''
DEBUG: Item._sort_data: Sorted keys: ['TITLE', 'SUBTITLE', 'AUTHOR', 'PUBLISHER', 'P/C', 'RETAIL $', 'GJ $', 'NET $', 'SUBJECT', 'TYPE', 'DIMENSION', 'ISBN-13', 'DESCRIPTION']
ERROR: Item.validate_isbn: Err reading isbn 'None', err: 'int() argument must be a string, a bytes-like object or a real number, not 'NoneType''
DEBUG: Item._sort_data: Sorted keys: ['TITLE', 'SUBTITLE', 'AUTHOR', 'PUBLISHER', 'P/C', 'RETAIL $', 'GJ $', 'NET $', 'SUBJECT', 'TYPE', 'DIMENSION', 'ISBN-13', 'DESCRIPTION']
ERROR: Item.validate_isbn: Err reading isbn 'None', err: 'int() argument must be a string, a bytes-like object or a real number, not 'NoneType''
DEBUG: Item._sort_data: Sorted keys: ['TITLE', 'SUBTITLE', 'AUTHOR', 'PUBLISHER', 'P/C', 'RETAIL $', 'GJ $', 'NET $', 'SUBJECT', 'TYPE', 'DIMENSION', 'ISBN-13', 'DESCRIPTION']
ERROR: Item.validate_isbn: Err reading isbn 'None', err: 'int() argument must be a string, a bytes-like object or a real number, not 'NoneType''
DEBUG: Item._sort_data: Sorted keys: ['TITLE', 'SUBTITLE', 'AUTHOR', 'PUBLISHER', 'P/C', 'RETAIL $', 'GJ $', 'NET $', 'SUBJECT', 'TYPE', 'DIMENSION', 'ISBN-13', 'DESCRIPTION']
ERROR: Item.validate_isbn: Err reading isbn 'None', err: 'int() argument must be a string, a bytes-like object or a real number, not 'NoneType''
DEBUG: Item._sort_data: Sorted keys: ['TITLE', 'SUBTITLE', 'AUTHOR', 'PUBLISHER', 'P/C', 'RETAIL $', 'GJ $', 'NET $', 'SUBJECT', 'TYPE', 'DIMENSION', 'ISBN-13', 'DESCRIPTION']
ERROR: Item.validate_isbn: Err reading isbn 'None', err: 'int() argument must be a string, a bytes-like object or a real number, not 'NoneType''
DEBUG: Item._sort_data: Sorted keys: ['TITLE', 'SUBTITLE', 'AUTHOR', 'PUBLISHER', 'P/C', 'RETAIL $', 'GJ $', 'NET $', 'SUBJECT', 'TYPE', 'DIMENSION', 'ISBN-13', 'DESCRIPTION']
ERROR: Item.validate_isbn: Err reading isbn 'None', err: 'int() argument must be a string, a bytes-like object or a real number, not 'NoneType''
DEBUG: Item._sort_data: Sorted keys: ['TITLE', 'SUBTITLE', 'AUTHOR', 'PUBLISHER', 'P/C', 'RETAIL $', 'GJ $', 'NET $', 'SUBJECT', 'TYPE', 'DIMENSION', 'ISBN-13', 'DESCRIPTION']
ERROR: Item.validate_isbn: Err reading isbn 'None', err: 'int() argument must be a string, a bytes-like object or a real number, not 'NoneType''
DEBUG: Item._sort_data: Sorted keys: ['TITLE', 'SUBTITLE', 'AUTHOR', 'PUBLISHER', 'P/C', 'RETAIL $', 'GJ $', 'NET $', 'SUBJECT', 'TYPE', 'DIMENSION', 'ISBN-13', 'DESCRIPTION']
ERROR: Item.validate_isbn: Err reading isbn 'None', err: 'int() argument must be a string, a bytes-like object or a real number, not 'NoneType''
DEBUG: Item._sort_data: Sorted keys: ['TITLE', 'SUBTITLE', 'AUTHOR', 'PUBLISHER', 'P/C', 'RETAIL $', 'GJ $', 'NET $', 'SUBJECT', 'TYPE', 'DIMENSION', 'ISBN-13', 'DESCRIPTION']
ERROR: Item.validate_isbn: Err reading isbn 'None', err: 'int() argument must be a string, a bytes-like object or a real number, not 'NoneType''
DEBUG: Item._sort_data: Sorted keys: ['TITLE', 'SUBTITLE', 'AUTHOR', 'PUBLISHER', 'P/C', 'RETAIL $', 'GJ $', 'NET $', 'SUBJECT', 'TYPE', 'DIMENSION', 'ISBN-13', 'DESCRIPTION']
ERROR: Item.validate_isbn: Err reading isbn 'None', err: 'int() argument must be a string, a bytes-like object or a real number, not 'NoneType''
DEBUG: Item._sort_data: Sorted keys: ['TITLE', 'SUBTITLE', 'AUTHOR', 'PUBLISHER', 'P/C', 'RETAIL $', 'GJ $', 'NET $', 'SUBJECT', 'TYPE', 'DIMENSION', 'ISBN-13', 'DESCRIPTION']
ERROR: Item.validate_isbn: Err reading isbn 'None', err: 'int() argument must be a string, a bytes-like object or a real number, not 'NoneType''
DEBUG: Item._sort_data: Sorted keys: ['TITLE', 'SUBTITLE', 'AUTHOR', 'PUBLISHER', 'P/C', 'RETAIL $', 'GJ $', 'NET $', 'SUBJECT', 'TYPE', 'DIMENSION', 'ISBN-13', 'DESCRIPTION']
ERROR: Item.validate_isbn: Err reading isbn 'None', err: 'int() argument must be a string, a bytes-like object or a real number, not 'NoneType''
DEBUG: Item._sort_data: Sorted keys: ['TITLE', 'SUBTITLE', 'AUTHOR', 'PUBLISHER', 'P/C', 'RETAIL $', 'GJ $', 'NET $', 'SUBJECT', 'TYPE', 'DIMENSION', 'ISBN-13', 'DESCRIPTION']
ERROR: Item.validate_isbn: Err reading isbn 'None', err: 'int() argument must be a string, a bytes-like object or a real number, not 'NoneType''
DEBUG: Item._sort_data: Sorted keys: ['TITLE', 'SUBTITLE', 'AUTHOR', 'PUBLISHER', 'P/C', 'RETAIL $', 'GJ $', 'NET $', 'SUBJECT', 'TYPE', 'DIMENSION', 'ISBN-13', 'DESCRIPTION']
ERROR: Item.validate_isbn: Err reading isbn 'None', err: 'int() argument must be a string, a bytes-like object or a real number, not 'NoneType''
DEBUG: Item._sort_data: Sorted keys: ['TITLE', 'SUBTITLE', 'AUTHOR', 'PUBLISHER', 'P/C', 'RETAIL $', 'GJ $', 'NET $', 'SUBJECT', 'TYPE', 'DIMENSION', 'ISBN-13', 'DESCRIPTION']
ERROR: Item.validate_isbn: Err reading isbn 'None', err: 'int() argument must be a string, a bytes-like object or a real number, not 'NoneType''
DEBUG: Item._sort_data: Sorted keys: ['TITLE', 'SUBTITLE', 'AUTHOR', 'PUBLISHER', 'P/C', 'RETAIL $', 'GJ $', 'NET $', 'SUBJECT', 'TYPE', 'DIMENSION', 'ISBN-13', 'DESCRIPTION']
ERROR: Item.validate_isbn: Err reading isbn 'None', err: 'int() argument must be a string, a bytes-like object or a real number, not 'NoneType''
DEBUG: Item._sort_data: Sorted keys: ['TITLE', 'SUBTITLE', 'AUTHOR', 'PUBLISHER', 'P/C', 'RETAIL $', 'GJ $', 'NET $', 'SUBJECT', 'TYPE', 'DIMENSION', 'ISBN-13', 'DESCRIPTION']
ERROR: Item.validate_isbn: Err reading isbn 'None', err: 'int() argument must be a string, a bytes-like object or a real number, not 'NoneType''
DEBUG: Item._sort_data: Sorted keys: ['TITLE', 'SUBTITLE', 'AUTHOR', 'PUBLISHER', 'P/C', 'RETAIL $', 'GJ $', 'NET $', 'SUBJECT', 'TYPE', 'DIMENSION', 'ISBN-13', 'DESCRIPTION']
ERROR: Item.validate_isbn: Err reading isbn 'None', err: 'int() argument must be a string, a bytes-like object or a real number, not 'NoneType''
DEBUG: Item._sort_data: Sorted keys: ['TITLE', 'SUBTITLE', 'AUTHOR', 'PUBLISHER', 'P/C', 'RETAIL $', 'GJ $', 'NET $', 'SUBJECT', 'TYPE', 'DIMENSION', 'ISBN-13', 'DESCRIPTION']
ERROR: Item.validate_isbn: Err reading isbn 'None', err: 'int() argument must be a string, a bytes-like object or a real number, not 'NoneType''
DEBUG: Item._sort_data: Sorted keys: ['TITLE', 'SUBTITLE', 'AUTHOR', 'PUBLISHER', 'P/C', 'RETAIL $', 'GJ $', 'NET $', 'SUBJECT', 'TYPE', 'DIMENSION', 'ISBN-13', 'DESCRIPTION']
ERROR: Item.validate_isbn: Err reading isbn 'None', err: 'int() argument must be a string, a bytes-like object or a real number, not 'NoneType''
DEBUG: Item._sort_data: Sorted keys: ['TITLE', 'SUBTITLE', 'AUTHOR', 'PUBLISHER', 'P/C', 'RETAIL $', 'GJ $', 'NET $', 'SUBJECT', 'TYPE', 'DIMENSION', 'ISBN-13', 'DESCRIPTION']
ERROR: Item.validate_isbn: Err reading isbn 'None', err: 'int() argument must be a string, a bytes-like object or a real number, not 'NoneType''
DEBUG: Item._sort_data: Sorted keys: ['TITLE', 'SUBTITLE', 'AUTHOR', 'PUBLISHER', 'P/C', 'RETAIL $', 'GJ $', 'NET $', 'SUBJECT', 'TYPE', 'DIMENSION', 'ISBN-13', 'DESCRIPTION']
ERROR: Item.validate_isbn: Err reading isbn 'None', err: 'int() argument must be a string, a bytes-like object or a real number, not 'NoneType''
DEBUG: Item._sort_data: Sorted keys: ['TITLE', 'SUBTITLE', 'AUTHOR', 'PUBLISHER', 'P/C', 'RETAIL $', 'GJ $', 'NET $', 'SUBJECT', 'TYPE', 'DIMENSION', 'ISBN-13', 'DESCRIPTION']
ERROR: Item.validate_isbn: Err reading isbn 'None', err: 'int() argument must be a string, a bytes-like object or a real number, not 'NoneType''
DEBUG: Item._sort_data: Sorted keys: ['TITLE', 'SUBTITLE', 'AUTHOR', 'PUBLISHER', 'P/C', 'RETAIL $', 'GJ $', 'NET $', 'SUBJECT', 'TYPE', 'DIMENSION', 'ISBN-13', 'DESCRIPTION']
ERROR: Item.validate_isbn: Err reading isbn 'None', err: 'int() argument must be a string, a bytes-like object or a real number, not 'NoneType''
DEBUG: Item._sort_data: Sorted keys: ['TITLE', 'SUBTITLE', 'AUTHOR', 'PUBLISHER', 'P/C', 'RETAIL $', 'GJ $', 'NET $', 'SUBJECT', 'TYPE', 'DIMENSION', 'ISBN-13', 'DESCRIPTION']
ERROR: Item.validate_isbn: Err reading isbn 'None', err: 'int() argument must be a string, a bytes-like object or a real number, not 'NoneType''
DEBUG: Item._sort_data: Sorted keys: ['TITLE', 'SUBTITLE', 'AUTHOR', 'PUBLISHER', 'P/C', 'RETAIL $', 'GJ $', 'NET $', 'SUBJECT', 'TYPE', 'DIMENSION', 'ISBN-13', 'DESCRIPTION']
ERROR: Item.validate_isbn: Err reading isbn 'None', err: 'int() argument must be a string, a bytes-like object or a real number, not 'NoneType''
DEBUG: Item._sort_data: Sorted keys: ['TITLE', 'SUBTITLE', 'AUTHOR', 'PUBLISHER', 'P/C', 'RETAIL $', 'GJ $', 'NET $', 'SUBJECT', 'TYPE', 'DIMENSION', 'ISBN-13', 'DESCRIPTION']
ERROR: Item.validate_isbn: Err reading isbn 'None', err: 'int() argument must be a string, a bytes-like object or a real number, not 'NoneType''
DEBUG: Item._sort_data: Sorted keys: ['TITLE', 'SUBTITLE', 'AUTHOR', 'PUBLISHER', 'P/C', 'RETAIL $', 'GJ $', 'NET $', 'SUBJECT', 'TYPE', 'DIMENSION', 'ISBN-13', 'DESCRIPTION']
ERROR: Item.validate_isbn: Err reading isbn 'None', err: 'int() argument must be a string, a bytes-like object or a real number, not 'NoneType''
DEBUG: Item._sort_data: Sorted keys: ['TITLE', 'SUBTITLE', 'AUTHOR', 'PUBLISHER', 'P/C', 'RETAIL $', 'GJ $', 'NET $', 'SUBJECT', 'TYPE', 'DIMENSION', 'ISBN-13', 'DESCRIPTION']
ERROR: Item.validate_isbn: Err reading isbn 'None', err: 'int() argument must be a string, a bytes-like object or a real number, not 'NoneType''
DEBUG: Item._sort_data: Sorted keys: ['TITLE', 'SUBTITLE', 'AUTHOR', 'PUBLISHER', 'P/C', 'RETAIL $', 'GJ $', 'NET $', 'SUBJECT', 'TYPE', 'DIMENSION', 'ISBN-13', 'DESCRIPTION']
ERROR: Item.validate_isbn: Err reading isbn 'None', err: 'int() argument must be a string, a bytes-like object or a real number, not 'NoneType''
DEBUG: Item._sort_data: Sorted keys: ['TITLE', 'SUBTITLE', 'AUTHOR', 'PUBLISHER', 'P/C', 'RETAIL $', 'GJ $', 'NET $', 'SUBJECT', 'TYPE', 'DIMENSION', 'ISBN-13', 'DESCRIPTION']
ERROR: Item.validate_isbn: Err reading isbn 'None', err: 'int() argument must be a string, a bytes-like object or a real number, not 'NoneType''
DEBUG: Item._sort_data: Sorted keys: ['TITLE', 'SUBTITLE', 'AUTHOR', 'PUBLISHER', 'P/C', 'RETAIL $', 'GJ $', 'NET $', 'SUBJECT', 'TYPE', 'DIMENSION', 'ISBN-13', 'DESCRIPTION']
ERROR: Item.validate_isbn: Err reading isbn 'None', err: 'int() argument must be a string, a bytes-like object or a real number, not 'NoneType''
DEBUG: Item._sort_data: Sorted keys: ['TITLE', 'SUBTITLE', 'AUTHOR', 'PUBLISHER', 'P/C', 'RETAIL $', 'GJ $', 'NET $', 'SUBJECT', 'TYPE', 'DIMENSION', 'ISBN-13', 'DESCRIPTION']
ERROR: Item.validate_isbn: Err reading isbn 'None', err: 'int() argument must be a string, a bytes-like object or a real number, not 'NoneType''
DEBUG: Item._sort_data: Sorted keys: ['TITLE', 'SUBTITLE', 'AUTHOR', 'PUBLISHER', 'P/C', 'RETAIL $', 'GJ $', 'NET $', 'SUBJECT', 'TYPE', 'DIMENSION', 'ISBN-13', 'DESCRIPTION']
ERROR: Item.validate_isbn: Err reading isbn 'None', err: 'int() argument must be a string, a bytes-like object or a real number, not 'NoneType''
DEBUG: Item._sort_data: Sorted keys: ['TITLE', 'SUBTITLE', 'AUTHOR', 'PUBLISHER', 'P/C', 'RETAIL $', 'GJ $', 'NET $', 'SUBJECT', 'TYPE', 'DIMENSION', 'ISBN-13', 'DESCRIPTION']
ERROR: Item.validate_isbn: Err reading isbn 'None', err: 'int() argument must be a string, a bytes-like object or a real number, not 'NoneType''
DEBUG: Item._sort_data: Sorted keys: ['TITLE', 'SUBTITLE', 'AUTHOR', 'PUBLISHER', 'P/C', 'RETAIL $', 'GJ $', 'NET $', 'SUBJECT', 'TYPE', 'DIMENSION', 'ISBN-13', 'DESCRIPTION']
ERROR: Item.validate_isbn: Err reading isbn 'None', err: 'int() argument must be a string, a bytes-like object or a real number, not 'NoneType''
DEBUG: Item._sort_data: Sorted keys: ['TITLE', 'SUBTITLE', 'AUTHOR', 'PUBLISHER', 'P/C', 'RETAIL $', 'GJ $', 'NET $', 'SUBJECT', 'TYPE', 'DIMENSION', 'ISBN-13', 'DESCRIPTION']
ERROR: Item.validate_isbn: Err reading isbn 'None', err: 'int() argument must be a string, a bytes-like object or a real number, not 'NoneType''
DEBUG: Item._sort_data: Sorted keys: ['TITLE', 'SUBTITLE', 'AUTHOR', 'PUBLISHER', 'P/C', 'RETAIL $', 'GJ $', 'NET $', 'SUBJECT', 'TYPE', 'DIMENSION', 'ISBN-13', 'DESCRIPTION']
ERROR: Item.validate_isbn: Err reading isbn 'None', err: 'int() argument must be a string, a bytes-like object or a real number, not 'NoneType''
DEBUG: Item._sort_data: Sorted keys: ['TITLE', 'SUBTITLE', 'AUTHOR', 'PUBLISHER', 'P/C', 'RETAIL $', 'GJ $', 'NET $', 'SUBJECT', 'TYPE', 'DIMENSION', 'ISBN-13', 'DESCRIPTION']
ERROR: Item.validate_isbn: Err reading isbn 'None', err: 'int() argument must be a string, a bytes-like object or a real number, not 'NoneType''
DEBUG: Item._sort_data: Sorted keys: ['TITLE', 'SUBTITLE', 'AUTHOR', 'PUBLISHER', 'P/C', 'RETAIL $', 'GJ $', 'NET $', 'SUBJECT', 'TYPE', 'DIMENSION', 'ISBN-13', 'DESCRIPTION']
ERROR: Item.validate_isbn: Err reading isbn 'None', err: 'int() argument must be a string, a bytes-like object or a real number, not 'NoneType''
DEBUG: Item._sort_data: Sorted keys: ['TITLE', 'SUBTITLE', 'AUTHOR', 'PUBLISHER', 'P/C', 'RETAIL $', 'GJ $', 'NET $', 'SUBJECT', 'TYPE', 'DIMENSION', 'ISBN-13', 'DESCRIPTION']
ERROR: Item.validate_isbn: Err reading isbn 'None', err: 'int() argument must be a string, a bytes-like object or a real number, not 'NoneType''
DEBUG: Item._sort_data: Sorted keys: ['TITLE', 'SUBTITLE', 'AUTHOR', 'PUBLISHER', 'P/C', 'RETAIL $', 'GJ $', 'NET $', 'SUBJECT', 'TYPE', 'DIMENSION', 'ISBN-13', 'DESCRIPTION']
ERROR: Item.validate_isbn: Err reading isbn 'None', err: 'int() argument must be a string, a bytes-like object or a real number, not 'NoneType''
DEBUG: Item._sort_data: Sorted keys: ['TITLE', 'SUBTITLE', 'AUTHOR', 'PUBLISHER', 'P/C', 'RETAIL $', 'GJ $', 'NET $', 'SUBJECT', 'TYPE', 'DIMENSION', 'ISBN-13', 'DESCRIPTION']
ERROR: Item.validate_isbn: Err reading isbn 'None', err: 'int() argument must be a string, a bytes-like object or a real number, not 'NoneType''
DEBUG: Item._sort_data: Sorted keys: ['TITLE', 'SUBTITLE', 'AUTHOR', 'PUBLISHER', 'P/C', 'RETAIL $', 'GJ $', 'NET $', 'SUBJECT', 'TYPE', 'DIMENSION', 'ISBN-13', 'DESCRIPTION']
ERROR: Item.validate_isbn: Err reading isbn 'None', err: 'int() argument must be a string, a bytes-like object or a real number, not 'NoneType''
DEBUG: Item._sort_data: Sorted keys: ['TITLE', 'SUBTITLE', 'AUTHOR', 'PUBLISHER', 'P/C', 'RETAIL $', 'GJ $', 'NET $', 'SUBJECT', 'TYPE', 'DIMENSION', 'ISBN-13', 'DESCRIPTION']
ERROR: Item.validate_isbn: Err reading isbn 'None', err: 'int() argument must be a string, a bytes-like object or a real number, not 'NoneType''
DEBUG: Item._sort_data: Sorted keys: ['TITLE', 'SUBTITLE', 'AUTHOR', 'PUBLISHER', 'P/C', 'RETAIL $', 'GJ $', 'NET $', 'SUBJECT', 'TYPE', 'DIMENSION', 'ISBN-13', 'DESCRIPTION']
ERROR: Item.validate_isbn: Err reading isbn 'None', err: 'int() argument must be a string, a bytes-like object or a real number, not 'NoneType''
DEBUG: Item._sort_data: Sorted keys: ['TITLE', 'SUBTITLE', 'AUTHOR', 'PUBLISHER', 'P/C', 'RETAIL $', 'GJ $', 'NET $', 'SUBJECT', 'TYPE', 'DIMENSION', 'ISBN-13', 'DESCRIPTION']
ERROR: Item.validate_isbn: Err reading isbn 'None', err: 'int() argument must be a string, a bytes-like object or a real number, not 'NoneType''
DEBUG: Item._sort_data: Sorted keys: ['TITLE', 'SUBTITLE', 'AUTHOR', 'PUBLISHER', 'P/C', 'RETAIL $', 'GJ $', 'NET $', 'SUBJECT', 'TYPE', 'DIMENSION', 'ISBN-13', 'DESCRIPTION']
ERROR: Item.validate_isbn: Err reading isbn 'None', err: 'int() argument must be a string, a bytes-like object or a real number, not 'NoneType''
DEBUG: Item._sort_data: Sorted keys: ['TITLE', 'SUBTITLE', 'AUTHOR', 'PUBLISHER', 'P/C', 'RETAIL $', 'GJ $', 'NET $', 'SUBJECT', 'TYPE', 'DIMENSION', 'ISBN-13', 'DESCRIPTION']
ERROR: Item.validate_isbn: Err reading isbn 'None', err: 'int() argument must be a string, a bytes-like object or a real number, not 'NoneType''
DEBUG: Item._sort_data: Sorted keys: ['TITLE', 'SUBTITLE', 'AUTHOR', 'PUBLISHER', 'P/C', 'RETAIL $', 'GJ $', 'NET $', 'SUBJECT', 'TYPE', 'DIMENSION', 'ISBN-13', 'DESCRIPTION']
ERROR: Item.validate_isbn: Err reading isbn 'None', err: 'int() argument must be a string, a bytes-like object or a real number, not 'NoneType''
DEBUG: Item._sort_data: Sorted keys: ['TITLE', 'SUBTITLE', 'AUTHOR', 'PUBLISHER', 'P/C', 'RETAIL $', 'GJ $', 'NET $', 'SUBJECT', 'TYPE', 'DIMENSION', 'ISBN-13', 'DESCRIPTION']
ERROR: Item.validate_isbn: Err reading isbn 'None', err: 'int() argument must be a string, a bytes-like object or a real number, not 'NoneType''
DEBUG: Item._sort_data: Sorted keys: ['TITLE', 'SUBTITLE', 'AUTHOR', 'PUBLISHER', 'P/C', 'RETAIL $', 'GJ $', 'NET $', 'SUBJECT', 'TYPE', 'DIMENSION', 'ISBN-13', 'DESCRIPTION']
ERROR: Item.validate_isbn: Err reading isbn 'None', err: 'int() argument must be a string, a bytes-like object or a real number, not 'NoneType''
DEBUG: Item._sort_data: Sorted keys: ['TITLE', 'SUBTITLE', 'AUTHOR', 'PUBLISHER', 'P/C', 'RETAIL $', 'GJ $', 'NET $', 'SUBJECT', 'TYPE', 'DIMENSION', 'ISBN-13', 'DESCRIPTION']
ERROR: Item.validate_isbn: Err reading isbn 'None', err: 'int() argument must be a string, a bytes-like object or a real number, not 'NoneType''
DEBUG: Item._sort_data: Sorted keys: ['TITLE', 'SUBTITLE', 'AUTHOR', 'PUBLISHER', 'P/C', 'RETAIL $', 'GJ $', 'NET $', 'SUBJECT', 'TYPE', 'DIMENSION', 'ISBN-13', 'DESCRIPTION']
ERROR: Item.validate_isbn: Err reading isbn 'None', err: 'int() argument must be a string, a bytes-like object or a real number, not 'NoneType''
DEBUG: Item._sort_data: Sorted keys: ['TITLE', 'SUBTITLE', 'AUTHOR', 'PUBLISHER', 'P/C', 'RETAIL $', 'GJ $', 'NET $', 'SUBJECT', 'TYPE', 'DIMENSION', 'ISBN-13', 'DESCRIPTION']
ERROR: Item.validate_isbn: Err reading isbn 'None', err: 'int() argument must be a string, a bytes-like object or a real number, not 'NoneType''
DEBUG: Item._sort_data: Sorted keys: ['TITLE', 'SUBTITLE', 'AUTHOR', 'PUBLISHER', 'P/C', 'RETAIL $', 'GJ $', 'NET $', 'SUBJECT', 'TYPE', 'DIMENSION', 'ISBN-13', 'DESCRIPTION']
ERROR: Item.validate_isbn: Err reading isbn 'None', err: 'int() argument must be a string, a bytes-like object or a real number, not 'NoneType''
DEBUG: Item._sort_data: Sorted keys: ['TITLE', 'SUBTITLE', 'AUTHOR', 'PUBLISHER', 'P/C', 'RETAIL $', 'GJ $', 'NET $', 'SUBJECT', 'TYPE', 'DIMENSION', 'ISBN-13', 'DESCRIPTION']
ERROR: Item.validate_isbn: Err reading isbn 'None', err: 'int() argument must be a string, a bytes-like object or a real number, not 'NoneType''
DEBUG: Item._sort_data: Sorted keys: ['TITLE', 'SUBTITLE', 'AUTHOR', 'PUBLISHER', 'P/C', 'RETAIL $', 'GJ $', 'NET $', 'SUBJECT', 'TYPE', 'DIMENSION', 'ISBN-13', 'DESCRIPTION']
ERROR: Item.validate_isbn: Err reading isbn 'None', err: 'int() argument must be a string, a bytes-like object or a real number, not 'NoneType''
DEBUG: Item._sort_data: Sorted keys: ['TITLE', 'SUBTITLE', 'AUTHOR', 'PUBLISHER', 'P/C', 'RETAIL $', 'GJ $', 'NET $', 'SUBJECT', 'TYPE', 'DIMENSION', 'ISBN-13', 'DESCRIPTION']
ERROR: Item.validate_isbn: Err reading isbn 'None', err: 'int() argument must be a string, a bytes-like object or a real number, not 'NoneType''
DEBUG: Item._sort_data: Sorted keys: ['TITLE', 'SUBTITLE', 'AUTHOR', 'PUBLISHER', 'P/C', 'RETAIL $', 'GJ $', 'NET $', 'SUBJECT', 'TYPE', 'DIMENSION', 'ISBN-13', 'DESCRIPTION']
ERROR: Item.validate_isbn: Err reading isbn 'None', err: 'int() argument must be a string, a bytes-like object or a real number, not 'NoneType''
DEBUG: Item._sort_data: Sorted keys: ['TITLE', 'SUBTITLE', 'AUTHOR', 'PUBLISHER', 'P/C', 'RETAIL $', 'GJ $', 'NET $', 'SUBJECT', 'TYPE', 'DIMENSION', 'ISBN-13', 'DESCRIPTION']
ERROR: Item.validate_isbn: Err reading isbn 'None', err: 'int() argument must be a string, a bytes-like object or a real number, not 'NoneType''
DEBUG: Item._sort_data: Sorted keys: ['TITLE', 'SUBTITLE', 'AUTHOR', 'PUBLISHER', 'P/C', 'RETAIL $', 'GJ $', 'NET $', 'SUBJECT', 'TYPE', 'DIMENSION', 'ISBN-13', 'DESCRIPTION']
ERROR: Item.validate_isbn: Err reading isbn 'None', err: 'int() argument must be a string, a bytes-like object or a real number, not 'NoneType''
DEBUG: Item._sort_data: Sorted keys: ['TITLE', 'SUBTITLE', 'AUTHOR', 'PUBLISHER', 'P/C', 'RETAIL $', 'GJ $', 'NET $', 'SUBJECT', 'TYPE', 'DIMENSION', 'ISBN-13', 'DESCRIPTION']
ERROR: Item.validate_isbn: Err reading isbn 'None', err: 'int() argument must be a string, a bytes-like object or a real number, not 'NoneType''
DEBUG: Item._sort_data: Sorted keys: ['TITLE', 'SUBTITLE', 'AUTHOR', 'PUBLISHER', 'P/C', 'RETAIL $', 'GJ $', 'NET $', 'SUBJECT', 'TYPE', 'DIMENSION', 'ISBN-13', 'DESCRIPTION']
ERROR: Item.validate_isbn: Err reading isbn 'None', err: 'int() argument must be a string, a bytes-like object or a real number, not 'NoneType''
DEBUG: Item._sort_data: Sorted keys: ['TITLE', 'SUBTITLE', 'AUTHOR', 'PUBLISHER', 'P/C', 'RETAIL $', 'GJ $', 'NET $', 'SUBJECT', 'TYPE', 'DIMENSION', 'ISBN-13', 'DESCRIPTION']
ERROR: Item.validate_isbn: Err reading isbn 'None', err: 'int() argument must be a string, a bytes-like object or a real number, not 'NoneType''
DEBUG: Item._sort_data: Sorted keys: ['TITLE', 'SUBTITLE', 'AUTHOR', 'PUBLISHER', 'P/C', 'RETAIL $', 'GJ $', 'NET $', 'SUBJECT', 'TYPE', 'DIMENSION', 'ISBN-13', 'DESCRIPTION']
ERROR: Item.validate_isbn: Err reading isbn 'None', err: 'int() argument must be a string, a bytes-like object or a real number, not 'NoneType''
DEBUG: Item._sort_data: Sorted keys: ['TITLE', 'SUBTITLE', 'AUTHOR', 'PUBLISHER', 'P/C', 'RETAIL $', 'GJ $', 'NET $', 'SUBJECT', 'TYPE', 'DIMENSION', 'ISBN-13', 'DESCRIPTION']
ERROR: Item.validate_isbn: Err reading isbn 'None', err: 'int() argument must be a string, a bytes-like object or a real number, not 'NoneType''
DEBUG: Item._sort_data: Sorted keys: ['TITLE', 'SUBTITLE', 'AUTHOR', 'PUBLISHER', 'P/C', 'RETAIL $', 'GJ $', 'NET $', 'SUBJECT', 'TYPE', 'DIMENSION', 'ISBN-13', 'DESCRIPTION']
ERROR: Item.validate_isbn: Err reading isbn 'None', err: 'int() argument must be a string, a bytes-like object or a real number, not 'NoneType''
DEBUG: Item._sort_data: Sorted keys: ['TITLE', 'SUBTITLE', 'AUTHOR', 'PUBLISHER', 'P/C', 'RETAIL $', 'GJ $', 'NET $', 'SUBJECT', 'TYPE', 'DIMENSION', 'ISBN-13', 'DESCRIPTION']
ERROR: Item.validate_isbn: Err reading isbn 'None', err: 'int() argument must be a string, a bytes-like object or a real number, not 'NoneType''
DEBUG: Item._sort_data: Sorted keys: ['TITLE', 'SUBTITLE', 'AUTHOR', 'PUBLISHER', 'P/C', 'RETAIL $', 'GJ $', 'NET $', 'SUBJECT', 'TYPE', 'DIMENSION', 'ISBN-13', 'DESCRIPTION']
ERROR: Item.validate_isbn: Err reading isbn 'None', err: 'int() argument must be a string, a bytes-like object or a real number, not 'NoneType''
DEBUG: Item._sort_data: Sorted keys: ['TITLE', 'SUBTITLE', 'AUTHOR', 'PUBLISHER', 'P/C', 'RETAIL $', 'GJ $', 'NET $', 'SUBJECT', 'TYPE', 'DIMENSION', 'ISBN-13', 'DESCRIPTION']
ERROR: Item.validate_isbn: Err reading isbn 'None', err: 'int() argument must be a string, a bytes-like object or a real number, not 'NoneType''
DEBUG: Item._sort_data: Sorted keys: ['TITLE', 'SUBTITLE', 'AUTHOR', 'PUBLISHER', 'P/C', 'RETAIL $', 'GJ $', 'NET $', 'SUBJECT', 'TYPE', 'DIMENSION', 'ISBN-13', 'DESCRIPTION']
ERROR: Item.validate_isbn: Err reading isbn 'None', err: 'int() argument must be a string, a bytes-like object or a real number, not 'NoneType''
DEBUG: Item._sort_data: Sorted keys: ['TITLE', 'SUBTITLE', 'AUTHOR', 'PUBLISHER', 'P/C', 'RETAIL $', 'GJ $', 'NET $', 'SUBJECT', 'TYPE', 'DIMENSION', 'ISBN-13', 'DESCRIPTION']
ERROR: Item.validate_isbn: Err reading isbn 'None', err: 'int() argument must be a string, a bytes-like object or a real number, not 'NoneType''
DEBUG: Item._sort_data: Sorted keys: ['TITLE', 'SUBTITLE', 'AUTHOR', 'PUBLISHER', 'P/C', 'RETAIL $', 'GJ $', 'NET $', 'SUBJECT', 'TYPE', 'DIMENSION', 'ISBN-13', 'DESCRIPTION']
ERROR: Item.validate_isbn: Err reading isbn 'None', err: 'int() argument must be a string, a bytes-like object or a real number, not 'NoneType''
DEBUG: Item._sort_data: Sorted keys: ['TITLE', 'SUBTITLE', 'AUTHOR', 'PUBLISHER', 'P/C', 'RETAIL $', 'GJ $', 'NET $', 'SUBJECT', 'TYPE', 'DIMENSION', 'ISBN-13', 'DESCRIPTION']
ERROR: Item.validate_isbn: Err reading isbn 'None', err: 'int() argument must be a string, a bytes-like object or a real number, not 'NoneType''
DEBUG: Item._sort_data: Sorted keys: ['TITLE', 'SUBTITLE', 'AUTHOR', 'PUBLISHER', 'P/C', 'RETAIL $', 'GJ $', 'NET $', 'SUBJECT', 'TYPE', 'DIMENSION', 'ISBN-13', 'DESCRIPTION']
ERROR: Item.validate_isbn: Err reading isbn 'None', err: 'int() argument must be a string, a bytes-like object or a real number, not 'NoneType''
DEBUG: Item._sort_data: Sorted keys: ['TITLE', 'SUBTITLE', 'AUTHOR', 'PUBLISHER', 'P/C', 'RETAIL $', 'GJ $', 'NET $', 'SUBJECT', 'TYPE', 'DIMENSION', 'ISBN-13', 'DESCRIPTION']
ERROR: Item.validate_isbn: Err reading isbn 'None', err: 'int() argument must be a string, a bytes-like object or a real number, not 'NoneType''
DEBUG: Item._sort_data: Sorted keys: ['TITLE', 'SUBTITLE', 'AUTHOR', 'PUBLISHER', 'P/C', 'RETAIL $', 'GJ $', 'NET $', 'SUBJECT', 'TYPE', 'DIMENSION', 'ISBN-13', 'DESCRIPTION']
ERROR: Item.validate_isbn: Err reading isbn 'None', err: 'int() argument must be a string, a bytes-like object or a real number, not 'NoneType''
DEBUG: Item._sort_data: Sorted keys: ['TITLE', 'SUBTITLE', 'AUTHOR', 'PUBLISHER', 'P/C', 'RETAIL $', 'GJ $', 'NET $', 'SUBJECT', 'TYPE', 'DIMENSION', 'ISBN-13', 'DESCRIPTION']
ERROR: Item.validate_isbn: Err reading isbn 'None', err: 'int() argument must be a string, a bytes-like object or a real number, not 'NoneType''
DEBUG: Item._sort_data: Sorted keys: ['TITLE', 'SUBTITLE', 'AUTHOR', 'PUBLISHER', 'P/C', 'RETAIL $', 'GJ $', 'NET $', 'SUBJECT', 'TYPE', 'DIMENSION', 'ISBN-13', 'DESCRIPTION']
ERROR: Item.validate_isbn: Err reading isbn 'None', err: 'int() argument must be a string, a bytes-like object or a real number, not 'NoneType''
DEBUG: Item._sort_data: Sorted keys: ['TITLE', 'SUBTITLE', 'AUTHOR', 'PUBLISHER', 'P/C', 'RETAIL $', 'GJ $', 'NET $', 'SUBJECT', 'TYPE', 'DIMENSION', 'ISBN-13', 'DESCRIPTION']
ERROR: Item.validate_isbn: Err reading isbn 'None', err: 'int() argument must be a string, a bytes-like object or a real number, not 'NoneType''
DEBUG: Item._sort_data: Sorted keys: ['TITLE', 'SUBTITLE', 'AUTHOR', 'PUBLISHER', 'P/C', 'RETAIL $', 'GJ $', 'NET $', 'SUBJECT', 'TYPE', 'DIMENSION', 'ISBN-13', 'DESCRIPTION']
ERROR: Item.validate_isbn: Err reading isbn 'None', err: 'int() argument must be a string, a bytes-like object or a real number, not 'NoneType''
DEBUG: Item._sort_data: Sorted keys: ['TITLE', 'SUBTITLE', 'AUTHOR', 'PUBLISHER', 'P/C', 'RETAIL $', 'GJ $', 'NET $', 'SUBJECT', 'TYPE', 'DIMENSION', 'ISBN-13', 'DESCRIPTION']
ERROR: Item.validate_isbn: Err reading isbn 'None', err: 'int() argument must be a string, a bytes-like object or a real number, not 'NoneType''
DEBUG: Item._sort_data: Sorted keys: ['TITLE', 'SUBTITLE', 'AUTHOR', 'PUBLISHER', 'P/C', 'RETAIL $', 'GJ $', 'NET $', 'SUBJECT', 'TYPE', 'DIMENSION', 'ISBN-13', 'DESCRIPTION']
ERROR: Item.validate_isbn: Err reading isbn 'None', err: 'int() argument must be a string, a bytes-like object or a real number, not 'NoneType''
DEBUG: Item._sort_data: Sorted keys: ['TITLE', 'SUBTITLE', 'AUTHOR', 'PUBLISHER', 'P/C', 'RETAIL $', 'GJ $', 'NET $', 'SUBJECT', 'TYPE', 'DIMENSION', 'ISBN-13', 'DESCRIPTION']
ERROR: Item.validate_isbn: Err reading isbn 'None', err: 'int() argument must be a string, a bytes-like object or a real number, not 'NoneType''
DEBUG: Item._sort_data: Sorted keys: ['TITLE', 'SUBTITLE', 'AUTHOR', 'PUBLISHER', 'P/C', 'RETAIL $', 'GJ $', 'NET $', 'SUBJECT', 'TYPE', 'DIMENSION', 'ISBN-13', 'DESCRIPTION']
ERROR: Item.validate_isbn: Err reading isbn 'None', err: 'int() argument must be a string, a bytes-like object or a real number, not 'NoneType''
DEBUG: Item._sort_data: Sorted keys: ['TITLE', 'SUBTITLE', 'AUTHOR', 'PUBLISHER', 'P/C', 'RETAIL $', 'GJ $', 'NET $', 'SUBJECT', 'TYPE', 'DIMENSION', 'ISBN-13', 'DESCRIPTION']
ERROR: Item.validate_isbn: Err reading isbn 'None', err: 'int() argument must be a string, a bytes-like object or a real number, not 'NoneType''
DEBUG: Item._sort_data: Sorted keys: ['TITLE', 'SUBTITLE', 'AUTHOR', 'PUBLISHER', 'P/C', 'RETAIL $', 'GJ $', 'NET $', 'SUBJECT', 'TYPE', 'DIMENSION', 'ISBN-13', 'DESCRIPTION']
ERROR: Item.validate_isbn: Err reading isbn 'None', err: 'int() argument must be a string, a bytes-like object or a real number, not 'NoneType''
DEBUG: Item._sort_data: Sorted keys: ['TITLE', 'SUBTITLE', 'AUTHOR', 'PUBLISHER', 'P/C', 'RETAIL $', 'GJ $', 'NET $', 'SUBJECT', 'TYPE', 'DIMENSION', 'ISBN-13', 'DESCRIPTION']
ERROR: Item.validate_isbn: Err reading isbn 'None', err: 'int() argument must be a string, a bytes-like object or a real number, not 'NoneType''
DEBUG: Item._sort_data: Sorted keys: ['TITLE', 'SUBTITLE', 'AUTHOR', 'PUBLISHER', 'P/C', 'RETAIL $', 'GJ $', 'NET $', 'SUBJECT', 'TYPE', 'DIMENSION', 'ISBN-13', 'DESCRIPTION']
ERROR: Item.validate_isbn: Err reading isbn 'None', err: 'int() argument must be a string, a bytes-like object or a real number, not 'NoneType''
DEBUG: Item._sort_data: Sorted keys: ['TITLE', 'SUBTITLE', 'AUTHOR', 'PUBLISHER', 'P/C', 'RETAIL $', 'GJ $', 'NET $', 'SUBJECT', 'TYPE', 'DIMENSION', 'ISBN-13', 'DESCRIPTION']
ERROR: Item.validate_isbn: Err reading isbn 'None', err: 'int() argument must be a string, a bytes-like object or a real number, not 'NoneType''
DEBUG: Item._sort_data: Sorted keys: ['TITLE', 'SUBTITLE', 'AUTHOR', 'PUBLISHER', 'P/C', 'RETAIL $', 'GJ $', 'NET $', 'SUBJECT', 'TYPE', 'DIMENSION', 'ISBN-13', 'DESCRIPTION']
ERROR: Item.validate_isbn: Err reading isbn 'None', err: 'int() argument must be a string, a bytes-like object or a real number, not 'NoneType''
DEBUG: Item._sort_data: Sorted keys: ['TITLE', 'SUBTITLE', 'AUTHOR', 'PUBLISHER', 'P/C', 'RETAIL $', 'GJ $', 'NET $', 'SUBJECT', 'TYPE', 'DIMENSION', 'ISBN-13', 'DESCRIPTION']
ERROR: Item.validate_isbn: Err reading isbn 'None', err: 'int() argument must be a string, a bytes-like object or a real number, not 'NoneType''
DEBUG: Item._sort_data: Sorted keys: ['TITLE', 'SUBTITLE', 'AUTHOR', 'PUBLISHER', 'P/C', 'RETAIL $', 'GJ $', 'NET $', 'SUBJECT', 'TYPE', 'DIMENSION', 'ISBN-13', 'DESCRIPTION']
ERROR: Item.validate_isbn: Err reading isbn 'None', err: 'int() argument must be a string, a bytes-like object or a real number, not 'NoneType''
DEBUG: Item._sort_data: Sorted keys: ['TITLE', 'SUBTITLE', 'AUTHOR', 'PUBLISHER', 'P/C', 'RETAIL $', 'GJ $', 'NET $', 'SUBJECT', 'TYPE', 'DIMENSION', 'ISBN-13', 'DESCRIPTION']
ERROR: Item.validate_isbn: Err reading isbn 'None', err: 'int() argument must be a string, a bytes-like object or a real number, not 'NoneType''
DEBUG: Item._sort_data: Sorted keys: ['TITLE', 'SUBTITLE', 'AUTHOR', 'PUBLISHER', 'P/C', 'RETAIL $', 'GJ $', 'NET $', 'SUBJECT', 'TYPE', 'DIMENSION', 'ISBN-13', 'DESCRIPTION']
ERROR: Item.validate_isbn: Err reading isbn 'None', err: 'int() argument must be a string, a bytes-like object or a real number, not 'NoneType''
DEBUG: Item._sort_data: Sorted keys: ['TITLE', 'SUBTITLE', 'AUTHOR', 'PUBLISHER', 'P/C', 'RETAIL $', 'GJ $', 'NET $', 'SUBJECT', 'TYPE', 'DIMENSION', 'ISBN-13', 'DESCRIPTION']
ERROR: Item.validate_isbn: Err reading isbn 'None', err: 'int() argument must be a string, a bytes-like object or a real number, not 'NoneType''
DEBUG: Item._sort_data: Sorted keys: ['TITLE', 'SUBTITLE', 'AUTHOR', 'PUBLISHER', 'P/C', 'RETAIL $', 'GJ $', 'NET $', 'SUBJECT', 'TYPE', 'DIMENSION', 'ISBN-13', 'DESCRIPTION']
ERROR: Item.validate_isbn: Err reading isbn 'None', err: 'int() argument must be a string, a bytes-like object or a real number, not 'NoneType''
DEBUG: Item._sort_data: Sorted keys: ['TITLE', 'SUBTITLE', 'AUTHOR', 'PUBLISHER', 'P/C', 'RETAIL $', 'GJ $', 'NET $', 'SUBJECT', 'TYPE', 'DIMENSION', 'ISBN-13', 'DESCRIPTION']
ERROR: Item.validate_isbn: Err reading isbn 'None', err: 'int() argument must be a string, a bytes-like object or a real number, not 'NoneType''
DEBUG: Item._sort_data: Sorted keys: ['TITLE', 'SUBTITLE', 'AUTHOR', 'PUBLISHER', 'P/C', 'RETAIL $', 'GJ $', 'NET $', 'SUBJECT', 'TYPE', 'DIMENSION', 'ISBN-13', 'DESCRIPTION']
ERROR: Item.validate_isbn: Err reading isbn 'None', err: 'int() argument must be a string, a bytes-like object or a real number, not 'NoneType''
DEBUG: Item._sort_data: Sorted keys: ['TITLE', 'SUBTITLE', 'AUTHOR', 'PUBLISHER', 'P/C', 'RETAIL $', 'GJ $', 'NET $', 'SUBJECT', 'TYPE', 'DIMENSION', 'ISBN-13', 'DESCRIPTION']
ERROR: Item.validate_isbn: Err reading isbn 'None', err: 'int() argument must be a string, a bytes-like object or a real number, not 'NoneType''
DEBUG: Item._sort_data: Sorted keys: ['TITLE', 'SUBTITLE', 'AUTHOR', 'PUBLISHER', 'P/C', 'RETAIL $', 'GJ $', 'NET $', 'SUBJECT', 'TYPE', 'DIMENSION', 'ISBN-13', 'DESCRIPTION']
ERROR: Item.validate_isbn: Err reading isbn 'None', err: 'int() argument must be a string, a bytes-like object or a real number, not 'NoneType''
DEBUG: Item._sort_data: Sorted keys: ['TITLE', 'SUBTITLE', 'AUTHOR', 'PUBLISHER', 'P/C', 'RETAIL $', 'GJ $', 'NET $', 'SUBJECT', 'TYPE', 'DIMENSION', 'ISBN-13', 'DESCRIPTION']
ERROR: Item.validate_isbn: Err reading isbn 'None', err: 'int() argument must be a string, a bytes-like object or a real number, not 'NoneType''
DEBUG: Item._sort_data: Sorted keys: ['TITLE', 'SUBTITLE', 'AUTHOR', 'PUBLISHER', 'P/C', 'RETAIL $', 'GJ $', 'NET $', 'SUBJECT', 'TYPE', 'DIMENSION', 'ISBN-13', 'DESCRIPTION']
ERROR: Item.validate_isbn: Err reading isbn 'None', err: 'int() argument must be a string, a bytes-like object or a real number, not 'NoneType''
DEBUG: Item._sort_data: Sorted keys: ['TITLE', 'SUBTITLE', 'AUTHOR', 'PUBLISHER', 'P/C', 'RETAIL $', 'GJ $', 'NET $', 'SUBJECT', 'TYPE', 'DIMENSION', 'ISBN-13', 'DESCRIPTION']
ERROR: Item.validate_isbn: Err reading isbn 'None', err: 'int() argument must be a string, a bytes-like object or a real number, not 'NoneType''
DEBUG: Item._sort_data: Sorted keys: ['TITLE', 'SUBTITLE', 'AUTHOR', 'PUBLISHER', 'P/C', 'RETAIL $', 'GJ $', 'NET $', 'SUBJECT', 'TYPE', 'DIMENSION', 'ISBN-13', 'DESCRIPTION']
ERROR: Item.validate_isbn: Err reading isbn 'None', err: 'int() argument must be a string, a bytes-like object or a real number, not 'NoneType''
DEBUG: Item._sort_data: Sorted keys: ['TITLE', 'SUBTITLE', 'AUTHOR', 'PUBLISHER', 'P/C', 'RETAIL $', 'GJ $', 'NET $', 'SUBJECT', 'TYPE', 'DIMENSION', 'ISBN-13', 'DESCRIPTION']
ERROR: Item.validate_isbn: Err reading isbn 'None', err: 'int() argument must be a string, a bytes-like object or a real number, not 'NoneType''
DEBUG: Item._sort_data: Sorted keys: ['TITLE', 'SUBTITLE', 'AUTHOR', 'PUBLISHER', 'P/C', 'RETAIL $', 'GJ $', 'NET $', 'SUBJECT', 'TYPE', 'DIMENSION', 'ISBN-13', 'DESCRIPTION']
ERROR: Item.validate_isbn: Err reading isbn 'None', err: 'int() argument must be a string, a bytes-like object or a real number, not 'NoneType''
DEBUG: Item._sort_data: Sorted keys: ['TITLE', 'SUBTITLE', 'AUTHOR', 'PUBLISHER', 'P/C', 'RETAIL $', 'GJ $', 'NET $', 'SUBJECT', 'TYPE', 'DIMENSION', 'ISBN-13', 'DESCRIPTION']
ERROR: Item.validate_isbn: Err reading isbn 'None', err: 'int() argument must be a string, a bytes-like object or a real number, not 'NoneType''
DEBUG: Item._sort_data: Sorted keys: ['TITLE', 'SUBTITLE', 'AUTHOR', 'PUBLISHER', 'P/C', 'RETAIL $', 'GJ $', 'NET $', 'SUBJECT', 'TYPE', 'DIMENSION', 'ISBN-13', 'DESCRIPTION']
ERROR: Item.validate_isbn: Err reading isbn 'None', err: 'int() argument must be a string, a bytes-like object or a real number, not 'NoneType''
DEBUG: Item._sort_data: Sorted keys: ['TITLE', 'SUBTITLE', 'AUTHOR', 'PUBLISHER', 'P/C', 'RETAIL $', 'GJ $', 'NET $', 'SUBJECT', 'TYPE', 'DIMENSION', 'ISBN-13', 'DESCRIPTION']
ERROR: Item.validate_isbn: Err reading isbn 'None', err: 'int() argument must be a string, a bytes-like object or a real number, not 'NoneType''
DEBUG: Item._sort_data: Sorted keys: ['TITLE', 'SUBTITLE', 'AUTHOR', 'PUBLISHER', 'P/C', 'RETAIL $', 'GJ $', 'NET $', 'SUBJECT', 'TYPE', 'DIMENSION', 'ISBN-13', 'DESCRIPTION']
ERROR: Item.validate_isbn: Err reading isbn 'None', err: 'int() argument must be a string, a bytes-like object or a real number, not 'NoneType''
DEBUG: Item._sort_data: Sorted keys: ['TITLE', 'SUBTITLE', 'AUTHOR', 'PUBLISHER', 'P/C', 'RETAIL $', 'GJ $', 'NET $', 'SUBJECT', 'TYPE', 'DIMENSION', 'ISBN-13', 'DESCRIPTION']
ERROR: Item.validate_isbn: Err reading isbn 'None', err: 'int() argument must be a string, a bytes-like object or a real number, not 'NoneType''
DEBUG: Item._sort_data: Sorted keys: ['TITLE', 'SUBTITLE', 'AUTHOR', 'PUBLISHER', 'P/C', 'RETAIL $', 'GJ $', 'NET $', 'SUBJECT', 'TYPE', 'DIMENSION', 'ISBN-13', 'DESCRIPTION']
ERROR: Item.validate_isbn: Err reading isbn 'None', err: 'int() argument must be a string, a bytes-like object or a real number, not 'NoneType''
DEBUG: Item._sort_data: Sorted keys: ['TITLE', 'SUBTITLE', 'AUTHOR', 'PUBLISHER', 'P/C', 'RETAIL $', 'GJ $', 'NET $', 'SUBJECT', 'TYPE', 'DIMENSION', 'ISBN-13', 'DESCRIPTION']
ERROR: Item.validate_isbn: Err reading isbn 'None', err: 'int() argument must be a string, a bytes-like object or a real number, not 'NoneType''
DEBUG: Item._sort_data: Sorted keys: ['TITLE', 'SUBTITLE', 'AUTHOR', 'PUBLISHER', 'P/C', 'RETAIL $', 'GJ $', 'NET $', 'SUBJECT', 'TYPE', 'DIMENSION', 'ISBN-13', 'DESCRIPTION']
ERROR: Item.validate_isbn: Err reading isbn 'None', err: 'int() argument must be a string, a bytes-like object or a real number, not 'NoneType''
DEBUG: Item._sort_data: Sorted keys: ['TITLE', 'SUBTITLE', 'AUTHOR', 'PUBLISHER', 'P/C', 'RETAIL $', 'GJ $', 'NET $', 'SUBJECT', 'TYPE', 'DIMENSION', 'ISBN-13', 'DESCRIPTION']
ERROR: Item.validate_isbn: Err reading isbn 'None', err: 'int() argument must be a string, a bytes-like object or a real number, not 'NoneType''
DEBUG: Item._sort_data: Sorted keys: ['TITLE', 'SUBTITLE', 'AUTHOR', 'PUBLISHER', 'P/C', 'RETAIL $', 'GJ $', 'NET $', 'SUBJECT', 'TYPE', 'DIMENSION', 'ISBN-13', 'DESCRIPTION']
ERROR: Item.validate_isbn: Err reading isbn 'None', err: 'int() argument must be a string, a bytes-like object or a real number, not 'NoneType''
DEBUG: Item._sort_data: Sorted keys: ['TITLE', 'SUBTITLE', 'AUTHOR', 'PUBLISHER', 'P/C', 'RETAIL $', 'GJ $', 'NET $', 'SUBJECT', 'TYPE', 'DIMENSION', 'ISBN-13', 'DESCRIPTION']
ERROR: Item.validate_isbn: Err reading isbn 'None', err: 'int() argument must be a string, a bytes-like object or a real number, not 'NoneType''
DEBUG: Item._sort_data: Sorted keys: ['TITLE', 'SUBTITLE', 'AUTHOR', 'PUBLISHER', 'P/C', 'RETAIL $', 'GJ $', 'NET $', 'SUBJECT', 'TYPE', 'DIMENSION', 'ISBN-13', 'DESCRIPTION']
ERROR: Item.validate_isbn: Err reading isbn 'None', err: 'int() argument must be a string, a bytes-like object or a real number, not 'NoneType''
DEBUG: Item._sort_data: Sorted keys: ['TITLE', 'SUBTITLE', 'AUTHOR', 'PUBLISHER', 'P/C', 'RETAIL $', 'GJ $', 'NET $', 'SUBJECT', 'TYPE', 'DIMENSION', 'ISBN-13', 'DESCRIPTION']
ERROR: Item.validate_isbn: Err reading isbn 'None', err: 'int() argument must be a string, a bytes-like object or a real number, not 'NoneType''
DEBUG: Item._sort_data: Sorted keys: ['TITLE', 'SUBTITLE', 'AUTHOR', 'PUBLISHER', 'P/C', 'RETAIL $', 'GJ $', 'NET $', 'SUBJECT', 'TYPE', 'DIMENSION', 'ISBN-13', 'DESCRIPTION']
ERROR: Item.validate_isbn: Err reading isbn 'None', err: 'int() argument must be a string, a bytes-like object or a real number, not 'NoneType''
DEBUG: Item._sort_data: Sorted keys: ['TITLE', 'SUBTITLE', 'AUTHOR', 'PUBLISHER', 'P/C', 'RETAIL $', 'GJ $', 'NET $', 'SUBJECT', 'TYPE', 'DIMENSION', 'ISBN-13', 'DESCRIPTION']
ERROR: Item.validate_isbn: Err reading isbn 'None', err: 'int() argument must be a string, a bytes-like object or a real number, not 'NoneType''
DEBUG: Item._sort_data: Sorted keys: ['TITLE', 'SUBTITLE', 'AUTHOR', 'PUBLISHER', 'P/C', 'RETAIL $', 'GJ $', 'NET $', 'SUBJECT', 'TYPE', 'DIMENSION', 'ISBN-13', 'DESCRIPTION']
ERROR: Item.validate_isbn: Err reading isbn 'None', err: 'int() argument must be a string, a bytes-like object or a real number, not 'NoneType''
DEBUG: Item._sort_data: Sorted keys: ['TITLE', 'SUBTITLE', 'AUTHOR', 'PUBLISHER', 'P/C', 'RETAIL $', 'GJ $', 'NET $', 'SUBJECT', 'TYPE', 'DIMENSION', 'ISBN-13', 'DESCRIPTION']
ERROR: Item.validate_isbn: Err reading isbn 'None', err: 'int() argument must be a string, a bytes-like object or a real number, not 'NoneType''
DEBUG: Item._sort_data: Sorted keys: ['TITLE', 'SUBTITLE', 'AUTHOR', 'PUBLISHER', 'P/C', 'RETAIL $', 'GJ $', 'NET $', 'SUBJECT', 'TYPE', 'DIMENSION', 'ISBN-13', 'DESCRIPTION']
ERROR: Item.validate_isbn: Err reading isbn 'None', err: 'int() argument must be a string, a bytes-like object or a real number, not 'NoneType''
DEBUG: Item._sort_data: Sorted keys: ['TITLE', 'SUBTITLE', 'AUTHOR', 'PUBLISHER', 'P/C', 'RETAIL $', 'GJ $', 'NET $', 'SUBJECT', 'TYPE', 'DIMENSION', 'ISBN-13', 'DESCRIPTION']
ERROR: Item.validate_isbn: Err reading isbn 'None', err: 'int() argument must be a string, a bytes-like object or a real number, not 'NoneType''
DEBUG: Item._sort_data: Sorted keys: ['TITLE', 'SUBTITLE', 'AUTHOR', 'PUBLISHER', 'P/C', 'RETAIL $', 'GJ $', 'NET $', 'SUBJECT', 'TYPE', 'DIMENSION', 'ISBN-13', 'DESCRIPTION']
ERROR: Item.validate_isbn: Err reading isbn 'None', err: 'int() argument must be a string, a bytes-like object or a real number, not 'NoneType''
DEBUG: Item._sort_data: Sorted keys: ['TITLE', 'SUBTITLE', 'AUTHOR', 'PUBLISHER', 'P/C', 'RETAIL $', 'GJ $', 'NET $', 'SUBJECT', 'TYPE', 'DIMENSION', 'ISBN-13', 'DESCRIPTION']
ERROR: Item.validate_isbn: Err reading isbn 'None', err: 'int() argument must be a string, a bytes-like object or a real number, not 'NoneType''
DEBUG: Item._sort_data: Sorted keys: ['TITLE', 'SUBTITLE', 'AUTHOR', 'PUBLISHER', 'P/C', 'RETAIL $', 'GJ $', 'NET $', 'SUBJECT', 'TYPE', 'DIMENSION', 'ISBN-13', 'DESCRIPTION']
ERROR: Item.validate_isbn: Err reading isbn 'None', err: 'int() argument must be a string, a bytes-like object or a real number, not 'NoneType''
DEBUG: Item._sort_data: Sorted keys: ['TITLE', 'SUBTITLE', 'AUTHOR', 'PUBLISHER', 'P/C', 'RETAIL $', 'GJ $', 'NET $', 'SUBJECT', 'TYPE', 'DIMENSION', 'ISBN-13', 'DESCRIPTION']
ERROR: Item.validate_isbn: Err reading isbn 'None', err: 'int() argument must be a string, a bytes-like object or a real number, not 'NoneType''
DEBUG: Item._sort_data: Sorted keys: ['TITLE', 'SUBTITLE', 'AUTHOR', 'PUBLISHER', 'P/C', 'RETAIL $', 'GJ $', 'NET $', 'SUBJECT', 'TYPE', 'DIMENSION', 'ISBN-13', 'DESCRIPTION']
ERROR: Item.validate_isbn: Err reading isbn 'None', err: 'int() argument must be a string, a bytes-like object or a real number, not 'NoneType''
DEBUG: Item._sort_data: Sorted keys: ['TITLE', 'SUBTITLE', 'AUTHOR', 'PUBLISHER', 'P/C', 'RETAIL $', 'GJ $', 'NET $', 'SUBJECT', 'TYPE', 'DIMENSION', 'ISBN-13', 'DESCRIPTION']
ERROR: Item.validate_isbn: Err reading isbn 'None', err: 'int() argument must be a string, a bytes-like object or a real number, not 'NoneType''
DEBUG: Item._sort_data: Sorted keys: ['TITLE', 'SUBTITLE', 'AUTHOR', 'PUBLISHER', 'P/C', 'RETAIL $', 'GJ $', 'NET $', 'SUBJECT', 'TYPE', 'DIMENSION', 'ISBN-13', 'DESCRIPTION']
ERROR: Item.validate_isbn: Err reading isbn 'None', err: 'int() argument must be a string, a bytes-like object or a real number, not 'NoneType''
DEBUG: Item._sort_data: Sorted keys: ['TITLE', 'SUBTITLE', 'AUTHOR', 'PUBLISHER', 'P/C', 'RETAIL $', 'GJ $', 'NET $', 'SUBJECT', 'TYPE', 'DIMENSION', 'ISBN-13', 'DESCRIPTION']
ERROR: Item.validate_isbn: Err reading isbn 'None', err: 'int() argument must be a string, a bytes-like object or a real number, not 'NoneType''
DEBUG: Item._sort_data: Sorted keys: ['TITLE', 'SUBTITLE', 'AUTHOR', 'PUBLISHER', 'P/C', 'RETAIL $', 'GJ $', 'NET $', 'SUBJECT', 'TYPE', 'DIMENSION', 'ISBN-13', 'DESCRIPTION']
ERROR: Item.validate_isbn: Err reading isbn 'None', err: 'int() argument must be a string, a bytes-like object or a real number, not 'NoneType''
DEBUG: Item._sort_data: Sorted keys: ['TITLE', 'SUBTITLE', 'AUTHOR', 'PUBLISHER', 'P/C', 'RETAIL $', 'GJ $', 'NET $', 'SUBJECT', 'TYPE', 'DIMENSION', 'ISBN-13', 'DESCRIPTION']
ERROR: Item.validate_isbn: Err reading isbn 'None', err: 'int() argument must be a string, a bytes-like object or a real number, not 'NoneType''
DEBUG: Item._sort_data: Sorted keys: ['TITLE', 'SUBTITLE', 'AUTHOR', 'PUBLISHER', 'P/C', 'RETAIL $', 'GJ $', 'NET $', 'SUBJECT', 'TYPE', 'DIMENSION', 'ISBN-13', 'DESCRIPTION']
ERROR: Item.validate_isbn: Err reading isbn 'None', err: 'int() argument must be a string, a bytes-like object or a real number, not 'NoneType''
DEBUG: Item._sort_data: Sorted keys: ['TITLE', 'SUBTITLE', 'AUTHOR', 'PUBLISHER', 'P/C', 'RETAIL $', 'GJ $', 'NET $', 'SUBJECT', 'TYPE', 'DIMENSION', 'ISBN-13', 'DESCRIPTION']
ERROR: Item.validate_isbn: Err reading isbn 'None', err: 'int() argument must be a string, a bytes-like object or a real number, not 'NoneType''
DEBUG: Item._sort_data: Sorted keys: ['TITLE', 'SUBTITLE', 'AUTHOR', 'PUBLISHER', 'P/C', 'RETAIL $', 'GJ $', 'NET $', 'SUBJECT', 'TYPE', 'DIMENSION', 'ISBN-13', 'DESCRIPTION']
ERROR: Item.validate_isbn: Err reading isbn 'None', err: 'int() argument must be a string, a bytes-like object or a real number, not 'NoneType''
DEBUG: Item._sort_data: Sorted keys: ['TITLE', 'SUBTITLE', 'AUTHOR', 'PUBLISHER', 'P/C', 'RETAIL $', 'GJ $', 'NET $', 'SUBJECT', 'TYPE', 'DIMENSION', 'ISBN-13', 'DESCRIPTION']
ERROR: Item.validate_isbn: Err reading isbn 'None', err: 'int() argument must be a string, a bytes-like object or a real number, not 'NoneType''
DEBUG: Item._sort_data: Sorted keys: ['TITLE', 'SUBTITLE', 'AUTHOR', 'PUBLISHER', 'P/C', 'RETAIL $', 'GJ $', 'NET $', 'SUBJECT', 'TYPE', 'DIMENSION', 'ISBN-13', 'DESCRIPTION']
ERROR: Item.validate_isbn: Err reading isbn 'None', err: 'int() argument must be a string, a bytes-like object or a real number, not 'NoneType''
DEBUG: Item._sort_data: Sorted keys: ['TITLE', 'SUBTITLE', 'AUTHOR', 'PUBLISHER', 'P/C', 'RETAIL $', 'GJ $', 'NET $', 'SUBJECT', 'TYPE', 'DIMENSION', 'ISBN-13', 'DESCRIPTION']
ERROR: Item.validate_isbn: Err reading isbn 'None', err: 'int() argument must be a string, a bytes-like object or a real number, not 'NoneType''
DEBUG: Item._sort_data: Sorted keys: ['TITLE', 'SUBTITLE', 'AUTHOR', 'PUBLISHER', 'P/C', 'RETAIL $', 'GJ $', 'NET $', 'SUBJECT', 'TYPE', 'DIMENSION', 'ISBN-13', 'DESCRIPTION']
ERROR: Item.validate_isbn: Err reading isbn 'None', err: 'int() argument must be a string, a bytes-like object or a real number, not 'NoneType''
DEBUG: Item._sort_data: Sorted keys: ['TITLE', 'SUBTITLE', 'AUTHOR', 'PUBLISHER', 'P/C', 'RETAIL $', 'GJ $', 'NET $', 'SUBJECT', 'TYPE', 'DIMENSION', 'ISBN-13', 'DESCRIPTION']
ERROR: Item.validate_isbn: Err reading isbn 'None', err: 'int() argument must be a string, a bytes-like object or a real number, not 'NoneType''
DEBUG: Item._sort_data: Sorted keys: ['TITLE', 'SUBTITLE', 'AUTHOR', 'PUBLISHER', 'P/C', 'RETAIL $', 'GJ $', 'NET $', 'SUBJECT', 'TYPE', 'DIMENSION', 'ISBN-13', 'DESCRIPTION']
ERROR: Item.validate_isbn: Err reading isbn 'None', err: 'int() argument must be a string, a bytes-like object or a real number, not 'NoneType''
DEBUG: Item._sort_data: Sorted keys: ['TITLE', 'SUBTITLE', 'AUTHOR', 'PUBLISHER', 'P/C', 'RETAIL $', 'GJ $', 'NET $', 'SUBJECT', 'TYPE', 'DIMENSION', 'ISBN-13', 'DESCRIPTION']
ERROR: Item.validate_isbn: Err reading isbn 'None', err: 'int() argument must be a string, a bytes-like object or a real number, not 'NoneType''
DEBUG: Item._sort_data: Sorted keys: ['TITLE', 'SUBTITLE', 'AUTHOR', 'PUBLISHER', 'P/C', 'RETAIL $', 'GJ $', 'NET $', 'SUBJECT', 'TYPE', 'DIMENSION', 'ISBN-13', 'DESCRIPTION']
ERROR: Item.validate_isbn: Err reading isbn 'None', err: 'int() argument must be a string, a bytes-like object or a real number, not 'NoneType''
DEBUG: Item._sort_data: Sorted keys: ['TITLE', 'SUBTITLE', 'AUTHOR', 'PUBLISHER', 'P/C', 'RETAIL $', 'GJ $', 'NET $', 'SUBJECT', 'TYPE', 'DIMENSION', 'ISBN-13', 'DESCRIPTION']
ERROR: Item.validate_isbn: Err reading isbn 'None', err: 'int() argument must be a string, a bytes-like object or a real number, not 'NoneType''
DEBUG: Item._sort_data: Sorted keys: ['TITLE', 'SUBTITLE', 'AUTHOR', 'PUBLISHER', 'P/C', 'RETAIL $', 'GJ $', 'NET $', 'SUBJECT', 'TYPE', 'DIMENSION', 'ISBN-13', 'DESCRIPTION']
ERROR: Item.validate_isbn: Err reading isbn 'None', err: 'int() argument must be a string, a bytes-like object or a real number, not 'NoneType''
DEBUG: Item._sort_data: Sorted keys: ['TITLE', 'SUBTITLE', 'AUTHOR', 'PUBLISHER', 'P/C', 'RETAIL $', 'GJ $', 'NET $', 'SUBJECT', 'TYPE', 'DIMENSION', 'ISBN-13', 'DESCRIPTION']
ERROR: Item.validate_isbn: Err reading isbn 'None', err: 'int() argument must be a string, a bytes-like object or a real number, not 'NoneType''
DEBUG: Item._sort_data: Sorted keys: ['TITLE', 'SUBTITLE', 'AUTHOR', 'PUBLISHER', 'P/C', 'RETAIL $', 'GJ $', 'NET $', 'SUBJECT', 'TYPE', 'DIMENSION', 'ISBN-13', 'DESCRIPTION']
ERROR: Item.validate_isbn: Err reading isbn 'None', err: 'int() argument must be a string, a bytes-like object or a real number, not 'NoneType''
DEBUG: Item._sort_data: Sorted keys: ['TITLE', 'SUBTITLE', 'AUTHOR', 'PUBLISHER', 'P/C', 'RETAIL $', 'GJ $', 'NET $', 'SUBJECT', 'TYPE', 'DIMENSION', 'ISBN-13', 'DESCRIPTION']
ERROR: Item.validate_isbn: Err reading isbn 'None', err: 'int() argument must be a string, a bytes-like object or a real number, not 'NoneType''
DEBUG: Item._sort_data: Sorted keys: ['TITLE', 'SUBTITLE', 'AUTHOR', 'PUBLISHER', 'P/C', 'RETAIL $', 'GJ $', 'NET $', 'SUBJECT', 'TYPE', 'DIMENSION', 'ISBN-13', 'DESCRIPTION']
ERROR: Item.validate_isbn: Err reading isbn 'None', err: 'int() argument must be a string, a bytes-like object or a real number, not 'NoneType''
DEBUG: Item._sort_data: Sorted keys: ['TITLE', 'SUBTITLE', 'AUTHOR', 'PUBLISHER', 'P/C', 'RETAIL $', 'GJ $', 'NET $', 'SUBJECT', 'TYPE', 'DIMENSION', 'ISBN-13', 'DESCRIPTION']
ERROR: Item.validate_isbn: Err reading isbn 'None', err: 'int() argument must be a string, a bytes-like object or a real number, not 'NoneType''
DEBUG: Item._sort_data: Sorted keys: ['TITLE', 'SUBTITLE', 'AUTHOR', 'PUBLISHER', 'P/C', 'RETAIL $', 'GJ $', 'NET $', 'SUBJECT', 'TYPE', 'DIMENSION', 'ISBN-13', 'DESCRIPTION']
ERROR: Item.validate_isbn: Err reading isbn 'None', err: 'int() argument must be a string, a bytes-like object or a real number, not 'NoneType''
DEBUG: Item._sort_data: Sorted keys: ['TITLE', 'SUBTITLE', 'AUTHOR', 'PUBLISHER', 'P/C', 'RETAIL $', 'GJ $', 'NET $', 'SUBJECT', 'TYPE', 'DIMENSION', 'ISBN-13', 'DESCRIPTION']
ERROR: Item.validate_isbn: Err reading isbn 'None', err: 'int() argument must be a string, a bytes-like object or a real number, not 'NoneType''
DEBUG: Item._sort_data: Sorted keys: ['TITLE', 'SUBTITLE', 'AUTHOR', 'PUBLISHER', 'P/C', 'RETAIL $', 'GJ $', 'NET $', 'SUBJECT', 'TYPE', 'DIMENSION', 'ISBN-13', 'DESCRIPTION']
ERROR: Item.validate_isbn: Err reading isbn 'None', err: 'int() argument must be a string, a bytes-like object or a real number, not 'NoneType''
DEBUG: Item._sort_data: Sorted keys: ['TITLE', 'SUBTITLE', 'AUTHOR', 'PUBLISHER', 'P/C', 'RETAIL $', 'GJ $', 'NET $', 'SUBJECT', 'TYPE', 'DIMENSION', 'ISBN-13', 'DESCRIPTION']
ERROR: Item.validate_isbn: Err reading isbn 'None', err: 'int() argument must be a string, a bytes-like object or a real number, not 'NoneType''
DEBUG: Item._sort_data: Sorted keys: ['TITLE', 'SUBTITLE', 'AUTHOR', 'PUBLISHER', 'P/C', 'RETAIL $', 'GJ $', 'NET $', 'SUBJECT', 'TYPE', 'DIMENSION', 'ISBN-13', 'DESCRIPTION']
ERROR: Item.validate_isbn: Err reading isbn 'None', err: 'int() argument must be a string, a bytes-like object or a real number, not 'NoneType''
DEBUG: Item._sort_data: Sorted keys: ['TITLE', 'SUBTITLE', 'AUTHOR', 'PUBLISHER', 'P/C', 'RETAIL $', 'GJ $', 'NET $', 'SUBJECT', 'TYPE', 'DIMENSION', 'ISBN-13', 'DESCRIPTION']
ERROR: Item.validate_isbn: Err reading isbn 'None', err: 'int() argument must be a string, a bytes-like object or a real number, not 'NoneType''
DEBUG: Item._sort_data: Sorted keys: ['TITLE', 'SUBTITLE', 'AUTHOR', 'PUBLISHER', 'P/C', 'RETAIL $', 'GJ $', 'NET $', 'SUBJECT', 'TYPE', 'DIMENSION', 'ISBN-13', 'DESCRIPTION']
ERROR: Item.validate_isbn: Err reading isbn 'None', err: 'int() argument must be a string, a bytes-like object or a real number, not 'NoneType''
DEBUG: Item._sort_data: Sorted keys: ['TITLE', 'SUBTITLE', 'AUTHOR', 'PUBLISHER', 'P/C', 'RETAIL $', 'GJ $', 'NET $', 'SUBJECT', 'TYPE', 'DIMENSION', 'ISBN-13', 'DESCRIPTION']
ERROR: Item.validate_isbn: Err reading isbn 'None', err: 'int() argument must be a string, a bytes-like object or a real number, not 'NoneType''
DEBUG: Item._sort_data: Sorted keys: ['TITLE', 'SUBTITLE', 'AUTHOR', 'PUBLISHER', 'P/C', 'RETAIL $', 'GJ $', 'NET $', 'SUBJECT', 'TYPE', 'DIMENSION', 'ISBN-13', 'DESCRIPTION']
ERROR: Item.validate_isbn: Err reading isbn 'None', err: 'int() argument must be a string, a bytes-like object or a real number, not 'NoneType''
DEBUG: Item._sort_data: Sorted keys: ['TITLE', 'SUBTITLE', 'AUTHOR', 'PUBLISHER', 'P/C', 'RETAIL $', 'GJ $', 'NET $', 'SUBJECT', 'TYPE', 'DIMENSION', 'ISBN-13', 'DESCRIPTION']
ERROR: Item.validate_isbn: Err reading isbn 'None', err: 'int() argument must be a string, a bytes-like object or a real number, not 'NoneType''
DEBUG: Item._sort_data: Sorted keys: ['TITLE', 'SUBTITLE', 'AUTHOR', 'PUBLISHER', 'P/C', 'RETAIL $', 'GJ $', 'NET $', 'SUBJECT', 'TYPE', 'DIMENSION', 'ISBN-13', 'DESCRIPTION']
ERROR: Item.validate_isbn: Err reading isbn 'None', err: 'int() argument must be a string, a bytes-like object or a real number, not 'NoneType''
DEBUG: Item._sort_data: Sorted keys: ['TITLE', 'SUBTITLE', 'AUTHOR', 'PUBLISHER', 'P/C', 'RETAIL $', 'GJ $', 'NET $', 'SUBJECT', 'TYPE', 'DIMENSION', 'ISBN-13', 'DESCRIPTION']
ERROR: Item.validate_isbn: Err reading isbn 'None', err: 'int() argument must be a string, a bytes-like object or a real number, not 'NoneType''
DEBUG: Item._sort_data: Sorted keys: ['TITLE', 'SUBTITLE', 'AUTHOR', 'PUBLISHER', 'P/C', 'RETAIL $', 'GJ $', 'NET $', 'SUBJECT', 'TYPE', 'DIMENSION', 'ISBN-13', 'DESCRIPTION']
ERROR: Item.validate_isbn: Err reading isbn 'None', err: 'int() argument must be a string, a bytes-like object or a real number, not 'NoneType''
DEBUG: Item._sort_data: Sorted keys: ['TITLE', 'SUBTITLE', 'AUTHOR', 'PUBLISHER', 'P/C', 'RETAIL $', 'GJ $', 'NET $', 'SUBJECT', 'TYPE', 'DIMENSION', 'ISBN-13', 'DESCRIPTION']
ERROR: Item.validate_isbn: Err reading isbn 'None', err: 'int() argument must be a string, a bytes-like object or a real number, not 'NoneType''
DEBUG: Item._sort_data: Sorted keys: ['TITLE', 'SUBTITLE', 'AUTHOR', 'PUBLISHER', 'P/C', 'RETAIL $', 'GJ $', 'NET $', 'SUBJECT', 'TYPE', 'DIMENSION', 'ISBN-13', 'DESCRIPTION']
ERROR: Item.validate_isbn: Err reading isbn 'None', err: 'int() argument must be a string, a bytes-like object or a real number, not 'NoneType''
DEBUG: Item._sort_data: Sorted keys: ['TITLE', 'SUBTITLE', 'AUTHOR', 'PUBLISHER', 'P/C', 'RETAIL $', 'GJ $', 'NET $', 'SUBJECT', 'TYPE', 'DIMENSION', 'ISBN-13', 'DESCRIPTION']
ERROR: Item.validate_isbn: Err reading isbn 'None', err: 'int() argument must be a string, a bytes-like object or a real number, not 'NoneType''
DEBUG: Item._sort_data: Sorted keys: ['TITLE', 'SUBTITLE', 'AUTHOR', 'PUBLISHER', 'P/C', 'RETAIL $', 'GJ $', 'NET $', 'SUBJECT', 'TYPE', 'DIMENSION', 'ISBN-13', 'DESCRIPTION']
ERROR: Item.validate_isbn: Err reading isbn 'None', err: 'int() argument must be a string, a bytes-like object or a real number, not 'NoneType''
DEBUG: Item._sort_data: Sorted keys: ['TITLE', 'SUBTITLE', 'AUTHOR', 'PUBLISHER', 'P/C', 'RETAIL $', 'GJ $', 'NET $', 'SUBJECT', 'TYPE', 'DIMENSION', 'ISBN-13', 'DESCRIPTION']
ERROR: Item.validate_isbn: Err reading isbn 'None', err: 'int() argument must be a string, a bytes-like object or a real number, not 'NoneType''
DEBUG: Item._sort_data: Sorted keys: ['TITLE', 'SUBTITLE', 'AUTHOR', 'PUBLISHER', 'P/C', 'RETAIL $', 'GJ $', 'NET $', 'SUBJECT', 'TYPE', 'DIMENSION', 'ISBN-13', 'DESCRIPTION']
ERROR: Item.validate_isbn: Err reading isbn 'None', err: 'int() argument must be a string, a bytes-like object or a real number, not 'NoneType''
DEBUG: Item._sort_data: Sorted keys: ['TITLE', 'SUBTITLE', 'AUTHOR', 'PUBLISHER', 'P/C', 'RETAIL $', 'GJ $', 'NET $', 'SUBJECT', 'TYPE', 'DIMENSION', 'ISBN-13', 'DESCRIPTION']
ERROR: Item.validate_isbn: Err reading isbn 'None', err: 'int() argument must be a string, a bytes-like object or a real number, not 'NoneType''
DEBUG: Item._sort_data: Sorted keys: ['TITLE', 'SUBTITLE', 'AUTHOR', 'PUBLISHER', 'P/C', 'RETAIL $', 'GJ $', 'NET $', 'SUBJECT', 'TYPE', 'DIMENSION', 'ISBN-13', 'DESCRIPTION']
ERROR: Item.validate_isbn: Err reading isbn 'None', err: 'int() argument must be a string, a bytes-like object or a real number, not 'NoneType''
DEBUG: Item._sort_data: Sorted keys: ['TITLE', 'SUBTITLE', 'AUTHOR', 'PUBLISHER', 'P/C', 'RETAIL $', 'GJ $', 'NET $', 'SUBJECT', 'TYPE', 'DIMENSION', 'ISBN-13', 'DESCRIPTION']
ERROR: Item.validate_isbn: Err reading isbn 'None', err: 'int() argument must be a string, a bytes-like object or a real number, not 'NoneType''
DEBUG: Item._sort_data: Sorted keys: ['TITLE', 'SUBTITLE', 'AUTHOR', 'PUBLISHER', 'P/C', 'RETAIL $', 'GJ $', 'NET $', 'SUBJECT', 'TYPE', 'DIMENSION', 'ISBN-13', 'DESCRIPTION']
ERROR: Item.validate_isbn: Err reading isbn 'None', err: 'int() argument must be a string, a bytes-like object or a real number, not 'NoneType''
DEBUG: Item._sort_data: Sorted keys: ['TITLE', 'SUBTITLE', 'AUTHOR', 'PUBLISHER', 'P/C', 'RETAIL $', 'GJ $', 'NET $', 'SUBJECT', 'TYPE', 'DIMENSION', 'ISBN-13', 'DESCRIPTION']
ERROR: Item.validate_isbn: Err reading isbn 'None', err: 'int() argument must be a string, a bytes-like object or a real number, not 'NoneType''
DEBUG: Item._sort_data: Sorted keys: ['TITLE', 'SUBTITLE', 'AUTHOR', 'PUBLISHER', 'P/C', 'RETAIL $', 'GJ $', 'NET $', 'SUBJECT', 'TYPE', 'DIMENSION', 'ISBN-13', 'DESCRIPTION']
ERROR: Item.validate_isbn: Err reading isbn 'None', err: 'int() argument must be a string, a bytes-like object or a real number, not 'NoneType''
DEBUG: Item._sort_data: Sorted keys: ['TITLE', 'SUBTITLE', 'AUTHOR', 'PUBLISHER', 'P/C', 'RETAIL $', 'GJ $', 'NET $', 'SUBJECT', 'TYPE', 'DIMENSION', 'ISBN-13', 'DESCRIPTION']
ERROR: Item.validate_isbn: Err reading isbn 'None', err: 'int() argument must be a string, a bytes-like object or a real number, not 'NoneType''
DEBUG: Item._sort_data: Sorted keys: ['TITLE', 'SUBTITLE', 'AUTHOR', 'PUBLISHER', 'P/C', 'RETAIL $', 'GJ $', 'NET $', 'SUBJECT', 'TYPE', 'DIMENSION', 'ISBN-13', 'DESCRIPTION']
ERROR: Item.validate_isbn: Err reading isbn 'None', err: 'int() argument must be a string, a bytes-like object or a real number, not 'NoneType''
DEBUG: Item._sort_data: Sorted keys: ['TITLE', 'SUBTITLE', 'AUTHOR', 'PUBLISHER', 'P/C', 'RETAIL $', 'GJ $', 'NET $', 'SUBJECT', 'TYPE', 'DIMENSION', 'ISBN-13', 'DESCRIPTION']
ERROR: Item.validate_isbn: Err reading isbn 'None', err: 'int() argument must be a string, a bytes-like object or a real number, not 'NoneType''
DEBUG: Item._sort_data: Sorted keys: ['TITLE', 'SUBTITLE', 'AUTHOR', 'PUBLISHER', 'P/C', 'RETAIL $', 'GJ $', 'NET $', 'SUBJECT', 'TYPE', 'DIMENSION', 'ISBN-13', 'DESCRIPTION']
ERROR: Item.validate_isbn: Err reading isbn 'None', err: 'int() argument must be a string, a bytes-like object or a real number, not 'NoneType''
DEBUG: Item._sort_data: Sorted keys: ['TITLE', 'SUBTITLE', 'AUTHOR', 'PUBLISHER', 'P/C', 'RETAIL $', 'GJ $', 'NET $', 'SUBJECT', 'TYPE', 'DIMENSION', 'ISBN-13', 'DESCRIPTION']
ERROR: Item.validate_isbn: Err reading isbn 'None', err: 'int() argument must be a string, a bytes-like object or a real number, not 'NoneType''
DEBUG: Item._sort_data: Sorted keys: ['TITLE', 'SUBTITLE', 'AUTHOR', 'PUBLISHER', 'P/C', 'RETAIL $', 'GJ $', 'NET $', 'SUBJECT', 'TYPE', 'DIMENSION', 'ISBN-13', 'DESCRIPTION']
ERROR: Item.validate_isbn: Err reading isbn 'None', err: 'int() argument must be a string, a bytes-like object or a real number, not 'NoneType''
DEBUG: Item._sort_data: Sorted keys: ['TITLE', 'SUBTITLE', 'AUTHOR', 'PUBLISHER', 'P/C', 'RETAIL $', 'GJ $', 'NET $', 'SUBJECT', 'TYPE', 'DIMENSION', 'ISBN-13', 'DESCRIPTION']
ERROR: Item.validate_isbn: Err reading isbn 'None', err: 'int() argument must be a string, a bytes-like object or a real number, not 'NoneType''
DEBUG: Item._sort_data: Sorted keys: ['TITLE', 'SUBTITLE', 'AUTHOR', 'PUBLISHER', 'P/C', 'RETAIL $', 'GJ $', 'NET $', 'SUBJECT', 'TYPE', 'DIMENSION', 'ISBN-13', 'DESCRIPTION']
ERROR: Item.validate_isbn: Err reading isbn 'None', err: 'int() argument must be a string, a bytes-like object or a real number, not 'NoneType''
DEBUG: Item._sort_data: Sorted keys: ['TITLE', 'SUBTITLE', 'AUTHOR', 'PUBLISHER', 'P/C', 'RETAIL $', 'GJ $', 'NET $', 'SUBJECT', 'TYPE', 'DIMENSION', 'ISBN-13', 'DESCRIPTION']
ERROR: Item.validate_isbn: Err reading isbn 'None', err: 'int() argument must be a string, a bytes-like object or a real number, not 'NoneType''
DEBUG: Item._sort_data: Sorted keys: ['TITLE', 'SUBTITLE', 'AUTHOR', 'PUBLISHER', 'P/C', 'RETAIL $', 'GJ $', 'NET $', 'SUBJECT', 'TYPE', 'DIMENSION', 'ISBN-13', 'DESCRIPTION']
ERROR: Item.validate_isbn: Err reading isbn 'None', err: 'int() argument must be a string, a bytes-like object or a real number, not 'NoneType''
DEBUG: Item._sort_data: Sorted keys: ['TITLE', 'SUBTITLE', 'AUTHOR', 'PUBLISHER', 'P/C', 'RETAIL $', 'GJ $', 'NET $', 'SUBJECT', 'TYPE', 'DIMENSION', 'ISBN-13', 'DESCRIPTION']
ERROR: Item.validate_isbn: Err reading isbn 'None', err: 'int() argument must be a string, a bytes-like object or a real number, not 'NoneType''
DEBUG: Item._sort_data: Sorted keys: ['TITLE', 'SUBTITLE', 'AUTHOR', 'PUBLISHER', 'P/C', 'RETAIL $', 'GJ $', 'NET $', 'SUBJECT', 'TYPE', 'DIMENSION', 'ISBN-13', 'DESCRIPTION']
ERROR: Item.validate_isbn: Err reading isbn 'None', err: 'int() argument must be a string, a bytes-like object or a real number, not 'NoneType''
DEBUG: Item._sort_data: Sorted keys: ['TITLE', 'SUBTITLE', 'AUTHOR', 'PUBLISHER', 'P/C', 'RETAIL $', 'GJ $', 'NET $', 'SUBJECT', 'TYPE', 'DIMENSION', 'ISBN-13', 'DESCRIPTION']
ERROR: Item.validate_isbn: Err reading isbn 'None', err: 'int() argument must be a string, a bytes-like object or a real number, not 'NoneType''
DEBUG: Item._sort_data: Sorted keys: ['TITLE', 'SUBTITLE', 'AUTHOR', 'PUBLISHER', 'P/C', 'RETAIL $', 'GJ $', 'NET $', 'SUBJECT', 'TYPE', 'DIMENSION', 'ISBN-13', 'DESCRIPTION']
ERROR: Item.validate_isbn: Err reading isbn 'None', err: 'int() argument must be a string, a bytes-like object or a real number, not 'NoneType''
DEBUG: Item._sort_data: Sorted keys: ['TITLE', 'SUBTITLE', 'AUTHOR', 'PUBLISHER', 'P/C', 'RETAIL $', 'GJ $', 'NET $', 'SUBJECT', 'TYPE', 'DIMENSION', 'ISBN-13', 'DESCRIPTION']
ERROR: Item.validate_isbn: Err reading isbn 'None', err: 'int() argument must be a string, a bytes-like object or a real number, not 'NoneType''
DEBUG: Item._sort_data: Sorted keys: ['TITLE', 'SUBTITLE', 'AUTHOR', 'PUBLISHER', 'P/C', 'RETAIL $', 'GJ $', 'NET $', 'SUBJECT', 'TYPE', 'DIMENSION', 'ISBN-13', 'DESCRIPTION']
ERROR: Item.validate_isbn: Err reading isbn 'None', err: 'int() argument must be a string, a bytes-like object or a real number, not 'NoneType''
DEBUG: Item._sort_data: Sorted keys: ['TITLE', 'SUBTITLE', 'AUTHOR', 'PUBLISHER', 'P/C', 'RETAIL $', 'GJ $', 'NET $', 'SUBJECT', 'TYPE', 'DIMENSION', 'ISBN-13', 'DESCRIPTION']
ERROR: Item.validate_isbn: Err reading isbn 'None', err: 'int() argument must be a string, a bytes-like object or a real number, not 'NoneType''
DEBUG: Item._sort_data: Sorted keys: ['TITLE', 'SUBTITLE', 'AUTHOR', 'PUBLISHER', 'P/C', 'RETAIL $', 'GJ $', 'NET $', 'SUBJECT', 'TYPE', 'DIMENSION', 'ISBN-13', 'DESCRIPTION']
ERROR: Item.validate_isbn: Err reading isbn 'None', err: 'int() argument must be a string, a bytes-like object or a real number, not 'NoneType''
DEBUG: Item._sort_data: Sorted keys: ['TITLE', 'SUBTITLE', 'AUTHOR', 'PUBLISHER', 'P/C', 'RETAIL $', 'GJ $', 'NET $', 'SUBJECT', 'TYPE', 'DIMENSION', 'ISBN-13', 'DESCRIPTION']
ERROR: Item.validate_isbn: Err reading isbn 'None', err: 'int() argument must be a string, a bytes-like object or a real number, not 'NoneType''
DEBUG: Item._sort_data: Sorted keys: ['TITLE', 'SUBTITLE', 'AUTHOR', 'PUBLISHER', 'P/C', 'RETAIL $', 'GJ $', 'NET $', 'SUBJECT', 'TYPE', 'DIMENSION', 'ISBN-13', 'DESCRIPTION']
ERROR: Item.validate_isbn: Err reading isbn 'None', err: 'int() argument must be a string, a bytes-like object or a real number, not 'NoneType''
DEBUG: Item._sort_data: Sorted keys: ['TITLE', 'SUBTITLE', 'AUTHOR', 'PUBLISHER', 'P/C', 'RETAIL $', 'GJ $', 'NET $', 'SUBJECT', 'TYPE', 'DIMENSION', 'ISBN-13', 'DESCRIPTION']
ERROR: Item.validate_isbn: Err reading isbn 'None', err: 'int() argument must be a string, a bytes-like object or a real number, not 'NoneType''
DEBUG: Item._sort_data: Sorted keys: ['TITLE', 'SUBTITLE', 'AUTHOR', 'PUBLISHER', 'P/C', 'RETAIL $', 'GJ $', 'NET $', 'SUBJECT', 'TYPE', 'DIMENSION', 'ISBN-13', 'DESCRIPTION']
ERROR: Item.validate_isbn: Err reading isbn 'None', err: 'int() argument must be a string, a bytes-like object or a real number, not 'NoneType''
DEBUG: Item._sort_data: Sorted keys: ['TITLE', 'SUBTITLE', 'AUTHOR', 'PUBLISHER', 'P/C', 'RETAIL $', 'GJ $', 'NET $', 'SUBJECT', 'TYPE', 'DIMENSION', 'ISBN-13', 'DESCRIPTION']
ERROR: Item.validate_isbn: Err reading isbn 'None', err: 'int() argument must be a string, a bytes-like object or a real number, not 'NoneType''
DEBUG: Item._sort_data: Sorted keys: ['TITLE', 'SUBTITLE', 'AUTHOR', 'PUBLISHER', 'P/C', 'RETAIL $', 'GJ $', 'NET $', 'SUBJECT', 'TYPE', 'DIMENSION', 'ISBN-13', 'DESCRIPTION']
ERROR: Item.validate_isbn: Err reading isbn 'None', err: 'int() argument must be a string, a bytes-like object or a real number, not 'NoneType''
DEBUG: Item._sort_data: Sorted keys: ['TITLE', 'SUBTITLE', 'AUTHOR', 'PUBLISHER', 'P/C', 'RETAIL $', 'GJ $', 'NET $', 'SUBJECT', 'TYPE', 'DIMENSION', 'ISBN-13', 'DESCRIPTION']
ERROR: Item.validate_isbn: Err reading isbn 'None', err: 'int() argument must be a string, a bytes-like object or a real number, not 'NoneType''
DEBUG: Item._sort_data: Sorted keys: ['TITLE', 'SUBTITLE', 'AUTHOR', 'PUBLISHER', 'P/C', 'RETAIL $', 'GJ $', 'NET $', 'SUBJECT', 'TYPE', 'DIMENSION', 'ISBN-13', 'DESCRIPTION']
ERROR: Item.validate_isbn: Err reading isbn 'None', err: 'int() argument must be a string, a bytes-like object or a real number, not 'NoneType''
DEBUG: Item._sort_data: Sorted keys: ['TITLE', 'SUBTITLE', 'AUTHOR', 'PUBLISHER', 'P/C', 'RETAIL $', 'GJ $', 'NET $', 'SUBJECT', 'TYPE', 'DIMENSION', 'ISBN-13', 'DESCRIPTION']
ERROR: Item.validate_isbn: Err reading isbn 'None', err: 'int() argument must be a string, a bytes-like object or a real number, not 'NoneType''
DEBUG: Item._sort_data: Sorted keys: ['TITLE', 'SUBTITLE', 'AUTHOR', 'PUBLISHER', 'P/C', 'RETAIL $', 'GJ $', 'NET $', 'SUBJECT', 'TYPE', 'DIMENSION', 'ISBN-13', 'DESCRIPTION']
ERROR: Item.validate_isbn: Err reading isbn 'None', err: 'int() argument must be a string, a bytes-like object or a real number, not 'NoneType''
DEBUG: Item._sort_data: Sorted keys: ['TITLE', 'SUBTITLE', 'AUTHOR', 'PUBLISHER', 'P/C', 'RETAIL $', 'GJ $', 'NET $', 'SUBJECT', 'TYPE', 'DIMENSION', 'ISBN-13', 'DESCRIPTION']
ERROR: Item.validate_isbn: Err reading isbn 'None', err: 'int() argument must be a string, a bytes-like object or a real number, not 'NoneType''
DEBUG: Item._sort_data: Sorted keys: ['TITLE', 'SUBTITLE', 'AUTHOR', 'PUBLISHER', 'P/C', 'RETAIL $', 'GJ $', 'NET $', 'SUBJECT', 'TYPE', 'DIMENSION', 'ISBN-13', 'DESCRIPTION']
ERROR: Item.validate_isbn: Err reading isbn 'None', err: 'int() argument must be a string, a bytes-like object or a real number, not 'NoneType''
DEBUG: Item._sort_data: Sorted keys: ['TITLE', 'SUBTITLE', 'AUTHOR', 'PUBLISHER', 'P/C', 'RETAIL $', 'GJ $', 'NET $', 'SUBJECT', 'TYPE', 'DIMENSION', 'ISBN-13', 'DESCRIPTION']
ERROR: Item.validate_isbn: Err reading isbn 'None', err: 'int() argument must be a string, a bytes-like object or a real number, not 'NoneType''
DEBUG: Item._sort_data: Sorted keys: ['TITLE', 'SUBTITLE', 'AUTHOR', 'PUBLISHER', 'P/C', 'RETAIL $', 'GJ $', 'NET $', 'SUBJECT', 'TYPE', 'DIMENSION', 'ISBN-13', 'DESCRIPTION']
ERROR: Item.validate_isbn: Err reading isbn 'None', err: 'int() argument must be a string, a bytes-like object or a real number, not 'NoneType''
DEBUG: Item._sort_data: Sorted keys: ['TITLE', 'SUBTITLE', 'AUTHOR', 'PUBLISHER', 'P/C', 'RETAIL $', 'GJ $', 'NET $', 'SUBJECT', 'TYPE', 'DIMENSION', 'ISBN-13', 'DESCRIPTION']
ERROR: Item.validate_isbn: Err reading isbn 'None', err: 'int() argument must be a string, a bytes-like object or a real number, not 'NoneType''
DEBUG: Item._sort_data: Sorted keys: ['TITLE', 'SUBTITLE', 'AUTHOR', 'PUBLISHER', 'P/C', 'RETAIL $', 'GJ $', 'NET $', 'SUBJECT', 'TYPE', 'DIMENSION', 'ISBN-13', 'DESCRIPTION']
ERROR: Item.validate_isbn: Err reading isbn 'None', err: 'int() argument must be a string, a bytes-like object or a real number, not 'NoneType''
DEBUG: Item._sort_data: Sorted keys: ['TITLE', 'SUBTITLE', 'AUTHOR', 'PUBLISHER', 'P/C', 'RETAIL $', 'GJ $', 'NET $', 'SUBJECT', 'TYPE', 'DIMENSION', 'ISBN-13', 'DESCRIPTION']
ERROR: Item.validate_isbn: Err reading isbn 'None', err: 'int() argument must be a string, a bytes-like object or a real number, not 'NoneType''
DEBUG: Item._sort_data: Sorted keys: ['TITLE', 'SUBTITLE', 'AUTHOR', 'PUBLISHER', 'P/C', 'RETAIL $', 'GJ $', 'NET $', 'SUBJECT', 'TYPE', 'DIMENSION', 'ISBN-13', 'DESCRIPTION']
ERROR: Item.validate_isbn: Err reading isbn 'None', err: 'int() argument must be a string, a bytes-like object or a real number, not 'NoneType''
DEBUG: Item._sort_data: Sorted keys: ['TITLE', 'SUBTITLE', 'AUTHOR', 'PUBLISHER', 'P/C', 'RETAIL $', 'GJ $', 'NET $', 'SUBJECT', 'TYPE', 'DIMENSION', 'ISBN-13', 'DESCRIPTION']
ERROR: Item.validate_isbn: Err reading isbn 'None', err: 'int() argument must be a string, a bytes-like object or a real number, not 'NoneType''
DEBUG: Item._sort_data: Sorted keys: ['TITLE', 'SUBTITLE', 'AUTHOR', 'PUBLISHER', 'P/C', 'RETAIL $', 'GJ $', 'NET $', 'SUBJECT', 'TYPE', 'DIMENSION', 'ISBN-13', 'DESCRIPTION']
ERROR: Item.validate_isbn: Err reading isbn 'None', err: 'int() argument must be a string, a bytes-like object or a real number, not 'NoneType''
DEBUG: Item._sort_data: Sorted keys: ['TITLE', 'SUBTITLE', 'AUTHOR', 'PUBLISHER', 'P/C', 'RETAIL $', 'GJ $', 'NET $', 'SUBJECT', 'TYPE', 'DIMENSION', 'ISBN-13', 'DESCRIPTION']
ERROR: Item.validate_isbn: Err reading isbn 'None', err: 'int() argument must be a string, a bytes-like object or a real number, not 'NoneType''
DEBUG: Item._sort_data: Sorted keys: ['TITLE', 'SUBTITLE', 'AUTHOR', 'PUBLISHER', 'P/C', 'RETAIL $', 'GJ $', 'NET $', 'SUBJECT', 'TYPE', 'DIMENSION', 'ISBN-13', 'DESCRIPTION']
ERROR: Item.validate_isbn: Err reading isbn 'None', err: 'int() argument must be a string, a bytes-like object or a real number, not 'NoneType''
DEBUG: Item._sort_data: Sorted keys: ['TITLE', 'SUBTITLE', 'AUTHOR', 'PUBLISHER', 'P/C', 'RETAIL $', 'GJ $', 'NET $', 'SUBJECT', 'TYPE', 'DIMENSION', 'ISBN-13', 'DESCRIPTION']
ERROR: Item.validate_isbn: Err reading isbn 'None', err: 'int() argument must be a string, a bytes-like object or a real number, not 'NoneType''
DEBUG: Item._sort_data: Sorted keys: ['TITLE', 'SUBTITLE', 'AUTHOR', 'PUBLISHER', 'P/C', 'RETAIL $', 'GJ $', 'NET $', 'SUBJECT', 'TYPE', 'DIMENSION', 'ISBN-13', 'DESCRIPTION']
ERROR: Item.validate_isbn: Err reading isbn 'None', err: 'int() argument must be a string, a bytes-like object or a real number, not 'NoneType''
DEBUG: Item._sort_data: Sorted keys: ['TITLE', 'SUBTITLE', 'AUTHOR', 'PUBLISHER', 'P/C', 'RETAIL $', 'GJ $', 'NET $', 'SUBJECT', 'TYPE', 'DIMENSION', 'ISBN-13', 'DESCRIPTION']
ERROR: Item.validate_isbn: Err reading isbn 'None', err: 'int() argument must be a string, a bytes-like object or a real number, not 'NoneType''
DEBUG: Item._sort_data: Sorted keys: ['TITLE', 'SUBTITLE', 'AUTHOR', 'PUBLISHER', 'P/C', 'RETAIL $', 'GJ $', 'NET $', 'SUBJECT', 'TYPE', 'DIMENSION', 'ISBN-13', 'DESCRIPTION']
ERROR: Item.validate_isbn: Err reading isbn 'None', err: 'int() argument must be a string, a bytes-like object or a real number, not 'NoneType''
DEBUG: Item._sort_data: Sorted keys: ['TITLE', 'SUBTITLE', 'AUTHOR', 'PUBLISHER', 'P/C', 'RETAIL $', 'GJ $', 'NET $', 'SUBJECT', 'TYPE', 'DIMENSION', 'ISBN-13', 'DESCRIPTION']
ERROR: Item.validate_isbn: Err reading isbn 'None', err: 'int() argument must be a string, a bytes-like object or a real number, not 'NoneType''
DEBUG: Item._sort_data: Sorted keys: ['TITLE', 'SUBTITLE', 'AUTHOR', 'PUBLISHER', 'P/C', 'RETAIL $', 'GJ $', 'NET $', 'SUBJECT', 'TYPE', 'DIMENSION', 'ISBN-13', 'DESCRIPTION']
ERROR: Item.validate_isbn: Err reading isbn 'None', err: 'int() argument must be a string, a bytes-like object or a real number, not 'NoneType''
DEBUG: Item._sort_data: Sorted keys: ['TITLE', 'SUBTITLE', 'AUTHOR', 'PUBLISHER', 'P/C', 'RETAIL $', 'GJ $', 'NET $', 'SUBJECT', 'TYPE', 'DIMENSION', 'ISBN-13', 'DESCRIPTION']
ERROR: Item.validate_isbn: Err reading isbn 'None', err: 'int() argument must be a string, a bytes-like object or a real number, not 'NoneType''
DEBUG: Item._sort_data: Sorted keys: ['TITLE', 'SUBTITLE', 'AUTHOR', 'PUBLISHER', 'P/C', 'RETAIL $', 'GJ $', 'NET $', 'SUBJECT', 'TYPE', 'DIMENSION', 'ISBN-13', 'DESCRIPTION']
ERROR: Item.validate_isbn: Err reading isbn 'None', err: 'int() argument must be a string, a bytes-like object or a real number, not 'NoneType''
DEBUG: Item._sort_data: Sorted keys: ['TITLE', 'SUBTITLE', 'AUTHOR', 'PUBLISHER', 'P/C', 'RETAIL $', 'GJ $', 'NET $', 'SUBJECT', 'TYPE', 'DIMENSION', 'ISBN-13', 'DESCRIPTION']
ERROR: Item.validate_isbn: Err reading isbn 'None', err: 'int() argument must be a string, a bytes-like object or a real number, not 'NoneType''
DEBUG: Item._sort_data: Sorted keys: ['TITLE', 'SUBTITLE', 'AUTHOR', 'PUBLISHER', 'P/C', 'RETAIL $', 'GJ $', 'NET $', 'SUBJECT', 'TYPE', 'DIMENSION', 'ISBN-13', 'DESCRIPTION']
ERROR: Item.validate_isbn: Err reading isbn 'None', err: 'int() argument must be a string, a bytes-like object or a real number, not 'NoneType''
DEBUG: Item._sort_data: Sorted keys: ['TITLE', 'SUBTITLE', 'AUTHOR', 'PUBLISHER', 'P/C', 'RETAIL $', 'GJ $', 'NET $', 'SUBJECT', 'TYPE', 'DIMENSION', 'ISBN-13', 'DESCRIPTION']
ERROR: Item.validate_isbn: Err reading isbn 'None', err: 'int() argument must be a string, a bytes-like object or a real number, not 'NoneType''
DEBUG: Item._sort_data: Sorted keys: ['TITLE', 'SUBTITLE', 'AUTHOR', 'PUBLISHER', 'P/C', 'RETAIL $', 'GJ $', 'NET $', 'SUBJECT', 'TYPE', 'DIMENSION', 'ISBN-13', 'DESCRIPTION']
ERROR: Item.validate_isbn: Err reading isbn 'None', err: 'int() argument must be a string, a bytes-like object or a real number, not 'NoneType''
DEBUG: Item._sort_data: Sorted keys: ['TITLE', 'SUBTITLE', 'AUTHOR', 'PUBLISHER', 'P/C', 'RETAIL $', 'GJ $', 'NET $', 'SUBJECT', 'TYPE', 'DIMENSION', 'ISBN-13', 'DESCRIPTION']
ERROR: Item.validate_isbn: Err reading isbn 'None', err: 'int() argument must be a string, a bytes-like object or a real number, not 'NoneType''
DEBUG: Item._sort_data: Sorted keys: ['TITLE', 'SUBTITLE', 'AUTHOR', 'PUBLISHER', 'P/C', 'RETAIL $', 'GJ $', 'NET $', 'SUBJECT', 'TYPE', 'DIMENSION', 'ISBN-13', 'DESCRIPTION']
ERROR: Item.validate_isbn: Err reading isbn 'None', err: 'int() argument must be a string, a bytes-like object or a real number, not 'NoneType''
DEBUG: Item._sort_data: Sorted keys: ['TITLE', 'SUBTITLE', 'AUTHOR', 'PUBLISHER', 'P/C', 'RETAIL $', 'GJ $', 'NET $', 'SUBJECT', 'TYPE', 'DIMENSION', 'ISBN-13', 'DESCRIPTION']
ERROR: Item.validate_isbn: Err reading isbn 'None', err: 'int() argument must be a string, a bytes-like object or a real number, not 'NoneType''
DEBUG: Item._sort_data: Sorted keys: ['TITLE', 'SUBTITLE', 'AUTHOR', 'PUBLISHER', 'P/C', 'RETAIL $', 'GJ $', 'NET $', 'SUBJECT', 'TYPE', 'DIMENSION', 'ISBN-13', 'DESCRIPTION']
ERROR: Item.validate_isbn: Err reading isbn 'None', err: 'int() argument must be a string, a bytes-like object or a real number, not 'NoneType''
DEBUG: Item._sort_data: Sorted keys: ['TITLE', 'SUBTITLE', 'AUTHOR', 'PUBLISHER', 'P/C', 'RETAIL $', 'GJ $', 'NET $', 'SUBJECT', 'TYPE', 'DIMENSION', 'ISBN-13', 'DESCRIPTION']
ERROR: Item.validate_isbn: Err reading isbn 'None', err: 'int() argument must be a string, a bytes-like object or a real number, not 'NoneType''
DEBUG: Item._sort_data: Sorted keys: ['TITLE', 'SUBTITLE', 'AUTHOR', 'PUBLISHER', 'P/C', 'RETAIL $', 'GJ $', 'NET $', 'SUBJECT', 'TYPE', 'DIMENSION', 'ISBN-13', 'DESCRIPTION']
INFO: SlideGenerator.generate: Create new slide deck
DEBUG: URL being requested: POST https://slides.googleapis.com/v1/presentations?alt=json
INFO: SlideGenerator.generate: req Insert slide deck title+subtitle
DEBUG: Converted retries value: 3 -> Retry(total=3, connect=None, read=None, redirect=None, status=None)
DEBUG: Making request: POST https://oauth2.googleapis.com/token
DEBUG: Starting new HTTPS connection (1): oauth2.googleapis.com:443
DEBUG: https://oauth2.googleapis.com:443 "POST /token HTTP/1.1" 200 None
DEBUG: Starting new HTTPS connection (1): storage.googleapis.com:443
DEBUG: https://storage.googleapis.com:443 "GET /storage/v1/b/gj_images/o?projection=noAcl&prefix=artemis_images&prettyPrint=false HTTP/1.1" 200 372746
DEBUG: https://storage.googleapis.com:443 "GET /storage/v1/b/gj_images/o?projection=noAcl&prefix=artemis_images&prettyPrint=false HTTP/1.1" 200 372746
DEBUG: https://storage.googleapis.com:443 "GET /storage/v1/b/gj_images/o?projection=noAcl&prefix=artemis_images&prettyPrint=false HTTP/1.1" 200 372746
DEBUG: https://storage.googleapis.com:443 "GET /storage/v1/b/gj_images/o?projection=noAcl&prefix=artemis_images&prettyPrint=false HTTP/1.1" 200 372746
DEBUG: https://storage.googleapis.com:443 "GET /storage/v1/b/gj_images/o?projection=noAcl&prefix=artemis_images&prettyPrint=false HTTP/1.1" 200 372746
